<?xml version="1.0" encoding="UTF-8"?>
<testsuite xmlns:xsi="http://www.w3.org/2001/XMLSchema-instance" xsi:noNamespaceSchemaLocation="https://maven.apache.org/surefire/maven-surefire-plugin/xsd/surefire-test-report-3.0.xsd" version="3.0" name="com.inovamed.clinical_study_system.ClinicalStudySystemApplicationTests" time="7.562" tests="1" errors="1" skipped="0" failures="0">
  <properties>
    <property name="java.specification.version" value="22"/>
    <property name="sun.cpu.isalist" value="amd64"/>
    <property name="sun.jnu.encoding" value="Cp1252"/>
    <property name="java.class.path" value="C:\Users\deco_\OneDrive\Área de Trabalho\nassau\projeto-4\codigo\inovamed-\backend\target\test-classes;C:\Users\deco_\OneDrive\Área de Trabalho\nassau\projeto-4\codigo\inovamed-\backend\target\classes;C:\Users\deco_\.m2\repository\org\springframework\boot\spring-boot-starter-data-jpa\3.3.5\spring-boot-starter-data-jpa-3.3.5.jar;C:\Users\deco_\.m2\repository\org\springframework\boot\spring-boot-starter-aop\3.3.5\spring-boot-starter-aop-3.3.5.jar;C:\Users\deco_\.m2\repository\org\aspectj\aspectjweaver\1.9.22.1\aspectjweaver-1.9.22.1.jar;C:\Users\deco_\.m2\repository\org\springframework\boot\spring-boot-starter-jdbc\3.3.5\spring-boot-starter-jdbc-3.3.5.jar;C:\Users\deco_\.m2\repository\com\zaxxer\HikariCP\5.1.0\HikariCP-5.1.0.jar;C:\Users\deco_\.m2\repository\org\springframework\spring-jdbc\6.1.14\spring-jdbc-6.1.14.jar;C:\Users\deco_\.m2\repository\org\hibernate\orm\hibernate-core\6.5.3.Final\hibernate-core-6.5.3.Final.jar;C:\Users\deco_\.m2\repository\jakarta\persistence\jakarta.persistence-api\3.1.0\jakarta.persistence-api-3.1.0.jar;C:\Users\deco_\.m2\repository\jakarta\transaction\jakarta.transaction-api\2.0.1\jakarta.transaction-api-2.0.1.jar;C:\Users\deco_\.m2\repository\org\jboss\logging\jboss-logging\3.5.3.Final\jboss-logging-3.5.3.Final.jar;C:\Users\deco_\.m2\repository\org\hibernate\common\hibernate-commons-annotations\6.0.6.Final\hibernate-commons-annotations-6.0.6.Final.jar;C:\Users\deco_\.m2\repository\io\smallrye\jandex\3.1.2\jandex-3.1.2.jar;C:\Users\deco_\.m2\repository\com\fasterxml\classmate\1.7.0\classmate-1.7.0.jar;C:\Users\deco_\.m2\repository\net\bytebuddy\byte-buddy\1.14.19\byte-buddy-1.14.19.jar;C:\Users\deco_\.m2\repository\org\glassfish\jaxb\jaxb-runtime\4.0.5\jaxb-runtime-4.0.5.jar;C:\Users\deco_\.m2\repository\org\glassfish\jaxb\jaxb-core\4.0.5\jaxb-core-4.0.5.jar;C:\Users\deco_\.m2\repository\org\glassfish\jaxb\txw2\4.0.5\txw2-4.0.5.jar;C:\Users\deco_\.m2\repository\com\sun\istack\istack-commons-runtime\4.1.2\istack-commons-runtime-4.1.2.jar;C:\Users\deco_\.m2\repository\jakarta\inject\jakarta.inject-api\2.0.1\jakarta.inject-api-2.0.1.jar;C:\Users\deco_\.m2\repository\org\antlr\antlr4-runtime\4.13.0\antlr4-runtime-4.13.0.jar;C:\Users\deco_\.m2\repository\org\springframework\data\spring-data-jpa\3.3.5\spring-data-jpa-3.3.5.jar;C:\Users\deco_\.m2\repository\org\springframework\data\spring-data-commons\3.3.5\spring-data-commons-3.3.5.jar;C:\Users\deco_\.m2\repository\org\springframework\spring-orm\6.1.14\spring-orm-6.1.14.jar;C:\Users\deco_\.m2\repository\org\springframework\spring-context\6.1.14\spring-context-6.1.14.jar;C:\Users\deco_\.m2\repository\org\springframework\spring-tx\6.1.14\spring-tx-6.1.14.jar;C:\Users\deco_\.m2\repository\org\springframework\spring-beans\6.1.14\spring-beans-6.1.14.jar;C:\Users\deco_\.m2\repository\jakarta\annotation\jakarta.annotation-api\2.1.1\jakarta.annotation-api-2.1.1.jar;C:\Users\deco_\.m2\repository\org\slf4j\slf4j-api\2.0.16\slf4j-api-2.0.16.jar;C:\Users\deco_\.m2\repository\org\springframework\spring-aspects\6.1.14\spring-aspects-6.1.14.jar;C:\Users\deco_\.m2\repository\org\springframework\boot\spring-boot-starter-security\3.3.5\spring-boot-starter-security-3.3.5.jar;C:\Users\deco_\.m2\repository\org\springframework\boot\spring-boot-starter\3.3.5\spring-boot-starter-3.3.5.jar;C:\Users\deco_\.m2\repository\org\springframework\boot\spring-boot-starter-logging\3.3.5\spring-boot-starter-logging-3.3.5.jar;C:\Users\deco_\.m2\repository\ch\qos\logback\logback-classic\1.5.11\logback-classic-1.5.11.jar;C:\Users\deco_\.m2\repository\ch\qos\logback\logback-core\1.5.11\logback-core-1.5.11.jar;C:\Users\deco_\.m2\repository\org\apache\logging\log4j\log4j-to-slf4j\2.23.1\log4j-to-slf4j-2.23.1.jar;C:\Users\deco_\.m2\repository\org\apache\logging\log4j\log4j-api\2.23.1\log4j-api-2.23.1.jar;C:\Users\deco_\.m2\repository\org\slf4j\jul-to-slf4j\2.0.16\jul-to-slf4j-2.0.16.jar;C:\Users\deco_\.m2\repository\org\yaml\snakeyaml\2.2\snakeyaml-2.2.jar;C:\Users\deco_\.m2\repository\org\springframework\spring-aop\6.1.14\spring-aop-6.1.14.jar;C:\Users\deco_\.m2\repository\org\springframework\security\spring-security-config\6.3.4\spring-security-config-6.3.4.jar;C:\Users\deco_\.m2\repository\org\springframework\security\spring-security-web\6.3.4\spring-security-web-6.3.4.jar;C:\Users\deco_\.m2\repository\org\springframework\spring-expression\6.1.14\spring-expression-6.1.14.jar;C:\Users\deco_\.m2\repository\org\springframework\boot\spring-boot-starter-web\3.3.5\spring-boot-starter-web-3.3.5.jar;C:\Users\deco_\.m2\repository\org\springframework\boot\spring-boot-starter-json\3.3.5\spring-boot-starter-json-3.3.5.jar;C:\Users\deco_\.m2\repository\com\fasterxml\jackson\datatype\jackson-datatype-jdk8\2.17.2\jackson-datatype-jdk8-2.17.2.jar;C:\Users\deco_\.m2\repository\com\fasterxml\jackson\datatype\jackson-datatype-jsr310\2.17.2\jackson-datatype-jsr310-2.17.2.jar;C:\Users\deco_\.m2\repository\com\fasterxml\jackson\module\jackson-module-parameter-names\2.17.2\jackson-module-parameter-names-2.17.2.jar;C:\Users\deco_\.m2\repository\org\springframework\boot\spring-boot-starter-tomcat\3.3.5\spring-boot-starter-tomcat-3.3.5.jar;C:\Users\deco_\.m2\repository\org\apache\tomcat\embed\tomcat-embed-core\10.1.31\tomcat-embed-core-10.1.31.jar;C:\Users\deco_\.m2\repository\org\apache\tomcat\embed\tomcat-embed-el\10.1.31\tomcat-embed-el-10.1.31.jar;C:\Users\deco_\.m2\repository\org\apache\tomcat\embed\tomcat-embed-websocket\10.1.31\tomcat-embed-websocket-10.1.31.jar;C:\Users\deco_\.m2\repository\org\springframework\spring-web\6.1.14\spring-web-6.1.14.jar;C:\Users\deco_\.m2\repository\io\micrometer\micrometer-observation\1.13.6\micrometer-observation-1.13.6.jar;C:\Users\deco_\.m2\repository\io\micrometer\micrometer-commons\1.13.6\micrometer-commons-1.13.6.jar;C:\Users\deco_\.m2\repository\org\springframework\spring-webmvc\6.1.14\spring-webmvc-6.1.14.jar;C:\Users\deco_\.m2\repository\com\auth0\java-jwt\4.4.0\java-jwt-4.4.0.jar;C:\Users\deco_\.m2\repository\com\fasterxml\jackson\core\jackson-databind\2.17.2\jackson-databind-2.17.2.jar;C:\Users\deco_\.m2\repository\com\fasterxml\jackson\core\jackson-annotations\2.17.2\jackson-annotations-2.17.2.jar;C:\Users\deco_\.m2\repository\com\fasterxml\jackson\core\jackson-core\2.17.2\jackson-core-2.17.2.jar;C:\Users\deco_\.m2\repository\org\springframework\boot\spring-boot-devtools\3.3.5\spring-boot-devtools-3.3.5.jar;C:\Users\deco_\.m2\repository\org\springframework\boot\spring-boot\3.3.5\spring-boot-3.3.5.jar;C:\Users\deco_\.m2\repository\org\springframework\boot\spring-boot-autoconfigure\3.3.5\spring-boot-autoconfigure-3.3.5.jar;C:\Users\deco_\.m2\repository\com\h2database\h2\2.2.224\h2-2.2.224.jar;C:\Users\deco_\.m2\repository\org\postgresql\postgresql\42.7.4\postgresql-42.7.4.jar;C:\Users\deco_\.m2\repository\org\checkerframework\checker-qual\3.42.0\checker-qual-3.42.0.jar;C:\Users\deco_\.m2\repository\org\projectlombok\lombok\1.18.34\lombok-1.18.34.jar;C:\Users\deco_\.m2\repository\org\springframework\boot\spring-boot-starter-test\3.3.5\spring-boot-starter-test-3.3.5.jar;C:\Users\deco_\.m2\repository\org\springframework\boot\spring-boot-test\3.3.5\spring-boot-test-3.3.5.jar;C:\Users\deco_\.m2\repository\org\springframework\boot\spring-boot-test-autoconfigure\3.3.5\spring-boot-test-autoconfigure-3.3.5.jar;C:\Users\deco_\.m2\repository\com\jayway\jsonpath\json-path\2.9.0\json-path-2.9.0.jar;C:\Users\deco_\.m2\repository\jakarta\xml\bind\jakarta.xml.bind-api\4.0.2\jakarta.xml.bind-api-4.0.2.jar;C:\Users\deco_\.m2\repository\jakarta\activation\jakarta.activation-api\2.1.3\jakarta.activation-api-2.1.3.jar;C:\Users\deco_\.m2\repository\net\minidev\json-smart\2.5.1\json-smart-2.5.1.jar;C:\Users\deco_\.m2\repository\net\minidev\accessors-smart\2.5.1\accessors-smart-2.5.1.jar;C:\Users\deco_\.m2\repository\org\ow2\asm\asm\9.6\asm-9.6.jar;C:\Users\deco_\.m2\repository\org\assertj\assertj-core\3.25.3\assertj-core-3.25.3.jar;C:\Users\deco_\.m2\repository\org\awaitility\awaitility\4.2.2\awaitility-4.2.2.jar;C:\Users\deco_\.m2\repository\org\hamcrest\hamcrest\2.2\hamcrest-2.2.jar;C:\Users\deco_\.m2\repository\org\junit\jupiter\junit-jupiter\5.10.5\junit-jupiter-5.10.5.jar;C:\Users\deco_\.m2\repository\org\junit\jupiter\junit-jupiter-params\5.10.5\junit-jupiter-params-5.10.5.jar;C:\Users\deco_\.m2\repository\org\junit\jupiter\junit-jupiter-engine\5.10.5\junit-jupiter-engine-5.10.5.jar;C:\Users\deco_\.m2\repository\org\junit\platform\junit-platform-engine\1.10.5\junit-platform-engine-1.10.5.jar;C:\Users\deco_\.m2\repository\org\mockito\mockito-core\5.11.0\mockito-core-5.11.0.jar;C:\Users\deco_\.m2\repository\net\bytebuddy\byte-buddy-agent\1.14.19\byte-buddy-agent-1.14.19.jar;C:\Users\deco_\.m2\repository\org\objenesis\objenesis\3.3\objenesis-3.3.jar;C:\Users\deco_\.m2\repository\org\skyscreamer\jsonassert\1.5.3\jsonassert-1.5.3.jar;C:\Users\deco_\.m2\repository\com\vaadin\external\google\android-json\0.0.20131108.vaadin1\android-json-0.0.20131108.vaadin1.jar;C:\Users\deco_\.m2\repository\org\springframework\spring-core\6.1.14\spring-core-6.1.14.jar;C:\Users\deco_\.m2\repository\org\springframework\spring-jcl\6.1.14\spring-jcl-6.1.14.jar;C:\Users\deco_\.m2\repository\org\springframework\spring-test\6.1.14\spring-test-6.1.14.jar;C:\Users\deco_\.m2\repository\org\xmlunit\xmlunit-core\2.9.1\xmlunit-core-2.9.1.jar;C:\Users\deco_\.m2\repository\org\springframework\security\spring-security-test\6.3.4\spring-security-test-6.3.4.jar;C:\Users\deco_\.m2\repository\org\springframework\security\spring-security-core\6.3.4\spring-security-core-6.3.4.jar;C:\Users\deco_\.m2\repository\org\springframework\security\spring-security-crypto\6.3.4\spring-security-crypto-6.3.4.jar;C:\Users\deco_\.m2\repository\org\mockito\mockito-junit-jupiter\5.11.0\mockito-junit-jupiter-5.11.0.jar;C:\Users\deco_\.m2\repository\org\junit\jupiter\junit-jupiter-api\5.10.5\junit-jupiter-api-5.10.5.jar;C:\Users\deco_\.m2\repository\org\opentest4j\opentest4j\1.3.0\opentest4j-1.3.0.jar;C:\Users\deco_\.m2\repository\org\junit\platform\junit-platform-commons\1.10.5\junit-platform-commons-1.10.5.jar;C:\Users\deco_\.m2\repository\org\apiguardian\apiguardian-api\1.1.2\apiguardian-api-1.1.2.jar;C:\Users\deco_\.m2\repository\org\springframework\boot\spring-boot-starter-mail\3.3.5\spring-boot-starter-mail-3.3.5.jar;C:\Users\deco_\.m2\repository\org\springframework\spring-context-support\6.1.14\spring-context-support-6.1.14.jar;C:\Users\deco_\.m2\repository\org\eclipse\angus\jakarta.mail\2.0.3\jakarta.mail-2.0.3.jar;C:\Users\deco_\.m2\repository\org\eclipse\angus\angus-activation\2.0.2\angus-activation-2.0.2.jar;C:\Users\deco_\.m2\repository\org\springdoc\springdoc-openapi-starter-webmvc-ui\2.1.0\springdoc-openapi-starter-webmvc-ui-2.1.0.jar;C:\Users\deco_\.m2\repository\org\springdoc\springdoc-openapi-starter-webmvc-api\2.1.0\springdoc-openapi-starter-webmvc-api-2.1.0.jar;C:\Users\deco_\.m2\repository\org\springdoc\springdoc-openapi-starter-common\2.1.0\springdoc-openapi-starter-common-2.1.0.jar;C:\Users\deco_\.m2\repository\io\swagger\core\v3\swagger-core-jakarta\2.2.9\swagger-core-jakarta-2.2.9.jar;C:\Users\deco_\.m2\repository\org\apache\commons\commons-lang3\3.14.0\commons-lang3-3.14.0.jar;C:\Users\deco_\.m2\repository\io\swagger\core\v3\swagger-annotations-jakarta\2.2.9\swagger-annotations-jakarta-2.2.9.jar;C:\Users\deco_\.m2\repository\io\swagger\core\v3\swagger-models-jakarta\2.2.9\swagger-models-jakarta-2.2.9.jar;C:\Users\deco_\.m2\repository\jakarta\validation\jakarta.validation-api\3.0.2\jakarta.validation-api-3.0.2.jar;C:\Users\deco_\.m2\repository\com\fasterxml\jackson\dataformat\jackson-dataformat-yaml\2.17.2\jackson-dataformat-yaml-2.17.2.jar;C:\Users\deco_\.m2\repository\org\webjars\swagger-ui\4.18.2\swagger-ui-4.18.2.jar;"/>
    <property name="java.vm.vendor" value="Oracle Corporation"/>
    <property name="sun.arch.data.model" value="64"/>
    <property name="user.variant" value=""/>
    <property name="java.vendor.url" value="https://java.oracle.com/"/>
    <property name="user.timezone" value="America/Fortaleza"/>
    <property name="org.jboss.logging.provider" value="slf4j"/>
    <property name="os.name" value="Windows 11"/>
    <property name="java.vm.specification.version" value="22"/>
    <property name="sun.java.launcher" value="SUN_STANDARD"/>
    <property name="user.country" value="BR"/>
    <property name="sun.boot.library.path" value="C:\Program Files\Java\jdk-22\bin"/>
    <property name="sun.java.command" value="C:\Users\deco_\AppData\Local\Temp\surefire3803891382772331201\surefirebooter-20241119165605867_3.jar C:\Users\deco_\AppData\Local\Temp\surefire3803891382772331201 2024-11-19T16-56-05_719-jvmRun1 surefire-20241119165605867_1tmp surefire_0-20241119165605867_2tmp"/>
    <property name="jdk.debug" value="release"/>
    <property name="surefire.test.class.path" value="C:\Users\deco_\OneDrive\Área de Trabalho\nassau\projeto-4\codigo\inovamed-\backend\target\test-classes;C:\Users\deco_\OneDrive\Área de Trabalho\nassau\projeto-4\codigo\inovamed-\backend\target\classes;C:\Users\deco_\.m2\repository\org\springframework\boot\spring-boot-starter-data-jpa\3.3.5\spring-boot-starter-data-jpa-3.3.5.jar;C:\Users\deco_\.m2\repository\org\springframework\boot\spring-boot-starter-aop\3.3.5\spring-boot-starter-aop-3.3.5.jar;C:\Users\deco_\.m2\repository\org\aspectj\aspectjweaver\1.9.22.1\aspectjweaver-1.9.22.1.jar;C:\Users\deco_\.m2\repository\org\springframework\boot\spring-boot-starter-jdbc\3.3.5\spring-boot-starter-jdbc-3.3.5.jar;C:\Users\deco_\.m2\repository\com\zaxxer\HikariCP\5.1.0\HikariCP-5.1.0.jar;C:\Users\deco_\.m2\repository\org\springframework\spring-jdbc\6.1.14\spring-jdbc-6.1.14.jar;C:\Users\deco_\.m2\repository\org\hibernate\orm\hibernate-core\6.5.3.Final\hibernate-core-6.5.3.Final.jar;C:\Users\deco_\.m2\repository\jakarta\persistence\jakarta.persistence-api\3.1.0\jakarta.persistence-api-3.1.0.jar;C:\Users\deco_\.m2\repository\jakarta\transaction\jakarta.transaction-api\2.0.1\jakarta.transaction-api-2.0.1.jar;C:\Users\deco_\.m2\repository\org\jboss\logging\jboss-logging\3.5.3.Final\jboss-logging-3.5.3.Final.jar;C:\Users\deco_\.m2\repository\org\hibernate\common\hibernate-commons-annotations\6.0.6.Final\hibernate-commons-annotations-6.0.6.Final.jar;C:\Users\deco_\.m2\repository\io\smallrye\jandex\3.1.2\jandex-3.1.2.jar;C:\Users\deco_\.m2\repository\com\fasterxml\classmate\1.7.0\classmate-1.7.0.jar;C:\Users\deco_\.m2\repository\net\bytebuddy\byte-buddy\1.14.19\byte-buddy-1.14.19.jar;C:\Users\deco_\.m2\repository\org\glassfish\jaxb\jaxb-runtime\4.0.5\jaxb-runtime-4.0.5.jar;C:\Users\deco_\.m2\repository\org\glassfish\jaxb\jaxb-core\4.0.5\jaxb-core-4.0.5.jar;C:\Users\deco_\.m2\repository\org\glassfish\jaxb\txw2\4.0.5\txw2-4.0.5.jar;C:\Users\deco_\.m2\repository\com\sun\istack\istack-commons-runtime\4.1.2\istack-commons-runtime-4.1.2.jar;C:\Users\deco_\.m2\repository\jakarta\inject\jakarta.inject-api\2.0.1\jakarta.inject-api-2.0.1.jar;C:\Users\deco_\.m2\repository\org\antlr\antlr4-runtime\4.13.0\antlr4-runtime-4.13.0.jar;C:\Users\deco_\.m2\repository\org\springframework\data\spring-data-jpa\3.3.5\spring-data-jpa-3.3.5.jar;C:\Users\deco_\.m2\repository\org\springframework\data\spring-data-commons\3.3.5\spring-data-commons-3.3.5.jar;C:\Users\deco_\.m2\repository\org\springframework\spring-orm\6.1.14\spring-orm-6.1.14.jar;C:\Users\deco_\.m2\repository\org\springframework\spring-context\6.1.14\spring-context-6.1.14.jar;C:\Users\deco_\.m2\repository\org\springframework\spring-tx\6.1.14\spring-tx-6.1.14.jar;C:\Users\deco_\.m2\repository\org\springframework\spring-beans\6.1.14\spring-beans-6.1.14.jar;C:\Users\deco_\.m2\repository\jakarta\annotation\jakarta.annotation-api\2.1.1\jakarta.annotation-api-2.1.1.jar;C:\Users\deco_\.m2\repository\org\slf4j\slf4j-api\2.0.16\slf4j-api-2.0.16.jar;C:\Users\deco_\.m2\repository\org\springframework\spring-aspects\6.1.14\spring-aspects-6.1.14.jar;C:\Users\deco_\.m2\repository\org\springframework\boot\spring-boot-starter-security\3.3.5\spring-boot-starter-security-3.3.5.jar;C:\Users\deco_\.m2\repository\org\springframework\boot\spring-boot-starter\3.3.5\spring-boot-starter-3.3.5.jar;C:\Users\deco_\.m2\repository\org\springframework\boot\spring-boot-starter-logging\3.3.5\spring-boot-starter-logging-3.3.5.jar;C:\Users\deco_\.m2\repository\ch\qos\logback\logback-classic\1.5.11\logback-classic-1.5.11.jar;C:\Users\deco_\.m2\repository\ch\qos\logback\logback-core\1.5.11\logback-core-1.5.11.jar;C:\Users\deco_\.m2\repository\org\apache\logging\log4j\log4j-to-slf4j\2.23.1\log4j-to-slf4j-2.23.1.jar;C:\Users\deco_\.m2\repository\org\apache\logging\log4j\log4j-api\2.23.1\log4j-api-2.23.1.jar;C:\Users\deco_\.m2\repository\org\slf4j\jul-to-slf4j\2.0.16\jul-to-slf4j-2.0.16.jar;C:\Users\deco_\.m2\repository\org\yaml\snakeyaml\2.2\snakeyaml-2.2.jar;C:\Users\deco_\.m2\repository\org\springframework\spring-aop\6.1.14\spring-aop-6.1.14.jar;C:\Users\deco_\.m2\repository\org\springframework\security\spring-security-config\6.3.4\spring-security-config-6.3.4.jar;C:\Users\deco_\.m2\repository\org\springframework\security\spring-security-web\6.3.4\spring-security-web-6.3.4.jar;C:\Users\deco_\.m2\repository\org\springframework\spring-expression\6.1.14\spring-expression-6.1.14.jar;C:\Users\deco_\.m2\repository\org\springframework\boot\spring-boot-starter-web\3.3.5\spring-boot-starter-web-3.3.5.jar;C:\Users\deco_\.m2\repository\org\springframework\boot\spring-boot-starter-json\3.3.5\spring-boot-starter-json-3.3.5.jar;C:\Users\deco_\.m2\repository\com\fasterxml\jackson\datatype\jackson-datatype-jdk8\2.17.2\jackson-datatype-jdk8-2.17.2.jar;C:\Users\deco_\.m2\repository\com\fasterxml\jackson\datatype\jackson-datatype-jsr310\2.17.2\jackson-datatype-jsr310-2.17.2.jar;C:\Users\deco_\.m2\repository\com\fasterxml\jackson\module\jackson-module-parameter-names\2.17.2\jackson-module-parameter-names-2.17.2.jar;C:\Users\deco_\.m2\repository\org\springframework\boot\spring-boot-starter-tomcat\3.3.5\spring-boot-starter-tomcat-3.3.5.jar;C:\Users\deco_\.m2\repository\org\apache\tomcat\embed\tomcat-embed-core\10.1.31\tomcat-embed-core-10.1.31.jar;C:\Users\deco_\.m2\repository\org\apache\tomcat\embed\tomcat-embed-el\10.1.31\tomcat-embed-el-10.1.31.jar;C:\Users\deco_\.m2\repository\org\apache\tomcat\embed\tomcat-embed-websocket\10.1.31\tomcat-embed-websocket-10.1.31.jar;C:\Users\deco_\.m2\repository\org\springframework\spring-web\6.1.14\spring-web-6.1.14.jar;C:\Users\deco_\.m2\repository\io\micrometer\micrometer-observation\1.13.6\micrometer-observation-1.13.6.jar;C:\Users\deco_\.m2\repository\io\micrometer\micrometer-commons\1.13.6\micrometer-commons-1.13.6.jar;C:\Users\deco_\.m2\repository\org\springframework\spring-webmvc\6.1.14\spring-webmvc-6.1.14.jar;C:\Users\deco_\.m2\repository\com\auth0\java-jwt\4.4.0\java-jwt-4.4.0.jar;C:\Users\deco_\.m2\repository\com\fasterxml\jackson\core\jackson-databind\2.17.2\jackson-databind-2.17.2.jar;C:\Users\deco_\.m2\repository\com\fasterxml\jackson\core\jackson-annotations\2.17.2\jackson-annotations-2.17.2.jar;C:\Users\deco_\.m2\repository\com\fasterxml\jackson\core\jackson-core\2.17.2\jackson-core-2.17.2.jar;C:\Users\deco_\.m2\repository\org\springframework\boot\spring-boot-devtools\3.3.5\spring-boot-devtools-3.3.5.jar;C:\Users\deco_\.m2\repository\org\springframework\boot\spring-boot\3.3.5\spring-boot-3.3.5.jar;C:\Users\deco_\.m2\repository\org\springframework\boot\spring-boot-autoconfigure\3.3.5\spring-boot-autoconfigure-3.3.5.jar;C:\Users\deco_\.m2\repository\com\h2database\h2\2.2.224\h2-2.2.224.jar;C:\Users\deco_\.m2\repository\org\postgresql\postgresql\42.7.4\postgresql-42.7.4.jar;C:\Users\deco_\.m2\repository\org\checkerframework\checker-qual\3.42.0\checker-qual-3.42.0.jar;C:\Users\deco_\.m2\repository\org\projectlombok\lombok\1.18.34\lombok-1.18.34.jar;C:\Users\deco_\.m2\repository\org\springframework\boot\spring-boot-starter-test\3.3.5\spring-boot-starter-test-3.3.5.jar;C:\Users\deco_\.m2\repository\org\springframework\boot\spring-boot-test\3.3.5\spring-boot-test-3.3.5.jar;C:\Users\deco_\.m2\repository\org\springframework\boot\spring-boot-test-autoconfigure\3.3.5\spring-boot-test-autoconfigure-3.3.5.jar;C:\Users\deco_\.m2\repository\com\jayway\jsonpath\json-path\2.9.0\json-path-2.9.0.jar;C:\Users\deco_\.m2\repository\jakarta\xml\bind\jakarta.xml.bind-api\4.0.2\jakarta.xml.bind-api-4.0.2.jar;C:\Users\deco_\.m2\repository\jakarta\activation\jakarta.activation-api\2.1.3\jakarta.activation-api-2.1.3.jar;C:\Users\deco_\.m2\repository\net\minidev\json-smart\2.5.1\json-smart-2.5.1.jar;C:\Users\deco_\.m2\repository\net\minidev\accessors-smart\2.5.1\accessors-smart-2.5.1.jar;C:\Users\deco_\.m2\repository\org\ow2\asm\asm\9.6\asm-9.6.jar;C:\Users\deco_\.m2\repository\org\assertj\assertj-core\3.25.3\assertj-core-3.25.3.jar;C:\Users\deco_\.m2\repository\org\awaitility\awaitility\4.2.2\awaitility-4.2.2.jar;C:\Users\deco_\.m2\repository\org\hamcrest\hamcrest\2.2\hamcrest-2.2.jar;C:\Users\deco_\.m2\repository\org\junit\jupiter\junit-jupiter\5.10.5\junit-jupiter-5.10.5.jar;C:\Users\deco_\.m2\repository\org\junit\jupiter\junit-jupiter-params\5.10.5\junit-jupiter-params-5.10.5.jar;C:\Users\deco_\.m2\repository\org\junit\jupiter\junit-jupiter-engine\5.10.5\junit-jupiter-engine-5.10.5.jar;C:\Users\deco_\.m2\repository\org\junit\platform\junit-platform-engine\1.10.5\junit-platform-engine-1.10.5.jar;C:\Users\deco_\.m2\repository\org\mockito\mockito-core\5.11.0\mockito-core-5.11.0.jar;C:\Users\deco_\.m2\repository\net\bytebuddy\byte-buddy-agent\1.14.19\byte-buddy-agent-1.14.19.jar;C:\Users\deco_\.m2\repository\org\objenesis\objenesis\3.3\objenesis-3.3.jar;C:\Users\deco_\.m2\repository\org\skyscreamer\jsonassert\1.5.3\jsonassert-1.5.3.jar;C:\Users\deco_\.m2\repository\com\vaadin\external\google\android-json\0.0.20131108.vaadin1\android-json-0.0.20131108.vaadin1.jar;C:\Users\deco_\.m2\repository\org\springframework\spring-core\6.1.14\spring-core-6.1.14.jar;C:\Users\deco_\.m2\repository\org\springframework\spring-jcl\6.1.14\spring-jcl-6.1.14.jar;C:\Users\deco_\.m2\repository\org\springframework\spring-test\6.1.14\spring-test-6.1.14.jar;C:\Users\deco_\.m2\repository\org\xmlunit\xmlunit-core\2.9.1\xmlunit-core-2.9.1.jar;C:\Users\deco_\.m2\repository\org\springframework\security\spring-security-test\6.3.4\spring-security-test-6.3.4.jar;C:\Users\deco_\.m2\repository\org\springframework\security\spring-security-core\6.3.4\spring-security-core-6.3.4.jar;C:\Users\deco_\.m2\repository\org\springframework\security\spring-security-crypto\6.3.4\spring-security-crypto-6.3.4.jar;C:\Users\deco_\.m2\repository\org\mockito\mockito-junit-jupiter\5.11.0\mockito-junit-jupiter-5.11.0.jar;C:\Users\deco_\.m2\repository\org\junit\jupiter\junit-jupiter-api\5.10.5\junit-jupiter-api-5.10.5.jar;C:\Users\deco_\.m2\repository\org\opentest4j\opentest4j\1.3.0\opentest4j-1.3.0.jar;C:\Users\deco_\.m2\repository\org\junit\platform\junit-platform-commons\1.10.5\junit-platform-commons-1.10.5.jar;C:\Users\deco_\.m2\repository\org\apiguardian\apiguardian-api\1.1.2\apiguardian-api-1.1.2.jar;C:\Users\deco_\.m2\repository\org\springframework\boot\spring-boot-starter-mail\3.3.5\spring-boot-starter-mail-3.3.5.jar;C:\Users\deco_\.m2\repository\org\springframework\spring-context-support\6.1.14\spring-context-support-6.1.14.jar;C:\Users\deco_\.m2\repository\org\eclipse\angus\jakarta.mail\2.0.3\jakarta.mail-2.0.3.jar;C:\Users\deco_\.m2\repository\org\eclipse\angus\angus-activation\2.0.2\angus-activation-2.0.2.jar;C:\Users\deco_\.m2\repository\org\springdoc\springdoc-openapi-starter-webmvc-ui\2.1.0\springdoc-openapi-starter-webmvc-ui-2.1.0.jar;C:\Users\deco_\.m2\repository\org\springdoc\springdoc-openapi-starter-webmvc-api\2.1.0\springdoc-openapi-starter-webmvc-api-2.1.0.jar;C:\Users\deco_\.m2\repository\org\springdoc\springdoc-openapi-starter-common\2.1.0\springdoc-openapi-starter-common-2.1.0.jar;C:\Users\deco_\.m2\repository\io\swagger\core\v3\swagger-core-jakarta\2.2.9\swagger-core-jakarta-2.2.9.jar;C:\Users\deco_\.m2\repository\org\apache\commons\commons-lang3\3.14.0\commons-lang3-3.14.0.jar;C:\Users\deco_\.m2\repository\io\swagger\core\v3\swagger-annotations-jakarta\2.2.9\swagger-annotations-jakarta-2.2.9.jar;C:\Users\deco_\.m2\repository\io\swagger\core\v3\swagger-models-jakarta\2.2.9\swagger-models-jakarta-2.2.9.jar;C:\Users\deco_\.m2\repository\jakarta\validation\jakarta.validation-api\3.0.2\jakarta.validation-api-3.0.2.jar;C:\Users\deco_\.m2\repository\com\fasterxml\jackson\dataformat\jackson-dataformat-yaml\2.17.2\jackson-dataformat-yaml-2.17.2.jar;C:\Users\deco_\.m2\repository\org\webjars\swagger-ui\4.18.2\swagger-ui-4.18.2.jar;"/>
    <property name="sun.cpu.endian" value="little"/>
    <property name="user.home" value="C:\Users\deco_"/>
    <property name="user.language" value="pt"/>
    <property name="java.specification.vendor" value="Oracle Corporation"/>
    <property name="java.version.date" value="2024-04-16"/>
    <property name="java.home" value="C:\Program Files\Java\jdk-22"/>
    <property name="file.separator" value="\"/>
    <property name="basedir" value="C:\Users\deco_\OneDrive\Área de Trabalho\nassau\projeto-4\codigo\inovamed-\backend"/>
    <property name="java.vm.compressedOopsMode" value="32-bit"/>
    <property name="line.separator" value="&#10;"/>
    <property name="java.vm.specification.vendor" value="Oracle Corporation"/>
    <property name="java.specification.name" value="Java Platform API Specification"/>
    <property name="FILE_LOG_CHARSET" value="UTF-8"/>
    <property name="java.awt.headless" value="true"/>
    <property name="surefire.real.class.path" value="C:\Users\deco_\AppData\Local\Temp\surefire3803891382772331201\surefirebooter-20241119165605867_3.jar"/>
    <property name="user.script" value=""/>
    <property name="sun.management.compiler" value="HotSpot 64-Bit Tiered Compilers"/>
    <property name="java.runtime.version" value="22.0.1+8-16"/>
    <property name="user.name" value="deco_"/>
    <property name="stdout.encoding" value="Cp1252"/>
    <property name="path.separator" value=";"/>
    <property name="os.version" value="10.0"/>
    <property name="java.runtime.name" value="Java(TM) SE Runtime Environment"/>
    <property name="file.encoding" value="UTF-8"/>
    <property name="java.vm.name" value="Java HotSpot(TM) 64-Bit Server VM"/>
    <property name="localRepository" value="C:\Users\deco_\.m2\repository"/>
    <property name="java.vendor.url.bug" value="https://bugreport.java.com/bugreport/"/>
    <property name="java.io.tmpdir" value="C:\Users\deco_\AppData\Local\Temp\"/>
    <property name="com.zaxxer.hikari.pool_number" value="1"/>
    <property name="java.version" value="22.0.1"/>
    <property name="user.dir" value="C:\Users\deco_\OneDrive\Área de Trabalho\nassau\projeto-4\codigo\inovamed-\backend"/>
    <property name="os.arch" value="amd64"/>
    <property name="java.vm.specification.name" value="Java Virtual Machine Specification"/>
    <property name="PID" value="11752"/>
    <property name="sun.os.patch.level" value=""/>
    <property name="CONSOLE_LOG_CHARSET" value="UTF-8"/>
    <property name="native.encoding" value="Cp1252"/>
    <property name="java.library.path" value="C:\Program Files\Java\jdk-22\bin;C:\Windows\Sun\Java\bin;C:\Windows\system32;C:\Windows;C:\Python312\Scripts\;C:\Python312\;C:\Program Files\Common Files\Oracle\Java\javapath;C:\Windows\system32;C:\Windows;C:\Windows\System32\Wbem;C:\Windows\System32\WindowsPowerShell\v1.0\;C:\Windows\System32\OpenSSH\;C:\Program Files (x86)\NVIDIA Corporation\PhysX\Common;C:\Program Files\NVIDIA Corporation\NVIDIA NvDLISR;C:\Program Files\nodejs\;C:\ProgramData\chocolatey\bin;C:\Program Files\Git\cmd;C:\Program Files\Docker\Docker\resources\bin;C:\Program Files\Maven\apache-maven-3.9.9\bin;C:\Users\deco_\AppData\Local\Microsoft\WindowsApps;C:\Users\deco_\AppData\Local\Programs\Microsoft VS Code\bin;C:\Users\deco_\AppData\Roaming\npm;."/>
    <property name="java.vm.info" value="mixed mode, sharing"/>
    <property name="stderr.encoding" value="Cp1252"/>
    <property name="java.vendor" value="Oracle Corporation"/>
    <property name="java.vm.version" value="22.0.1+8-16"/>
    <property name="sun.io.unicode.encoding" value="UnicodeLittle"/>
    <property name="java.class.version" value="66.0"/>
    <property name="LOGGED_APPLICATION_NAME" value="[clinical-study-system] "/>
  </properties>
  <testcase name="main" classname="com.inovamed.clinical_study_system.ClinicalStudySystemApplicationTests" time="0.008">
    <error message="Failed to load ApplicationContext for [WebMergedContextConfiguration@247415be testClass = com.inovamed.clinical_study_system.ClinicalStudySystemApplicationTests, locations = [], classes = [com.inovamed.clinical_study_system.ClinicalStudySystemApplication], contextInitializerClasses = [], activeProfiles = [], propertySourceDescriptors = [], propertySourceProperties = [&quot;org.springframework.boot.test.context.SpringBootTestContextBootstrapper=true&quot;], contextCustomizers = [org.springframework.boot.test.context.filter.ExcludeFilterContextCustomizer@2663e964, org.springframework.boot.test.json.DuplicateJsonObjectContextCustomizerFactory$DuplicateJsonObjectContextCustomizer@39b43d60, org.springframework.boot.test.mock.mockito.MockitoContextCustomizer@0, org.springframework.boot.test.web.client.TestRestTemplateContextCustomizer@64e7619d, org.springframework.boot.test.web.reactor.netty.DisableReactorResourceFactoryGlobalResourcesContextCustomizerFactory$DisableReactorResourceFactoryGlobalResourcesContextCustomizerCustomizer@4dd6fd0a, org.springframework.boot.test.autoconfigure.OnFailureConditionReportContextCustomizerFactory$OnFailureConditionReportContextCustomizer@6692b6c6, org.springframework.boot.test.autoconfigure.actuate.observability.ObservabilityContextCustomizerFactory$DisableObservabilityContextCustomizer@1f, org.springframework.boot.test.autoconfigure.properties.PropertyMappingContextCustomizer@0, org.springframework.boot.test.autoconfigure.web.servlet.WebDriverContextCustomizer@1863d2fe, org.springframework.boot.test.context.SpringBootTestAnnotation@41204c78], resourceBasePath = &quot;src/main/webapp&quot;, contextLoader = org.springframework.boot.test.context.SpringBootContextLoader, parent = null]" type="java.lang.IllegalStateException"><![CDATA[java.lang.IllegalStateException: Failed to load ApplicationContext for [WebMergedContextConfiguration@247415be testClass = com.inovamed.clinical_study_system.ClinicalStudySystemApplicationTests, locations = [], classes = [com.inovamed.clinical_study_system.ClinicalStudySystemApplication], contextInitializerClasses = [], activeProfiles = [], propertySourceDescriptors = [], propertySourceProperties = ["org.springframework.boot.test.context.SpringBootTestContextBootstrapper=true"], contextCustomizers = [org.springframework.boot.test.context.filter.ExcludeFilterContextCustomizer@2663e964, org.springframework.boot.test.json.DuplicateJsonObjectContextCustomizerFactory$DuplicateJsonObjectContextCustomizer@39b43d60, org.springframework.boot.test.mock.mockito.MockitoContextCustomizer@0, org.springframework.boot.test.web.client.TestRestTemplateContextCustomizer@64e7619d, org.springframework.boot.test.web.reactor.netty.DisableReactorResourceFactoryGlobalResourcesContextCustomizerFactory$DisableReactorResourceFactoryGlobalResourcesContextCustomizerCustomizer@4dd6fd0a, org.springframework.boot.test.autoconfigure.OnFailureConditionReportContextCustomizerFactory$OnFailureConditionReportContextCustomizer@6692b6c6, org.springframework.boot.test.autoconfigure.actuate.observability.ObservabilityContextCustomizerFactory$DisableObservabilityContextCustomizer@1f, org.springframework.boot.test.autoconfigure.properties.PropertyMappingContextCustomizer@0, org.springframework.boot.test.autoconfigure.web.servlet.WebDriverContextCustomizer@1863d2fe, org.springframework.boot.test.context.SpringBootTestAnnotation@41204c78], resourceBasePath = "src/main/webapp", contextLoader = org.springframework.boot.test.context.SpringBootContextLoader, parent = null]
	at org.springframework.test.context.cache.DefaultCacheAwareContextLoaderDelegate.loadContext(DefaultCacheAwareContextLoaderDelegate.java:180)
	at org.springframework.test.context.support.DefaultTestContext.getApplicationContext(DefaultTestContext.java:130)
	at org.springframework.test.context.web.ServletTestExecutionListener.setUpRequestContextIfNecessary(ServletTestExecutionListener.java:191)
	at org.springframework.test.context.web.ServletTestExecutionListener.prepareTestInstance(ServletTestExecutionListener.java:130)
	at org.springframework.test.context.TestContextManager.prepareTestInstance(TestContextManager.java:260)
	at org.springframework.test.context.junit.jupiter.SpringExtension.postProcessTestInstance(SpringExtension.java:163)
	at java.base/java.util.stream.ReferencePipeline$3$1.accept(ReferencePipeline.java:212)
	at java.base/java.util.stream.ReferencePipeline$2$1.accept(ReferencePipeline.java:194)
	at java.base/java.util.ArrayList$ArrayListSpliterator.forEachRemaining(ArrayList.java:1709)
	at java.base/java.util.stream.AbstractPipeline.copyInto(AbstractPipeline.java:556)
	at java.base/java.util.stream.AbstractPipeline.wrapAndCopyInto(AbstractPipeline.java:546)
	at java.base/java.util.stream.StreamSpliterators$WrappingSpliterator.forEachRemaining(StreamSpliterators.java:310)
	at java.base/java.util.stream.Streams$ConcatSpliterator.forEachRemaining(Streams.java:735)
	at java.base/java.util.stream.Streams$ConcatSpliterator.forEachRemaining(Streams.java:734)
	at java.base/java.util.stream.ReferencePipeline$Head.forEach(ReferencePipeline.java:782)
	at java.base/java.util.Optional.orElseGet(Optional.java:364)
	at java.base/java.util.ArrayList.forEach(ArrayList.java:1597)
	at java.base/java.util.ArrayList.forEach(ArrayList.java:1597)
Caused by: org.springframework.beans.factory.BeanCreationException: Error creating bean with name 'entityManagerFactory' defined in class path resource [org/springframework/boot/autoconfigure/orm/jpa/HibernateJpaConfiguration.class]: [PersistenceUnit: default] Unable to build Hibernate SessionFactory; nested exception is org.hibernate.exception.JDBCConnectionException: Unable to open JDBC Connection for DDL execution [Connection to localhost:5432 refused. Check that the hostname and port are correct and that the postmaster is accepting TCP/IP connections.] [n/a]
	at org.springframework.beans.factory.support.AbstractAutowireCapableBeanFactory.initializeBean(AbstractAutowireCapableBeanFactory.java:1806)
	at org.springframework.beans.factory.support.AbstractAutowireCapableBeanFactory.doCreateBean(AbstractAutowireCapableBeanFactory.java:600)
	at org.springframework.beans.factory.support.AbstractAutowireCapableBeanFactory.createBean(AbstractAutowireCapableBeanFactory.java:522)
	at org.springframework.beans.factory.support.AbstractBeanFactory.lambda$doGetBean$0(AbstractBeanFactory.java:337)
	at org.springframework.beans.factory.support.DefaultSingletonBeanRegistry.getSingleton(DefaultSingletonBeanRegistry.java:234)
	at org.springframework.beans.factory.support.AbstractBeanFactory.doGetBean(AbstractBeanFactory.java:335)
	at org.springframework.beans.factory.support.AbstractBeanFactory.getBean(AbstractBeanFactory.java:205)
	at org.springframework.context.support.AbstractApplicationContext.finishBeanFactoryInitialization(AbstractApplicationContext.java:954)
	at org.springframework.context.support.AbstractApplicationContext.refresh(AbstractApplicationContext.java:625)
	at org.springframework.boot.SpringApplication.refresh(SpringApplication.java:754)
	at org.springframework.boot.SpringApplication.refreshContext(SpringApplication.java:456)
	at org.springframework.boot.SpringApplication.run(SpringApplication.java:335)
	at org.springframework.boot.test.context.SpringBootContextLoader.lambda$loadContext$3(SpringBootContextLoader.java:137)
	at org.springframework.util.function.ThrowingSupplier.get(ThrowingSupplier.java:58)
	at org.springframework.util.function.ThrowingSupplier.get(ThrowingSupplier.java:46)
	at org.springframework.boot.SpringApplication.withHook(SpringApplication.java:1463)
	at org.springframework.boot.test.context.SpringBootContextLoader$ContextLoaderHook.run(SpringBootContextLoader.java:553)
	at org.springframework.boot.test.context.SpringBootContextLoader.loadContext(SpringBootContextLoader.java:137)
	at org.springframework.boot.test.context.SpringBootContextLoader.loadContext(SpringBootContextLoader.java:108)
	at org.springframework.test.context.cache.DefaultCacheAwareContextLoaderDelegate.loadContextInternal(DefaultCacheAwareContextLoaderDelegate.java:225)
	at org.springframework.test.context.cache.DefaultCacheAwareContextLoaderDelegate.loadContext(DefaultCacheAwareContextLoaderDelegate.java:152)
	... 17 more
Caused by: jakarta.persistence.PersistenceException: [PersistenceUnit: default] Unable to build Hibernate SessionFactory; nested exception is org.hibernate.exception.JDBCConnectionException: Unable to open JDBC Connection for DDL execution [Connection to localhost:5432 refused. Check that the hostname and port are correct and that the postmaster is accepting TCP/IP connections.] [n/a]
	at org.springframework.orm.jpa.AbstractEntityManagerFactoryBean.buildNativeEntityManagerFactory(AbstractEntityManagerFactoryBean.java:421)
	at org.springframework.orm.jpa.AbstractEntityManagerFactoryBean.afterPropertiesSet(AbstractEntityManagerFactoryBean.java:396)
	at org.springframework.orm.jpa.LocalContainerEntityManagerFactoryBean.afterPropertiesSet(LocalContainerEntityManagerFactoryBean.java:366)
	at org.springframework.beans.factory.support.AbstractAutowireCapableBeanFactory.invokeInitMethods(AbstractAutowireCapableBeanFactory.java:1853)
	at org.springframework.beans.factory.support.AbstractAutowireCapableBeanFactory.initializeBean(AbstractAutowireCapableBeanFactory.java:1802)
	... 37 more
Caused by: org.hibernate.exception.JDBCConnectionException: Unable to open JDBC Connection for DDL execution [Connection to localhost:5432 refused. Check that the hostname and port are correct and that the postmaster is accepting TCP/IP connections.] [n/a]
	at org.hibernate.exception.internal.SQLStateConversionDelegate.convert(SQLStateConversionDelegate.java:100)
	at org.hibernate.exception.internal.StandardSQLExceptionConverter.convert(StandardSQLExceptionConverter.java:58)
	at org.hibernate.engine.jdbc.spi.SqlExceptionHelper.convert(SqlExceptionHelper.java:108)
	at org.hibernate.engine.jdbc.spi.SqlExceptionHelper.convert(SqlExceptionHelper.java:94)
	at org.hibernate.resource.transaction.backend.jdbc.internal.DdlTransactionIsolatorNonJtaImpl.getIsolatedConnection(DdlTransactionIsolatorNonJtaImpl.java:74)
	at org.hibernate.resource.transaction.backend.jdbc.internal.DdlTransactionIsolatorNonJtaImpl.getIsolatedConnection(DdlTransactionIsolatorNonJtaImpl.java:39)
	at org.hibernate.tool.schema.internal.exec.ImprovedExtractionContextImpl.getJdbcConnection(ImprovedExtractionContextImpl.java:63)
	at org.hibernate.tool.schema.extract.spi.ExtractionContext.getQueryResults(ExtractionContext.java:43)
	at org.hibernate.tool.schema.extract.internal.SequenceInformationExtractorLegacyImpl.extractMetadata(SequenceInformationExtractorLegacyImpl.java:39)
	at org.hibernate.tool.schema.extract.internal.DatabaseInformationImpl.initializeSequences(DatabaseInformationImpl.java:66)
	at org.hibernate.tool.schema.extract.internal.DatabaseInformationImpl.<init>(DatabaseInformationImpl.java:60)
	at org.hibernate.tool.schema.internal.Helper.buildDatabaseInformation(Helper.java:185)
	at org.hibernate.tool.schema.internal.AbstractSchemaMigrator.doMigration(AbstractSchemaMigrator.java:100)
	at org.hibernate.tool.schema.spi.SchemaManagementToolCoordinator.performDatabaseAction(SchemaManagementToolCoordinator.java:280)
	at org.hibernate.tool.schema.spi.SchemaManagementToolCoordinator.lambda$process$5(SchemaManagementToolCoordinator.java:144)
	at java.base/java.util.HashMap.forEach(HashMap.java:1429)
	at org.hibernate.tool.schema.spi.SchemaManagementToolCoordinator.process(SchemaManagementToolCoordinator.java:141)
	at org.hibernate.boot.internal.SessionFactoryObserverForSchemaExport.sessionFactoryCreated(SessionFactoryObserverForSchemaExport.java:37)
	at org.hibernate.internal.SessionFactoryObserverChain.sessionFactoryCreated(SessionFactoryObserverChain.java:35)
	at org.hibernate.internal.SessionFactoryImpl.<init>(SessionFactoryImpl.java:322)
	at org.hibernate.boot.internal.SessionFactoryBuilderImpl.build(SessionFactoryBuilderImpl.java:457)
	at org.hibernate.jpa.boot.internal.EntityManagerFactoryBuilderImpl.build(EntityManagerFactoryBuilderImpl.java:1506)
	at org.springframework.orm.jpa.vendor.SpringHibernateJpaPersistenceProvider.createContainerEntityManagerFactory(SpringHibernateJpaPersistenceProvider.java:75)
	at org.springframework.orm.jpa.LocalContainerEntityManagerFactoryBean.createNativeEntityManagerFactory(LocalContainerEntityManagerFactoryBean.java:390)
	at org.springframework.orm.jpa.AbstractEntityManagerFactoryBean.buildNativeEntityManagerFactory(AbstractEntityManagerFactoryBean.java:409)
	... 41 more
Caused by: org.postgresql.util.PSQLException: Connection to localhost:5432 refused. Check that the hostname and port are correct and that the postmaster is accepting TCP/IP connections.
	at org.postgresql.core.v3.ConnectionFactoryImpl.openConnectionImpl(ConnectionFactoryImpl.java:352)
	at org.postgresql.core.ConnectionFactory.openConnection(ConnectionFactory.java:54)
	at org.postgresql.jdbc.PgConnection.<init>(PgConnection.java:273)
	at org.postgresql.Driver.makeConnection(Driver.java:446)
	at org.postgresql.Driver.connect(Driver.java:298)
	at com.zaxxer.hikari.util.DriverDataSource.getConnection(DriverDataSource.java:137)
	at com.zaxxer.hikari.pool.PoolBase.newConnection(PoolBase.java:360)
	at com.zaxxer.hikari.pool.PoolBase.newPoolEntry(PoolBase.java:202)
	at com.zaxxer.hikari.pool.HikariPool.createPoolEntry(HikariPool.java:461)
	at com.zaxxer.hikari.pool.HikariPool.checkFailFast(HikariPool.java:550)
	at com.zaxxer.hikari.pool.HikariPool.<init>(HikariPool.java:98)
	at com.zaxxer.hikari.HikariDataSource.getConnection(HikariDataSource.java:111)
	at org.hibernate.engine.jdbc.connections.internal.DatasourceConnectionProviderImpl.getConnection(DatasourceConnectionProviderImpl.java:122)
	at org.hibernate.engine.jdbc.env.internal.JdbcEnvironmentInitiator$ConnectionProviderJdbcConnectionAccess.obtainConnection(JdbcEnvironmentInitiator.java:439)
	at org.hibernate.resource.transaction.backend.jdbc.internal.DdlTransactionIsolatorNonJtaImpl.getIsolatedConnection(DdlTransactionIsolatorNonJtaImpl.java:46)
	... 61 more
Caused by: java.net.ConnectException: Connection refused: getsockopt
	at java.base/sun.nio.ch.Net.pollConnect(Native Method)
	at java.base/sun.nio.ch.Net.pollConnectNow(Net.java:682)
	at java.base/sun.nio.ch.NioSocketImpl.timedFinishConnect(NioSocketImpl.java:542)
	at java.base/sun.nio.ch.NioSocketImpl.connect(NioSocketImpl.java:592)
	at java.base/java.net.SocksSocketImpl.connect(SocksSocketImpl.java:327)
	at java.base/java.net.Socket.connect(Socket.java:752)
	at org.postgresql.core.PGStream.createSocket(PGStream.java:260)
	at org.postgresql.core.PGStream.<init>(PGStream.java:121)
	at org.postgresql.core.v3.ConnectionFactoryImpl.tryConnect(ConnectionFactoryImpl.java:140)
	at org.postgresql.core.v3.ConnectionFactoryImpl.openConnectionImpl(ConnectionFactoryImpl.java:268)
	... 75 more
]]></error>
    <system-out><![CDATA[16:56:07.053 [main] INFO org.springframework.test.context.support.AnnotationConfigContextLoaderUtils -- Could not detect default configuration classes for test class [com.inovamed.clinical_study_system.ClinicalStudySystemApplicationTests]: ClinicalStudySystemApplicationTests does not declare any static, non-private, non-final, nested classes annotated with @Configuration.
16:56:07.201 [main] INFO org.springframework.boot.test.context.SpringBootTestContextBootstrapper -- Found @SpringBootConfiguration com.inovamed.clinical_study_system.ClinicalStudySystemApplication for test class com.inovamed.clinical_study_system.ClinicalStudySystemApplicationTests
16:56:07.421 [main] INFO org.springframework.boot.devtools.restart.RestartApplicationListener -- Restart disabled due to context in which it is running

  .   ____          _            __ _ _
 /\\ / ___'_ __ _ _(_)_ __  __ _ \ \ \ \
( ( )\___ | '_ | '_| | '_ \/ _` | \ \ \ \
 \\/  ___)| |_)| | | | | || (_| |  ) ) ) )
  '  |____| .__|_| |_|_| |_\__, | / / / /
 =========|_|==============|___/=/_/_/_/

 :: Spring Boot ::                (v3.3.5)

2024-11-19T16:56:07.815-03:00  INFO 11752 --- [clinical-study-system] [           main] .i.c.ClinicalStudySystemApplicationTests : Starting ClinicalStudySystemApplicationTests using Java 22.0.1 with PID 11752 (started by deco_ in C:\Users\deco_\OneDrive\Área de Trabalho\nassau\projeto-4\codigo\inovamed-\backend)
2024-11-19T16:56:07.816-03:00  INFO 11752 --- [clinical-study-system] [           main] .i.c.ClinicalStudySystemApplicationTests : The following 1 profile is active: "prd"
2024-11-19T16:56:07.816-03:00 DEBUG 11752 --- [clinical-study-system] [           main] o.s.boot.SpringApplication               : Loading source class com.inovamed.clinical_study_system.ClinicalStudySystemApplication
2024-11-19T16:56:07.860-03:00 DEBUG 11752 --- [clinical-study-system] [           main] o.s.w.c.s.GenericWebApplicationContext   : Refreshing org.springframework.web.context.support.GenericWebApplicationContext@7f4d9395
2024-11-19T16:56:07.888-03:00 DEBUG 11752 --- [clinical-study-system] [           main] o.s.b.f.s.DefaultListableBeanFactory     : Creating shared instance of singleton bean 'org.springframework.context.annotation.internalConfigurationAnnotationProcessor'
2024-11-19T16:56:07.905-03:00 DEBUG 11752 --- [clinical-study-system] [           main] o.s.b.f.s.DefaultListableBeanFactory     : Creating shared instance of singleton bean 'org.springframework.boot.autoconfigure.internalCachingMetadataReaderFactory'
2024-11-19T16:56:07.994-03:00 DEBUG 11752 --- [clinical-study-system] [           main] o.s.c.a.ClassPathBeanDefinitionScanner   : Identified candidate component class: file [C:\Users\deco_\OneDrive\Área de Trabalho\nassau\projeto-4\codigo\inovamed-\backend\target\classes\com\inovamed\clinical_study_system\config\JacksonConfig.class]
2024-11-19T16:56:07.996-03:00 DEBUG 11752 --- [clinical-study-system] [           main] o.s.c.a.ClassPathBeanDefinitionScanner   : Identified candidate component class: file [C:\Users\deco_\OneDrive\Área de Trabalho\nassau\projeto-4\codigo\inovamed-\backend\target\classes\com\inovamed\clinical_study_system\config\SimpleCORSFilter.class]
2024-11-19T16:56:08.014-03:00 DEBUG 11752 --- [clinical-study-system] [           main] o.s.c.a.ClassPathBeanDefinitionScanner   : Identified candidate component class: file [C:\Users\deco_\OneDrive\Área de Trabalho\nassau\projeto-4\codigo\inovamed-\backend\target\classes\com\inovamed\clinical_study_system\controller\AttachmentController.class]
2024-11-19T16:56:08.015-03:00 DEBUG 11752 --- [clinical-study-system] [           main] o.s.c.a.ClassPathBeanDefinitionScanner   : Identified candidate component class: file [C:\Users\deco_\OneDrive\Área de Trabalho\nassau\projeto-4\codigo\inovamed-\backend\target\classes\com\inovamed\clinical_study_system\controller\AuthenticationController.class]
2024-11-19T16:56:08.017-03:00 DEBUG 11752 --- [clinical-study-system] [           main] o.s.c.a.ClassPathBeanDefinitionScanner   : Identified candidate component class: file [C:\Users\deco_\OneDrive\Área de Trabalho\nassau\projeto-4\codigo\inovamed-\backend\target\classes\com\inovamed\clinical_study_system\controller\ClinicalRepresentativeController.class]
2024-11-19T16:56:08.018-03:00 DEBUG 11752 --- [clinical-study-system] [           main] o.s.c.a.ClassPathBeanDefinitionScanner   : Identified candidate component class: file [C:\Users\deco_\OneDrive\Área de Trabalho\nassau\projeto-4\codigo\inovamed-\backend\target\classes\com\inovamed\clinical_study_system\controller\DigitalSignatureController.class]
2024-11-19T16:56:08.019-03:00 DEBUG 11752 --- [clinical-study-system] [           main] o.s.c.a.ClassPathBeanDefinitionScanner   : Identified candidate component class: file [C:\Users\deco_\OneDrive\Área de Trabalho\nassau\projeto-4\codigo\inovamed-\backend\target\classes\com\inovamed\clinical_study_system\controller\DoctorController.class]
2024-11-19T16:56:08.020-03:00 DEBUG 11752 --- [clinical-study-system] [           main] o.s.c.a.ClassPathBeanDefinitionScanner   : Identified candidate component class: file [C:\Users\deco_\OneDrive\Área de Trabalho\nassau\projeto-4\codigo\inovamed-\backend\target\classes\com\inovamed\clinical_study_system\controller\NotificationController.class]
2024-11-19T16:56:08.021-03:00 DEBUG 11752 --- [clinical-study-system] [           main] o.s.c.a.ClassPathBeanDefinitionScanner   : Identified candidate component class: file [C:\Users\deco_\OneDrive\Área de Trabalho\nassau\projeto-4\codigo\inovamed-\backend\target\classes\com\inovamed\clinical_study_system\controller\PatientController.class]
2024-11-19T16:56:08.025-03:00 DEBUG 11752 --- [clinical-study-system] [           main] o.s.c.a.ClassPathBeanDefinitionScanner   : Identified candidate component class: file [C:\Users\deco_\OneDrive\Área de Trabalho\nassau\projeto-4\codigo\inovamed-\backend\target\classes\com\inovamed\clinical_study_system\controller\ResearchController.class]
2024-11-19T16:56:08.027-03:00 DEBUG 11752 --- [clinical-study-system] [           main] o.s.c.a.ClassPathBeanDefinitionScanner   : Identified candidate component class: file [C:\Users\deco_\OneDrive\Área de Trabalho\nassau\projeto-4\codigo\inovamed-\backend\target\classes\com\inovamed\clinical_study_system\controller\UserController.class]
2024-11-19T16:56:08.050-03:00 DEBUG 11752 --- [clinical-study-system] [           main] o.s.c.a.ClassPathBeanDefinitionScanner   : Identified candidate component class: file [C:\Users\deco_\OneDrive\Área de Trabalho\nassau\projeto-4\codigo\inovamed-\backend\target\classes\com\inovamed\clinical_study_system\infra\GlobalExceptionHandler.class]
2024-11-19T16:56:08.087-03:00 DEBUG 11752 --- [clinical-study-system] [           main] o.s.c.a.ClassPathBeanDefinitionScanner   : Ignored because not a concrete top-level class: file [C:\Users\deco_\OneDrive\Área de Trabalho\nassau\projeto-4\codigo\inovamed-\backend\target\classes\com\inovamed\clinical_study_system\repository\ApplicationRepository.class]
2024-11-19T16:56:08.089-03:00 DEBUG 11752 --- [clinical-study-system] [           main] o.s.c.a.ClassPathBeanDefinitionScanner   : Ignored because not a concrete top-level class: file [C:\Users\deco_\OneDrive\Área de Trabalho\nassau\projeto-4\codigo\inovamed-\backend\target\classes\com\inovamed\clinical_study_system\repository\AttachmentRepository.class]
2024-11-19T16:56:08.090-03:00 DEBUG 11752 --- [clinical-study-system] [           main] o.s.c.a.ClassPathBeanDefinitionScanner   : Ignored because not a concrete top-level class: file [C:\Users\deco_\OneDrive\Área de Trabalho\nassau\projeto-4\codigo\inovamed-\backend\target\classes\com\inovamed\clinical_study_system\repository\ClinicalStudyRepresentiveRepository.class]
2024-11-19T16:56:08.091-03:00 DEBUG 11752 --- [clinical-study-system] [           main] o.s.c.a.ClassPathBeanDefinitionScanner   : Ignored because not a concrete top-level class: file [C:\Users\deco_\OneDrive\Área de Trabalho\nassau\projeto-4\codigo\inovamed-\backend\target\classes\com\inovamed\clinical_study_system\repository\DigitalSignatureRepository.class]
2024-11-19T16:56:08.093-03:00 DEBUG 11752 --- [clinical-study-system] [           main] o.s.c.a.ClassPathBeanDefinitionScanner   : Ignored because not a concrete top-level class: file [C:\Users\deco_\OneDrive\Área de Trabalho\nassau\projeto-4\codigo\inovamed-\backend\target\classes\com\inovamed\clinical_study_system\repository\DoctorRepository.class]
2024-11-19T16:56:08.094-03:00 DEBUG 11752 --- [clinical-study-system] [           main] o.s.c.a.ClassPathBeanDefinitionScanner   : Ignored because not a concrete top-level class: file [C:\Users\deco_\OneDrive\Área de Trabalho\nassau\projeto-4\codigo\inovamed-\backend\target\classes\com\inovamed\clinical_study_system\repository\NotificationRepository.class]
2024-11-19T16:56:08.096-03:00 DEBUG 11752 --- [clinical-study-system] [           main] o.s.c.a.ClassPathBeanDefinitionScanner   : Ignored because not a concrete top-level class: file [C:\Users\deco_\OneDrive\Área de Trabalho\nassau\projeto-4\codigo\inovamed-\backend\target\classes\com\inovamed\clinical_study_system\repository\ResearchRepository.class]
2024-11-19T16:56:08.098-03:00 DEBUG 11752 --- [clinical-study-system] [           main] o.s.c.a.ClassPathBeanDefinitionScanner   : Ignored because not a concrete top-level class: file [C:\Users\deco_\OneDrive\Área de Trabalho\nassau\projeto-4\codigo\inovamed-\backend\target\classes\com\inovamed\clinical_study_system\repository\UserRepository.class]
2024-11-19T16:56:08.099-03:00 DEBUG 11752 --- [clinical-study-system] [           main] o.s.c.a.ClassPathBeanDefinitionScanner   : Identified candidate component class: file [C:\Users\deco_\OneDrive\Área de Trabalho\nassau\projeto-4\codigo\inovamed-\backend\target\classes\com\inovamed\clinical_study_system\security\SecurityFilter.class]
2024-11-19T16:56:08.107-03:00 DEBUG 11752 --- [clinical-study-system] [           main] o.s.c.a.ClassPathBeanDefinitionScanner   : Identified candidate component class: file [C:\Users\deco_\OneDrive\Área de Trabalho\nassau\projeto-4\codigo\inovamed-\backend\target\classes\com\inovamed\clinical_study_system\security\WebSecurityConfig.class]
2024-11-19T16:56:08.110-03:00 DEBUG 11752 --- [clinical-study-system] [           main] o.s.c.a.ClassPathBeanDefinitionScanner   : Identified candidate component class: file [C:\Users\deco_\OneDrive\Área de Trabalho\nassau\projeto-4\codigo\inovamed-\backend\target\classes\com\inovamed\clinical_study_system\service\attachment\AttachmentService.class]
2024-11-19T16:56:08.112-03:00 DEBUG 11752 --- [clinical-study-system] [           main] o.s.c.a.ClassPathBeanDefinitionScanner   : Identified candidate component class: file [C:\Users\deco_\OneDrive\Área de Trabalho\nassau\projeto-4\codigo\inovamed-\backend\target\classes\com\inovamed\clinical_study_system\service\authorization\AuthorizationService.class]
2024-11-19T16:56:08.113-03:00 DEBUG 11752 --- [clinical-study-system] [           main] o.s.c.a.ClassPathBeanDefinitionScanner   : Identified candidate component class: file [C:\Users\deco_\OneDrive\Área de Trabalho\nassau\projeto-4\codigo\inovamed-\backend\target\classes\com\inovamed\clinical_study_system\service\clinical_study_representative\ClinicalRepresentativeDTOMapperService.class]
2024-11-19T16:56:08.114-03:00 DEBUG 11752 --- [clinical-study-system] [           main] o.s.c.a.ClassPathBeanDefinitionScanner   : Identified candidate component class: file [C:\Users\deco_\OneDrive\Área de Trabalho\nassau\projeto-4\codigo\inovamed-\backend\target\classes\com\inovamed\clinical_study_system\service\clinical_study_representative\CreateClinicalRepresentativeService.class]
2024-11-19T16:56:08.115-03:00 DEBUG 11752 --- [clinical-study-system] [           main] o.s.c.a.ClassPathBeanDefinitionScanner   : Identified candidate component class: file [C:\Users\deco_\OneDrive\Área de Trabalho\nassau\projeto-4\codigo\inovamed-\backend\target\classes\com\inovamed\clinical_study_system\service\clinical_study_representative\DeleteByIdClinicalRepresentativeService.class]
2024-11-19T16:56:08.115-03:00 DEBUG 11752 --- [clinical-study-system] [           main] o.s.c.a.ClassPathBeanDefinitionScanner   : Identified candidate component class: file [C:\Users\deco_\OneDrive\Área de Trabalho\nassau\projeto-4\codigo\inovamed-\backend\target\classes\com\inovamed\clinical_study_system\service\clinical_study_representative\FindAllClinicalRepresentativeService.class]
2024-11-19T16:56:08.116-03:00 DEBUG 11752 --- [clinical-study-system] [           main] o.s.c.a.ClassPathBeanDefinitionScanner   : Identified candidate component class: file [C:\Users\deco_\OneDrive\Área de Trabalho\nassau\projeto-4\codigo\inovamed-\backend\target\classes\com\inovamed\clinical_study_system\service\clinical_study_representative\FindByIdClinicalRepresentativeService.class]
2024-11-19T16:56:08.118-03:00 DEBUG 11752 --- [clinical-study-system] [           main] o.s.c.a.ClassPathBeanDefinitionScanner   : Identified candidate component class: file [C:\Users\deco_\OneDrive\Área de Trabalho\nassau\projeto-4\codigo\inovamed-\backend\target\classes\com\inovamed\clinical_study_system\service\clinical_study_representative\UpdateClinicalRepresentativeService.class]
2024-11-19T16:56:08.119-03:00 DEBUG 11752 --- [clinical-study-system] [           main] o.s.c.a.ClassPathBeanDefinitionScanner   : Identified candidate component class: file [C:\Users\deco_\OneDrive\Área de Trabalho\nassau\projeto-4\codigo\inovamed-\backend\target\classes\com\inovamed\clinical_study_system\service\digital_signature\CreateDigitalSignatureService.class]
2024-11-19T16:56:08.121-03:00 DEBUG 11752 --- [clinical-study-system] [           main] o.s.c.a.ClassPathBeanDefinitionScanner   : Identified candidate component class: file [C:\Users\deco_\OneDrive\Área de Trabalho\nassau\projeto-4\codigo\inovamed-\backend\target\classes\com\inovamed\clinical_study_system\service\digital_signature\DeactivateDigitalSignatureService.class]
2024-11-19T16:56:08.123-03:00 DEBUG 11752 --- [clinical-study-system] [           main] o.s.c.a.ClassPathBeanDefinitionScanner   : Identified candidate component class: file [C:\Users\deco_\OneDrive\Área de Trabalho\nassau\projeto-4\codigo\inovamed-\backend\target\classes\com\inovamed\clinical_study_system\service\digital_signature\DigitalSignatureMapperDTOService.class]
2024-11-19T16:56:08.124-03:00 DEBUG 11752 --- [clinical-study-system] [           main] o.s.c.a.ClassPathBeanDefinitionScanner   : Identified candidate component class: file [C:\Users\deco_\OneDrive\Área de Trabalho\nassau\projeto-4\codigo\inovamed-\backend\target\classes\com\inovamed\clinical_study_system\service\digital_signature\VerifyDigitalSignatureService.class]
2024-11-19T16:56:08.126-03:00 DEBUG 11752 --- [clinical-study-system] [           main] o.s.c.a.ClassPathBeanDefinitionScanner   : Identified candidate component class: file [C:\Users\deco_\OneDrive\Área de Trabalho\nassau\projeto-4\codigo\inovamed-\backend\target\classes\com\inovamed\clinical_study_system\service\doctor\CreateDoctorService.class]
2024-11-19T16:56:08.128-03:00 DEBUG 11752 --- [clinical-study-system] [           main] o.s.c.a.ClassPathBeanDefinitionScanner   : Identified candidate component class: file [C:\Users\deco_\OneDrive\Área de Trabalho\nassau\projeto-4\codigo\inovamed-\backend\target\classes\com\inovamed\clinical_study_system\service\doctor\DeleteDoctorService.class]
2024-11-19T16:56:08.129-03:00 DEBUG 11752 --- [clinical-study-system] [           main] o.s.c.a.ClassPathBeanDefinitionScanner   : Identified candidate component class: file [C:\Users\deco_\OneDrive\Área de Trabalho\nassau\projeto-4\codigo\inovamed-\backend\target\classes\com\inovamed\clinical_study_system\service\doctor\DoctorDTOMapperService.class]
2024-11-19T16:56:08.130-03:00 DEBUG 11752 --- [clinical-study-system] [           main] o.s.c.a.ClassPathBeanDefinitionScanner   : Identified candidate component class: file [C:\Users\deco_\OneDrive\Área de Trabalho\nassau\projeto-4\codigo\inovamed-\backend\target\classes\com\inovamed\clinical_study_system\service\doctor\FindAllDoctorService.class]
2024-11-19T16:56:08.132-03:00 DEBUG 11752 --- [clinical-study-system] [           main] o.s.c.a.ClassPathBeanDefinitionScanner   : Identified candidate component class: file [C:\Users\deco_\OneDrive\Área de Trabalho\nassau\projeto-4\codigo\inovamed-\backend\target\classes\com\inovamed\clinical_study_system\service\doctor\FindByIdDoctorService.class]
2024-11-19T16:56:08.133-03:00 DEBUG 11752 --- [clinical-study-system] [           main] o.s.c.a.ClassPathBeanDefinitionScanner   : Identified candidate component class: file [C:\Users\deco_\OneDrive\Área de Trabalho\nassau\projeto-4\codigo\inovamed-\backend\target\classes\com\inovamed\clinical_study_system\service\doctor\UpdateDoctorService.class]
2024-11-19T16:56:08.135-03:00 DEBUG 11752 --- [clinical-study-system] [           main] o.s.c.a.ClassPathBeanDefinitionScanner   : Identified candidate component class: file [C:\Users\deco_\OneDrive\Área de Trabalho\nassau\projeto-4\codigo\inovamed-\backend\target\classes\com\inovamed\clinical_study_system\service\notification\CreateNotificationService.class]
2024-11-19T16:56:08.136-03:00 DEBUG 11752 --- [clinical-study-system] [           main] o.s.c.a.ClassPathBeanDefinitionScanner   : Identified candidate component class: file [C:\Users\deco_\OneDrive\Área de Trabalho\nassau\projeto-4\codigo\inovamed-\backend\target\classes\com\inovamed\clinical_study_system\service\notification\DeleteNotificationService.class]
2024-11-19T16:56:08.137-03:00 DEBUG 11752 --- [clinical-study-system] [           main] o.s.c.a.ClassPathBeanDefinitionScanner   : Identified candidate component class: file [C:\Users\deco_\OneDrive\Área de Trabalho\nassau\projeto-4\codigo\inovamed-\backend\target\classes\com\inovamed\clinical_study_system\service\notification\FindAllNotificationService.class]
2024-11-19T16:56:08.138-03:00 DEBUG 11752 --- [clinical-study-system] [           main] o.s.c.a.ClassPathBeanDefinitionScanner   : Identified candidate component class: file [C:\Users\deco_\OneDrive\Área de Trabalho\nassau\projeto-4\codigo\inovamed-\backend\target\classes\com\inovamed\clinical_study_system\service\notification\FindByIdNotificationService.class]
2024-11-19T16:56:08.139-03:00 DEBUG 11752 --- [clinical-study-system] [           main] o.s.c.a.ClassPathBeanDefinitionScanner   : Identified candidate component class: file [C:\Users\deco_\OneDrive\Área de Trabalho\nassau\projeto-4\codigo\inovamed-\backend\target\classes\com\inovamed\clinical_study_system\service\notification\NotificationDTOMapperService.class]
2024-11-19T16:56:08.139-03:00 DEBUG 11752 --- [clinical-study-system] [           main] o.s.c.a.ClassPathBeanDefinitionScanner   : Identified candidate component class: file [C:\Users\deco_\OneDrive\Área de Trabalho\nassau\projeto-4\codigo\inovamed-\backend\target\classes\com\inovamed\clinical_study_system\service\patient\CreatePatientService.class]
2024-11-19T16:56:08.140-03:00 DEBUG 11752 --- [clinical-study-system] [           main] o.s.c.a.ClassPathBeanDefinitionScanner   : Identified candidate component class: file [C:\Users\deco_\OneDrive\Área de Trabalho\nassau\projeto-4\codigo\inovamed-\backend\target\classes\com\inovamed\clinical_study_system\service\patient\DeleteByIdPatientService.class]
2024-11-19T16:56:08.141-03:00 DEBUG 11752 --- [clinical-study-system] [           main] o.s.c.a.ClassPathBeanDefinitionScanner   : Identified candidate component class: file [C:\Users\deco_\OneDrive\Área de Trabalho\nassau\projeto-4\codigo\inovamed-\backend\target\classes\com\inovamed\clinical_study_system\service\patient\FindAllPatientsService.class]
2024-11-19T16:56:08.142-03:00 DEBUG 11752 --- [clinical-study-system] [           main] o.s.c.a.ClassPathBeanDefinitionScanner   : Identified candidate component class: file [C:\Users\deco_\OneDrive\Área de Trabalho\nassau\projeto-4\codigo\inovamed-\backend\target\classes\com\inovamed\clinical_study_system\service\patient\FindByIdPatientService.class]
2024-11-19T16:56:08.143-03:00 DEBUG 11752 --- [clinical-study-system] [           main] o.s.c.a.ClassPathBeanDefinitionScanner   : Identified candidate component class: file [C:\Users\deco_\OneDrive\Área de Trabalho\nassau\projeto-4\codigo\inovamed-\backend\target\classes\com\inovamed\clinical_study_system\service\patient\PatientDTOMapperService.class]
2024-11-19T16:56:08.144-03:00 DEBUG 11752 --- [clinical-study-system] [           main] o.s.c.a.ClassPathBeanDefinitionScanner   : Identified candidate component class: file [C:\Users\deco_\OneDrive\Área de Trabalho\nassau\projeto-4\codigo\inovamed-\backend\target\classes\com\inovamed\clinical_study_system\service\patient\UpdatePatientService.class]
2024-11-19T16:56:08.145-03:00 DEBUG 11752 --- [clinical-study-system] [           main] o.s.c.a.ClassPathBeanDefinitionScanner   : Identified candidate component class: file [C:\Users\deco_\OneDrive\Área de Trabalho\nassau\projeto-4\codigo\inovamed-\backend\target\classes\com\inovamed\clinical_study_system\service\research\AddRepresentativeInResearchService.class]
2024-11-19T16:56:08.146-03:00 DEBUG 11752 --- [clinical-study-system] [           main] o.s.c.a.ClassPathBeanDefinitionScanner   : Identified candidate component class: file [C:\Users\deco_\OneDrive\Área de Trabalho\nassau\projeto-4\codigo\inovamed-\backend\target\classes\com\inovamed\clinical_study_system\service\research\CreateResearchService.class]
2024-11-19T16:56:08.147-03:00 DEBUG 11752 --- [clinical-study-system] [           main] o.s.c.a.ClassPathBeanDefinitionScanner   : Identified candidate component class: file [C:\Users\deco_\OneDrive\Área de Trabalho\nassau\projeto-4\codigo\inovamed-\backend\target\classes\com\inovamed\clinical_study_system\service\research\DeleteByIdResearshService.class]
2024-11-19T16:56:08.148-03:00 DEBUG 11752 --- [clinical-study-system] [           main] o.s.c.a.ClassPathBeanDefinitionScanner   : Identified candidate component class: file [C:\Users\deco_\OneDrive\Área de Trabalho\nassau\projeto-4\codigo\inovamed-\backend\target\classes\com\inovamed\clinical_study_system\service\research\FindAllByUserIdResearchService.class]
2024-11-19T16:56:08.149-03:00 DEBUG 11752 --- [clinical-study-system] [           main] o.s.c.a.ClassPathBeanDefinitionScanner   : Identified candidate component class: file [C:\Users\deco_\OneDrive\Área de Trabalho\nassau\projeto-4\codigo\inovamed-\backend\target\classes\com\inovamed\clinical_study_system\service\research\FindAllFeaturesByUserIdResearchService.class]
2024-11-19T16:56:08.149-03:00 DEBUG 11752 --- [clinical-study-system] [           main] o.s.c.a.ClassPathBeanDefinitionScanner   : Identified candidate component class: file [C:\Users\deco_\OneDrive\Área de Trabalho\nassau\projeto-4\codigo\inovamed-\backend\target\classes\com\inovamed\clinical_study_system\service\research\FindAllFeaturesResearchService.class]
2024-11-19T16:56:08.150-03:00 DEBUG 11752 --- [clinical-study-system] [           main] o.s.c.a.ClassPathBeanDefinitionScanner   : Identified candidate component class: file [C:\Users\deco_\OneDrive\Área de Trabalho\nassau\projeto-4\codigo\inovamed-\backend\target\classes\com\inovamed\clinical_study_system\service\research\FindAllResearchService.class]
2024-11-19T16:56:08.151-03:00 DEBUG 11752 --- [clinical-study-system] [           main] o.s.c.a.ClassPathBeanDefinitionScanner   : Identified candidate component class: file [C:\Users\deco_\OneDrive\Área de Trabalho\nassau\projeto-4\codigo\inovamed-\backend\target\classes\com\inovamed\clinical_study_system\service\research\FindByCodeResearchService.class]
2024-11-19T16:56:08.152-03:00 DEBUG 11752 --- [clinical-study-system] [           main] o.s.c.a.ClassPathBeanDefinitionScanner   : Identified candidate component class: file [C:\Users\deco_\OneDrive\Área de Trabalho\nassau\projeto-4\codigo\inovamed-\backend\target\classes\com\inovamed\clinical_study_system\service\research\FindByIdResearchService.class]
2024-11-19T16:56:08.153-03:00 DEBUG 11752 --- [clinical-study-system] [           main] o.s.c.a.ClassPathBeanDefinitionScanner   : Identified candidate component class: file [C:\Users\deco_\OneDrive\Área de Trabalho\nassau\projeto-4\codigo\inovamed-\backend\target\classes\com\inovamed\clinical_study_system\service\research\ResearchDTOMapperService.class]
2024-11-19T16:56:08.154-03:00 DEBUG 11752 --- [clinical-study-system] [           main] o.s.c.a.ClassPathBeanDefinitionScanner   : Identified candidate component class: file [C:\Users\deco_\OneDrive\Área de Trabalho\nassau\projeto-4\codigo\inovamed-\backend\target\classes\com\inovamed\clinical_study_system\service\research\UpdateResearchByIdService.class]
2024-11-19T16:56:08.155-03:00 DEBUG 11752 --- [clinical-study-system] [           main] o.s.c.a.ClassPathBeanDefinitionScanner   : Identified candidate component class: file [C:\Users\deco_\OneDrive\Área de Trabalho\nassau\projeto-4\codigo\inovamed-\backend\target\classes\com\inovamed\clinical_study_system\service\research\UpdateResearchService.class]
2024-11-19T16:56:08.156-03:00 DEBUG 11752 --- [clinical-study-system] [           main] o.s.c.a.ClassPathBeanDefinitionScanner   : Identified candidate component class: file [C:\Users\deco_\OneDrive\Área de Trabalho\nassau\projeto-4\codigo\inovamed-\backend\target\classes\com\inovamed\clinical_study_system\service\token\TokenService.class]
2024-11-19T16:56:08.157-03:00 DEBUG 11752 --- [clinical-study-system] [           main] o.s.c.a.ClassPathBeanDefinitionScanner   : Identified candidate component class: file [C:\Users\deco_\OneDrive\Área de Trabalho\nassau\projeto-4\codigo\inovamed-\backend\target\classes\com\inovamed\clinical_study_system\service\UserService.class]
2024-11-19T16:56:08.700-03:00  INFO 11752 --- [clinical-study-system] [           main] .s.d.r.c.RepositoryConfigurationDelegate : Bootstrapping Spring Data JPA repositories in DEFAULT mode.
2024-11-19T16:56:08.709-03:00 DEBUG 11752 --- [clinical-study-system] [           main] .s.d.r.c.RepositoryConfigurationDelegate : Scanning for JPA repositories in packages com.inovamed.clinical_study_system.repository.
2024-11-19T16:56:08.718-03:00 DEBUG 11752 --- [clinical-study-system] [           main] o.s.d.r.c.RepositoryComponentProvider    : Identified candidate component class: file [C:\Users\deco_\OneDrive\Área de Trabalho\nassau\projeto-4\codigo\inovamed-\backend\target\classes\com\inovamed\clinical_study_system\repository\ApplicationRepository.class]
2024-11-19T16:56:08.718-03:00 DEBUG 11752 --- [clinical-study-system] [           main] o.s.d.r.c.RepositoryComponentProvider    : Identified candidate component class: file [C:\Users\deco_\OneDrive\Área de Trabalho\nassau\projeto-4\codigo\inovamed-\backend\target\classes\com\inovamed\clinical_study_system\repository\AttachmentRepository.class]
2024-11-19T16:56:08.718-03:00 DEBUG 11752 --- [clinical-study-system] [           main] o.s.d.r.c.RepositoryComponentProvider    : Identified candidate component class: file [C:\Users\deco_\OneDrive\Área de Trabalho\nassau\projeto-4\codigo\inovamed-\backend\target\classes\com\inovamed\clinical_study_system\repository\ClinicalStudyRepresentiveRepository.class]
2024-11-19T16:56:08.718-03:00 DEBUG 11752 --- [clinical-study-system] [           main] o.s.d.r.c.RepositoryComponentProvider    : Identified candidate component class: file [C:\Users\deco_\OneDrive\Área de Trabalho\nassau\projeto-4\codigo\inovamed-\backend\target\classes\com\inovamed\clinical_study_system\repository\DigitalSignatureRepository.class]
2024-11-19T16:56:08.718-03:00 DEBUG 11752 --- [clinical-study-system] [           main] o.s.d.r.c.RepositoryComponentProvider    : Identified candidate component class: file [C:\Users\deco_\OneDrive\Área de Trabalho\nassau\projeto-4\codigo\inovamed-\backend\target\classes\com\inovamed\clinical_study_system\repository\DoctorRepository.class]
2024-11-19T16:56:08.719-03:00 DEBUG 11752 --- [clinical-study-system] [           main] o.s.d.r.c.RepositoryComponentProvider    : Identified candidate component class: file [C:\Users\deco_\OneDrive\Área de Trabalho\nassau\projeto-4\codigo\inovamed-\backend\target\classes\com\inovamed\clinical_study_system\repository\NotificationRepository.class]
2024-11-19T16:56:08.719-03:00 DEBUG 11752 --- [clinical-study-system] [           main] o.s.d.r.c.RepositoryComponentProvider    : Identified candidate component class: file [C:\Users\deco_\OneDrive\Área de Trabalho\nassau\projeto-4\codigo\inovamed-\backend\target\classes\com\inovamed\clinical_study_system\repository\PatientRepository.class]
2024-11-19T16:56:08.719-03:00 DEBUG 11752 --- [clinical-study-system] [           main] o.s.d.r.c.RepositoryComponentProvider    : Identified candidate component class: file [C:\Users\deco_\OneDrive\Área de Trabalho\nassau\projeto-4\codigo\inovamed-\backend\target\classes\com\inovamed\clinical_study_system\repository\ResearchRepository.class]
2024-11-19T16:56:08.719-03:00 DEBUG 11752 --- [clinical-study-system] [           main] o.s.d.r.c.RepositoryComponentProvider    : Identified candidate component class: file [C:\Users\deco_\OneDrive\Área de Trabalho\nassau\projeto-4\codigo\inovamed-\backend\target\classes\com\inovamed\clinical_study_system\repository\UserRepository.class]
2024-11-19T16:56:08.815-03:00  INFO 11752 --- [clinical-study-system] [           main] .s.d.r.c.RepositoryConfigurationDelegate : Finished Spring Data repository scanning in 104 ms. Found 9 JPA repository interfaces.
2024-11-19T16:56:09.192-03:00 DEBUG 11752 --- [clinical-study-system] [           main] o.s.b.f.s.DefaultListableBeanFactory     : Creating shared instance of singleton bean 'springSecurityHandlerMappingIntrospectorBeanDefinitionRegistryPostProcessor'
2024-11-19T16:56:09.302-03:00 DEBUG 11752 --- [clinical-study-system] [           main] o.s.b.f.s.DefaultListableBeanFactory     : Creating shared instance of singleton bean 'propertySourcesPlaceholderConfigurer'
2024-11-19T16:56:09.307-03:00 DEBUG 11752 --- [clinical-study-system] [           main] o.s.b.f.s.DefaultListableBeanFactory     : Creating shared instance of singleton bean 'org.springframework.boot.test.mock.mockito.MockitoPostProcessor'
2024-11-19T16:56:09.314-03:00 DEBUG 11752 --- [clinical-study-system] [           main] o.s.b.f.s.DefaultListableBeanFactory     : Creating shared instance of singleton bean 'emBeanDefinitionRegistrarPostProcessor'
2024-11-19T16:56:09.315-03:00 DEBUG 11752 --- [clinical-study-system] [           main] o.s.b.f.s.DefaultListableBeanFactory     : Creating shared instance of singleton bean 'org.springframework.boot.sql.init.dependency.DatabaseInitializationDependencyConfigurer$DependsOnDatabaseInitializationPostProcessor'
2024-11-19T16:56:09.392-03:00 DEBUG 11752 --- [clinical-study-system] [           main] o.s.b.f.s.DefaultListableBeanFactory     : Creating shared instance of singleton bean 'org.springframework.context.event.internalEventListenerProcessor'
2024-11-19T16:56:09.393-03:00 DEBUG 11752 --- [clinical-study-system] [           main] o.s.b.f.s.DefaultListableBeanFactory     : Creating shared instance of singleton bean 'conversionServicePostProcessor'
2024-11-19T16:56:09.410-03:00 DEBUG 11752 --- [clinical-study-system] [           main] o.s.b.f.s.DefaultListableBeanFactory     : Creating shared instance of singleton bean 'preserveErrorControllerTargetClassPostProcessor'
2024-11-19T16:56:09.411-03:00 DEBUG 11752 --- [clinical-study-system] [           main] o.s.b.f.s.DefaultListableBeanFactory     : Creating shared instance of singleton bean 'org.springframework.context.event.internalEventListenerFactory'
2024-11-19T16:56:09.412-03:00 DEBUG 11752 --- [clinical-study-system] [           main] o.s.b.f.s.DefaultListableBeanFactory     : Creating shared instance of singleton bean 'org.springframework.transaction.config.internalTransactionalEventListenerFactory'
2024-11-19T16:56:09.416-03:00 DEBUG 11752 --- [clinical-study-system] [           main] o.s.b.f.s.DefaultListableBeanFactory     : Creating shared instance of singleton bean 'org.springframework.boot.test.mock.mockito.MockitoPostProcessor$SpyPostProcessor'
2024-11-19T16:56:09.417-03:00 DEBUG 11752 --- [clinical-study-system] [           main] o.s.b.f.s.DefaultListableBeanFactory     : Creating shared instance of singleton bean 'org.springframework.context.annotation.internalAutowiredAnnotationProcessor'
2024-11-19T16:56:09.419-03:00 DEBUG 11752 --- [clinical-study-system] [           main] o.s.b.f.s.DefaultListableBeanFactory     : Creating shared instance of singleton bean 'org.springframework.context.annotation.internalCommonAnnotationProcessor'
2024-11-19T16:56:09.424-03:00 DEBUG 11752 --- [clinical-study-system] [           main] o.s.b.f.s.DefaultListableBeanFactory     : Creating shared instance of singleton bean 'org.springframework.context.annotation.internalPersistenceAnnotationProcessor'
2024-11-19T16:56:09.425-03:00 DEBUG 11752 --- [clinical-study-system] [           main] o.s.b.f.s.DefaultListableBeanFactory     : Creating shared instance of singleton bean 'org.springframework.boot.context.properties.ConfigurationPropertiesBindingPostProcessor'
2024-11-19T16:56:09.425-03:00 DEBUG 11752 --- [clinical-study-system] [           main] o.s.b.f.s.DefaultListableBeanFactory     : Creating shared instance of singleton bean 'org.springframework.boot.context.internalConfigurationPropertiesBinder'
2024-11-19T16:56:09.427-03:00 DEBUG 11752 --- [clinical-study-system] [           main] o.s.b.f.s.DefaultListableBeanFactory     : Creating shared instance of singleton bean 'jdbcConnectionDetailsHikariBeanPostProcessor'
2024-11-19T16:56:09.431-03:00 DEBUG 11752 --- [clinical-study-system] [           main] o.s.b.f.s.DefaultListableBeanFactory     : Creating shared instance of singleton bean 'org.springframework.aop.config.internalAutoProxyCreator'
2024-11-19T16:56:09.459-03:00 DEBUG 11752 --- [clinical-study-system] [           main] o.s.b.f.s.DefaultListableBeanFactory     : Creating shared instance of singleton bean 'persistenceExceptionTranslationPostProcessor'
2024-11-19T16:56:09.475-03:00 DEBUG 11752 --- [clinical-study-system] [           main] o.s.b.f.s.DefaultListableBeanFactory     : Autowiring by type from bean name 'persistenceExceptionTranslationPostProcessor' via factory method to bean named 'environment'
2024-11-19T16:56:09.482-03:00 DEBUG 11752 --- [clinical-study-system] [           main] o.s.b.f.s.DefaultListableBeanFactory     : Creating shared instance of singleton bean 'webServerFactoryCustomizerBeanPostProcessor'
2024-11-19T16:56:09.482-03:00 DEBUG 11752 --- [clinical-study-system] [           main] o.s.b.f.s.DefaultListableBeanFactory     : Creating shared instance of singleton bean 'errorPageRegistrarBeanPostProcessor'
2024-11-19T16:56:09.483-03:00 DEBUG 11752 --- [clinical-study-system] [           main] o.s.b.f.s.DefaultListableBeanFactory     : Creating shared instance of singleton bean 'projectingArgumentResolverBeanPostProcessor'
2024-11-19T16:56:09.484-03:00 DEBUG 11752 --- [clinical-study-system] [           main] o.s.b.f.s.DefaultListableBeanFactory     : Creating shared instance of singleton bean 'org.springframework.transaction.config.internalTransactionAdvisor'
2024-11-19T16:56:09.485-03:00 DEBUG 11752 --- [clinical-study-system] [           main] o.s.b.f.s.DefaultListableBeanFactory     : Creating shared instance of singleton bean 'org.springframework.transaction.annotation.ProxyTransactionManagementConfiguration'
2024-11-19T16:56:09.493-03:00 DEBUG 11752 --- [clinical-study-system] [           main] o.s.b.f.s.DefaultListableBeanFactory     : Creating shared instance of singleton bean 'transactionAttributeSource'
2024-11-19T16:56:09.495-03:00 DEBUG 11752 --- [clinical-study-system] [           main] o.s.b.f.s.DefaultListableBeanFactory     : Creating shared instance of singleton bean 'transactionInterceptor'
2024-11-19T16:56:09.495-03:00 DEBUG 11752 --- [clinical-study-system] [           main] o.s.b.f.s.DefaultListableBeanFactory     : Autowiring by type from bean name 'transactionInterceptor' via factory method to bean named 'transactionAttributeSource'
2024-11-19T16:56:09.500-03:00 DEBUG 11752 --- [clinical-study-system] [           main] o.s.b.f.s.DefaultListableBeanFactory     : Autowiring by type from bean name 'org.springframework.transaction.config.internalTransactionAdvisor' via factory method to bean named 'transactionAttributeSource'
2024-11-19T16:56:09.500-03:00 DEBUG 11752 --- [clinical-study-system] [           main] o.s.b.f.s.DefaultListableBeanFactory     : Autowiring by type from bean name 'org.springframework.transaction.config.internalTransactionAdvisor' via factory method to bean named 'transactionInterceptor'
2024-11-19T16:56:09.532-03:00 DEBUG 11752 --- [clinical-study-system] [           main] o.s.u.c.s.UiApplicationContextUtils      : Unable to locate ThemeSource with name 'themeSource': using default [org.springframework.ui.context.support.ResourceBundleThemeSource@1d6751e3]
2024-11-19T16:56:09.533-03:00 DEBUG 11752 --- [clinical-study-system] [           main] o.s.b.f.s.DefaultListableBeanFactory     : Creating shared instance of singleton bean 'dataSourceScriptDatabaseInitializer'
2024-11-19T16:56:09.533-03:00 DEBUG 11752 --- [clinical-study-system] [           main] o.s.b.f.s.DefaultListableBeanFactory     : Creating shared instance of singleton bean 'org.springframework.boot.autoconfigure.sql.init.DataSourceInitializationConfiguration'
2024-11-19T16:56:09.535-03:00 DEBUG 11752 --- [clinical-study-system] [           main] o.s.b.f.s.DefaultListableBeanFactory     : Creating shared instance of singleton bean 'dataSource'
2024-11-19T16:56:09.535-03:00 DEBUG 11752 --- [clinical-study-system] [           main] o.s.b.f.s.DefaultListableBeanFactory     : Creating shared instance of singleton bean 'org.springframework.boot.autoconfigure.jdbc.DataSourceConfiguration$Hikari'
2024-11-19T16:56:09.536-03:00 DEBUG 11752 --- [clinical-study-system] [           main] o.s.b.f.s.DefaultListableBeanFactory     : Creating shared instance of singleton bean 'spring.datasource-org.springframework.boot.autoconfigure.jdbc.DataSourceProperties'
2024-11-19T16:56:09.538-03:00 DEBUG 11752 --- [clinical-study-system] [           main] o.s.b.f.s.DefaultListableBeanFactory     : Creating shared instance of singleton bean 'org.springframework.boot.context.properties.BoundConfigurationProperties'
2024-11-19T16:56:09.560-03:00 DEBUG 11752 --- [clinical-study-system] [           main] o.s.b.f.s.DefaultListableBeanFactory     : Creating shared instance of singleton bean 'jdbcConnectionDetails'
2024-11-19T16:56:09.560-03:00 DEBUG 11752 --- [clinical-study-system] [           main] o.s.b.f.s.DefaultListableBeanFactory     : Creating shared instance of singleton bean 'org.springframework.boot.autoconfigure.jdbc.DataSourceAutoConfiguration$PooledDataSourceConfiguration'
2024-11-19T16:56:09.562-03:00 DEBUG 11752 --- [clinical-study-system] [           main] o.s.b.f.s.DefaultListableBeanFactory     : Autowiring by type from bean name 'jdbcConnectionDetails' via factory method to bean named 'spring.datasource-org.springframework.boot.autoconfigure.jdbc.DataSourceProperties'
2024-11-19T16:56:09.562-03:00 DEBUG 11752 --- [clinical-study-system] [           main] o.s.b.f.s.DefaultListableBeanFactory     : Autowiring by type from bean name 'dataSource' via factory method to bean named 'spring.datasource-org.springframework.boot.autoconfigure.jdbc.DataSourceProperties'
2024-11-19T16:56:09.562-03:00 DEBUG 11752 --- [clinical-study-system] [           main] o.s.b.f.s.DefaultListableBeanFactory     : Autowiring by type from bean name 'dataSource' via factory method to bean named 'jdbcConnectionDetails'
2024-11-19T16:56:09.585-03:00 DEBUG 11752 --- [clinical-study-system] [           main] o.s.b.f.s.DefaultListableBeanFactory     : Creating shared instance of singleton bean 'spring.sql.init-org.springframework.boot.autoconfigure.sql.init.SqlInitializationProperties'
2024-11-19T16:56:09.587-03:00 DEBUG 11752 --- [clinical-study-system] [           main] o.s.b.f.s.DefaultListableBeanFactory     : Autowiring by type from bean name 'dataSourceScriptDatabaseInitializer' via factory method to bean named 'dataSource'
2024-11-19T16:56:09.587-03:00 DEBUG 11752 --- [clinical-study-system] [           main] o.s.b.f.s.DefaultListableBeanFactory     : Autowiring by type from bean name 'dataSourceScriptDatabaseInitializer' via factory method to bean named 'spring.sql.init-org.springframework.boot.autoconfigure.sql.init.SqlInitializationProperties'
2024-11-19T16:56:09.593-03:00 DEBUG 11752 --- [clinical-study-system] [           main] o.s.b.f.s.DefaultListableBeanFactory     : Creating shared instance of singleton bean 'entityManagerFactory'
2024-11-19T16:56:09.593-03:00 DEBUG 11752 --- [clinical-study-system] [           main] o.s.b.f.s.DefaultListableBeanFactory     : Creating shared instance of singleton bean 'org.springframework.boot.autoconfigure.orm.jpa.HibernateJpaConfiguration'
2024-11-19T16:56:09.594-03:00 DEBUG 11752 --- [clinical-study-system] [           main] o.s.b.f.s.DefaultListableBeanFactory     : Creating shared instance of singleton bean 'spring.jpa-org.springframework.boot.autoconfigure.orm.jpa.JpaProperties'
2024-11-19T16:56:09.598-03:00 DEBUG 11752 --- [clinical-study-system] [           main] o.s.b.f.s.DefaultListableBeanFactory     : Creating shared instance of singleton bean 'spring.jpa.hibernate-org.springframework.boot.autoconfigure.orm.jpa.HibernateProperties'
2024-11-19T16:56:09.599-03:00 DEBUG 11752 --- [clinical-study-system] [           main] o.s.b.f.s.DefaultListableBeanFactory     : Autowiring by type from bean name 'org.springframework.boot.autoconfigure.orm.jpa.HibernateJpaConfiguration' via constructor to bean named 'dataSource'
2024-11-19T16:56:09.600-03:00 DEBUG 11752 --- [clinical-study-system] [           main] o.s.b.f.s.DefaultListableBeanFactory     : Autowiring by type from bean name 'org.springframework.boot.autoconfigure.orm.jpa.HibernateJpaConfiguration' via constructor to bean named 'spring.jpa-org.springframework.boot.autoconfigure.orm.jpa.JpaProperties'
2024-11-19T16:56:09.600-03:00 DEBUG 11752 --- [clinical-study-system] [           main] o.s.b.f.s.DefaultListableBeanFactory     : Autowiring by type from bean name 'org.springframework.boot.autoconfigure.orm.jpa.HibernateJpaConfiguration' via constructor to bean named 'org.springframework.beans.factory.support.DefaultListableBeanFactory@4bdcaf36'
2024-11-19T16:56:09.600-03:00 DEBUG 11752 --- [clinical-study-system] [           main] o.s.b.f.s.DefaultListableBeanFactory     : Autowiring by type from bean name 'org.springframework.boot.autoconfigure.orm.jpa.HibernateJpaConfiguration' via constructor to bean named 'spring.jpa.hibernate-org.springframework.boot.autoconfigure.orm.jpa.HibernateProperties'
2024-11-19T16:56:09.603-03:00 DEBUG 11752 --- [clinical-study-system] [           main] o.s.b.f.s.DefaultListableBeanFactory     : Creating shared instance of singleton bean 'hikariPoolDataSourceMetadataProvider'
2024-11-19T16:56:09.603-03:00 DEBUG 11752 --- [clinical-study-system] [           main] o.s.b.f.s.DefaultListableBeanFactory     : Creating shared instance of singleton bean 'org.springframework.boot.autoconfigure.jdbc.metadata.DataSourcePoolMetadataProvidersConfiguration$HikariPoolDataSourceMetadataProviderConfiguration'
2024-11-19T16:56:09.609-03:00 DEBUG 11752 --- [clinical-study-system] [           main] o.s.b.f.s.DefaultListableBeanFactory     : Creating shared instance of singleton bean 'entityManagerFactoryBuilder'
2024-11-19T16:56:09.610-03:00 DEBUG 11752 --- [clinical-study-system] [           main] o.s.b.f.s.DefaultListableBeanFactory     : Creating shared instance of singleton bean 'jpaVendorAdapter'
2024-11-19T16:56:09.631-03:00 DEBUG 11752 --- [clinical-study-system] [           main] o.s.b.f.s.DefaultListableBeanFactory     : Autowiring by type from bean name 'entityManagerFactoryBuilder' via factory method to bean named 'jpaVendorAdapter'
2024-11-19T16:56:09.636-03:00 DEBUG 11752 --- [clinical-study-system] [           main] o.s.b.f.s.DefaultListableBeanFactory     : Creating shared instance of singleton bean 'persistenceManagedTypes'
2024-11-19T16:56:09.638-03:00 DEBUG 11752 --- [clinical-study-system] [           main] o.s.b.f.s.DefaultListableBeanFactory     : Autowiring by type from bean name 'persistenceManagedTypes' via factory method to bean named 'org.springframework.beans.factory.support.DefaultListableBeanFactory@4bdcaf36'
2024-11-19T16:56:09.638-03:00 DEBUG 11752 --- [clinical-study-system] [           main] o.s.b.f.s.DefaultListableBeanFactory     : Autowiring by type from bean name 'persistenceManagedTypes' via factory method to bean named 'org.springframework.web.context.support.GenericWebApplicationContext@7f4d9395'
2024-11-19T16:56:09.641-03:00 DEBUG 11752 --- [clinical-study-system] [           main] o.s.b.f.s.DefaultListableBeanFactory     : Creating shared instance of singleton bean 'org.springframework.boot.autoconfigure.AutoConfigurationPackages'
2024-11-19T16:56:09.642-03:00 DEBUG 11752 --- [clinical-study-system] [           main] o.s.b.a.AutoConfigurationPackages        : @EnableAutoConfiguration was declared on a class in the package 'com.inovamed.clinical_study_system'. Automatic @Repository and @Entity scanning is enabled.
2024-11-19T16:56:09.660-03:00 DEBUG 11752 --- [clinical-study-system] [           main] o.s.b.f.s.DefaultListableBeanFactory     : Autowiring by type from bean name 'entityManagerFactory' via factory method to bean named 'entityManagerFactoryBuilder'
2024-11-19T16:56:09.660-03:00 DEBUG 11752 --- [clinical-study-system] [           main] o.s.b.f.s.DefaultListableBeanFactory     : Autowiring by type from bean name 'entityManagerFactory' via factory method to bean named 'persistenceManagedTypes'
2024-11-19T16:56:09.682-03:00 DEBUG 11752 --- [clinical-study-system] [           main] j.LocalContainerEntityManagerFactoryBean : Building JPA container EntityManagerFactory for persistence unit 'default'
2024-11-19T16:56:09.706-03:00 DEBUG 11752 --- [clinical-study-system] [           main] o.hibernate.jpa.internal.util.LogHelper  : PersistenceUnitInfo [
	name: default
	persistence provider classname: null
	classloader: jdk.internal.loader.ClassLoaders$AppClassLoader@70dea4e
	excludeUnlistedClasses: true
	JTA datasource: null
	Non JTA datasource: HikariDataSource (null)
	Transaction type: RESOURCE_LOCAL
	PU root URL: file:/C:/Users/deco_/OneDrive/%C3%81rea%20de%20Trabalho/nassau/projeto-4/codigo/inovamed-/backend/target/test-classes/
	Shared Cache Mode: UNSPECIFIED
	Validation Mode: AUTO
	Jar files URLs []
	Managed classes names [
		com.inovamed.clinical_study_system.model.application.Application
		com.inovamed.clinical_study_system.model.attachment.Attachment
		com.inovamed.clinical_study_system.model.clinical_study_representative.ClinicalStudyRepresentative
		com.inovamed.clinical_study_system.model.consent.Consent
		com.inovamed.clinical_study_system.model.digital_signature.DigitalSignature
		com.inovamed.clinical_study_system.model.doctor.Doctor
		com.inovamed.clinical_study_system.model.medical_history.MedicalHistory
		com.inovamed.clinical_study_system.model.notification.Notification
		com.inovamed.clinical_study_system.model.patient.Patient
		com.inovamed.clinical_study_system.model.research.Criteria
		com.inovamed.clinical_study_system.model.research.Phases
		com.inovamed.clinical_study_system.model.research.Research
		com.inovamed.clinical_study_system.model.research.StudyDuration
		com.inovamed.clinical_study_system.model.user.User]
	Mapping files names []
	Properties []
2024-11-19T16:56:09.722-03:00 DEBUG 11752 --- [clinical-study-system] [           main] o.h.i.internal.IntegratorServiceImpl     : Adding Integrator [org.hibernate.boot.beanvalidation.BeanValidationIntegrator].
2024-11-19T16:56:09.724-03:00 DEBUG 11752 --- [clinical-study-system] [           main] o.h.i.internal.IntegratorServiceImpl     : Adding Integrator [org.hibernate.cache.internal.CollectionCacheInvalidator].
2024-11-19T16:56:09.799-03:00  INFO 11752 --- [clinical-study-system] [           main] org.hibernate.Version                    : HHH000412: Hibernate ORM core version 6.5.3.Final
2024-11-19T16:56:09.801-03:00 DEBUG 11752 --- [clinical-study-system] [           main] org.hibernate.cfg.Environment            : HHH000206: 'hibernate.properties' not found
2024-11-19T16:56:09.842-03:00 DEBUG 11752 --- [clinical-study-system] [           main] org.hibernate.orm.idgen.factory          : Registering IdentifierGenerator strategy [uuid2] -> [org.hibernate.id.UUIDGenerator]
2024-11-19T16:56:09.843-03:00 DEBUG 11752 --- [clinical-study-system] [           main] org.hibernate.orm.idgen.factory          : Registering IdentifierGenerator strategy [guid] -> [org.hibernate.id.GUIDGenerator]
2024-11-19T16:56:09.844-03:00 DEBUG 11752 --- [clinical-study-system] [           main] org.hibernate.orm.idgen.factory          : Registering IdentifierGenerator strategy [uuid] -> [org.hibernate.id.UUIDHexGenerator]
2024-11-19T16:56:09.844-03:00 DEBUG 11752 --- [clinical-study-system] [           main] org.hibernate.orm.idgen.factory          : Registering IdentifierGenerator strategy [uuid.hex] -> [org.hibernate.id.UUIDHexGenerator]
2024-11-19T16:56:09.844-03:00 DEBUG 11752 --- [clinical-study-system] [           main] org.hibernate.orm.idgen.factory          : Registering IdentifierGenerator strategy [assigned] -> [org.hibernate.id.Assigned]
2024-11-19T16:56:09.845-03:00 DEBUG 11752 --- [clinical-study-system] [           main] org.hibernate.orm.idgen.factory          : Registering IdentifierGenerator strategy [identity] -> [org.hibernate.id.IdentityGenerator]
2024-11-19T16:56:09.846-03:00 DEBUG 11752 --- [clinical-study-system] [           main] org.hibernate.orm.idgen.factory          : Registering IdentifierGenerator strategy [select] -> [org.hibernate.id.SelectGenerator]
2024-11-19T16:56:09.846-03:00 DEBUG 11752 --- [clinical-study-system] [           main] org.hibernate.orm.idgen.factory          : Registering IdentifierGenerator strategy [sequence] -> [org.hibernate.id.enhanced.SequenceStyleGenerator]
2024-11-19T16:56:09.847-03:00 DEBUG 11752 --- [clinical-study-system] [           main] org.hibernate.orm.idgen.factory          : Registering IdentifierGenerator strategy [increment] -> [org.hibernate.id.IncrementGenerator]
2024-11-19T16:56:09.847-03:00 DEBUG 11752 --- [clinical-study-system] [           main] org.hibernate.orm.idgen.factory          : Registering IdentifierGenerator strategy [foreign] -> [org.hibernate.id.ForeignGenerator]
2024-11-19T16:56:09.847-03:00 DEBUG 11752 --- [clinical-study-system] [           main] org.hibernate.orm.idgen.factory          : Registering IdentifierGenerator strategy [enhanced-sequence] -> [org.hibernate.id.enhanced.SequenceStyleGenerator]
2024-11-19T16:56:09.848-03:00 DEBUG 11752 --- [clinical-study-system] [           main] org.hibernate.orm.idgen.factory          : Registering IdentifierGenerator strategy [enhanced-table] -> [org.hibernate.id.enhanced.TableGenerator]
2024-11-19T16:56:09.857-03:00 DEBUG 11752 --- [clinical-study-system] [           main] o.h.c.internal.RegionFactoryInitiator    : Cannot default RegionFactory based on registered strategies as `[]` RegionFactory strategies were registered
2024-11-19T16:56:09.859-03:00  INFO 11752 --- [clinical-study-system] [           main] o.h.c.internal.RegionFactoryInitiator    : HHH000026: Second-level cache disabled
2024-11-19T16:56:10.003-03:00 DEBUG 11752 --- [clinical-study-system] [           main] org.hibernate.type.BasicTypeRegistry     : Adding type registration boolean -> org.hibernate.type.BasicTypeReference@6bf570c
2024-11-19T16:56:10.003-03:00 DEBUG 11752 --- [clinical-study-system] [           main] org.hibernate.type.BasicTypeRegistry     : Adding type registration boolean -> org.hibernate.type.BasicTypeReference@6bf570c
2024-11-19T16:56:10.003-03:00 DEBUG 11752 --- [clinical-study-system] [           main] org.hibernate.type.BasicTypeRegistry     : Adding type registration java.lang.Boolean -> org.hibernate.type.BasicTypeReference@6bf570c
2024-11-19T16:56:10.003-03:00 DEBUG 11752 --- [clinical-study-system] [           main] org.hibernate.type.BasicTypeRegistry     : Adding type registration numeric_boolean -> org.hibernate.type.BasicTypeReference@1796b2d4
2024-11-19T16:56:10.003-03:00 DEBUG 11752 --- [clinical-study-system] [           main] org.hibernate.type.BasicTypeRegistry     : Adding type registration org.hibernate.type.NumericBooleanConverter -> org.hibernate.type.BasicTypeReference@1796b2d4
2024-11-19T16:56:10.003-03:00 DEBUG 11752 --- [clinical-study-system] [           main] org.hibernate.type.BasicTypeRegistry     : Adding type registration true_false -> org.hibernate.type.BasicTypeReference@935d3f9
2024-11-19T16:56:10.003-03:00 DEBUG 11752 --- [clinical-study-system] [           main] org.hibernate.type.BasicTypeRegistry     : Adding type registration org.hibernate.type.TrueFalseConverter -> org.hibernate.type.BasicTypeReference@935d3f9
2024-11-19T16:56:10.003-03:00 DEBUG 11752 --- [clinical-study-system] [           main] org.hibernate.type.BasicTypeRegistry     : Adding type registration yes_no -> org.hibernate.type.BasicTypeReference@214b342f
2024-11-19T16:56:10.003-03:00 DEBUG 11752 --- [clinical-study-system] [           main] org.hibernate.type.BasicTypeRegistry     : Adding type registration org.hibernate.type.YesNoConverter -> org.hibernate.type.BasicTypeReference@214b342f
2024-11-19T16:56:10.003-03:00 DEBUG 11752 --- [clinical-study-system] [           main] org.hibernate.type.BasicTypeRegistry     : Adding type registration byte -> org.hibernate.type.BasicTypeReference@5db0003d
2024-11-19T16:56:10.003-03:00 DEBUG 11752 --- [clinical-study-system] [           main] org.hibernate.type.BasicTypeRegistry     : Adding type registration byte -> org.hibernate.type.BasicTypeReference@5db0003d
2024-11-19T16:56:10.003-03:00 DEBUG 11752 --- [clinical-study-system] [           main] org.hibernate.type.BasicTypeRegistry     : Adding type registration java.lang.Byte -> org.hibernate.type.BasicTypeReference@5db0003d
2024-11-19T16:56:10.004-03:00 DEBUG 11752 --- [clinical-study-system] [           main] org.hibernate.type.BasicTypeRegistry     : Adding type registration binary -> org.hibernate.type.BasicTypeReference@7f12094d
2024-11-19T16:56:10.004-03:00 DEBUG 11752 --- [clinical-study-system] [           main] org.hibernate.type.BasicTypeRegistry     : Adding type registration byte[] -> org.hibernate.type.BasicTypeReference@7f12094d
2024-11-19T16:56:10.004-03:00 DEBUG 11752 --- [clinical-study-system] [           main] org.hibernate.type.BasicTypeRegistry     : Adding type registration [B -> org.hibernate.type.BasicTypeReference@7f12094d
2024-11-19T16:56:10.004-03:00 DEBUG 11752 --- [clinical-study-system] [           main] org.hibernate.type.BasicTypeRegistry     : Adding type registration binary_wrapper -> org.hibernate.type.BasicTypeReference@589fb74d
2024-11-19T16:56:10.004-03:00 DEBUG 11752 --- [clinical-study-system] [           main] org.hibernate.type.BasicTypeRegistry     : Adding type registration wrapper-binary -> org.hibernate.type.BasicTypeReference@589fb74d
2024-11-19T16:56:10.004-03:00 DEBUG 11752 --- [clinical-study-system] [           main] org.hibernate.type.BasicTypeRegistry     : Adding type registration image -> org.hibernate.type.BasicTypeReference@200d1a3d
2024-11-19T16:56:10.004-03:00 DEBUG 11752 --- [clinical-study-system] [           main] org.hibernate.type.BasicTypeRegistry     : Adding type registration blob -> org.hibernate.type.BasicTypeReference@7de147e9
2024-11-19T16:56:10.004-03:00 DEBUG 11752 --- [clinical-study-system] [           main] org.hibernate.type.BasicTypeRegistry     : Adding type registration java.sql.Blob -> org.hibernate.type.BasicTypeReference@7de147e9
2024-11-19T16:56:10.004-03:00 DEBUG 11752 --- [clinical-study-system] [           main] org.hibernate.type.BasicTypeRegistry     : Adding type registration materialized_blob -> org.hibernate.type.BasicTypeReference@12567179
2024-11-19T16:56:10.004-03:00 DEBUG 11752 --- [clinical-study-system] [           main] org.hibernate.type.BasicTypeRegistry     : Adding type registration materialized_blob_wrapper -> org.hibernate.type.BasicTypeReference@37d699a1
2024-11-19T16:56:10.004-03:00 DEBUG 11752 --- [clinical-study-system] [           main] org.hibernate.type.BasicTypeRegistry     : Adding type registration short -> org.hibernate.type.BasicTypeReference@7f42b194
2024-11-19T16:56:10.004-03:00 DEBUG 11752 --- [clinical-study-system] [           main] org.hibernate.type.BasicTypeRegistry     : Adding type registration short -> org.hibernate.type.BasicTypeReference@7f42b194
2024-11-19T16:56:10.004-03:00 DEBUG 11752 --- [clinical-study-system] [           main] org.hibernate.type.BasicTypeRegistry     : Adding type registration java.lang.Short -> org.hibernate.type.BasicTypeReference@7f42b194
2024-11-19T16:56:10.004-03:00 DEBUG 11752 --- [clinical-study-system] [           main] org.hibernate.type.BasicTypeRegistry     : Adding type registration integer -> org.hibernate.type.BasicTypeReference@8eb6f9a
2024-11-19T16:56:10.004-03:00 DEBUG 11752 --- [clinical-study-system] [           main] org.hibernate.type.BasicTypeRegistry     : Adding type registration int -> org.hibernate.type.BasicTypeReference@8eb6f9a
2024-11-19T16:56:10.004-03:00 DEBUG 11752 --- [clinical-study-system] [           main] org.hibernate.type.BasicTypeRegistry     : Adding type registration java.lang.Integer -> org.hibernate.type.BasicTypeReference@8eb6f9a
2024-11-19T16:56:10.004-03:00 DEBUG 11752 --- [clinical-study-system] [           main] org.hibernate.type.BasicTypeRegistry     : Adding type registration long -> org.hibernate.type.BasicTypeReference@29170a47
2024-11-19T16:56:10.004-03:00 DEBUG 11752 --- [clinical-study-system] [           main] org.hibernate.type.BasicTypeRegistry     : Adding type registration long -> org.hibernate.type.BasicTypeReference@29170a47
2024-11-19T16:56:10.004-03:00 DEBUG 11752 --- [clinical-study-system] [           main] org.hibernate.type.BasicTypeRegistry     : Adding type registration java.lang.Long -> org.hibernate.type.BasicTypeReference@29170a47
2024-11-19T16:56:10.004-03:00 DEBUG 11752 --- [clinical-study-system] [           main] org.hibernate.type.BasicTypeRegistry     : Adding type registration float -> org.hibernate.type.BasicTypeReference@2a8f8555
2024-11-19T16:56:10.004-03:00 DEBUG 11752 --- [clinical-study-system] [           main] org.hibernate.type.BasicTypeRegistry     : Adding type registration float -> org.hibernate.type.BasicTypeReference@2a8f8555
2024-11-19T16:56:10.005-03:00 DEBUG 11752 --- [clinical-study-system] [           main] org.hibernate.type.BasicTypeRegistry     : Adding type registration java.lang.Float -> org.hibernate.type.BasicTypeReference@2a8f8555
2024-11-19T16:56:10.005-03:00 DEBUG 11752 --- [clinical-study-system] [           main] org.hibernate.type.BasicTypeRegistry     : Adding type registration double -> org.hibernate.type.BasicTypeReference@402b4f81
2024-11-19T16:56:10.005-03:00 DEBUG 11752 --- [clinical-study-system] [           main] org.hibernate.type.BasicTypeRegistry     : Adding type registration double -> org.hibernate.type.BasicTypeReference@402b4f81
2024-11-19T16:56:10.005-03:00 DEBUG 11752 --- [clinical-study-system] [           main] org.hibernate.type.BasicTypeRegistry     : Adding type registration java.lang.Double -> org.hibernate.type.BasicTypeReference@402b4f81
2024-11-19T16:56:10.005-03:00 DEBUG 11752 --- [clinical-study-system] [           main] org.hibernate.type.BasicTypeRegistry     : Adding type registration big_integer -> org.hibernate.type.BasicTypeReference@13ef7fa1
2024-11-19T16:56:10.005-03:00 DEBUG 11752 --- [clinical-study-system] [           main] org.hibernate.type.BasicTypeRegistry     : Adding type registration java.math.BigInteger -> org.hibernate.type.BasicTypeReference@13ef7fa1
2024-11-19T16:56:10.005-03:00 DEBUG 11752 --- [clinical-study-system] [           main] org.hibernate.type.BasicTypeRegistry     : Adding type registration big_decimal -> org.hibernate.type.BasicTypeReference@23b1aa9
2024-11-19T16:56:10.005-03:00 DEBUG 11752 --- [clinical-study-system] [           main] org.hibernate.type.BasicTypeRegistry     : Adding type registration java.math.BigDecimal -> org.hibernate.type.BasicTypeReference@23b1aa9
2024-11-19T16:56:10.005-03:00 DEBUG 11752 --- [clinical-study-system] [           main] org.hibernate.type.BasicTypeRegistry     : Adding type registration character -> org.hibernate.type.BasicTypeReference@54489296
2024-11-19T16:56:10.005-03:00 DEBUG 11752 --- [clinical-study-system] [           main] org.hibernate.type.BasicTypeRegistry     : Adding type registration char -> org.hibernate.type.BasicTypeReference@54489296
2024-11-19T16:56:10.005-03:00 DEBUG 11752 --- [clinical-study-system] [           main] org.hibernate.type.BasicTypeRegistry     : Adding type registration java.lang.Character -> org.hibernate.type.BasicTypeReference@54489296
2024-11-19T16:56:10.005-03:00 DEBUG 11752 --- [clinical-study-system] [           main] org.hibernate.type.BasicTypeRegistry     : Adding type registration character_nchar -> org.hibernate.type.BasicTypeReference@4e8598d9
2024-11-19T16:56:10.005-03:00 DEBUG 11752 --- [clinical-study-system] [           main] org.hibernate.type.BasicTypeRegistry     : Adding type registration string -> org.hibernate.type.BasicTypeReference@267ff4df
2024-11-19T16:56:10.005-03:00 DEBUG 11752 --- [clinical-study-system] [           main] org.hibernate.type.BasicTypeRegistry     : Adding type registration java.lang.String -> org.hibernate.type.BasicTypeReference@267ff4df
2024-11-19T16:56:10.005-03:00 DEBUG 11752 --- [clinical-study-system] [           main] org.hibernate.type.BasicTypeRegistry     : Adding type registration nstring -> org.hibernate.type.BasicTypeReference@7c4b5ceb
2024-11-19T16:56:10.005-03:00 DEBUG 11752 --- [clinical-study-system] [           main] org.hibernate.type.BasicTypeRegistry     : Adding type registration characters -> org.hibernate.type.BasicTypeReference@6c07add6
2024-11-19T16:56:10.005-03:00 DEBUG 11752 --- [clinical-study-system] [           main] org.hibernate.type.BasicTypeRegistry     : Adding type registration char[] -> org.hibernate.type.BasicTypeReference@6c07add6
2024-11-19T16:56:10.005-03:00 DEBUG 11752 --- [clinical-study-system] [           main] org.hibernate.type.BasicTypeRegistry     : Adding type registration [C -> org.hibernate.type.BasicTypeReference@6c07add6
2024-11-19T16:56:10.005-03:00 DEBUG 11752 --- [clinical-study-system] [           main] org.hibernate.type.BasicTypeRegistry     : Adding type registration wrapper-characters -> org.hibernate.type.BasicTypeReference@e26a3df
2024-11-19T16:56:10.005-03:00 DEBUG 11752 --- [clinical-study-system] [           main] org.hibernate.type.BasicTypeRegistry     : Adding type registration text -> org.hibernate.type.BasicTypeReference@57a667c8
2024-11-19T16:56:10.005-03:00 DEBUG 11752 --- [clinical-study-system] [           main] org.hibernate.type.BasicTypeRegistry     : Adding type registration ntext -> org.hibernate.type.BasicTypeReference@712cd5d3
2024-11-19T16:56:10.005-03:00 DEBUG 11752 --- [clinical-study-system] [           main] org.hibernate.type.BasicTypeRegistry     : Adding type registration clob -> org.hibernate.type.BasicTypeReference@2094bf3d
2024-11-19T16:56:10.005-03:00 DEBUG 11752 --- [clinical-study-system] [           main] org.hibernate.type.BasicTypeRegistry     : Adding type registration java.sql.Clob -> org.hibernate.type.BasicTypeReference@2094bf3d
2024-11-19T16:56:10.006-03:00 DEBUG 11752 --- [clinical-study-system] [           main] org.hibernate.type.BasicTypeRegistry     : Adding type registration nclob -> org.hibernate.type.BasicTypeReference@1b17d8ab
2024-11-19T16:56:10.006-03:00 DEBUG 11752 --- [clinical-study-system] [           main] org.hibernate.type.BasicTypeRegistry     : Adding type registration java.sql.NClob -> org.hibernate.type.BasicTypeReference@1b17d8ab
2024-11-19T16:56:10.006-03:00 DEBUG 11752 --- [clinical-study-system] [           main] org.hibernate.type.BasicTypeRegistry     : Adding type registration materialized_clob -> org.hibernate.type.BasicTypeReference@7f6b7426
2024-11-19T16:56:10.006-03:00 DEBUG 11752 --- [clinical-study-system] [           main] org.hibernate.type.BasicTypeRegistry     : Adding type registration materialized_clob_char_array -> org.hibernate.type.BasicTypeReference@687eb455
2024-11-19T16:56:10.006-03:00 DEBUG 11752 --- [clinical-study-system] [           main] org.hibernate.type.BasicTypeRegistry     : Adding type registration materialized_clob_character_array -> org.hibernate.type.BasicTypeReference@6d969330
2024-11-19T16:56:10.006-03:00 DEBUG 11752 --- [clinical-study-system] [           main] org.hibernate.type.BasicTypeRegistry     : Adding type registration materialized_nclob -> org.hibernate.type.BasicTypeReference@4861cca9
2024-11-19T16:56:10.006-03:00 DEBUG 11752 --- [clinical-study-system] [           main] org.hibernate.type.BasicTypeRegistry     : Adding type registration materialized_nclob_character_array -> org.hibernate.type.BasicTypeReference@6c8f4bc7
2024-11-19T16:56:10.006-03:00 DEBUG 11752 --- [clinical-study-system] [           main] org.hibernate.type.BasicTypeRegistry     : Adding type registration materialized_nclob_char_array -> org.hibernate.type.BasicTypeReference@714e861f
2024-11-19T16:56:10.006-03:00 DEBUG 11752 --- [clinical-study-system] [           main] org.hibernate.type.BasicTypeRegistry     : Adding type registration Duration -> org.hibernate.type.BasicTypeReference@28989415
2024-11-19T16:56:10.006-03:00 DEBUG 11752 --- [clinical-study-system] [           main] org.hibernate.type.BasicTypeRegistry     : Adding type registration java.time.Duration -> org.hibernate.type.BasicTypeReference@28989415
2024-11-19T16:56:10.006-03:00 DEBUG 11752 --- [clinical-study-system] [           main] org.hibernate.type.BasicTypeRegistry     : Adding type registration LocalDateTime -> org.hibernate.type.BasicTypeReference@6eda012b
2024-11-19T16:56:10.006-03:00 DEBUG 11752 --- [clinical-study-system] [           main] org.hibernate.type.BasicTypeRegistry     : Adding type registration java.time.LocalDateTime -> org.hibernate.type.BasicTypeReference@6eda012b
2024-11-19T16:56:10.006-03:00 DEBUG 11752 --- [clinical-study-system] [           main] org.hibernate.type.BasicTypeRegistry     : Adding type registration LocalDate -> org.hibernate.type.BasicTypeReference@781dbe44
2024-11-19T16:56:10.006-03:00 DEBUG 11752 --- [clinical-study-system] [           main] org.hibernate.type.BasicTypeRegistry     : Adding type registration java.time.LocalDate -> org.hibernate.type.BasicTypeReference@781dbe44
2024-11-19T16:56:10.006-03:00 DEBUG 11752 --- [clinical-study-system] [           main] org.hibernate.type.BasicTypeRegistry     : Adding type registration LocalTime -> org.hibernate.type.BasicTypeReference@7d66a126
2024-11-19T16:56:10.006-03:00 DEBUG 11752 --- [clinical-study-system] [           main] org.hibernate.type.BasicTypeRegistry     : Adding type registration java.time.LocalTime -> org.hibernate.type.BasicTypeReference@7d66a126
2024-11-19T16:56:10.006-03:00 DEBUG 11752 --- [clinical-study-system] [           main] org.hibernate.type.BasicTypeRegistry     : Adding type registration OffsetDateTime -> org.hibernate.type.BasicTypeReference@1132baa3
2024-11-19T16:56:10.006-03:00 DEBUG 11752 --- [clinical-study-system] [           main] org.hibernate.type.BasicTypeRegistry     : Adding type registration java.time.OffsetDateTime -> org.hibernate.type.BasicTypeReference@1132baa3
2024-11-19T16:56:10.006-03:00 DEBUG 11752 --- [clinical-study-system] [           main] org.hibernate.type.BasicTypeRegistry     : Adding type registration OffsetDateTimeWithTimezone -> org.hibernate.type.BasicTypeReference@2fdf22f7
2024-11-19T16:56:10.006-03:00 DEBUG 11752 --- [clinical-study-system] [           main] org.hibernate.type.BasicTypeRegistry     : Adding type registration OffsetDateTimeWithoutTimezone -> org.hibernate.type.BasicTypeReference@3a2546d6
2024-11-19T16:56:10.006-03:00 DEBUG 11752 --- [clinical-study-system] [           main] org.hibernate.type.BasicTypeRegistry     : Adding type registration OffsetTime -> org.hibernate.type.BasicTypeReference@7282af25
2024-11-19T16:56:10.006-03:00 DEBUG 11752 --- [clinical-study-system] [           main] org.hibernate.type.BasicTypeRegistry     : Adding type registration java.time.OffsetTime -> org.hibernate.type.BasicTypeReference@7282af25
2024-11-19T16:56:10.007-03:00 DEBUG 11752 --- [clinical-study-system] [           main] org.hibernate.type.BasicTypeRegistry     : Adding type registration OffsetTimeUtc -> org.hibernate.type.BasicTypeReference@7661e474
2024-11-19T16:56:10.007-03:00 DEBUG 11752 --- [clinical-study-system] [           main] org.hibernate.type.BasicTypeRegistry     : Adding type registration OffsetTimeWithTimezone -> org.hibernate.type.BasicTypeReference@20ffb8d5
2024-11-19T16:56:10.007-03:00 DEBUG 11752 --- [clinical-study-system] [           main] org.hibernate.type.BasicTypeRegistry     : Adding type registration OffsetTimeWithoutTimezone -> org.hibernate.type.BasicTypeReference@307c59ea
2024-11-19T16:56:10.007-03:00 DEBUG 11752 --- [clinical-study-system] [           main] org.hibernate.type.BasicTypeRegistry     : Adding type registration ZonedDateTime -> org.hibernate.type.BasicTypeReference@57e03347
2024-11-19T16:56:10.007-03:00 DEBUG 11752 --- [clinical-study-system] [           main] org.hibernate.type.BasicTypeRegistry     : Adding type registration java.time.ZonedDateTime -> org.hibernate.type.BasicTypeReference@57e03347
2024-11-19T16:56:10.007-03:00 DEBUG 11752 --- [clinical-study-system] [           main] org.hibernate.type.BasicTypeRegistry     : Adding type registration ZonedDateTimeWithTimezone -> org.hibernate.type.BasicTypeReference@2edb2f8b
2024-11-19T16:56:10.007-03:00 DEBUG 11752 --- [clinical-study-system] [           main] org.hibernate.type.BasicTypeRegistry     : Adding type registration ZonedDateTimeWithoutTimezone -> org.hibernate.type.BasicTypeReference@733f1395
2024-11-19T16:56:10.007-03:00 DEBUG 11752 --- [clinical-study-system] [           main] org.hibernate.type.BasicTypeRegistry     : Adding type registration date -> org.hibernate.type.BasicTypeReference@21dea711
2024-11-19T16:56:10.007-03:00 DEBUG 11752 --- [clinical-study-system] [           main] org.hibernate.type.BasicTypeRegistry     : Adding type registration java.sql.Date -> org.hibernate.type.BasicTypeReference@21dea711
2024-11-19T16:56:10.007-03:00 DEBUG 11752 --- [clinical-study-system] [           main] org.hibernate.type.BasicTypeRegistry     : Adding type registration time -> org.hibernate.type.BasicTypeReference@7772d266
2024-11-19T16:56:10.007-03:00 DEBUG 11752 --- [clinical-study-system] [           main] org.hibernate.type.BasicTypeRegistry     : Adding type registration java.sql.Time -> org.hibernate.type.BasicTypeReference@7772d266
2024-11-19T16:56:10.007-03:00 DEBUG 11752 --- [clinical-study-system] [           main] org.hibernate.type.BasicTypeRegistry     : Adding type registration timestamp -> org.hibernate.type.BasicTypeReference@a21c74
2024-11-19T16:56:10.007-03:00 DEBUG 11752 --- [clinical-study-system] [           main] org.hibernate.type.BasicTypeRegistry     : Adding type registration java.sql.Timestamp -> org.hibernate.type.BasicTypeReference@a21c74
2024-11-19T16:56:10.007-03:00 DEBUG 11752 --- [clinical-study-system] [           main] org.hibernate.type.BasicTypeRegistry     : Adding type registration java.util.Date -> org.hibernate.type.BasicTypeReference@a21c74
2024-11-19T16:56:10.007-03:00 DEBUG 11752 --- [clinical-study-system] [           main] org.hibernate.type.BasicTypeRegistry     : Adding type registration calendar -> org.hibernate.type.BasicTypeReference@b8a144e
2024-11-19T16:56:10.007-03:00 DEBUG 11752 --- [clinical-study-system] [           main] org.hibernate.type.BasicTypeRegistry     : Adding type registration java.util.Calendar -> org.hibernate.type.BasicTypeReference@b8a144e
2024-11-19T16:56:10.007-03:00 DEBUG 11752 --- [clinical-study-system] [           main] org.hibernate.type.BasicTypeRegistry     : Adding type registration java.util.GregorianCalendar -> org.hibernate.type.BasicTypeReference@b8a144e
2024-11-19T16:56:10.007-03:00 DEBUG 11752 --- [clinical-study-system] [           main] org.hibernate.type.BasicTypeRegistry     : Adding type registration calendar_date -> org.hibernate.type.BasicTypeReference@5fb8dc01
2024-11-19T16:56:10.007-03:00 DEBUG 11752 --- [clinical-study-system] [           main] org.hibernate.type.BasicTypeRegistry     : Adding type registration calendar_time -> org.hibernate.type.BasicTypeReference@3e38c472
2024-11-19T16:56:10.007-03:00 DEBUG 11752 --- [clinical-study-system] [           main] org.hibernate.type.BasicTypeRegistry     : Adding type registration instant -> org.hibernate.type.BasicTypeReference@2ee92e7d
2024-11-19T16:56:10.008-03:00 DEBUG 11752 --- [clinical-study-system] [           main] org.hibernate.type.BasicTypeRegistry     : Adding type registration java.time.Instant -> org.hibernate.type.BasicTypeReference@2ee92e7d
2024-11-19T16:56:10.008-03:00 DEBUG 11752 --- [clinical-study-system] [           main] org.hibernate.type.BasicTypeRegistry     : Adding type registration uuid -> org.hibernate.type.BasicTypeReference@759a678a
2024-11-19T16:56:10.008-03:00 DEBUG 11752 --- [clinical-study-system] [           main] org.hibernate.type.BasicTypeRegistry     : Adding type registration java.util.UUID -> org.hibernate.type.BasicTypeReference@759a678a
2024-11-19T16:56:10.008-03:00 DEBUG 11752 --- [clinical-study-system] [           main] org.hibernate.type.BasicTypeRegistry     : Adding type registration pg-uuid -> org.hibernate.type.BasicTypeReference@759a678a
2024-11-19T16:56:10.008-03:00 DEBUG 11752 --- [clinical-study-system] [           main] org.hibernate.type.BasicTypeRegistry     : Adding type registration uuid-binary -> org.hibernate.type.BasicTypeReference@6cdbe5ec
2024-11-19T16:56:10.008-03:00 DEBUG 11752 --- [clinical-study-system] [           main] org.hibernate.type.BasicTypeRegistry     : Adding type registration uuid-char -> org.hibernate.type.BasicTypeReference@14b8a751
2024-11-19T16:56:10.008-03:00 DEBUG 11752 --- [clinical-study-system] [           main] org.hibernate.type.BasicTypeRegistry     : Adding type registration class -> org.hibernate.type.BasicTypeReference@7345f97d
2024-11-19T16:56:10.008-03:00 DEBUG 11752 --- [clinical-study-system] [           main] org.hibernate.type.BasicTypeRegistry     : Adding type registration java.lang.Class -> org.hibernate.type.BasicTypeReference@7345f97d
2024-11-19T16:56:10.008-03:00 DEBUG 11752 --- [clinical-study-system] [           main] org.hibernate.type.BasicTypeRegistry     : Adding type registration currency -> org.hibernate.type.BasicTypeReference@554566a8
2024-11-19T16:56:10.008-03:00 DEBUG 11752 --- [clinical-study-system] [           main] org.hibernate.type.BasicTypeRegistry     : Adding type registration Currency -> org.hibernate.type.BasicTypeReference@554566a8
2024-11-19T16:56:10.009-03:00 DEBUG 11752 --- [clinical-study-system] [           main] org.hibernate.type.BasicTypeRegistry     : Adding type registration java.util.Currency -> org.hibernate.type.BasicTypeReference@554566a8
2024-11-19T16:56:10.009-03:00 DEBUG 11752 --- [clinical-study-system] [           main] org.hibernate.type.BasicTypeRegistry     : Adding type registration locale -> org.hibernate.type.BasicTypeReference@3751acd7
2024-11-19T16:56:10.009-03:00 DEBUG 11752 --- [clinical-study-system] [           main] org.hibernate.type.BasicTypeRegistry     : Adding type registration java.util.Locale -> org.hibernate.type.BasicTypeReference@3751acd7
2024-11-19T16:56:10.009-03:00 DEBUG 11752 --- [clinical-study-system] [           main] org.hibernate.type.BasicTypeRegistry     : Adding type registration serializable -> org.hibernate.type.BasicTypeReference@6b832551
2024-11-19T16:56:10.009-03:00 DEBUG 11752 --- [clinical-study-system] [           main] org.hibernate.type.BasicTypeRegistry     : Adding type registration java.io.Serializable -> org.hibernate.type.BasicTypeReference@6b832551
2024-11-19T16:56:10.009-03:00 DEBUG 11752 --- [clinical-study-system] [           main] org.hibernate.type.BasicTypeRegistry     : Adding type registration timezone -> org.hibernate.type.BasicTypeReference@150d6eaf
2024-11-19T16:56:10.009-03:00 DEBUG 11752 --- [clinical-study-system] [           main] org.hibernate.type.BasicTypeRegistry     : Adding type registration java.util.TimeZone -> org.hibernate.type.BasicTypeReference@150d6eaf
2024-11-19T16:56:10.009-03:00 DEBUG 11752 --- [clinical-study-system] [           main] org.hibernate.type.BasicTypeRegistry     : Adding type registration ZoneOffset -> org.hibernate.type.BasicTypeReference@63124022
2024-11-19T16:56:10.009-03:00 DEBUG 11752 --- [clinical-study-system] [           main] org.hibernate.type.BasicTypeRegistry     : Adding type registration java.time.ZoneOffset -> org.hibernate.type.BasicTypeReference@63124022
2024-11-19T16:56:10.009-03:00 DEBUG 11752 --- [clinical-study-system] [           main] org.hibernate.type.BasicTypeRegistry     : Adding type registration url -> org.hibernate.type.BasicTypeReference@591f6f83
2024-11-19T16:56:10.009-03:00 DEBUG 11752 --- [clinical-study-system] [           main] org.hibernate.type.BasicTypeRegistry     : Adding type registration java.net.URL -> org.hibernate.type.BasicTypeReference@591f6f83
2024-11-19T16:56:10.009-03:00 DEBUG 11752 --- [clinical-study-system] [           main] org.hibernate.type.BasicTypeRegistry     : Adding type registration vector -> org.hibernate.type.BasicTypeReference@2b44605c
2024-11-19T16:56:10.009-03:00 DEBUG 11752 --- [clinical-study-system] [           main] org.hibernate.type.BasicTypeRegistry     : Adding type registration row_version -> org.hibernate.type.BasicTypeReference@55421b8d
2024-11-19T16:56:10.014-03:00 DEBUG 11752 --- [clinical-study-system] [           main] org.hibernate.type.BasicTypeRegistry     : Adding type registration object -> org.hibernate.type.JavaObjectType@2e3f324e
2024-11-19T16:56:10.014-03:00 DEBUG 11752 --- [clinical-study-system] [           main] org.hibernate.type.BasicTypeRegistry     : Adding type registration java.lang.Object -> org.hibernate.type.JavaObjectType@2e3f324e
2024-11-19T16:56:10.015-03:00 DEBUG 11752 --- [clinical-study-system] [           main] org.hibernate.type.BasicTypeRegistry     : Adding type registration null -> org.hibernate.type.NullType@4bbf38b8
2024-11-19T16:56:10.015-03:00 DEBUG 11752 --- [clinical-study-system] [           main] org.hibernate.type.BasicTypeRegistry     : Adding type registration imm_date -> org.hibernate.type.BasicTypeReference@4e67cfe1
2024-11-19T16:56:10.016-03:00 DEBUG 11752 --- [clinical-study-system] [           main] org.hibernate.type.BasicTypeRegistry     : Adding type registration imm_time -> org.hibernate.type.BasicTypeReference@55bf35e5
2024-11-19T16:56:10.016-03:00 DEBUG 11752 --- [clinical-study-system] [           main] org.hibernate.type.BasicTypeRegistry     : Adding type registration imm_timestamp -> org.hibernate.type.BasicTypeReference@25567581
2024-11-19T16:56:10.016-03:00 DEBUG 11752 --- [clinical-study-system] [           main] org.hibernate.type.BasicTypeRegistry     : Adding type registration imm_calendar -> org.hibernate.type.BasicTypeReference@179ee36b
2024-11-19T16:56:10.016-03:00 DEBUG 11752 --- [clinical-study-system] [           main] org.hibernate.type.BasicTypeRegistry     : Adding type registration imm_calendar_date -> org.hibernate.type.BasicTypeReference@67763ebe
2024-11-19T16:56:10.016-03:00 DEBUG 11752 --- [clinical-study-system] [           main] org.hibernate.type.BasicTypeRegistry     : Adding type registration imm_calendar_time -> org.hibernate.type.BasicTypeReference@4b4a2fa8
2024-11-19T16:56:10.016-03:00 DEBUG 11752 --- [clinical-study-system] [           main] org.hibernate.type.BasicTypeRegistry     : Adding type registration imm_binary -> org.hibernate.type.BasicTypeReference@5da6b13d
2024-11-19T16:56:10.016-03:00 DEBUG 11752 --- [clinical-study-system] [           main] org.hibernate.type.BasicTypeRegistry     : Adding type registration imm_serializable -> org.hibernate.type.BasicTypeReference@3dc39459
2024-11-19T16:56:10.022-03:00 DEBUG 11752 --- [clinical-study-system] [           main] o.h.boot.internal.BootstrapContextImpl   : Injecting JPA temp ClassLoader [org.springframework.instrument.classloading.SimpleThrowawayClassLoader@1cee2e10] into BootstrapContext; was [null]
2024-11-19T16:56:10.022-03:00 DEBUG 11752 --- [clinical-study-system] [           main] o.h.boot.internal.ClassLoaderAccessImpl  : ClassLoaderAccessImpl#injectTempClassLoader(org.springframework.instrument.classloading.SimpleThrowawayClassLoader@1cee2e10) [was null]
2024-11-19T16:56:10.023-03:00 DEBUG 11752 --- [clinical-study-system] [           main] o.h.boot.internal.BootstrapContextImpl   : Injecting ScanEnvironment [org.hibernate.jpa.boot.internal.StandardJpaScanEnvironmentImpl@50f4b83d] into BootstrapContext; was [null]
2024-11-19T16:56:10.023-03:00 DEBUG 11752 --- [clinical-study-system] [           main] o.h.boot.internal.BootstrapContextImpl   : Injecting ScanOptions [org.hibernate.boot.archive.scan.internal.StandardScanOptions@10131289] into BootstrapContext; was [org.hibernate.boot.archive.scan.internal.StandardScanOptions@c5e69a5]
2024-11-19T16:56:10.323-03:00  INFO 11752 --- [clinical-study-system] [           main] o.s.o.j.p.SpringPersistenceUnitInfo      : No LoadTimeWeaver setup: ignoring JPA class transformer
2024-11-19T16:56:10.323-03:00 DEBUG 11752 --- [clinical-study-system] [           main] o.h.boot.internal.BootstrapContextImpl   : Injecting JPA temp ClassLoader [null] into BootstrapContext; was [org.springframework.instrument.classloading.SimpleThrowawayClassLoader@1cee2e10]
2024-11-19T16:56:10.323-03:00 DEBUG 11752 --- [clinical-study-system] [           main] o.h.boot.internal.ClassLoaderAccessImpl  : ClassLoaderAccessImpl#injectTempClassLoader(null) [was org.springframework.instrument.classloading.SimpleThrowawayClassLoader@1cee2e10]
2024-11-19T16:56:10.362-03:00  INFO 11752 --- [clinical-study-system] [           main] com.zaxxer.hikari.HikariDataSource       : HikariPool-1 - Starting...
2024-11-19T16:56:11.450-03:00 DEBUG 11752 --- [clinical-study-system] [           main] o.h.engine.jdbc.spi.SqlExceptionHelper   : unable to obtain isolated JDBC connection [n/a]

org.postgresql.util.PSQLException: Connection to localhost:5432 refused. Check that the hostname and port are correct and that the postmaster is accepting TCP/IP connections.
	at org.postgresql.core.v3.ConnectionFactoryImpl.openConnectionImpl(ConnectionFactoryImpl.java:352) ~[postgresql-42.7.4.jar:42.7.4]
	at org.postgresql.core.ConnectionFactory.openConnection(ConnectionFactory.java:54) ~[postgresql-42.7.4.jar:42.7.4]
	at org.postgresql.jdbc.PgConnection.<init>(PgConnection.java:273) ~[postgresql-42.7.4.jar:42.7.4]
	at org.postgresql.Driver.makeConnection(Driver.java:446) ~[postgresql-42.7.4.jar:42.7.4]
	at org.postgresql.Driver.connect(Driver.java:298) ~[postgresql-42.7.4.jar:42.7.4]
	at com.zaxxer.hikari.util.DriverDataSource.getConnection(DriverDataSource.java:137) ~[HikariCP-5.1.0.jar:na]
	at com.zaxxer.hikari.pool.PoolBase.newConnection(PoolBase.java:360) ~[HikariCP-5.1.0.jar:na]
	at com.zaxxer.hikari.pool.PoolBase.newPoolEntry(PoolBase.java:202) ~[HikariCP-5.1.0.jar:na]
	at com.zaxxer.hikari.pool.HikariPool.createPoolEntry(HikariPool.java:461) ~[HikariCP-5.1.0.jar:na]
	at com.zaxxer.hikari.pool.HikariPool.checkFailFast(HikariPool.java:550) ~[HikariCP-5.1.0.jar:na]
	at com.zaxxer.hikari.pool.HikariPool.<init>(HikariPool.java:98) ~[HikariCP-5.1.0.jar:na]
	at com.zaxxer.hikari.HikariDataSource.getConnection(HikariDataSource.java:111) ~[HikariCP-5.1.0.jar:na]
	at org.hibernate.engine.jdbc.connections.internal.DatasourceConnectionProviderImpl.getConnection(DatasourceConnectionProviderImpl.java:122) ~[hibernate-core-6.5.3.Final.jar:6.5.3.Final]
	at org.hibernate.engine.jdbc.env.internal.JdbcEnvironmentInitiator$ConnectionProviderJdbcConnectionAccess.obtainConnection(JdbcEnvironmentInitiator.java:439) ~[hibernate-core-6.5.3.Final.jar:6.5.3.Final]
	at org.hibernate.resource.transaction.backend.jdbc.internal.JdbcIsolationDelegate.delegateWork(JdbcIsolationDelegate.java:61) ~[hibernate-core-6.5.3.Final.jar:6.5.3.Final]
	at org.hibernate.engine.jdbc.env.internal.JdbcEnvironmentInitiator.getJdbcEnvironmentUsingJdbcMetadata(JdbcEnvironmentInitiator.java:292) ~[hibernate-core-6.5.3.Final.jar:6.5.3.Final]
	at org.hibernate.engine.jdbc.env.internal.JdbcEnvironmentInitiator.initiateService(JdbcEnvironmentInitiator.java:124) ~[hibernate-core-6.5.3.Final.jar:6.5.3.Final]
	at org.hibernate.engine.jdbc.env.internal.JdbcEnvironmentInitiator.initiateService(JdbcEnvironmentInitiator.java:78) ~[hibernate-core-6.5.3.Final.jar:6.5.3.Final]
	at org.hibernate.boot.registry.internal.StandardServiceRegistryImpl.initiateService(StandardServiceRegistryImpl.java:130) ~[hibernate-core-6.5.3.Final.jar:6.5.3.Final]
	at org.hibernate.service.internal.AbstractServiceRegistryImpl.createService(AbstractServiceRegistryImpl.java:263) ~[hibernate-core-6.5.3.Final.jar:6.5.3.Final]
	at org.hibernate.service.internal.AbstractServiceRegistryImpl.initializeService(AbstractServiceRegistryImpl.java:238) ~[hibernate-core-6.5.3.Final.jar:6.5.3.Final]
	at org.hibernate.service.internal.AbstractServiceRegistryImpl.getService(AbstractServiceRegistryImpl.java:215) ~[hibernate-core-6.5.3.Final.jar:6.5.3.Final]
	at org.hibernate.boot.model.relational.Database.<init>(Database.java:45) ~[hibernate-core-6.5.3.Final.jar:6.5.3.Final]
	at org.hibernate.boot.internal.InFlightMetadataCollectorImpl.getDatabase(InFlightMetadataCollectorImpl.java:221) ~[hibernate-core-6.5.3.Final.jar:6.5.3.Final]
	at org.hibernate.boot.internal.InFlightMetadataCollectorImpl.<init>(InFlightMetadataCollectorImpl.java:189) ~[hibernate-core-6.5.3.Final.jar:6.5.3.Final]
	at org.hibernate.boot.model.process.spi.MetadataBuildingProcess.complete(MetadataBuildingProcess.java:171) ~[hibernate-core-6.5.3.Final.jar:6.5.3.Final]
	at org.hibernate.jpa.boot.internal.EntityManagerFactoryBuilderImpl.metadata(EntityManagerFactoryBuilderImpl.java:1431) ~[hibernate-core-6.5.3.Final.jar:6.5.3.Final]
	at org.hibernate.jpa.boot.internal.EntityManagerFactoryBuilderImpl.build(EntityManagerFactoryBuilderImpl.java:1502) ~[hibernate-core-6.5.3.Final.jar:6.5.3.Final]
	at org.springframework.orm.jpa.vendor.SpringHibernateJpaPersistenceProvider.createContainerEntityManagerFactory(SpringHibernateJpaPersistenceProvider.java:75) ~[spring-orm-6.1.14.jar:6.1.14]
	at org.springframework.orm.jpa.LocalContainerEntityManagerFactoryBean.createNativeEntityManagerFactory(LocalContainerEntityManagerFactoryBean.java:390) ~[spring-orm-6.1.14.jar:6.1.14]
	at org.springframework.orm.jpa.AbstractEntityManagerFactoryBean.buildNativeEntityManagerFactory(AbstractEntityManagerFactoryBean.java:409) ~[spring-orm-6.1.14.jar:6.1.14]
	at org.springframework.orm.jpa.AbstractEntityManagerFactoryBean.afterPropertiesSet(AbstractEntityManagerFactoryBean.java:396) ~[spring-orm-6.1.14.jar:6.1.14]
	at org.springframework.orm.jpa.LocalContainerEntityManagerFactoryBean.afterPropertiesSet(LocalContainerEntityManagerFactoryBean.java:366) ~[spring-orm-6.1.14.jar:6.1.14]
	at org.springframework.beans.factory.support.AbstractAutowireCapableBeanFactory.invokeInitMethods(AbstractAutowireCapableBeanFactory.java:1853) ~[spring-beans-6.1.14.jar:6.1.14]
	at org.springframework.beans.factory.support.AbstractAutowireCapableBeanFactory.initializeBean(AbstractAutowireCapableBeanFactory.java:1802) ~[spring-beans-6.1.14.jar:6.1.14]
	at org.springframework.beans.factory.support.AbstractAutowireCapableBeanFactory.doCreateBean(AbstractAutowireCapableBeanFactory.java:600) ~[spring-beans-6.1.14.jar:6.1.14]
	at org.springframework.beans.factory.support.AbstractAutowireCapableBeanFactory.createBean(AbstractAutowireCapableBeanFactory.java:522) ~[spring-beans-6.1.14.jar:6.1.14]
	at org.springframework.beans.factory.support.AbstractBeanFactory.lambda$doGetBean$0(AbstractBeanFactory.java:337) ~[spring-beans-6.1.14.jar:6.1.14]
	at org.springframework.beans.factory.support.DefaultSingletonBeanRegistry.getSingleton(DefaultSingletonBeanRegistry.java:234) ~[spring-beans-6.1.14.jar:6.1.14]
	at org.springframework.beans.factory.support.AbstractBeanFactory.doGetBean(AbstractBeanFactory.java:335) ~[spring-beans-6.1.14.jar:6.1.14]
	at org.springframework.beans.factory.support.AbstractBeanFactory.getBean(AbstractBeanFactory.java:205) ~[spring-beans-6.1.14.jar:6.1.14]
	at org.springframework.context.support.AbstractApplicationContext.finishBeanFactoryInitialization(AbstractApplicationContext.java:954) ~[spring-context-6.1.14.jar:6.1.14]
	at org.springframework.context.support.AbstractApplicationContext.refresh(AbstractApplicationContext.java:625) ~[spring-context-6.1.14.jar:6.1.14]
	at org.springframework.boot.SpringApplication.refresh(SpringApplication.java:754) ~[spring-boot-3.3.5.jar:3.3.5]
	at org.springframework.boot.SpringApplication.refreshContext(SpringApplication.java:456) ~[spring-boot-3.3.5.jar:3.3.5]
	at org.springframework.boot.SpringApplication.run(SpringApplication.java:335) ~[spring-boot-3.3.5.jar:3.3.5]
	at org.springframework.boot.test.context.SpringBootContextLoader.lambda$loadContext$3(SpringBootContextLoader.java:137) ~[spring-boot-test-3.3.5.jar:3.3.5]
	at org.springframework.util.function.ThrowingSupplier.get(ThrowingSupplier.java:58) ~[spring-core-6.1.14.jar:6.1.14]
	at org.springframework.util.function.ThrowingSupplier.get(ThrowingSupplier.java:46) ~[spring-core-6.1.14.jar:6.1.14]
	at org.springframework.boot.SpringApplication.withHook(SpringApplication.java:1463) ~[spring-boot-3.3.5.jar:3.3.5]
	at org.springframework.boot.test.context.SpringBootContextLoader$ContextLoaderHook.run(SpringBootContextLoader.java:553) ~[spring-boot-test-3.3.5.jar:3.3.5]
	at org.springframework.boot.test.context.SpringBootContextLoader.loadContext(SpringBootContextLoader.java:137) ~[spring-boot-test-3.3.5.jar:3.3.5]
	at org.springframework.boot.test.context.SpringBootContextLoader.loadContext(SpringBootContextLoader.java:108) ~[spring-boot-test-3.3.5.jar:3.3.5]
	at org.springframework.test.context.cache.DefaultCacheAwareContextLoaderDelegate.loadContextInternal(DefaultCacheAwareContextLoaderDelegate.java:225) ~[spring-test-6.1.14.jar:6.1.14]
	at org.springframework.test.context.cache.DefaultCacheAwareContextLoaderDelegate.loadContext(DefaultCacheAwareContextLoaderDelegate.java:152) ~[spring-test-6.1.14.jar:6.1.14]
	at org.springframework.test.context.support.DefaultTestContext.getApplicationContext(DefaultTestContext.java:130) ~[spring-test-6.1.14.jar:6.1.14]
	at org.springframework.test.context.web.ServletTestExecutionListener.setUpRequestContextIfNecessary(ServletTestExecutionListener.java:191) ~[spring-test-6.1.14.jar:6.1.14]
	at org.springframework.test.context.web.ServletTestExecutionListener.prepareTestInstance(ServletTestExecutionListener.java:130) ~[spring-test-6.1.14.jar:6.1.14]
	at org.springframework.test.context.TestContextManager.prepareTestInstance(TestContextManager.java:260) ~[spring-test-6.1.14.jar:6.1.14]
	at org.springframework.test.context.junit.jupiter.SpringExtension.postProcessTestInstance(SpringExtension.java:163) ~[spring-test-6.1.14.jar:6.1.14]
	at org.junit.jupiter.engine.descriptor.ClassBasedTestDescriptor.lambda$invokeTestInstancePostProcessors$10(ClassBasedTestDescriptor.java:378) ~[junit-jupiter-engine-5.10.5.jar:5.10.5]
	at org.junit.jupiter.engine.descriptor.ClassBasedTestDescriptor.executeAndMaskThrowable(ClassBasedTestDescriptor.java:383) ~[junit-jupiter-engine-5.10.5.jar:5.10.5]
	at org.junit.jupiter.engine.descriptor.ClassBasedTestDescriptor.lambda$invokeTestInstancePostProcessors$11(ClassBasedTestDescriptor.java:378) ~[junit-jupiter-engine-5.10.5.jar:5.10.5]
	at java.base/java.util.stream.ReferencePipeline$3$1.accept(ReferencePipeline.java:212) ~[na:na]
	at java.base/java.util.stream.ReferencePipeline$2$1.accept(ReferencePipeline.java:194) ~[na:na]
	at java.base/java.util.ArrayList$ArrayListSpliterator.forEachRemaining(ArrayList.java:1709) ~[na:na]
	at java.base/java.util.stream.AbstractPipeline.copyInto(AbstractPipeline.java:556) ~[na:na]
	at java.base/java.util.stream.AbstractPipeline.wrapAndCopyInto(AbstractPipeline.java:546) ~[na:na]
	at java.base/java.util.stream.StreamSpliterators$WrappingSpliterator.forEachRemaining(StreamSpliterators.java:310) ~[na:na]
	at java.base/java.util.stream.Streams$ConcatSpliterator.forEachRemaining(Streams.java:735) ~[na:na]
	at java.base/java.util.stream.Streams$ConcatSpliterator.forEachRemaining(Streams.java:734) ~[na:na]
	at java.base/java.util.stream.ReferencePipeline$Head.forEach(ReferencePipeline.java:782) ~[na:na]
	at org.junit.jupiter.engine.descriptor.ClassBasedTestDescriptor.invokeTestInstancePostProcessors(ClassBasedTestDescriptor.java:377) ~[junit-jupiter-engine-5.10.5.jar:5.10.5]
	at org.junit.jupiter.engine.descriptor.ClassBasedTestDescriptor.lambda$instantiateAndPostProcessTestInstance$6(ClassBasedTestDescriptor.java:290) ~[junit-jupiter-engine-5.10.5.jar:5.10.5]
	at org.junit.platform.engine.support.hierarchical.ThrowableCollector.execute(ThrowableCollector.java:73) ~[junit-platform-engine-1.10.5.jar:1.10.5]
	at org.junit.jupiter.engine.descriptor.ClassBasedTestDescriptor.instantiateAndPostProcessTestInstance(ClassBasedTestDescriptor.java:289) ~[junit-jupiter-engine-5.10.5.jar:5.10.5]
	at org.junit.jupiter.engine.descriptor.ClassBasedTestDescriptor.lambda$testInstancesProvider$4(ClassBasedTestDescriptor.java:279) ~[junit-jupiter-engine-5.10.5.jar:5.10.5]
	at java.base/java.util.Optional.orElseGet(Optional.java:364) ~[na:na]
	at org.junit.jupiter.engine.descriptor.ClassBasedTestDescriptor.lambda$testInstancesProvider$5(ClassBasedTestDescriptor.java:278) ~[junit-jupiter-engine-5.10.5.jar:5.10.5]
	at org.junit.jupiter.engine.execution.TestInstancesProvider.getTestInstances(TestInstancesProvider.java:31) ~[junit-jupiter-engine-5.10.5.jar:5.10.5]
	at org.junit.jupiter.engine.descriptor.TestMethodTestDescriptor.lambda$prepare$0(TestMethodTestDescriptor.java:106) ~[junit-jupiter-engine-5.10.5.jar:5.10.5]
	at org.junit.platform.engine.support.hierarchical.ThrowableCollector.execute(ThrowableCollector.java:73) ~[junit-platform-engine-1.10.5.jar:1.10.5]
	at org.junit.jupiter.engine.descriptor.TestMethodTestDescriptor.prepare(TestMethodTestDescriptor.java:105) ~[junit-jupiter-engine-5.10.5.jar:5.10.5]
	at org.junit.jupiter.engine.descriptor.TestMethodTestDescriptor.prepare(TestMethodTestDescriptor.java:69) ~[junit-jupiter-engine-5.10.5.jar:5.10.5]
	at org.junit.platform.engine.support.hierarchical.NodeTestTask.lambda$prepare$2(NodeTestTask.java:128) ~[junit-platform-engine-1.10.5.jar:1.10.5]
	at org.junit.platform.engine.support.hierarchical.ThrowableCollector.execute(ThrowableCollector.java:73) ~[junit-platform-engine-1.10.5.jar:1.10.5]
	at org.junit.platform.engine.support.hierarchical.NodeTestTask.prepare(NodeTestTask.java:128) ~[junit-platform-engine-1.10.5.jar:1.10.5]
	at org.junit.platform.engine.support.hierarchical.NodeTestTask.execute(NodeTestTask.java:95) ~[junit-platform-engine-1.10.5.jar:1.10.5]
	at java.base/java.util.ArrayList.forEach(ArrayList.java:1597) ~[na:na]
	at org.junit.platform.engine.support.hierarchical.SameThreadHierarchicalTestExecutorService.invokeAll(SameThreadHierarchicalTestExecutorService.java:41) ~[junit-platform-engine-1.10.5.jar:1.10.5]
	at org.junit.platform.engine.support.hierarchical.NodeTestTask.lambda$executeRecursively$6(NodeTestTask.java:160) ~[junit-platform-engine-1.10.5.jar:1.10.5]
	at org.junit.platform.engine.support.hierarchical.ThrowableCollector.execute(ThrowableCollector.java:73) ~[junit-platform-engine-1.10.5.jar:1.10.5]
	at org.junit.platform.engine.support.hierarchical.NodeTestTask.lambda$executeRecursively$8(NodeTestTask.java:146) ~[junit-platform-engine-1.10.5.jar:1.10.5]
	at org.junit.platform.engine.support.hierarchical.Node.around(Node.java:137) ~[junit-platform-engine-1.10.5.jar:1.10.5]
	at org.junit.platform.engine.support.hierarchical.NodeTestTask.lambda$executeRecursively$9(NodeTestTask.java:144) ~[junit-platform-engine-1.10.5.jar:1.10.5]
	at org.junit.platform.engine.support.hierarchical.ThrowableCollector.execute(ThrowableCollector.java:73) ~[junit-platform-engine-1.10.5.jar:1.10.5]
	at org.junit.platform.engine.support.hierarchical.NodeTestTask.executeRecursively(NodeTestTask.java:143) ~[junit-platform-engine-1.10.5.jar:1.10.5]
	at org.junit.platform.engine.support.hierarchical.NodeTestTask.execute(NodeTestTask.java:100) ~[junit-platform-engine-1.10.5.jar:1.10.5]
	at java.base/java.util.ArrayList.forEach(ArrayList.java:1597) ~[na:na]
	at org.junit.platform.engine.support.hierarchical.SameThreadHierarchicalTestExecutorService.invokeAll(SameThreadHierarchicalTestExecutorService.java:41) ~[junit-platform-engine-1.10.5.jar:1.10.5]
	at org.junit.platform.engine.support.hierarchical.NodeTestTask.lambda$executeRecursively$6(NodeTestTask.java:160) ~[junit-platform-engine-1.10.5.jar:1.10.5]
	at org.junit.platform.engine.support.hierarchical.ThrowableCollector.execute(ThrowableCollector.java:73) ~[junit-platform-engine-1.10.5.jar:1.10.5]
	at org.junit.platform.engine.support.hierarchical.NodeTestTask.lambda$executeRecursively$8(NodeTestTask.java:146) ~[junit-platform-engine-1.10.5.jar:1.10.5]
	at org.junit.platform.engine.support.hierarchical.Node.around(Node.java:137) ~[junit-platform-engine-1.10.5.jar:1.10.5]
	at org.junit.platform.engine.support.hierarchical.NodeTestTask.lambda$executeRecursively$9(NodeTestTask.java:144) ~[junit-platform-engine-1.10.5.jar:1.10.5]
	at org.junit.platform.engine.support.hierarchical.ThrowableCollector.execute(ThrowableCollector.java:73) ~[junit-platform-engine-1.10.5.jar:1.10.5]
	at org.junit.platform.engine.support.hierarchical.NodeTestTask.executeRecursively(NodeTestTask.java:143) ~[junit-platform-engine-1.10.5.jar:1.10.5]
	at org.junit.platform.engine.support.hierarchical.NodeTestTask.execute(NodeTestTask.java:100) ~[junit-platform-engine-1.10.5.jar:1.10.5]
	at org.junit.platform.engine.support.hierarchical.SameThreadHierarchicalTestExecutorService.submit(SameThreadHierarchicalTestExecutorService.java:35) ~[junit-platform-engine-1.10.5.jar:1.10.5]
	at org.junit.platform.engine.support.hierarchical.HierarchicalTestExecutor.execute(HierarchicalTestExecutor.java:57) ~[junit-platform-engine-1.10.5.jar:1.10.5]
	at org.junit.platform.engine.support.hierarchical.HierarchicalTestEngine.execute(HierarchicalTestEngine.java:54) ~[junit-platform-engine-1.10.5.jar:1.10.5]
	at org.junit.platform.launcher.core.EngineExecutionOrchestrator.execute(EngineExecutionOrchestrator.java:198) ~[junit-platform-launcher-1.10.5.jar:1.10.5]
	at org.junit.platform.launcher.core.EngineExecutionOrchestrator.execute(EngineExecutionOrchestrator.java:169) ~[junit-platform-launcher-1.10.5.jar:1.10.5]
	at org.junit.platform.launcher.core.EngineExecutionOrchestrator.execute(EngineExecutionOrchestrator.java:93) ~[junit-platform-launcher-1.10.5.jar:1.10.5]
	at org.junit.platform.launcher.core.EngineExecutionOrchestrator.lambda$execute$0(EngineExecutionOrchestrator.java:58) ~[junit-platform-launcher-1.10.5.jar:1.10.5]
	at org.junit.platform.launcher.core.EngineExecutionOrchestrator.withInterceptedStreams(EngineExecutionOrchestrator.java:141) ~[junit-platform-launcher-1.10.5.jar:1.10.5]
	at org.junit.platform.launcher.core.EngineExecutionOrchestrator.execute(EngineExecutionOrchestrator.java:57) ~[junit-platform-launcher-1.10.5.jar:1.10.5]
	at org.junit.platform.launcher.core.DefaultLauncher.execute(DefaultLauncher.java:103) ~[junit-platform-launcher-1.10.5.jar:1.10.5]
	at org.junit.platform.launcher.core.DefaultLauncher.execute(DefaultLauncher.java:85) ~[junit-platform-launcher-1.10.5.jar:1.10.5]
	at org.junit.platform.launcher.core.DelegatingLauncher.execute(DelegatingLauncher.java:47) ~[junit-platform-launcher-1.10.5.jar:1.10.5]
	at org.apache.maven.surefire.junitplatform.LazyLauncher.execute(LazyLauncher.java:56) ~[surefire-junit-platform-3.2.5.jar:3.2.5]
	at org.apache.maven.surefire.junitplatform.JUnitPlatformProvider.execute(JUnitPlatformProvider.java:184) ~[surefire-junit-platform-3.2.5.jar:3.2.5]
	at org.apache.maven.surefire.junitplatform.JUnitPlatformProvider.invokeAllTests(JUnitPlatformProvider.java:148) ~[surefire-junit-platform-3.2.5.jar:3.2.5]
	at org.apache.maven.surefire.junitplatform.JUnitPlatformProvider.invoke(JUnitPlatformProvider.java:122) ~[surefire-junit-platform-3.2.5.jar:3.2.5]
	at org.apache.maven.surefire.booter.ForkedBooter.runSuitesInProcess(ForkedBooter.java:385) ~[surefire-booter-3.2.5.jar:3.2.5]
	at org.apache.maven.surefire.booter.ForkedBooter.execute(ForkedBooter.java:162) ~[surefire-booter-3.2.5.jar:3.2.5]
	at org.apache.maven.surefire.booter.ForkedBooter.run(ForkedBooter.java:507) ~[surefire-booter-3.2.5.jar:3.2.5]
	at org.apache.maven.surefire.booter.ForkedBooter.main(ForkedBooter.java:495) ~[surefire-booter-3.2.5.jar:3.2.5]
Caused by: java.net.ConnectException: Connection refused: getsockopt
	at java.base/sun.nio.ch.Net.pollConnect(Native Method) ~[na:na]
	at java.base/sun.nio.ch.Net.pollConnectNow(Net.java:682) ~[na:na]
	at java.base/sun.nio.ch.NioSocketImpl.timedFinishConnect(NioSocketImpl.java:542) ~[na:na]
	at java.base/sun.nio.ch.NioSocketImpl.connect(NioSocketImpl.java:592) ~[na:na]
	at java.base/java.net.SocksSocketImpl.connect(SocksSocketImpl.java:327) ~[na:na]
	at java.base/java.net.Socket.connect(Socket.java:752) ~[na:na]
	at org.postgresql.core.PGStream.createSocket(PGStream.java:260) ~[postgresql-42.7.4.jar:42.7.4]
	at org.postgresql.core.PGStream.<init>(PGStream.java:121) ~[postgresql-42.7.4.jar:42.7.4]
	at org.postgresql.core.v3.ConnectionFactoryImpl.tryConnect(ConnectionFactoryImpl.java:140) ~[postgresql-42.7.4.jar:42.7.4]
	at org.postgresql.core.v3.ConnectionFactoryImpl.openConnectionImpl(ConnectionFactoryImpl.java:268) ~[postgresql-42.7.4.jar:42.7.4]
	... 127 common frames omitted

2024-11-19T16:56:11.476-03:00  WARN 11752 --- [clinical-study-system] [           main] o.h.engine.jdbc.spi.SqlExceptionHelper   : SQL Error: 0, SQLState: 08001
2024-11-19T16:56:11.476-03:00 ERROR 11752 --- [clinical-study-system] [           main] o.h.engine.jdbc.spi.SqlExceptionHelper   : Connection to localhost:5432 refused. Check that the hostname and port are correct and that the postmaster is accepting TCP/IP connections.
2024-11-19T16:56:11.479-03:00  WARN 11752 --- [clinical-study-system] [           main] o.h.e.j.e.i.JdbcEnvironmentInitiator     : HHH000342: Could not obtain connection to query metadata

org.hibernate.exception.JDBCConnectionException: unable to obtain isolated JDBC connection [Connection to localhost:5432 refused. Check that the hostname and port are correct and that the postmaster is accepting TCP/IP connections.] [n/a]
	at org.hibernate.exception.internal.SQLStateConversionDelegate.convert(SQLStateConversionDelegate.java:100) ~[hibernate-core-6.5.3.Final.jar:6.5.3.Final]
	at org.hibernate.exception.internal.StandardSQLExceptionConverter.convert(StandardSQLExceptionConverter.java:58) ~[hibernate-core-6.5.3.Final.jar:6.5.3.Final]
	at org.hibernate.engine.jdbc.spi.SqlExceptionHelper.convert(SqlExceptionHelper.java:108) ~[hibernate-core-6.5.3.Final.jar:6.5.3.Final]
	at org.hibernate.engine.jdbc.spi.SqlExceptionHelper.convert(SqlExceptionHelper.java:94) ~[hibernate-core-6.5.3.Final.jar:6.5.3.Final]
	at org.hibernate.resource.transaction.backend.jdbc.internal.JdbcIsolationDelegate.delegateWork(JdbcIsolationDelegate.java:116) ~[hibernate-core-6.5.3.Final.jar:6.5.3.Final]
	at org.hibernate.engine.jdbc.env.internal.JdbcEnvironmentInitiator.getJdbcEnvironmentUsingJdbcMetadata(JdbcEnvironmentInitiator.java:292) ~[hibernate-core-6.5.3.Final.jar:6.5.3.Final]
	at org.hibernate.engine.jdbc.env.internal.JdbcEnvironmentInitiator.initiateService(JdbcEnvironmentInitiator.java:124) ~[hibernate-core-6.5.3.Final.jar:6.5.3.Final]
	at org.hibernate.engine.jdbc.env.internal.JdbcEnvironmentInitiator.initiateService(JdbcEnvironmentInitiator.java:78) ~[hibernate-core-6.5.3.Final.jar:6.5.3.Final]
	at org.hibernate.boot.registry.internal.StandardServiceRegistryImpl.initiateService(StandardServiceRegistryImpl.java:130) ~[hibernate-core-6.5.3.Final.jar:6.5.3.Final]
	at org.hibernate.service.internal.AbstractServiceRegistryImpl.createService(AbstractServiceRegistryImpl.java:263) ~[hibernate-core-6.5.3.Final.jar:6.5.3.Final]
	at org.hibernate.service.internal.AbstractServiceRegistryImpl.initializeService(AbstractServiceRegistryImpl.java:238) ~[hibernate-core-6.5.3.Final.jar:6.5.3.Final]
	at org.hibernate.service.internal.AbstractServiceRegistryImpl.getService(AbstractServiceRegistryImpl.java:215) ~[hibernate-core-6.5.3.Final.jar:6.5.3.Final]
	at org.hibernate.boot.model.relational.Database.<init>(Database.java:45) ~[hibernate-core-6.5.3.Final.jar:6.5.3.Final]
	at org.hibernate.boot.internal.InFlightMetadataCollectorImpl.getDatabase(InFlightMetadataCollectorImpl.java:221) ~[hibernate-core-6.5.3.Final.jar:6.5.3.Final]
	at org.hibernate.boot.internal.InFlightMetadataCollectorImpl.<init>(InFlightMetadataCollectorImpl.java:189) ~[hibernate-core-6.5.3.Final.jar:6.5.3.Final]
	at org.hibernate.boot.model.process.spi.MetadataBuildingProcess.complete(MetadataBuildingProcess.java:171) ~[hibernate-core-6.5.3.Final.jar:6.5.3.Final]
	at org.hibernate.jpa.boot.internal.EntityManagerFactoryBuilderImpl.metadata(EntityManagerFactoryBuilderImpl.java:1431) ~[hibernate-core-6.5.3.Final.jar:6.5.3.Final]
	at org.hibernate.jpa.boot.internal.EntityManagerFactoryBuilderImpl.build(EntityManagerFactoryBuilderImpl.java:1502) ~[hibernate-core-6.5.3.Final.jar:6.5.3.Final]
	at org.springframework.orm.jpa.vendor.SpringHibernateJpaPersistenceProvider.createContainerEntityManagerFactory(SpringHibernateJpaPersistenceProvider.java:75) ~[spring-orm-6.1.14.jar:6.1.14]
	at org.springframework.orm.jpa.LocalContainerEntityManagerFactoryBean.createNativeEntityManagerFactory(LocalContainerEntityManagerFactoryBean.java:390) ~[spring-orm-6.1.14.jar:6.1.14]
	at org.springframework.orm.jpa.AbstractEntityManagerFactoryBean.buildNativeEntityManagerFactory(AbstractEntityManagerFactoryBean.java:409) ~[spring-orm-6.1.14.jar:6.1.14]
	at org.springframework.orm.jpa.AbstractEntityManagerFactoryBean.afterPropertiesSet(AbstractEntityManagerFactoryBean.java:396) ~[spring-orm-6.1.14.jar:6.1.14]
	at org.springframework.orm.jpa.LocalContainerEntityManagerFactoryBean.afterPropertiesSet(LocalContainerEntityManagerFactoryBean.java:366) ~[spring-orm-6.1.14.jar:6.1.14]
	at org.springframework.beans.factory.support.AbstractAutowireCapableBeanFactory.invokeInitMethods(AbstractAutowireCapableBeanFactory.java:1853) ~[spring-beans-6.1.14.jar:6.1.14]
	at org.springframework.beans.factory.support.AbstractAutowireCapableBeanFactory.initializeBean(AbstractAutowireCapableBeanFactory.java:1802) ~[spring-beans-6.1.14.jar:6.1.14]
	at org.springframework.beans.factory.support.AbstractAutowireCapableBeanFactory.doCreateBean(AbstractAutowireCapableBeanFactory.java:600) ~[spring-beans-6.1.14.jar:6.1.14]
	at org.springframework.beans.factory.support.AbstractAutowireCapableBeanFactory.createBean(AbstractAutowireCapableBeanFactory.java:522) ~[spring-beans-6.1.14.jar:6.1.14]
	at org.springframework.beans.factory.support.AbstractBeanFactory.lambda$doGetBean$0(AbstractBeanFactory.java:337) ~[spring-beans-6.1.14.jar:6.1.14]
	at org.springframework.beans.factory.support.DefaultSingletonBeanRegistry.getSingleton(DefaultSingletonBeanRegistry.java:234) ~[spring-beans-6.1.14.jar:6.1.14]
	at org.springframework.beans.factory.support.AbstractBeanFactory.doGetBean(AbstractBeanFactory.java:335) ~[spring-beans-6.1.14.jar:6.1.14]
	at org.springframework.beans.factory.support.AbstractBeanFactory.getBean(AbstractBeanFactory.java:205) ~[spring-beans-6.1.14.jar:6.1.14]
	at org.springframework.context.support.AbstractApplicationContext.finishBeanFactoryInitialization(AbstractApplicationContext.java:954) ~[spring-context-6.1.14.jar:6.1.14]
	at org.springframework.context.support.AbstractApplicationContext.refresh(AbstractApplicationContext.java:625) ~[spring-context-6.1.14.jar:6.1.14]
	at org.springframework.boot.SpringApplication.refresh(SpringApplication.java:754) ~[spring-boot-3.3.5.jar:3.3.5]
	at org.springframework.boot.SpringApplication.refreshContext(SpringApplication.java:456) ~[spring-boot-3.3.5.jar:3.3.5]
	at org.springframework.boot.SpringApplication.run(SpringApplication.java:335) ~[spring-boot-3.3.5.jar:3.3.5]
	at org.springframework.boot.test.context.SpringBootContextLoader.lambda$loadContext$3(SpringBootContextLoader.java:137) ~[spring-boot-test-3.3.5.jar:3.3.5]
	at org.springframework.util.function.ThrowingSupplier.get(ThrowingSupplier.java:58) ~[spring-core-6.1.14.jar:6.1.14]
	at org.springframework.util.function.ThrowingSupplier.get(ThrowingSupplier.java:46) ~[spring-core-6.1.14.jar:6.1.14]
	at org.springframework.boot.SpringApplication.withHook(SpringApplication.java:1463) ~[spring-boot-3.3.5.jar:3.3.5]
	at org.springframework.boot.test.context.SpringBootContextLoader$ContextLoaderHook.run(SpringBootContextLoader.java:553) ~[spring-boot-test-3.3.5.jar:3.3.5]
	at org.springframework.boot.test.context.SpringBootContextLoader.loadContext(SpringBootContextLoader.java:137) ~[spring-boot-test-3.3.5.jar:3.3.5]
	at org.springframework.boot.test.context.SpringBootContextLoader.loadContext(SpringBootContextLoader.java:108) ~[spring-boot-test-3.3.5.jar:3.3.5]
	at org.springframework.test.context.cache.DefaultCacheAwareContextLoaderDelegate.loadContextInternal(DefaultCacheAwareContextLoaderDelegate.java:225) ~[spring-test-6.1.14.jar:6.1.14]
	at org.springframework.test.context.cache.DefaultCacheAwareContextLoaderDelegate.loadContext(DefaultCacheAwareContextLoaderDelegate.java:152) ~[spring-test-6.1.14.jar:6.1.14]
	at org.springframework.test.context.support.DefaultTestContext.getApplicationContext(DefaultTestContext.java:130) ~[spring-test-6.1.14.jar:6.1.14]
	at org.springframework.test.context.web.ServletTestExecutionListener.setUpRequestContextIfNecessary(ServletTestExecutionListener.java:191) ~[spring-test-6.1.14.jar:6.1.14]
	at org.springframework.test.context.web.ServletTestExecutionListener.prepareTestInstance(ServletTestExecutionListener.java:130) ~[spring-test-6.1.14.jar:6.1.14]
	at org.springframework.test.context.TestContextManager.prepareTestInstance(TestContextManager.java:260) ~[spring-test-6.1.14.jar:6.1.14]
	at org.springframework.test.context.junit.jupiter.SpringExtension.postProcessTestInstance(SpringExtension.java:163) ~[spring-test-6.1.14.jar:6.1.14]
	at org.junit.jupiter.engine.descriptor.ClassBasedTestDescriptor.lambda$invokeTestInstancePostProcessors$10(ClassBasedTestDescriptor.java:378) ~[junit-jupiter-engine-5.10.5.jar:5.10.5]
	at org.junit.jupiter.engine.descriptor.ClassBasedTestDescriptor.executeAndMaskThrowable(ClassBasedTestDescriptor.java:383) ~[junit-jupiter-engine-5.10.5.jar:5.10.5]
	at org.junit.jupiter.engine.descriptor.ClassBasedTestDescriptor.lambda$invokeTestInstancePostProcessors$11(ClassBasedTestDescriptor.java:378) ~[junit-jupiter-engine-5.10.5.jar:5.10.5]
	at java.base/java.util.stream.ReferencePipeline$3$1.accept(ReferencePipeline.java:212) ~[na:na]
	at java.base/java.util.stream.ReferencePipeline$2$1.accept(ReferencePipeline.java:194) ~[na:na]
	at java.base/java.util.ArrayList$ArrayListSpliterator.forEachRemaining(ArrayList.java:1709) ~[na:na]
	at java.base/java.util.stream.AbstractPipeline.copyInto(AbstractPipeline.java:556) ~[na:na]
	at java.base/java.util.stream.AbstractPipeline.wrapAndCopyInto(AbstractPipeline.java:546) ~[na:na]
	at java.base/java.util.stream.StreamSpliterators$WrappingSpliterator.forEachRemaining(StreamSpliterators.java:310) ~[na:na]
	at java.base/java.util.stream.Streams$ConcatSpliterator.forEachRemaining(Streams.java:735) ~[na:na]
	at java.base/java.util.stream.Streams$ConcatSpliterator.forEachRemaining(Streams.java:734) ~[na:na]
	at java.base/java.util.stream.ReferencePipeline$Head.forEach(ReferencePipeline.java:782) ~[na:na]
	at org.junit.jupiter.engine.descriptor.ClassBasedTestDescriptor.invokeTestInstancePostProcessors(ClassBasedTestDescriptor.java:377) ~[junit-jupiter-engine-5.10.5.jar:5.10.5]
	at org.junit.jupiter.engine.descriptor.ClassBasedTestDescriptor.lambda$instantiateAndPostProcessTestInstance$6(ClassBasedTestDescriptor.java:290) ~[junit-jupiter-engine-5.10.5.jar:5.10.5]
	at org.junit.platform.engine.support.hierarchical.ThrowableCollector.execute(ThrowableCollector.java:73) ~[junit-platform-engine-1.10.5.jar:1.10.5]
	at org.junit.jupiter.engine.descriptor.ClassBasedTestDescriptor.instantiateAndPostProcessTestInstance(ClassBasedTestDescriptor.java:289) ~[junit-jupiter-engine-5.10.5.jar:5.10.5]
	at org.junit.jupiter.engine.descriptor.ClassBasedTestDescriptor.lambda$testInstancesProvider$4(ClassBasedTestDescriptor.java:279) ~[junit-jupiter-engine-5.10.5.jar:5.10.5]
	at java.base/java.util.Optional.orElseGet(Optional.java:364) ~[na:na]
	at org.junit.jupiter.engine.descriptor.ClassBasedTestDescriptor.lambda$testInstancesProvider$5(ClassBasedTestDescriptor.java:278) ~[junit-jupiter-engine-5.10.5.jar:5.10.5]
	at org.junit.jupiter.engine.execution.TestInstancesProvider.getTestInstances(TestInstancesProvider.java:31) ~[junit-jupiter-engine-5.10.5.jar:5.10.5]
	at org.junit.jupiter.engine.descriptor.TestMethodTestDescriptor.lambda$prepare$0(TestMethodTestDescriptor.java:106) ~[junit-jupiter-engine-5.10.5.jar:5.10.5]
	at org.junit.platform.engine.support.hierarchical.ThrowableCollector.execute(ThrowableCollector.java:73) ~[junit-platform-engine-1.10.5.jar:1.10.5]
	at org.junit.jupiter.engine.descriptor.TestMethodTestDescriptor.prepare(TestMethodTestDescriptor.java:105) ~[junit-jupiter-engine-5.10.5.jar:5.10.5]
	at org.junit.jupiter.engine.descriptor.TestMethodTestDescriptor.prepare(TestMethodTestDescriptor.java:69) ~[junit-jupiter-engine-5.10.5.jar:5.10.5]
	at org.junit.platform.engine.support.hierarchical.NodeTestTask.lambda$prepare$2(NodeTestTask.java:128) ~[junit-platform-engine-1.10.5.jar:1.10.5]
	at org.junit.platform.engine.support.hierarchical.ThrowableCollector.execute(ThrowableCollector.java:73) ~[junit-platform-engine-1.10.5.jar:1.10.5]
	at org.junit.platform.engine.support.hierarchical.NodeTestTask.prepare(NodeTestTask.java:128) ~[junit-platform-engine-1.10.5.jar:1.10.5]
	at org.junit.platform.engine.support.hierarchical.NodeTestTask.execute(NodeTestTask.java:95) ~[junit-platform-engine-1.10.5.jar:1.10.5]
	at java.base/java.util.ArrayList.forEach(ArrayList.java:1597) ~[na:na]
	at org.junit.platform.engine.support.hierarchical.SameThreadHierarchicalTestExecutorService.invokeAll(SameThreadHierarchicalTestExecutorService.java:41) ~[junit-platform-engine-1.10.5.jar:1.10.5]
	at org.junit.platform.engine.support.hierarchical.NodeTestTask.lambda$executeRecursively$6(NodeTestTask.java:160) ~[junit-platform-engine-1.10.5.jar:1.10.5]
	at org.junit.platform.engine.support.hierarchical.ThrowableCollector.execute(ThrowableCollector.java:73) ~[junit-platform-engine-1.10.5.jar:1.10.5]
	at org.junit.platform.engine.support.hierarchical.NodeTestTask.lambda$executeRecursively$8(NodeTestTask.java:146) ~[junit-platform-engine-1.10.5.jar:1.10.5]
	at org.junit.platform.engine.support.hierarchical.Node.around(Node.java:137) ~[junit-platform-engine-1.10.5.jar:1.10.5]
	at org.junit.platform.engine.support.hierarchical.NodeTestTask.lambda$executeRecursively$9(NodeTestTask.java:144) ~[junit-platform-engine-1.10.5.jar:1.10.5]
	at org.junit.platform.engine.support.hierarchical.ThrowableCollector.execute(ThrowableCollector.java:73) ~[junit-platform-engine-1.10.5.jar:1.10.5]
	at org.junit.platform.engine.support.hierarchical.NodeTestTask.executeRecursively(NodeTestTask.java:143) ~[junit-platform-engine-1.10.5.jar:1.10.5]
	at org.junit.platform.engine.support.hierarchical.NodeTestTask.execute(NodeTestTask.java:100) ~[junit-platform-engine-1.10.5.jar:1.10.5]
	at java.base/java.util.ArrayList.forEach(ArrayList.java:1597) ~[na:na]
	at org.junit.platform.engine.support.hierarchical.SameThreadHierarchicalTestExecutorService.invokeAll(SameThreadHierarchicalTestExecutorService.java:41) ~[junit-platform-engine-1.10.5.jar:1.10.5]
	at org.junit.platform.engine.support.hierarchical.NodeTestTask.lambda$executeRecursively$6(NodeTestTask.java:160) ~[junit-platform-engine-1.10.5.jar:1.10.5]
	at org.junit.platform.engine.support.hierarchical.ThrowableCollector.execute(ThrowableCollector.java:73) ~[junit-platform-engine-1.10.5.jar:1.10.5]
	at org.junit.platform.engine.support.hierarchical.NodeTestTask.lambda$executeRecursively$8(NodeTestTask.java:146) ~[junit-platform-engine-1.10.5.jar:1.10.5]
	at org.junit.platform.engine.support.hierarchical.Node.around(Node.java:137) ~[junit-platform-engine-1.10.5.jar:1.10.5]
	at org.junit.platform.engine.support.hierarchical.NodeTestTask.lambda$executeRecursively$9(NodeTestTask.java:144) ~[junit-platform-engine-1.10.5.jar:1.10.5]
	at org.junit.platform.engine.support.hierarchical.ThrowableCollector.execute(ThrowableCollector.java:73) ~[junit-platform-engine-1.10.5.jar:1.10.5]
	at org.junit.platform.engine.support.hierarchical.NodeTestTask.executeRecursively(NodeTestTask.java:143) ~[junit-platform-engine-1.10.5.jar:1.10.5]
	at org.junit.platform.engine.support.hierarchical.NodeTestTask.execute(NodeTestTask.java:100) ~[junit-platform-engine-1.10.5.jar:1.10.5]
	at org.junit.platform.engine.support.hierarchical.SameThreadHierarchicalTestExecutorService.submit(SameThreadHierarchicalTestExecutorService.java:35) ~[junit-platform-engine-1.10.5.jar:1.10.5]
	at org.junit.platform.engine.support.hierarchical.HierarchicalTestExecutor.execute(HierarchicalTestExecutor.java:57) ~[junit-platform-engine-1.10.5.jar:1.10.5]
	at org.junit.platform.engine.support.hierarchical.HierarchicalTestEngine.execute(HierarchicalTestEngine.java:54) ~[junit-platform-engine-1.10.5.jar:1.10.5]
	at org.junit.platform.launcher.core.EngineExecutionOrchestrator.execute(EngineExecutionOrchestrator.java:198) ~[junit-platform-launcher-1.10.5.jar:1.10.5]
	at org.junit.platform.launcher.core.EngineExecutionOrchestrator.execute(EngineExecutionOrchestrator.java:169) ~[junit-platform-launcher-1.10.5.jar:1.10.5]
	at org.junit.platform.launcher.core.EngineExecutionOrchestrator.execute(EngineExecutionOrchestrator.java:93) ~[junit-platform-launcher-1.10.5.jar:1.10.5]
	at org.junit.platform.launcher.core.EngineExecutionOrchestrator.lambda$execute$0(EngineExecutionOrchestrator.java:58) ~[junit-platform-launcher-1.10.5.jar:1.10.5]
	at org.junit.platform.launcher.core.EngineExecutionOrchestrator.withInterceptedStreams(EngineExecutionOrchestrator.java:141) ~[junit-platform-launcher-1.10.5.jar:1.10.5]
	at org.junit.platform.launcher.core.EngineExecutionOrchestrator.execute(EngineExecutionOrchestrator.java:57) ~[junit-platform-launcher-1.10.5.jar:1.10.5]
	at org.junit.platform.launcher.core.DefaultLauncher.execute(DefaultLauncher.java:103) ~[junit-platform-launcher-1.10.5.jar:1.10.5]
	at org.junit.platform.launcher.core.DefaultLauncher.execute(DefaultLauncher.java:85) ~[junit-platform-launcher-1.10.5.jar:1.10.5]
	at org.junit.platform.launcher.core.DelegatingLauncher.execute(DelegatingLauncher.java:47) ~[junit-platform-launcher-1.10.5.jar:1.10.5]
	at org.apache.maven.surefire.junitplatform.LazyLauncher.execute(LazyLauncher.java:56) ~[surefire-junit-platform-3.2.5.jar:3.2.5]
	at org.apache.maven.surefire.junitplatform.JUnitPlatformProvider.execute(JUnitPlatformProvider.java:184) ~[surefire-junit-platform-3.2.5.jar:3.2.5]
	at org.apache.maven.surefire.junitplatform.JUnitPlatformProvider.invokeAllTests(JUnitPlatformProvider.java:148) ~[surefire-junit-platform-3.2.5.jar:3.2.5]
	at org.apache.maven.surefire.junitplatform.JUnitPlatformProvider.invoke(JUnitPlatformProvider.java:122) ~[surefire-junit-platform-3.2.5.jar:3.2.5]
	at org.apache.maven.surefire.booter.ForkedBooter.runSuitesInProcess(ForkedBooter.java:385) ~[surefire-booter-3.2.5.jar:3.2.5]
	at org.apache.maven.surefire.booter.ForkedBooter.execute(ForkedBooter.java:162) ~[surefire-booter-3.2.5.jar:3.2.5]
	at org.apache.maven.surefire.booter.ForkedBooter.run(ForkedBooter.java:507) ~[surefire-booter-3.2.5.jar:3.2.5]
	at org.apache.maven.surefire.booter.ForkedBooter.main(ForkedBooter.java:495) ~[surefire-booter-3.2.5.jar:3.2.5]
Caused by: org.postgresql.util.PSQLException: Connection to localhost:5432 refused. Check that the hostname and port are correct and that the postmaster is accepting TCP/IP connections.
	at org.postgresql.core.v3.ConnectionFactoryImpl.openConnectionImpl(ConnectionFactoryImpl.java:352) ~[postgresql-42.7.4.jar:42.7.4]
	at org.postgresql.core.ConnectionFactory.openConnection(ConnectionFactory.java:54) ~[postgresql-42.7.4.jar:42.7.4]
	at org.postgresql.jdbc.PgConnection.<init>(PgConnection.java:273) ~[postgresql-42.7.4.jar:42.7.4]
	at org.postgresql.Driver.makeConnection(Driver.java:446) ~[postgresql-42.7.4.jar:42.7.4]
	at org.postgresql.Driver.connect(Driver.java:298) ~[postgresql-42.7.4.jar:42.7.4]
	at com.zaxxer.hikari.util.DriverDataSource.getConnection(DriverDataSource.java:137) ~[HikariCP-5.1.0.jar:na]
	at com.zaxxer.hikari.pool.PoolBase.newConnection(PoolBase.java:360) ~[HikariCP-5.1.0.jar:na]
	at com.zaxxer.hikari.pool.PoolBase.newPoolEntry(PoolBase.java:202) ~[HikariCP-5.1.0.jar:na]
	at com.zaxxer.hikari.pool.HikariPool.createPoolEntry(HikariPool.java:461) ~[HikariCP-5.1.0.jar:na]
	at com.zaxxer.hikari.pool.HikariPool.checkFailFast(HikariPool.java:550) ~[HikariCP-5.1.0.jar:na]
	at com.zaxxer.hikari.pool.HikariPool.<init>(HikariPool.java:98) ~[HikariCP-5.1.0.jar:na]
	at com.zaxxer.hikari.HikariDataSource.getConnection(HikariDataSource.java:111) ~[HikariCP-5.1.0.jar:na]
	at org.hibernate.engine.jdbc.connections.internal.DatasourceConnectionProviderImpl.getConnection(DatasourceConnectionProviderImpl.java:122) ~[hibernate-core-6.5.3.Final.jar:6.5.3.Final]
	at org.hibernate.engine.jdbc.env.internal.JdbcEnvironmentInitiator$ConnectionProviderJdbcConnectionAccess.obtainConnection(JdbcEnvironmentInitiator.java:439) ~[hibernate-core-6.5.3.Final.jar:6.5.3.Final]
	at org.hibernate.resource.transaction.backend.jdbc.internal.JdbcIsolationDelegate.delegateWork(JdbcIsolationDelegate.java:61) ~[hibernate-core-6.5.3.Final.jar:6.5.3.Final]
	... 113 common frames omitted
Caused by: java.net.ConnectException: Connection refused: getsockopt
	at java.base/sun.nio.ch.Net.pollConnect(Native Method) ~[na:na]
	at java.base/sun.nio.ch.Net.pollConnectNow(Net.java:682) ~[na:na]
	at java.base/sun.nio.ch.NioSocketImpl.timedFinishConnect(NioSocketImpl.java:542) ~[na:na]
	at java.base/sun.nio.ch.NioSocketImpl.connect(NioSocketImpl.java:592) ~[na:na]
	at java.base/java.net.SocksSocketImpl.connect(SocksSocketImpl.java:327) ~[na:na]
	at java.base/java.net.Socket.connect(Socket.java:752) ~[na:na]
	at org.postgresql.core.PGStream.createSocket(PGStream.java:260) ~[postgresql-42.7.4.jar:42.7.4]
	at org.postgresql.core.PGStream.<init>(PGStream.java:121) ~[postgresql-42.7.4.jar:42.7.4]
	at org.postgresql.core.v3.ConnectionFactoryImpl.tryConnect(ConnectionFactoryImpl.java:140) ~[postgresql-42.7.4.jar:42.7.4]
	at org.postgresql.core.v3.ConnectionFactoryImpl.openConnectionImpl(ConnectionFactoryImpl.java:268) ~[postgresql-42.7.4.jar:42.7.4]
	... 127 common frames omitted

2024-11-19T16:56:11.592-03:00  WARN 11752 --- [clinical-study-system] [           main] org.hibernate.orm.deprecation            : HHH90000025: PostgreSQLDialect does not need to be specified explicitly using 'hibernate.dialect' (remove the property setting and it will be selected by default)
2024-11-19T16:56:11.593-03:00 DEBUG 11752 --- [clinical-study-system] [           main] org.hibernate.orm.dialect                : HHH035001: Using dialect: org.hibernate.dialect.PostgreSQLDialect, version: 12.0
2024-11-19T16:56:11.600-03:00 DEBUG 11752 --- [clinical-study-system] [           main] org.hibernate.orm.jdbc.lob               : HHH10010002: Disabling contextual LOB creation as connection was null
2024-11-19T16:56:11.608-03:00 DEBUG 11752 --- [clinical-study-system] [           main] o.h.t.d.sql.spi.DdlTypeRegistry          : addDescriptor(2003, org.hibernate.type.descriptor.sql.internal.ArrayDdlTypeImpl@246de37e) replaced previous registration(org.hibernate.type.descriptor.sql.internal.ArrayDdlTypeImpl@19647566)
2024-11-19T16:56:11.608-03:00 DEBUG 11752 --- [clinical-study-system] [           main] o.h.t.d.sql.spi.DdlTypeRegistry          : addDescriptor(6, org.hibernate.type.descriptor.sql.internal.CapacityDependentDdlType@7b79ff1c) replaced previous registration(org.hibernate.type.descriptor.sql.internal.DdlTypeImpl@527d48db)
2024-11-19T16:56:11.611-03:00 DEBUG 11752 --- [clinical-study-system] [           main] o.h.t.d.jdbc.spi.JdbcTypeRegistry        : addDescriptor(2004, BlobTypeDescriptor(BLOB_BINDING)) replaced previous registration(BlobTypeDescriptor(DEFAULT))
2024-11-19T16:56:11.611-03:00 DEBUG 11752 --- [clinical-study-system] [           main] o.h.t.d.jdbc.spi.JdbcTypeRegistry        : addDescriptor(2005, ClobTypeDescriptor(CLOB_BINDING)) replaced previous registration(ClobTypeDescriptor(DEFAULT))
2024-11-19T16:56:11.619-03:00 DEBUG 11752 --- [clinical-study-system] [           main] org.hibernate.type.BasicTypeRegistry     : Adding type registration JAVA_OBJECT -> org.hibernate.type.JavaObjectType@25f7cc38
2024-11-19T16:56:11.620-03:00 DEBUG 11752 --- [clinical-study-system] [           main] org.hibernate.type.BasicTypeRegistry     : Adding type registration java.lang.Object -> org.hibernate.type.JavaObjectType@25f7cc38
2024-11-19T16:56:11.620-03:00 DEBUG 11752 --- [clinical-study-system] [           main] org.hibernate.type.BasicTypeRegistry     : Type registration key [java.lang.Object] overrode previous entry : `org.hibernate.type.JavaObjectType@2e3f324e`
2024-11-19T16:56:11.624-03:00 DEBUG 11752 --- [clinical-study-system] [           main] org.hibernate.type.BasicTypeRegistry     : Adding type registration org.hibernate.type.DurationType -> basicType@1(java.time.Duration,3015)
2024-11-19T16:56:11.625-03:00 DEBUG 11752 --- [clinical-study-system] [           main] org.hibernate.type.BasicTypeRegistry     : Adding type registration Duration -> basicType@1(java.time.Duration,3015)
2024-11-19T16:56:11.625-03:00 DEBUG 11752 --- [clinical-study-system] [           main] org.hibernate.type.BasicTypeRegistry     : Adding type registration java.time.Duration -> basicType@1(java.time.Duration,3015)
2024-11-19T16:56:11.628-03:00 DEBUG 11752 --- [clinical-study-system] [           main] org.hibernate.type.BasicTypeRegistry     : Adding type registration org.hibernate.type.OffsetDateTimeType -> basicType@2(java.time.OffsetDateTime,3003)
2024-11-19T16:56:11.628-03:00 DEBUG 11752 --- [clinical-study-system] [           main] org.hibernate.type.BasicTypeRegistry     : Adding type registration OffsetDateTime -> basicType@2(java.time.OffsetDateTime,3003)
2024-11-19T16:56:11.628-03:00 DEBUG 11752 --- [clinical-study-system] [           main] org.hibernate.type.BasicTypeRegistry     : Adding type registration java.time.OffsetDateTime -> basicType@2(java.time.OffsetDateTime,3003)
2024-11-19T16:56:11.628-03:00 DEBUG 11752 --- [clinical-study-system] [           main] org.hibernate.type.BasicTypeRegistry     : Adding type registration org.hibernate.type.ZonedDateTimeType -> basicType@3(java.time.ZonedDateTime,3003)
2024-11-19T16:56:11.628-03:00 DEBUG 11752 --- [clinical-study-system] [           main] org.hibernate.type.BasicTypeRegistry     : Adding type registration ZonedDateTime -> basicType@3(java.time.ZonedDateTime,3003)
2024-11-19T16:56:11.628-03:00 DEBUG 11752 --- [clinical-study-system] [           main] org.hibernate.type.BasicTypeRegistry     : Adding type registration java.time.ZonedDateTime -> basicType@3(java.time.ZonedDateTime,3003)
2024-11-19T16:56:11.629-03:00 DEBUG 11752 --- [clinical-study-system] [           main] org.hibernate.type.BasicTypeRegistry     : Adding type registration org.hibernate.type.OffsetTimeType -> basicType@4(java.time.OffsetTime,3007)
2024-11-19T16:56:11.629-03:00 DEBUG 11752 --- [clinical-study-system] [           main] org.hibernate.type.BasicTypeRegistry     : Adding type registration OffsetTime -> basicType@4(java.time.OffsetTime,3007)
2024-11-19T16:56:11.629-03:00 DEBUG 11752 --- [clinical-study-system] [           main] org.hibernate.type.BasicTypeRegistry     : Adding type registration java.time.OffsetTime -> basicType@4(java.time.OffsetTime,3007)
2024-11-19T16:56:11.630-03:00 DEBUG 11752 --- [clinical-study-system] [           main] o.h.type.spi.TypeConfiguration$Scope     : Scoping TypeConfiguration [org.hibernate.type.spi.TypeConfiguration@b841713] to MetadataBuildingContext [org.hibernate.boot.internal.MetadataBuildingContextRootImpl@3fef1e6b]
2024-11-19T16:56:11.689-03:00 DEBUG 11752 --- [clinical-study-system] [           main] o.h.boot.model.relational.Namespace      : Created database namespace [logicalName=Name{catalog=null, schema=null}, physicalName=Name{catalog=null, schema=null}]
2024-11-19T16:56:11.725-03:00 DEBUG 11752 --- [clinical-study-system] [           main] o.h.boot.model.internal.EntityBinder     : Binding entity from annotated class: com.inovamed.clinical_study_system.model.application.Application
2024-11-19T16:56:11.734-03:00 DEBUG 11752 --- [clinical-study-system] [           main] o.h.boot.model.internal.EntityBinder     : Import with entity name tb_application
2024-11-19T16:56:11.742-03:00 DEBUG 11752 --- [clinical-study-system] [           main] o.h.boot.model.internal.EntityBinder     : Bind entity com.inovamed.clinical_study_system.model.application.Application on table tb_application
2024-11-19T16:56:11.756-03:00 DEBUG 11752 --- [clinical-study-system] [           main] o.h.boot.model.internal.AnnotatedColumn  : Binding column: AnnotatedDiscriminatorColumn(column='DTYPE')
2024-11-19T16:56:11.787-03:00 DEBUG 11752 --- [clinical-study-system] [           main] o.h.boot.model.internal.AnnotatedColumn  : Binding column: AnnotatedColumn()
2024-11-19T16:56:11.788-03:00 DEBUG 11752 --- [clinical-study-system] [           main] o.h.boot.internal.ClassLoaderAccessImpl  : Not known whether passed class name [com.inovamed.clinical_study_system.model.application.Application] is safe
2024-11-19T16:56:11.789-03:00 DEBUG 11752 --- [clinical-study-system] [           main] o.h.boot.internal.ClassLoaderAccessImpl  : No temp ClassLoader provided; using live ClassLoader for loading potentially unsafe class : com.inovamed.clinical_study_system.model.application.Application
2024-11-19T16:56:11.794-03:00 DEBUG 11752 --- [clinical-study-system] [           main] o.h.boot.model.internal.PropertyBinder   : MetadataSourceProcessor property id with lazy=false
2024-11-19T16:56:11.800-03:00 DEBUG 11752 --- [clinical-study-system] [           main] o.h.b.m.internal.AbstractPropertyHolder  : Attempting to locate auto-apply AttributeConverter for property [com.inovamed.clinical_study_system.model.application.Application:id]
2024-11-19T16:56:11.803-03:00 DEBUG 11752 --- [clinical-study-system] [           main] o.h.b.model.internal.BasicValueBinder    : building BasicValue for id
2024-11-19T16:56:11.807-03:00 DEBUG 11752 --- [clinical-study-system] [           main] org.hibernate.mapping.BasicValue         : Skipping column re-registration: tb_application.id
2024-11-19T16:56:11.808-03:00 DEBUG 11752 --- [clinical-study-system] [           main] o.h.boot.model.internal.PropertyBinder   : Building property id
2024-11-19T16:56:11.811-03:00 DEBUG 11752 --- [clinical-study-system] [           main] o.h.boot.model.internal.BinderHelper     : #makeIdGenerator(BasicValue([Column(id)]), id, identity, , ...)
2024-11-19T16:56:11.813-03:00 DEBUG 11752 --- [clinical-study-system] [           main] o.h.boot.model.internal.AnnotatedColumn  : Binding column: AnnotatedJoinColumn(column='doctor_id')
2024-11-19T16:56:11.814-03:00 DEBUG 11752 --- [clinical-study-system] [           main] o.h.boot.model.internal.AnnotatedColumn  : Binding column: AnnotatedColumn()
2024-11-19T16:56:11.820-03:00 DEBUG 11752 --- [clinical-study-system] [           main] o.h.boot.model.internal.PropertyBinder   : Building property doctor
2024-11-19T16:56:11.821-03:00 DEBUG 11752 --- [clinical-study-system] [           main] o.h.boot.model.internal.AnnotatedColumn  : Binding column: AnnotatedColumn()
2024-11-19T16:56:11.821-03:00 DEBUG 11752 --- [clinical-study-system] [           main] o.h.boot.model.internal.PropertyBinder   : MetadataSourceProcessor property message with lazy=false
2024-11-19T16:56:11.821-03:00 DEBUG 11752 --- [clinical-study-system] [           main] o.h.b.m.internal.AbstractPropertyHolder  : Attempting to locate auto-apply AttributeConverter for property [com.inovamed.clinical_study_system.model.application.Application:message]
2024-11-19T16:56:11.821-03:00 DEBUG 11752 --- [clinical-study-system] [           main] o.h.b.model.internal.BasicValueBinder    : building BasicValue for message
2024-11-19T16:56:11.821-03:00 DEBUG 11752 --- [clinical-study-system] [           main] org.hibernate.mapping.BasicValue         : Skipping column re-registration: tb_application.message
2024-11-19T16:56:11.821-03:00 DEBUG 11752 --- [clinical-study-system] [           main] o.h.boot.model.internal.PropertyBinder   : Building property message
2024-11-19T16:56:11.822-03:00 DEBUG 11752 --- [clinical-study-system] [           main] o.h.boot.model.internal.AnnotatedColumn  : Binding column: AnnotatedJoinColumn(column='patient_id')
2024-11-19T16:56:11.822-03:00 DEBUG 11752 --- [clinical-study-system] [           main] o.h.boot.model.internal.AnnotatedColumn  : Binding column: AnnotatedColumn()
2024-11-19T16:56:11.822-03:00 DEBUG 11752 --- [clinical-study-system] [           main] o.h.boot.model.internal.PropertyBinder   : Building property patient
2024-11-19T16:56:11.822-03:00 DEBUG 11752 --- [clinical-study-system] [           main] o.h.boot.model.internal.AnnotatedColumn  : Binding column: AnnotatedJoinColumn()
2024-11-19T16:56:11.823-03:00 DEBUG 11752 --- [clinical-study-system] [           main] o.h.boot.model.internal.AnnotatedColumn  : Binding column: AnnotatedColumn()
2024-11-19T16:56:11.823-03:00 DEBUG 11752 --- [clinical-study-system] [           main] o.h.boot.model.internal.PropertyBinder   : Building property research
2024-11-19T16:56:11.824-03:00 DEBUG 11752 --- [clinical-study-system] [           main] o.h.boot.model.internal.AnnotatedColumn  : Binding column: AnnotatedColumn()
2024-11-19T16:56:11.824-03:00 DEBUG 11752 --- [clinical-study-system] [           main] o.h.boot.model.internal.PropertyBinder   : MetadataSourceProcessor property statusApplication with lazy=false
2024-11-19T16:56:11.824-03:00 DEBUG 11752 --- [clinical-study-system] [           main] o.h.b.m.internal.AbstractPropertyHolder  : Attempting to locate auto-apply AttributeConverter for property [com.inovamed.clinical_study_system.model.application.Application:statusApplication]
2024-11-19T16:56:11.824-03:00 DEBUG 11752 --- [clinical-study-system] [           main] o.h.b.model.internal.BasicValueBinder    : building BasicValue for statusApplication
2024-11-19T16:56:11.824-03:00 DEBUG 11752 --- [clinical-study-system] [           main] org.hibernate.mapping.BasicValue         : Skipping column re-registration: tb_application.status_application
2024-11-19T16:56:11.824-03:00 DEBUG 11752 --- [clinical-study-system] [           main] o.h.boot.model.internal.PropertyBinder   : Building property statusApplication
2024-11-19T16:56:11.826-03:00 DEBUG 11752 --- [clinical-study-system] [           main] o.h.b.r.c.i.ClassLoaderServiceImpl       : HHH000194: Package not found or no package-info.java: com.inovamed.clinical_study_system.model.application
2024-11-19T16:56:11.831-03:00 DEBUG 11752 --- [clinical-study-system] [           main] o.h.boot.model.internal.EntityBinder     : Binding entity from annotated class: com.inovamed.clinical_study_system.model.attachment.Attachment
2024-11-19T16:56:11.833-03:00 DEBUG 11752 --- [clinical-study-system] [           main] o.h.boot.model.internal.EntityBinder     : Import with entity name tb_attachment
2024-11-19T16:56:11.833-03:00 DEBUG 11752 --- [clinical-study-system] [           main] o.h.boot.model.internal.EntityBinder     : Bind entity com.inovamed.clinical_study_system.model.attachment.Attachment on table tb_attachment
2024-11-19T16:56:11.833-03:00 DEBUG 11752 --- [clinical-study-system] [           main] o.h.boot.model.internal.AnnotatedColumn  : Binding column: AnnotatedDiscriminatorColumn(column='DTYPE')
2024-11-19T16:56:11.837-03:00 DEBUG 11752 --- [clinical-study-system] [           main] o.h.boot.model.internal.AnnotatedColumn  : Binding column: AnnotatedColumn()
2024-11-19T16:56:11.837-03:00 DEBUG 11752 --- [clinical-study-system] [           main] o.h.boot.internal.ClassLoaderAccessImpl  : Not known whether passed class name [com.inovamed.clinical_study_system.model.attachment.Attachment] is safe
2024-11-19T16:56:11.837-03:00 DEBUG 11752 --- [clinical-study-system] [           main] o.h.boot.internal.ClassLoaderAccessImpl  : No temp ClassLoader provided; using live ClassLoader for loading potentially unsafe class : com.inovamed.clinical_study_system.model.attachment.Attachment
2024-11-19T16:56:11.837-03:00 DEBUG 11752 --- [clinical-study-system] [           main] o.h.boot.model.internal.PropertyBinder   : MetadataSourceProcessor property id with lazy=false
2024-11-19T16:56:11.837-03:00 DEBUG 11752 --- [clinical-study-system] [           main] o.h.b.m.internal.AbstractPropertyHolder  : Attempting to locate auto-apply AttributeConverter for property [com.inovamed.clinical_study_system.model.attachment.Attachment:id]
2024-11-19T16:56:11.837-03:00 DEBUG 11752 --- [clinical-study-system] [           main] o.h.b.model.internal.BasicValueBinder    : building BasicValue for id
2024-11-19T16:56:11.837-03:00 DEBUG 11752 --- [clinical-study-system] [           main] org.hibernate.mapping.BasicValue         : Skipping column re-registration: tb_attachment.id
2024-11-19T16:56:11.837-03:00 DEBUG 11752 --- [clinical-study-system] [           main] o.h.boot.model.internal.PropertyBinder   : Building property id
2024-11-19T16:56:11.837-03:00 DEBUG 11752 --- [clinical-study-system] [           main] o.h.boot.model.internal.BinderHelper     : #makeIdGenerator(BasicValue([Column(id)]), id, identity, , ...)
2024-11-19T16:56:11.838-03:00 DEBUG 11752 --- [clinical-study-system] [           main] o.h.boot.model.internal.AnnotatedColumn  : Binding column: AnnotatedColumn()
2024-11-19T16:56:11.838-03:00 DEBUG 11752 --- [clinical-study-system] [           main] o.h.boot.model.internal.PropertyBinder   : MetadataSourceProcessor property archive with lazy=false
2024-11-19T16:56:11.838-03:00 DEBUG 11752 --- [clinical-study-system] [           main] o.h.b.m.internal.AbstractPropertyHolder  : Attempting to locate auto-apply AttributeConverter for property [com.inovamed.clinical_study_system.model.attachment.Attachment:archive]
2024-11-19T16:56:11.838-03:00 DEBUG 11752 --- [clinical-study-system] [           main] o.h.b.model.internal.BasicValueBinder    : building BasicValue for archive
2024-11-19T16:56:11.838-03:00 DEBUG 11752 --- [clinical-study-system] [           main] org.hibernate.mapping.BasicValue         : Skipping column re-registration: tb_attachment.archive
2024-11-19T16:56:11.838-03:00 DEBUG 11752 --- [clinical-study-system] [           main] o.h.boot.model.internal.PropertyBinder   : Building property archive
2024-11-19T16:56:11.839-03:00 DEBUG 11752 --- [clinical-study-system] [           main] o.h.boot.model.internal.AnnotatedColumn  : Binding column: AnnotatedColumn()
2024-11-19T16:56:11.839-03:00 DEBUG 11752 --- [clinical-study-system] [           main] o.h.boot.model.internal.PropertyBinder   : MetadataSourceProcessor property name with lazy=false
2024-11-19T16:56:11.839-03:00 DEBUG 11752 --- [clinical-study-system] [           main] o.h.b.m.internal.AbstractPropertyHolder  : Attempting to locate auto-apply AttributeConverter for property [com.inovamed.clinical_study_system.model.attachment.Attachment:name]
2024-11-19T16:56:11.839-03:00 DEBUG 11752 --- [clinical-study-system] [           main] o.h.b.model.internal.BasicValueBinder    : building BasicValue for name
2024-11-19T16:56:11.839-03:00 DEBUG 11752 --- [clinical-study-system] [           main] org.hibernate.mapping.BasicValue         : Skipping column re-registration: tb_attachment.name
2024-11-19T16:56:11.839-03:00 DEBUG 11752 --- [clinical-study-system] [           main] o.h.boot.model.internal.PropertyBinder   : Building property name
2024-11-19T16:56:11.840-03:00 DEBUG 11752 --- [clinical-study-system] [           main] o.h.boot.model.internal.AnnotatedColumn  : Binding column: AnnotatedJoinColumn(column='notification_id')
2024-11-19T16:56:11.840-03:00 DEBUG 11752 --- [clinical-study-system] [           main] o.h.boot.model.internal.AnnotatedColumn  : Binding column: AnnotatedColumn()
2024-11-19T16:56:11.840-03:00 DEBUG 11752 --- [clinical-study-system] [           main] o.h.boot.model.internal.PropertyBinder   : Building property notification
2024-11-19T16:56:11.840-03:00 DEBUG 11752 --- [clinical-study-system] [           main] o.h.boot.model.internal.AnnotatedColumn  : Binding column: AnnotatedJoinColumn(column='research_id')
2024-11-19T16:56:11.841-03:00 DEBUG 11752 --- [clinical-study-system] [           main] o.h.boot.model.internal.AnnotatedColumn  : Binding column: AnnotatedColumn()
2024-11-19T16:56:11.841-03:00 DEBUG 11752 --- [clinical-study-system] [           main] o.h.boot.model.internal.PropertyBinder   : Building property research
2024-11-19T16:56:11.841-03:00 DEBUG 11752 --- [clinical-study-system] [           main] o.h.boot.model.internal.AnnotatedColumn  : Binding column: AnnotatedJoinColumn(column='user_id')
2024-11-19T16:56:11.842-03:00 DEBUG 11752 --- [clinical-study-system] [           main] o.h.boot.model.internal.AnnotatedColumn  : Binding column: AnnotatedColumn()
2024-11-19T16:56:11.842-03:00 DEBUG 11752 --- [clinical-study-system] [           main] o.h.boot.model.internal.PropertyBinder   : Building property user
2024-11-19T16:56:11.843-03:00 DEBUG 11752 --- [clinical-study-system] [           main] o.h.b.r.c.i.ClassLoaderServiceImpl       : HHH000194: Package not found or no package-info.java: com.inovamed.clinical_study_system.model.attachment
2024-11-19T16:56:11.844-03:00 DEBUG 11752 --- [clinical-study-system] [           main] o.h.boot.model.internal.EntityBinder     : Binding entity from annotated class: com.inovamed.clinical_study_system.model.user.User
2024-11-19T16:56:11.844-03:00 DEBUG 11752 --- [clinical-study-system] [           main] o.h.boot.model.internal.EntityBinder     : Import with entity name tb_user
2024-11-19T16:56:11.844-03:00 DEBUG 11752 --- [clinical-study-system] [           main] o.h.boot.model.internal.EntityBinder     : Bind entity com.inovamed.clinical_study_system.model.user.User on table tb_user
2024-11-19T16:56:11.853-03:00 DEBUG 11752 --- [clinical-study-system] [           main] o.h.boot.model.internal.AnnotatedColumn  : Binding column: AnnotatedColumn()
2024-11-19T16:56:11.853-03:00 DEBUG 11752 --- [clinical-study-system] [           main] o.h.boot.internal.ClassLoaderAccessImpl  : Not known whether passed class name [com.inovamed.clinical_study_system.model.user.User] is safe
2024-11-19T16:56:11.853-03:00 DEBUG 11752 --- [clinical-study-system] [           main] o.h.boot.internal.ClassLoaderAccessImpl  : No temp ClassLoader provided; using live ClassLoader for loading potentially unsafe class : com.inovamed.clinical_study_system.model.user.User
2024-11-19T16:56:11.853-03:00 DEBUG 11752 --- [clinical-study-system] [           main] o.h.boot.model.internal.PropertyBinder   : MetadataSourceProcessor property id with lazy=false
2024-11-19T16:56:11.853-03:00 DEBUG 11752 --- [clinical-study-system] [           main] o.h.b.m.internal.AbstractPropertyHolder  : Attempting to locate auto-apply AttributeConverter for property [com.inovamed.clinical_study_system.model.user.User:id]
2024-11-19T16:56:11.854-03:00 DEBUG 11752 --- [clinical-study-system] [           main] o.h.b.model.internal.BasicValueBinder    : building BasicValue for id
2024-11-19T16:56:11.854-03:00 DEBUG 11752 --- [clinical-study-system] [           main] org.hibernate.mapping.BasicValue         : Skipping column re-registration: tb_user.id
2024-11-19T16:56:11.854-03:00 DEBUG 11752 --- [clinical-study-system] [           main] o.h.boot.model.internal.PropertyBinder   : Building property id
2024-11-19T16:56:11.854-03:00 DEBUG 11752 --- [clinical-study-system] [           main] o.h.boot.model.internal.BinderHelper     : #makeIdGenerator(BasicValue([Column(id)]), id, identity, , ...)
2024-11-19T16:56:11.854-03:00 DEBUG 11752 --- [clinical-study-system] [           main] o.h.boot.model.internal.AnnotatedColumn  : Binding column: AnnotatedJoinColumn()
2024-11-19T16:56:11.855-03:00 DEBUG 11752 --- [clinical-study-system] [           main] o.h.boot.model.internal.AnnotatedColumn  : Binding column: AnnotatedColumn()
2024-11-19T16:56:11.867-03:00 DEBUG 11752 --- [clinical-study-system] [           main] o.h.boot.model.internal.AnnotatedColumn  : Binding column: IndexColumn(column='digitalSignatures_ORDER')
2024-11-19T16:56:11.870-03:00 DEBUG 11752 --- [clinical-study-system] [           main] o.h.boot.model.internal.AnnotatedColumn  : Binding column: AnnotatedColumn()
2024-11-19T16:56:11.871-03:00 DEBUG 11752 --- [clinical-study-system] [           main] o.h.boot.model.internal.AnnotatedColumn  : Binding column: AnnotatedColumn(column='digitalSignatures_KEY')
2024-11-19T16:56:11.872-03:00 DEBUG 11752 --- [clinical-study-system] [           main] o.h.boot.model.internal.AnnotatedColumn  : Binding column: AnnotatedJoinColumn(column='digitalSignatures_KEY')
2024-11-19T16:56:11.873-03:00 DEBUG 11752 --- [clinical-study-system] [           main] o.h.boot.model.internal.AnnotatedColumn  : Binding column: AnnotatedJoinColumn()
2024-11-19T16:56:11.873-03:00 DEBUG 11752 --- [clinical-study-system] [           main] o.h.boot.model.internal.AnnotatedColumn  : Binding column: AnnotatedJoinColumn()
2024-11-19T16:56:11.876-03:00 DEBUG 11752 --- [clinical-study-system] [           main] o.h.b.model.internal.CollectionBinder    : Collection role: com.inovamed.clinical_study_system.model.user.User.digitalSignatures
2024-11-19T16:56:11.878-03:00 DEBUG 11752 --- [clinical-study-system] [           main] o.h.boot.model.internal.PropertyBinder   : Building property digitalSignatures
2024-11-19T16:56:11.880-03:00 DEBUG 11752 --- [clinical-study-system] [           main] o.h.boot.model.internal.AnnotatedColumn  : Binding column: AnnotatedColumn()
2024-11-19T16:56:11.880-03:00 DEBUG 11752 --- [clinical-study-system] [           main] o.h.boot.model.internal.PropertyBinder   : MetadataSourceProcessor property email with lazy=false
2024-11-19T16:56:11.881-03:00 DEBUG 11752 --- [clinical-study-system] [           main] o.h.b.m.internal.AbstractPropertyHolder  : Attempting to locate auto-apply AttributeConverter for property [com.inovamed.clinical_study_system.model.user.User:email]
2024-11-19T16:56:11.881-03:00 DEBUG 11752 --- [clinical-study-system] [           main] o.h.b.model.internal.BasicValueBinder    : building BasicValue for email
2024-11-19T16:56:11.881-03:00 DEBUG 11752 --- [clinical-study-system] [           main] org.hibernate.mapping.BasicValue         : Skipping column re-registration: tb_user.email
2024-11-19T16:56:11.881-03:00 DEBUG 11752 --- [clinical-study-system] [           main] o.h.boot.model.internal.PropertyBinder   : Building property email
2024-11-19T16:56:11.881-03:00 DEBUG 11752 --- [clinical-study-system] [           main] o.h.boot.model.internal.AnnotatedColumn  : Binding column: AnnotatedColumn()
2024-11-19T16:56:11.881-03:00 DEBUG 11752 --- [clinical-study-system] [           main] o.h.boot.model.internal.PropertyBinder   : MetadataSourceProcessor property password with lazy=false
2024-11-19T16:56:11.881-03:00 DEBUG 11752 --- [clinical-study-system] [           main] o.h.b.m.internal.AbstractPropertyHolder  : Attempting to locate auto-apply AttributeConverter for property [com.inovamed.clinical_study_system.model.user.User:password]
2024-11-19T16:56:11.881-03:00 DEBUG 11752 --- [clinical-study-system] [           main] o.h.b.model.internal.BasicValueBinder    : building BasicValue for password
2024-11-19T16:56:11.881-03:00 DEBUG 11752 --- [clinical-study-system] [           main] org.hibernate.mapping.BasicValue         : Skipping column re-registration: tb_user.password
2024-11-19T16:56:11.881-03:00 DEBUG 11752 --- [clinical-study-system] [           main] o.h.boot.model.internal.PropertyBinder   : Building property password
2024-11-19T16:56:11.881-03:00 DEBUG 11752 --- [clinical-study-system] [           main] o.h.boot.model.internal.AnnotatedColumn  : Binding column: AnnotatedColumn()
2024-11-19T16:56:11.882-03:00 DEBUG 11752 --- [clinical-study-system] [           main] o.h.boot.model.internal.PropertyBinder   : MetadataSourceProcessor property publicKey with lazy=false
2024-11-19T16:56:11.882-03:00 DEBUG 11752 --- [clinical-study-system] [           main] o.h.b.m.internal.AbstractPropertyHolder  : Attempting to locate auto-apply AttributeConverter for property [com.inovamed.clinical_study_system.model.user.User:publicKey]
2024-11-19T16:56:11.882-03:00 DEBUG 11752 --- [clinical-study-system] [           main] o.h.b.model.internal.BasicValueBinder    : building BasicValue for publicKey
2024-11-19T16:56:11.882-03:00 DEBUG 11752 --- [clinical-study-system] [           main] org.hibernate.mapping.BasicValue         : Skipping column re-registration: tb_user.public_key
2024-11-19T16:56:11.882-03:00 DEBUG 11752 --- [clinical-study-system] [           main] o.h.boot.model.internal.PropertyBinder   : Building property publicKey
2024-11-19T16:56:11.882-03:00 DEBUG 11752 --- [clinical-study-system] [           main] o.h.boot.model.internal.AnnotatedColumn  : Binding column: AnnotatedColumn()
2024-11-19T16:56:11.882-03:00 DEBUG 11752 --- [clinical-study-system] [           main] o.h.boot.model.internal.PropertyBinder   : MetadataSourceProcessor property roles with lazy=false
2024-11-19T16:56:11.882-03:00 DEBUG 11752 --- [clinical-study-system] [           main] o.h.b.m.internal.AbstractPropertyHolder  : Attempting to locate auto-apply AttributeConverter for property [com.inovamed.clinical_study_system.model.user.User:roles]
2024-11-19T16:56:11.882-03:00 DEBUG 11752 --- [clinical-study-system] [           main] o.h.b.model.internal.BasicValueBinder    : building BasicValue for roles
2024-11-19T16:56:11.882-03:00 DEBUG 11752 --- [clinical-study-system] [           main] org.hibernate.mapping.BasicValue         : Skipping column re-registration: tb_user.roles
2024-11-19T16:56:11.882-03:00 DEBUG 11752 --- [clinical-study-system] [           main] o.h.boot.model.internal.PropertyBinder   : Building property roles
2024-11-19T16:56:11.883-03:00 DEBUG 11752 --- [clinical-study-system] [           main] o.h.b.r.c.i.ClassLoaderServiceImpl       : HHH000194: Package not found or no package-info.java: com.inovamed.clinical_study_system.model.user
2024-11-19T16:56:11.884-03:00 DEBUG 11752 --- [clinical-study-system] [           main] o.h.boot.model.internal.EntityBinder     : Binding entity from annotated class: com.inovamed.clinical_study_system.model.clinical_study_representative.ClinicalStudyRepresentative
2024-11-19T16:56:11.884-03:00 DEBUG 11752 --- [clinical-study-system] [           main] o.h.boot.model.internal.EntityBinder     : Import with entity name tb_clinical_study_representative
2024-11-19T16:56:11.884-03:00 DEBUG 11752 --- [clinical-study-system] [           main] o.h.boot.model.internal.EntityBinder     : Bind entity com.inovamed.clinical_study_system.model.clinical_study_representative.ClinicalStudyRepresentative on table tb_clinical_study_representative
2024-11-19T16:56:11.885-03:00 DEBUG 11752 --- [clinical-study-system] [           main] o.h.boot.model.internal.AnnotatedColumn  : Binding column: AnnotatedJoinColumn(column='id')
2024-11-19T16:56:11.887-03:00 DEBUG 11752 --- [clinical-study-system] [           main] o.h.boot.model.internal.PropertyBinder   : Skipping attribute [java.lang.Long : id] as it was already processed as part of super hierarchy
2024-11-19T16:56:11.891-03:00 DEBUG 11752 --- [clinical-study-system] [           main] o.h.boot.model.internal.AnnotatedColumn  : Binding column: AnnotatedColumn()
2024-11-19T16:56:11.897-03:00 DEBUG 11752 --- [clinical-study-system] [           main] o.h.boot.model.internal.PropertyBinder   : MetadataSourceProcessor property clinicalRole with lazy=false
2024-11-19T16:56:11.897-03:00 DEBUG 11752 --- [clinical-study-system] [           main] o.h.b.m.internal.AbstractPropertyHolder  : Attempting to locate auto-apply AttributeConverter for property [com.inovamed.clinical_study_system.model.clinical_study_representative.ClinicalStudyRepresentative:clinicalRole]
2024-11-19T16:56:11.897-03:00 DEBUG 11752 --- [clinical-study-system] [           main] o.h.b.model.internal.BasicValueBinder    : building BasicValue for clinicalRole
2024-11-19T16:56:11.897-03:00 DEBUG 11752 --- [clinical-study-system] [           main] org.hibernate.mapping.BasicValue         : Skipping column re-registration: tb_clinical_study_representative.clinical_role
2024-11-19T16:56:11.897-03:00 DEBUG 11752 --- [clinical-study-system] [           main] o.h.boot.model.internal.PropertyBinder   : Building property clinicalRole
2024-11-19T16:56:11.897-03:00 DEBUG 11752 --- [clinical-study-system] [           main] o.h.boot.model.internal.AnnotatedColumn  : Binding column: AnnotatedColumn()
2024-11-19T16:56:11.897-03:00 DEBUG 11752 --- [clinical-study-system] [           main] o.h.boot.model.internal.PropertyBinder   : MetadataSourceProcessor property experiences with lazy=false
2024-11-19T16:56:11.897-03:00 DEBUG 11752 --- [clinical-study-system] [           main] o.h.b.m.internal.AbstractPropertyHolder  : Attempting to locate auto-apply AttributeConverter for property [com.inovamed.clinical_study_system.model.clinical_study_representative.ClinicalStudyRepresentative:experiences]
2024-11-19T16:56:11.897-03:00 DEBUG 11752 --- [clinical-study-system] [           main] o.h.b.model.internal.BasicValueBinder    : building BasicValue for experiences
2024-11-19T16:56:11.897-03:00 DEBUG 11752 --- [clinical-study-system] [           main] org.hibernate.mapping.BasicValue         : Skipping column re-registration: tb_clinical_study_representative.experiences
2024-11-19T16:56:11.898-03:00 DEBUG 11752 --- [clinical-study-system] [           main] o.h.boot.model.internal.PropertyBinder   : Building property experiences
2024-11-19T16:56:11.898-03:00 DEBUG 11752 --- [clinical-study-system] [           main] o.h.boot.model.internal.AnnotatedColumn  : Binding column: AnnotatedColumn()
2024-11-19T16:56:11.898-03:00 DEBUG 11752 --- [clinical-study-system] [           main] o.h.boot.model.internal.PropertyBinder   : MetadataSourceProcessor property name with lazy=false
2024-11-19T16:56:11.898-03:00 DEBUG 11752 --- [clinical-study-system] [           main] o.h.b.m.internal.AbstractPropertyHolder  : Attempting to locate auto-apply AttributeConverter for property [com.inovamed.clinical_study_system.model.clinical_study_representative.ClinicalStudyRepresentative:name]
2024-11-19T16:56:11.898-03:00 DEBUG 11752 --- [clinical-study-system] [           main] o.h.b.model.internal.BasicValueBinder    : building BasicValue for name
2024-11-19T16:56:11.898-03:00 DEBUG 11752 --- [clinical-study-system] [           main] org.hibernate.mapping.BasicValue         : Skipping column re-registration: tb_clinical_study_representative.name
2024-11-19T16:56:11.898-03:00 DEBUG 11752 --- [clinical-study-system] [           main] o.h.boot.model.internal.PropertyBinder   : Building property name
2024-11-19T16:56:11.898-03:00 DEBUG 11752 --- [clinical-study-system] [           main] o.h.boot.model.internal.AnnotatedColumn  : Binding column: AnnotatedJoinColumn()
2024-11-19T16:56:11.899-03:00 DEBUG 11752 --- [clinical-study-system] [           main] o.h.boot.model.internal.AnnotatedColumn  : Binding column: AnnotatedColumn()
2024-11-19T16:56:11.899-03:00 DEBUG 11752 --- [clinical-study-system] [           main] o.h.boot.model.internal.AnnotatedColumn  : Binding column: IndexColumn(column='notifications_ORDER')
2024-11-19T16:56:11.899-03:00 DEBUG 11752 --- [clinical-study-system] [           main] o.h.boot.model.internal.AnnotatedColumn  : Binding column: AnnotatedColumn()
2024-11-19T16:56:11.899-03:00 DEBUG 11752 --- [clinical-study-system] [           main] o.h.boot.model.internal.AnnotatedColumn  : Binding column: AnnotatedColumn(column='notifications_KEY')
2024-11-19T16:56:11.901-03:00 DEBUG 11752 --- [clinical-study-system] [           main] o.h.boot.model.internal.AnnotatedColumn  : Binding column: AnnotatedJoinColumn(column='notifications_KEY')
2024-11-19T16:56:11.906-03:00 DEBUG 11752 --- [clinical-study-system] [           main] o.h.boot.model.internal.AnnotatedColumn  : Binding column: AnnotatedJoinColumn()
2024-11-19T16:56:11.906-03:00 DEBUG 11752 --- [clinical-study-system] [           main] o.h.boot.model.internal.AnnotatedColumn  : Binding column: AnnotatedJoinColumn()
2024-11-19T16:56:11.906-03:00 DEBUG 11752 --- [clinical-study-system] [           main] o.h.b.model.internal.CollectionBinder    : Collection role: com.inovamed.clinical_study_system.model.clinical_study_representative.ClinicalStudyRepresentative.notifications
2024-11-19T16:56:11.906-03:00 DEBUG 11752 --- [clinical-study-system] [           main] o.h.boot.model.internal.PropertyBinder   : Building property notifications
2024-11-19T16:56:11.907-03:00 DEBUG 11752 --- [clinical-study-system] [           main] o.h.boot.model.internal.AnnotatedColumn  : Binding column: AnnotatedColumn()
2024-11-19T16:56:11.907-03:00 DEBUG 11752 --- [clinical-study-system] [           main] o.h.boot.model.internal.PropertyBinder   : MetadataSourceProcessor property phone with lazy=false
2024-11-19T16:56:11.907-03:00 DEBUG 11752 --- [clinical-study-system] [           main] o.h.b.m.internal.AbstractPropertyHolder  : Attempting to locate auto-apply AttributeConverter for property [com.inovamed.clinical_study_system.model.clinical_study_representative.ClinicalStudyRepresentative:phone]
2024-11-19T16:56:11.907-03:00 DEBUG 11752 --- [clinical-study-system] [           main] o.h.b.model.internal.BasicValueBinder    : building BasicValue for phone
2024-11-19T16:56:11.907-03:00 DEBUG 11752 --- [clinical-study-system] [           main] org.hibernate.mapping.BasicValue         : Skipping column re-registration: tb_clinical_study_representative.phone
2024-11-19T16:56:11.907-03:00 DEBUG 11752 --- [clinical-study-system] [           main] o.h.boot.model.internal.PropertyBinder   : Building property phone
2024-11-19T16:56:11.907-03:00 DEBUG 11752 --- [clinical-study-system] [           main] o.h.boot.model.internal.AnnotatedColumn  : Binding column: AnnotatedJoinColumn()
2024-11-19T16:56:11.907-03:00 DEBUG 11752 --- [clinical-study-system] [           main] o.h.boot.model.internal.AnnotatedColumn  : Binding column: AnnotatedColumn()
2024-11-19T16:56:11.908-03:00 DEBUG 11752 --- [clinical-study-system] [           main] o.h.boot.model.internal.AnnotatedColumn  : Binding column: IndexColumn(column='research_ORDER')
2024-11-19T16:56:11.908-03:00 DEBUG 11752 --- [clinical-study-system] [           main] o.h.boot.model.internal.AnnotatedColumn  : Binding column: AnnotatedColumn()
2024-11-19T16:56:11.908-03:00 DEBUG 11752 --- [clinical-study-system] [           main] o.h.boot.model.internal.AnnotatedColumn  : Binding column: AnnotatedColumn(column='research_KEY')
2024-11-19T16:56:11.908-03:00 DEBUG 11752 --- [clinical-study-system] [           main] o.h.boot.model.internal.AnnotatedColumn  : Binding column: AnnotatedJoinColumn(column='research_KEY')
2024-11-19T16:56:11.908-03:00 DEBUG 11752 --- [clinical-study-system] [           main] o.h.boot.model.internal.AnnotatedColumn  : Binding column: AnnotatedJoinColumn()
2024-11-19T16:56:11.908-03:00 DEBUG 11752 --- [clinical-study-system] [           main] o.h.boot.model.internal.AnnotatedColumn  : Binding column: AnnotatedJoinColumn()
2024-11-19T16:56:11.908-03:00 DEBUG 11752 --- [clinical-study-system] [           main] o.h.b.model.internal.CollectionBinder    : Collection role: com.inovamed.clinical_study_system.model.clinical_study_representative.ClinicalStudyRepresentative.research
2024-11-19T16:56:11.908-03:00 DEBUG 11752 --- [clinical-study-system] [           main] o.h.boot.model.internal.PropertyBinder   : Building property research
2024-11-19T16:56:11.909-03:00 DEBUG 11752 --- [clinical-study-system] [           main] o.h.boot.model.internal.EntityBinder     : Binding entity from annotated class: com.inovamed.clinical_study_system.model.consent.Consent
2024-11-19T16:56:11.910-03:00 DEBUG 11752 --- [clinical-study-system] [           main] o.h.boot.model.internal.EntityBinder     : Import with entity name tb_consent
2024-11-19T16:56:11.910-03:00 DEBUG 11752 --- [clinical-study-system] [           main] o.h.boot.model.internal.EntityBinder     : Bind entity com.inovamed.clinical_study_system.model.consent.Consent on table tb_consent
2024-11-19T16:56:11.910-03:00 DEBUG 11752 --- [clinical-study-system] [           main] o.h.boot.model.internal.AnnotatedColumn  : Binding column: AnnotatedDiscriminatorColumn(column='DTYPE')
2024-11-19T16:56:11.919-03:00 DEBUG 11752 --- [clinical-study-system] [           main] o.h.boot.model.internal.AnnotatedColumn  : Binding column: AnnotatedColumn()
2024-11-19T16:56:11.919-03:00 DEBUG 11752 --- [clinical-study-system] [           main] o.h.boot.internal.ClassLoaderAccessImpl  : Not known whether passed class name [com.inovamed.clinical_study_system.model.consent.Consent] is safe
2024-11-19T16:56:11.920-03:00 DEBUG 11752 --- [clinical-study-system] [           main] o.h.boot.internal.ClassLoaderAccessImpl  : No temp ClassLoader provided; using live ClassLoader for loading potentially unsafe class : com.inovamed.clinical_study_system.model.consent.Consent
2024-11-19T16:56:11.920-03:00 DEBUG 11752 --- [clinical-study-system] [           main] o.h.boot.model.internal.PropertyBinder   : MetadataSourceProcessor property id with lazy=false
2024-11-19T16:56:11.921-03:00 DEBUG 11752 --- [clinical-study-system] [           main] o.h.b.m.internal.AbstractPropertyHolder  : Attempting to locate auto-apply AttributeConverter for property [com.inovamed.clinical_study_system.model.consent.Consent:id]
2024-11-19T16:56:11.921-03:00 DEBUG 11752 --- [clinical-study-system] [           main] o.h.b.model.internal.BasicValueBinder    : building BasicValue for id
2024-11-19T16:56:11.921-03:00 DEBUG 11752 --- [clinical-study-system] [           main] org.hibernate.mapping.BasicValue         : Skipping column re-registration: tb_consent.id
2024-11-19T16:56:11.921-03:00 DEBUG 11752 --- [clinical-study-system] [           main] o.h.boot.model.internal.PropertyBinder   : Building property id
2024-11-19T16:56:11.921-03:00 DEBUG 11752 --- [clinical-study-system] [           main] o.h.boot.model.internal.BinderHelper     : #makeIdGenerator(BasicValue([Column(id)]), id, identity, , ...)
2024-11-19T16:56:11.921-03:00 DEBUG 11752 --- [clinical-study-system] [           main] o.h.boot.model.internal.AnnotatedColumn  : Binding column: AnnotatedColumn()
2024-11-19T16:56:11.921-03:00 DEBUG 11752 --- [clinical-study-system] [           main] o.h.boot.model.internal.PropertyBinder   : MetadataSourceProcessor property consentType with lazy=false
2024-11-19T16:56:11.921-03:00 DEBUG 11752 --- [clinical-study-system] [           main] o.h.b.m.internal.AbstractPropertyHolder  : Attempting to locate auto-apply AttributeConverter for property [com.inovamed.clinical_study_system.model.consent.Consent:consentType]
2024-11-19T16:56:11.922-03:00 DEBUG 11752 --- [clinical-study-system] [           main] o.h.b.model.internal.BasicValueBinder    : building BasicValue for consentType
2024-11-19T16:56:11.922-03:00 DEBUG 11752 --- [clinical-study-system] [           main] org.hibernate.mapping.BasicValue         : Skipping column re-registration: tb_consent.consent_type
2024-11-19T16:56:11.922-03:00 DEBUG 11752 --- [clinical-study-system] [           main] o.h.boot.model.internal.PropertyBinder   : Building property consentType
2024-11-19T16:56:11.923-03:00 DEBUG 11752 --- [clinical-study-system] [           main] o.h.boot.model.internal.AnnotatedColumn  : Binding column: AnnotatedColumn()
2024-11-19T16:56:11.923-03:00 DEBUG 11752 --- [clinical-study-system] [           main] o.h.boot.model.internal.PropertyBinder   : MetadataSourceProcessor property isActive with lazy=false
2024-11-19T16:56:11.923-03:00 DEBUG 11752 --- [clinical-study-system] [           main] o.h.b.m.internal.AbstractPropertyHolder  : Attempting to locate auto-apply AttributeConverter for property [com.inovamed.clinical_study_system.model.consent.Consent:isActive]
2024-11-19T16:56:11.923-03:00 DEBUG 11752 --- [clinical-study-system] [           main] o.h.b.model.internal.BasicValueBinder    : building BasicValue for isActive
2024-11-19T16:56:11.923-03:00 DEBUG 11752 --- [clinical-study-system] [           main] org.hibernate.mapping.BasicValue         : Skipping column re-registration: tb_consent.is_active
2024-11-19T16:56:11.923-03:00 DEBUG 11752 --- [clinical-study-system] [           main] o.h.boot.model.internal.PropertyBinder   : Building property isActive
2024-11-19T16:56:11.923-03:00 DEBUG 11752 --- [clinical-study-system] [           main] o.h.boot.model.internal.AnnotatedColumn  : Binding column: AnnotatedColumn()
2024-11-19T16:56:11.923-03:00 DEBUG 11752 --- [clinical-study-system] [           main] o.h.boot.model.internal.PropertyBinder   : MetadataSourceProcessor property validFrom with lazy=false
2024-11-19T16:56:11.924-03:00 DEBUG 11752 --- [clinical-study-system] [           main] o.h.b.m.internal.AbstractPropertyHolder  : Attempting to locate auto-apply AttributeConverter for property [com.inovamed.clinical_study_system.model.consent.Consent:validFrom]
2024-11-19T16:56:11.924-03:00 DEBUG 11752 --- [clinical-study-system] [           main] o.h.b.model.internal.BasicValueBinder    : building BasicValue for validFrom
2024-11-19T16:56:11.924-03:00 DEBUG 11752 --- [clinical-study-system] [           main] org.hibernate.mapping.BasicValue         : Skipping column re-registration: tb_consent.valid_from
2024-11-19T16:56:11.924-03:00 DEBUG 11752 --- [clinical-study-system] [           main] o.h.boot.model.internal.PropertyBinder   : Building property validFrom
2024-11-19T16:56:11.924-03:00 DEBUG 11752 --- [clinical-study-system] [           main] o.h.boot.model.internal.AnnotatedColumn  : Binding column: AnnotatedColumn()
2024-11-19T16:56:11.924-03:00 DEBUG 11752 --- [clinical-study-system] [           main] o.h.boot.model.internal.PropertyBinder   : MetadataSourceProcessor property validUntil with lazy=false
2024-11-19T16:56:11.924-03:00 DEBUG 11752 --- [clinical-study-system] [           main] o.h.b.m.internal.AbstractPropertyHolder  : Attempting to locate auto-apply AttributeConverter for property [com.inovamed.clinical_study_system.model.consent.Consent:validUntil]
2024-11-19T16:56:11.924-03:00 DEBUG 11752 --- [clinical-study-system] [           main] o.h.b.model.internal.BasicValueBinder    : building BasicValue for validUntil
2024-11-19T16:56:11.924-03:00 DEBUG 11752 --- [clinical-study-system] [           main] org.hibernate.mapping.BasicValue         : Skipping column re-registration: tb_consent.valid_until
2024-11-19T16:56:11.924-03:00 DEBUG 11752 --- [clinical-study-system] [           main] o.h.boot.model.internal.PropertyBinder   : Building property validUntil
2024-11-19T16:56:11.925-03:00 DEBUG 11752 --- [clinical-study-system] [           main] o.h.b.r.c.i.ClassLoaderServiceImpl       : HHH000194: Package not found or no package-info.java: com.inovamed.clinical_study_system.model.consent
2024-11-19T16:56:11.926-03:00 DEBUG 11752 --- [clinical-study-system] [           main] o.h.boot.model.internal.EntityBinder     : Binding entity from annotated class: com.inovamed.clinical_study_system.model.digital_signature.DigitalSignature
2024-11-19T16:56:11.926-03:00 DEBUG 11752 --- [clinical-study-system] [           main] o.h.boot.model.internal.EntityBinder     : Import with entity name tb_digital_signature
2024-11-19T16:56:11.926-03:00 DEBUG 11752 --- [clinical-study-system] [           main] o.h.boot.model.internal.EntityBinder     : Bind entity com.inovamed.clinical_study_system.model.digital_signature.DigitalSignature on table tb_digital_signature
2024-11-19T16:56:11.926-03:00 DEBUG 11752 --- [clinical-study-system] [           main] o.h.boot.model.internal.AnnotatedColumn  : Binding column: AnnotatedDiscriminatorColumn(column='DTYPE')
2024-11-19T16:56:11.931-03:00 DEBUG 11752 --- [clinical-study-system] [           main] o.h.boot.model.internal.AnnotatedColumn  : Binding column: AnnotatedColumn()
2024-11-19T16:56:11.931-03:00 DEBUG 11752 --- [clinical-study-system] [           main] o.h.boot.internal.ClassLoaderAccessImpl  : Not known whether passed class name [com.inovamed.clinical_study_system.model.digital_signature.DigitalSignature] is safe
2024-11-19T16:56:11.931-03:00 DEBUG 11752 --- [clinical-study-system] [           main] o.h.boot.internal.ClassLoaderAccessImpl  : No temp ClassLoader provided; using live ClassLoader for loading potentially unsafe class : com.inovamed.clinical_study_system.model.digital_signature.DigitalSignature
2024-11-19T16:56:11.931-03:00 DEBUG 11752 --- [clinical-study-system] [           main] o.h.boot.model.internal.PropertyBinder   : MetadataSourceProcessor property id with lazy=false
2024-11-19T16:56:11.931-03:00 DEBUG 11752 --- [clinical-study-system] [           main] o.h.b.m.internal.AbstractPropertyHolder  : Attempting to locate auto-apply AttributeConverter for property [com.inovamed.clinical_study_system.model.digital_signature.DigitalSignature:id]
2024-11-19T16:56:11.931-03:00 DEBUG 11752 --- [clinical-study-system] [           main] o.h.b.model.internal.BasicValueBinder    : building BasicValue for id
2024-11-19T16:56:11.931-03:00 DEBUG 11752 --- [clinical-study-system] [           main] org.hibernate.mapping.BasicValue         : Skipping column re-registration: tb_digital_signature.id
2024-11-19T16:56:11.931-03:00 DEBUG 11752 --- [clinical-study-system] [           main] o.h.boot.model.internal.PropertyBinder   : Building property id
2024-11-19T16:56:11.931-03:00 DEBUG 11752 --- [clinical-study-system] [           main] o.h.boot.model.internal.BinderHelper     : #makeIdGenerator(BasicValue([Column(id)]), id, identity, , ...)
2024-11-19T16:56:11.933-03:00 DEBUG 11752 --- [clinical-study-system] [           main] o.h.boot.model.internal.AnnotatedColumn  : Binding column: IndexColumn(column='consents_ORDER')
2024-11-19T16:56:11.933-03:00 DEBUG 11752 --- [clinical-study-system] [           main] o.h.boot.model.internal.AnnotatedColumn  : Binding column: AnnotatedColumn()
2024-11-19T16:56:11.934-03:00 DEBUG 11752 --- [clinical-study-system] [           main] o.h.boot.model.internal.AnnotatedColumn  : Binding column: AnnotatedColumn(column='consents_KEY')
2024-11-19T16:56:11.934-03:00 DEBUG 11752 --- [clinical-study-system] [           main] o.h.boot.model.internal.AnnotatedColumn  : Binding column: AnnotatedJoinColumn(column='consents_KEY')
2024-11-19T16:56:11.934-03:00 DEBUG 11752 --- [clinical-study-system] [           main] o.h.boot.model.internal.AnnotatedColumn  : Binding column: AnnotatedJoinColumn(column='signature_id')
2024-11-19T16:56:11.934-03:00 DEBUG 11752 --- [clinical-study-system] [           main] o.h.boot.model.internal.AnnotatedColumn  : Binding column: AnnotatedJoinColumn(column='consent_id')
2024-11-19T16:56:11.934-03:00 DEBUG 11752 --- [clinical-study-system] [           main] o.h.b.model.internal.CollectionBinder    : Collection role: com.inovamed.clinical_study_system.model.digital_signature.DigitalSignature.consents
2024-11-19T16:56:11.934-03:00 DEBUG 11752 --- [clinical-study-system] [           main] o.h.boot.model.internal.PropertyBinder   : Building property consents
2024-11-19T16:56:11.935-03:00 DEBUG 11752 --- [clinical-study-system] [           main] o.h.boot.model.internal.AnnotatedColumn  : Binding column: AnnotatedColumn()
2024-11-19T16:56:11.935-03:00 DEBUG 11752 --- [clinical-study-system] [           main] o.h.boot.model.internal.PropertyBinder   : MetadataSourceProcessor property documentContent with lazy=false
2024-11-19T16:56:11.935-03:00 DEBUG 11752 --- [clinical-study-system] [           main] o.h.b.m.internal.AbstractPropertyHolder  : Attempting to locate auto-apply AttributeConverter for property [com.inovamed.clinical_study_system.model.digital_signature.DigitalSignature:documentContent]
2024-11-19T16:56:11.935-03:00 DEBUG 11752 --- [clinical-study-system] [           main] o.h.b.model.internal.BasicValueBinder    : building BasicValue for documentContent
2024-11-19T16:56:11.935-03:00 DEBUG 11752 --- [clinical-study-system] [           main] org.hibernate.mapping.BasicValue         : Skipping column re-registration: tb_digital_signature.document_content
2024-11-19T16:56:11.935-03:00 DEBUG 11752 --- [clinical-study-system] [           main] o.h.boot.model.internal.PropertyBinder   : Building property documentContent
2024-11-19T16:56:11.936-03:00 DEBUG 11752 --- [clinical-study-system] [           main] o.h.boot.model.internal.AnnotatedColumn  : Binding column: AnnotatedColumn()
2024-11-19T16:56:11.936-03:00 DEBUG 11752 --- [clinical-study-system] [           main] o.h.boot.model.internal.PropertyBinder   : MetadataSourceProcessor property documentName with lazy=false
2024-11-19T16:56:11.936-03:00 DEBUG 11752 --- [clinical-study-system] [           main] o.h.b.m.internal.AbstractPropertyHolder  : Attempting to locate auto-apply AttributeConverter for property [com.inovamed.clinical_study_system.model.digital_signature.DigitalSignature:documentName]
2024-11-19T16:56:11.936-03:00 DEBUG 11752 --- [clinical-study-system] [           main] o.h.b.model.internal.BasicValueBinder    : building BasicValue for documentName
2024-11-19T16:56:11.936-03:00 DEBUG 11752 --- [clinical-study-system] [           main] org.hibernate.mapping.BasicValue         : Skipping column re-registration: tb_digital_signature.document_name
2024-11-19T16:56:11.936-03:00 DEBUG 11752 --- [clinical-study-system] [           main] o.h.boot.model.internal.PropertyBinder   : Building property documentName
2024-11-19T16:56:11.936-03:00 DEBUG 11752 --- [clinical-study-system] [           main] o.h.boot.model.internal.AnnotatedColumn  : Binding column: AnnotatedColumn()
2024-11-19T16:56:11.936-03:00 DEBUG 11752 --- [clinical-study-system] [           main] o.h.boot.model.internal.PropertyBinder   : MetadataSourceProcessor property isActive with lazy=false
2024-11-19T16:56:11.936-03:00 DEBUG 11752 --- [clinical-study-system] [           main] o.h.b.m.internal.AbstractPropertyHolder  : Attempting to locate auto-apply AttributeConverter for property [com.inovamed.clinical_study_system.model.digital_signature.DigitalSignature:isActive]
2024-11-19T16:56:11.937-03:00 DEBUG 11752 --- [clinical-study-system] [           main] o.h.b.model.internal.BasicValueBinder    : building BasicValue for isActive
2024-11-19T16:56:11.937-03:00 DEBUG 11752 --- [clinical-study-system] [           main] org.hibernate.mapping.BasicValue         : Skipping column re-registration: tb_digital_signature.is_active
2024-11-19T16:56:11.937-03:00 DEBUG 11752 --- [clinical-study-system] [           main] o.h.boot.model.internal.PropertyBinder   : Building property isActive
2024-11-19T16:56:11.937-03:00 DEBUG 11752 --- [clinical-study-system] [           main] o.h.boot.model.internal.AnnotatedColumn  : Binding column: AnnotatedColumn()
2024-11-19T16:56:11.937-03:00 DEBUG 11752 --- [clinical-study-system] [           main] o.h.boot.model.internal.PropertyBinder   : MetadataSourceProcessor property signature with lazy=false
2024-11-19T16:56:11.937-03:00 DEBUG 11752 --- [clinical-study-system] [           main] o.h.b.m.internal.AbstractPropertyHolder  : Attempting to locate auto-apply AttributeConverter for property [com.inovamed.clinical_study_system.model.digital_signature.DigitalSignature:signature]
2024-11-19T16:56:11.937-03:00 DEBUG 11752 --- [clinical-study-system] [           main] o.h.b.model.internal.BasicValueBinder    : building BasicValue for signature
2024-11-19T16:56:11.937-03:00 DEBUG 11752 --- [clinical-study-system] [           main] org.hibernate.mapping.BasicValue         : Skipping column re-registration: tb_digital_signature.signature
2024-11-19T16:56:11.937-03:00 DEBUG 11752 --- [clinical-study-system] [           main] o.h.boot.model.internal.PropertyBinder   : Building property signature
2024-11-19T16:56:11.937-03:00 DEBUG 11752 --- [clinical-study-system] [           main] o.h.boot.model.internal.AnnotatedColumn  : Binding column: AnnotatedColumn()
2024-11-19T16:56:11.937-03:00 DEBUG 11752 --- [clinical-study-system] [           main] o.h.boot.model.internal.PropertyBinder   : MetadataSourceProcessor property timestamp with lazy=false
2024-11-19T16:56:11.937-03:00 DEBUG 11752 --- [clinical-study-system] [           main] o.h.b.m.internal.AbstractPropertyHolder  : Attempting to locate auto-apply AttributeConverter for property [com.inovamed.clinical_study_system.model.digital_signature.DigitalSignature:timestamp]
2024-11-19T16:56:11.937-03:00 DEBUG 11752 --- [clinical-study-system] [           main] o.h.b.model.internal.BasicValueBinder    : building BasicValue for timestamp
2024-11-19T16:56:11.937-03:00 DEBUG 11752 --- [clinical-study-system] [           main] org.hibernate.mapping.BasicValue         : Skipping column re-registration: tb_digital_signature.timestamp
2024-11-19T16:56:11.938-03:00 DEBUG 11752 --- [clinical-study-system] [           main] o.h.boot.model.internal.PropertyBinder   : Building property timestamp
2024-11-19T16:56:11.938-03:00 DEBUG 11752 --- [clinical-study-system] [           main] o.h.boot.model.internal.AnnotatedColumn  : Binding column: AnnotatedJoinColumn()
2024-11-19T16:56:11.938-03:00 DEBUG 11752 --- [clinical-study-system] [           main] o.h.boot.model.internal.AnnotatedColumn  : Binding column: AnnotatedColumn()
2024-11-19T16:56:11.939-03:00 DEBUG 11752 --- [clinical-study-system] [           main] o.h.boot.model.internal.PropertyBinder   : Building property user
2024-11-19T16:56:11.940-03:00 DEBUG 11752 --- [clinical-study-system] [           main] o.h.boot.model.internal.AnnotatedColumn  : Binding column: AnnotatedColumn()
2024-11-19T16:56:11.940-03:00 DEBUG 11752 --- [clinical-study-system] [           main] o.h.boot.model.internal.PropertyBinder   : MetadataSourceProcessor property validFrom with lazy=false
2024-11-19T16:56:11.940-03:00 DEBUG 11752 --- [clinical-study-system] [           main] o.h.b.m.internal.AbstractPropertyHolder  : Attempting to locate auto-apply AttributeConverter for property [com.inovamed.clinical_study_system.model.digital_signature.DigitalSignature:validFrom]
2024-11-19T16:56:11.940-03:00 DEBUG 11752 --- [clinical-study-system] [           main] o.h.b.model.internal.BasicValueBinder    : building BasicValue for validFrom
2024-11-19T16:56:11.940-03:00 DEBUG 11752 --- [clinical-study-system] [           main] org.hibernate.mapping.BasicValue         : Skipping column re-registration: tb_digital_signature.valid_from
2024-11-19T16:56:11.940-03:00 DEBUG 11752 --- [clinical-study-system] [           main] o.h.boot.model.internal.PropertyBinder   : Building property validFrom
2024-11-19T16:56:11.942-03:00 DEBUG 11752 --- [clinical-study-system] [           main] o.h.boot.model.internal.AnnotatedColumn  : Binding column: AnnotatedColumn()
2024-11-19T16:56:11.942-03:00 DEBUG 11752 --- [clinical-study-system] [           main] o.h.boot.model.internal.PropertyBinder   : MetadataSourceProcessor property validUntil with lazy=false
2024-11-19T16:56:11.942-03:00 DEBUG 11752 --- [clinical-study-system] [           main] o.h.b.m.internal.AbstractPropertyHolder  : Attempting to locate auto-apply AttributeConverter for property [com.inovamed.clinical_study_system.model.digital_signature.DigitalSignature:validUntil]
2024-11-19T16:56:11.942-03:00 DEBUG 11752 --- [clinical-study-system] [           main] o.h.b.model.internal.BasicValueBinder    : building BasicValue for validUntil
2024-11-19T16:56:11.942-03:00 DEBUG 11752 --- [clinical-study-system] [           main] org.hibernate.mapping.BasicValue         : Skipping column re-registration: tb_digital_signature.valid_until
2024-11-19T16:56:11.942-03:00 DEBUG 11752 --- [clinical-study-system] [           main] o.h.boot.model.internal.PropertyBinder   : Building property validUntil
2024-11-19T16:56:11.944-03:00 DEBUG 11752 --- [clinical-study-system] [           main] o.h.b.r.c.i.ClassLoaderServiceImpl       : HHH000194: Package not found or no package-info.java: com.inovamed.clinical_study_system.model.digital_signature
2024-11-19T16:56:11.944-03:00 DEBUG 11752 --- [clinical-study-system] [           main] o.h.boot.model.internal.EntityBinder     : Binding entity from annotated class: com.inovamed.clinical_study_system.model.doctor.Doctor
2024-11-19T16:56:11.945-03:00 DEBUG 11752 --- [clinical-study-system] [           main] o.h.boot.model.internal.EntityBinder     : Import with entity name tb_doctor
2024-11-19T16:56:11.945-03:00 DEBUG 11752 --- [clinical-study-system] [           main] o.h.boot.model.internal.EntityBinder     : Bind entity com.inovamed.clinical_study_system.model.doctor.Doctor on table tb_doctor
2024-11-19T16:56:11.945-03:00 DEBUG 11752 --- [clinical-study-system] [           main] o.h.boot.model.internal.AnnotatedColumn  : Binding column: AnnotatedJoinColumn(column='id')
2024-11-19T16:56:11.949-03:00 DEBUG 11752 --- [clinical-study-system] [           main] o.h.boot.model.internal.PropertyBinder   : Skipping attribute [java.lang.Long : id] as it was already processed as part of super hierarchy
2024-11-19T16:56:11.950-03:00 DEBUG 11752 --- [clinical-study-system] [           main] o.h.boot.model.internal.AnnotatedColumn  : Binding column: AnnotatedJoinColumn()
2024-11-19T16:56:11.950-03:00 DEBUG 11752 --- [clinical-study-system] [           main] o.h.boot.model.internal.AnnotatedColumn  : Binding column: AnnotatedColumn()
2024-11-19T16:56:11.951-03:00 DEBUG 11752 --- [clinical-study-system] [           main] o.h.boot.model.internal.AnnotatedColumn  : Binding column: IndexColumn(column='applicationsSubmitted_ORDER')
2024-11-19T16:56:11.951-03:00 DEBUG 11752 --- [clinical-study-system] [           main] o.h.boot.model.internal.AnnotatedColumn  : Binding column: AnnotatedColumn()
2024-11-19T16:56:11.951-03:00 DEBUG 11752 --- [clinical-study-system] [           main] o.h.boot.model.internal.AnnotatedColumn  : Binding column: AnnotatedColumn(column='applicationsSubmitted_KEY')
2024-11-19T16:56:11.951-03:00 DEBUG 11752 --- [clinical-study-system] [           main] o.h.boot.model.internal.AnnotatedColumn  : Binding column: AnnotatedJoinColumn(column='applicationsSubmitted_KEY')
2024-11-19T16:56:11.951-03:00 DEBUG 11752 --- [clinical-study-system] [           main] o.h.boot.model.internal.AnnotatedColumn  : Binding column: AnnotatedJoinColumn()
2024-11-19T16:56:11.951-03:00 DEBUG 11752 --- [clinical-study-system] [           main] o.h.boot.model.internal.AnnotatedColumn  : Binding column: AnnotatedJoinColumn()
2024-11-19T16:56:11.952-03:00 DEBUG 11752 --- [clinical-study-system] [           main] o.h.b.model.internal.CollectionBinder    : Collection role: com.inovamed.clinical_study_system.model.doctor.Doctor.applicationsSubmitted
2024-11-19T16:56:11.952-03:00 DEBUG 11752 --- [clinical-study-system] [           main] o.h.boot.model.internal.PropertyBinder   : Building property applicationsSubmitted
2024-11-19T16:56:11.952-03:00 DEBUG 11752 --- [clinical-study-system] [           main] o.h.boot.model.internal.AnnotatedColumn  : Binding column: AnnotatedColumn()
2024-11-19T16:56:11.952-03:00 DEBUG 11752 --- [clinical-study-system] [           main] o.h.boot.model.internal.PropertyBinder   : MetadataSourceProcessor property clinic with lazy=false
2024-11-19T16:56:11.952-03:00 DEBUG 11752 --- [clinical-study-system] [           main] o.h.b.m.internal.AbstractPropertyHolder  : Attempting to locate auto-apply AttributeConverter for property [com.inovamed.clinical_study_system.model.doctor.Doctor:clinic]
2024-11-19T16:56:11.952-03:00 DEBUG 11752 --- [clinical-study-system] [           main] o.h.b.model.internal.BasicValueBinder    : building BasicValue for clinic
2024-11-19T16:56:11.952-03:00 DEBUG 11752 --- [clinical-study-system] [           main] org.hibernate.mapping.BasicValue         : Skipping column re-registration: tb_doctor.clinic
2024-11-19T16:56:11.953-03:00 DEBUG 11752 --- [clinical-study-system] [           main] o.h.boot.model.internal.PropertyBinder   : Building property clinic
2024-11-19T16:56:11.953-03:00 DEBUG 11752 --- [clinical-study-system] [           main] o.h.boot.model.internal.AnnotatedColumn  : Binding column: AnnotatedColumn()
2024-11-19T16:56:11.953-03:00 DEBUG 11752 --- [clinical-study-system] [           main] o.h.boot.model.internal.PropertyBinder   : MetadataSourceProcessor property crm with lazy=false
2024-11-19T16:56:11.953-03:00 DEBUG 11752 --- [clinical-study-system] [           main] o.h.b.m.internal.AbstractPropertyHolder  : Attempting to locate auto-apply AttributeConverter for property [com.inovamed.clinical_study_system.model.doctor.Doctor:crm]
2024-11-19T16:56:11.953-03:00 DEBUG 11752 --- [clinical-study-system] [           main] o.h.b.model.internal.BasicValueBinder    : building BasicValue for crm
2024-11-19T16:56:11.953-03:00 DEBUG 11752 --- [clinical-study-system] [           main] org.hibernate.mapping.BasicValue         : Skipping column re-registration: tb_doctor.crm
2024-11-19T16:56:11.954-03:00 DEBUG 11752 --- [clinical-study-system] [           main] o.h.boot.model.internal.PropertyBinder   : Building property crm
2024-11-19T16:56:11.954-03:00 DEBUG 11752 --- [clinical-study-system] [           main] o.h.boot.model.internal.AnnotatedColumn  : Binding column: AnnotatedColumn()
2024-11-19T16:56:11.954-03:00 DEBUG 11752 --- [clinical-study-system] [           main] o.h.boot.model.internal.PropertyBinder   : MetadataSourceProcessor property doctorExperienceEnum with lazy=false
2024-11-19T16:56:11.955-03:00 DEBUG 11752 --- [clinical-study-system] [           main] o.h.b.m.internal.AbstractPropertyHolder  : Attempting to locate auto-apply AttributeConverter for property [com.inovamed.clinical_study_system.model.doctor.Doctor:doctorExperienceEnum]
2024-11-19T16:56:11.955-03:00 DEBUG 11752 --- [clinical-study-system] [           main] o.h.b.model.internal.BasicValueBinder    : building BasicValue for doctorExperienceEnum
2024-11-19T16:56:11.955-03:00 DEBUG 11752 --- [clinical-study-system] [           main] org.hibernate.mapping.BasicValue         : Skipping column re-registration: tb_doctor.doctor_experience_enum
2024-11-19T16:56:11.955-03:00 DEBUG 11752 --- [clinical-study-system] [           main] o.h.boot.model.internal.PropertyBinder   : Building property doctorExperienceEnum
2024-11-19T16:56:11.960-03:00 DEBUG 11752 --- [clinical-study-system] [           main] o.h.boot.model.internal.AnnotatedColumn  : Binding column: AnnotatedColumn(column='key_doctor')
2024-11-19T16:56:11.960-03:00 DEBUG 11752 --- [clinical-study-system] [           main] o.h.boot.model.internal.PropertyBinder   : MetadataSourceProcessor property key with lazy=false
2024-11-19T16:56:11.960-03:00 DEBUG 11752 --- [clinical-study-system] [           main] o.h.b.m.internal.AbstractPropertyHolder  : Attempting to locate auto-apply AttributeConverter for property [com.inovamed.clinical_study_system.model.doctor.Doctor:key]
2024-11-19T16:56:11.960-03:00 DEBUG 11752 --- [clinical-study-system] [           main] o.h.b.model.internal.BasicValueBinder    : building BasicValue for key
2024-11-19T16:56:11.960-03:00 DEBUG 11752 --- [clinical-study-system] [           main] org.hibernate.mapping.BasicValue         : Skipping column re-registration: tb_doctor.key_doctor
2024-11-19T16:56:11.960-03:00 DEBUG 11752 --- [clinical-study-system] [           main] o.h.boot.model.internal.PropertyBinder   : Building property key
2024-11-19T16:56:11.961-03:00 DEBUG 11752 --- [clinical-study-system] [           main] o.h.boot.model.internal.AnnotatedColumn  : Binding column: AnnotatedColumn()
2024-11-19T16:56:11.961-03:00 DEBUG 11752 --- [clinical-study-system] [           main] o.h.boot.model.internal.PropertyBinder   : MetadataSourceProcessor property name with lazy=false
2024-11-19T16:56:11.961-03:00 DEBUG 11752 --- [clinical-study-system] [           main] o.h.b.m.internal.AbstractPropertyHolder  : Attempting to locate auto-apply AttributeConverter for property [com.inovamed.clinical_study_system.model.doctor.Doctor:name]
2024-11-19T16:56:11.961-03:00 DEBUG 11752 --- [clinical-study-system] [           main] o.h.b.model.internal.BasicValueBinder    : building BasicValue for name
2024-11-19T16:56:11.961-03:00 DEBUG 11752 --- [clinical-study-system] [           main] org.hibernate.mapping.BasicValue         : Skipping column re-registration: tb_doctor.name
2024-11-19T16:56:11.961-03:00 DEBUG 11752 --- [clinical-study-system] [           main] o.h.boot.model.internal.PropertyBinder   : Building property name
2024-11-19T16:56:11.961-03:00 DEBUG 11752 --- [clinical-study-system] [           main] o.h.boot.model.internal.AnnotatedColumn  : Binding column: IndexColumn(column='notifications_ORDER')
2024-11-19T16:56:11.962-03:00 DEBUG 11752 --- [clinical-study-system] [           main] o.h.boot.model.internal.AnnotatedColumn  : Binding column: AnnotatedColumn()
2024-11-19T16:56:11.962-03:00 DEBUG 11752 --- [clinical-study-system] [           main] o.h.boot.model.internal.AnnotatedColumn  : Binding column: AnnotatedColumn(column='notifications_KEY')
2024-11-19T16:56:11.962-03:00 DEBUG 11752 --- [clinical-study-system] [           main] o.h.boot.model.internal.AnnotatedColumn  : Binding column: AnnotatedJoinColumn(column='notifications_KEY')
2024-11-19T16:56:11.962-03:00 DEBUG 11752 --- [clinical-study-system] [           main] o.h.boot.model.internal.AnnotatedColumn  : Binding column: AnnotatedJoinColumn()
2024-11-19T16:56:11.962-03:00 DEBUG 11752 --- [clinical-study-system] [           main] o.h.boot.model.internal.AnnotatedColumn  : Binding column: AnnotatedJoinColumn()
2024-11-19T16:56:11.962-03:00 DEBUG 11752 --- [clinical-study-system] [           main] o.h.b.model.internal.CollectionBinder    : Collection role: com.inovamed.clinical_study_system.model.doctor.Doctor.notifications
2024-11-19T16:56:11.962-03:00 DEBUG 11752 --- [clinical-study-system] [           main] o.h.boot.model.internal.PropertyBinder   : Building property notifications
2024-11-19T16:56:11.963-03:00 DEBUG 11752 --- [clinical-study-system] [           main] o.h.boot.model.internal.AnnotatedColumn  : Binding column: AnnotatedJoinColumn()
2024-11-19T16:56:11.963-03:00 DEBUG 11752 --- [clinical-study-system] [           main] o.h.boot.model.internal.AnnotatedColumn  : Binding column: AnnotatedColumn()
2024-11-19T16:56:11.963-03:00 DEBUG 11752 --- [clinical-study-system] [           main] o.h.boot.model.internal.AnnotatedColumn  : Binding column: IndexColumn(column='patients_ORDER')
2024-11-19T16:56:11.963-03:00 DEBUG 11752 --- [clinical-study-system] [           main] o.h.boot.model.internal.AnnotatedColumn  : Binding column: AnnotatedColumn()
2024-11-19T16:56:11.964-03:00 DEBUG 11752 --- [clinical-study-system] [           main] o.h.boot.model.internal.AnnotatedColumn  : Binding column: AnnotatedColumn(column='patients_KEY')
2024-11-19T16:56:11.964-03:00 DEBUG 11752 --- [clinical-study-system] [           main] o.h.boot.model.internal.AnnotatedColumn  : Binding column: AnnotatedJoinColumn(column='patients_KEY')
2024-11-19T16:56:11.964-03:00 DEBUG 11752 --- [clinical-study-system] [           main] o.h.boot.model.internal.AnnotatedColumn  : Binding column: AnnotatedJoinColumn()
2024-11-19T16:56:11.964-03:00 DEBUG 11752 --- [clinical-study-system] [           main] o.h.boot.model.internal.AnnotatedColumn  : Binding column: AnnotatedJoinColumn()
2024-11-19T16:56:11.964-03:00 DEBUG 11752 --- [clinical-study-system] [           main] o.h.b.model.internal.CollectionBinder    : Collection role: com.inovamed.clinical_study_system.model.doctor.Doctor.patients
2024-11-19T16:56:11.964-03:00 DEBUG 11752 --- [clinical-study-system] [           main] o.h.boot.model.internal.PropertyBinder   : Building property patients
2024-11-19T16:56:11.964-03:00 DEBUG 11752 --- [clinical-study-system] [           main] o.h.boot.model.internal.AnnotatedColumn  : Binding column: AnnotatedColumn()
2024-11-19T16:56:11.964-03:00 DEBUG 11752 --- [clinical-study-system] [           main] o.h.boot.model.internal.PropertyBinder   : MetadataSourceProcessor property phone with lazy=false
2024-11-19T16:56:11.964-03:00 DEBUG 11752 --- [clinical-study-system] [           main] o.h.b.m.internal.AbstractPropertyHolder  : Attempting to locate auto-apply AttributeConverter for property [com.inovamed.clinical_study_system.model.doctor.Doctor:phone]
2024-11-19T16:56:11.964-03:00 DEBUG 11752 --- [clinical-study-system] [           main] o.h.b.model.internal.BasicValueBinder    : building BasicValue for phone
2024-11-19T16:56:11.964-03:00 DEBUG 11752 --- [clinical-study-system] [           main] org.hibernate.mapping.BasicValue         : Skipping column re-registration: tb_doctor.phone
2024-11-19T16:56:11.964-03:00 DEBUG 11752 --- [clinical-study-system] [           main] o.h.boot.model.internal.PropertyBinder   : Building property phone
2024-11-19T16:56:11.965-03:00 DEBUG 11752 --- [clinical-study-system] [           main] o.h.boot.model.internal.AnnotatedColumn  : Binding column: AnnotatedColumn()
2024-11-19T16:56:11.965-03:00 DEBUG 11752 --- [clinical-study-system] [           main] o.h.boot.model.internal.PropertyBinder   : MetadataSourceProcessor property specialty with lazy=false
2024-11-19T16:56:11.965-03:00 DEBUG 11752 --- [clinical-study-system] [           main] o.h.b.m.internal.AbstractPropertyHolder  : Attempting to locate auto-apply AttributeConverter for property [com.inovamed.clinical_study_system.model.doctor.Doctor:specialty]
2024-11-19T16:56:11.965-03:00 DEBUG 11752 --- [clinical-study-system] [           main] o.h.b.model.internal.BasicValueBinder    : building BasicValue for specialty
2024-11-19T16:56:11.965-03:00 DEBUG 11752 --- [clinical-study-system] [           main] org.hibernate.mapping.BasicValue         : Skipping column re-registration: tb_doctor.specialty
2024-11-19T16:56:11.965-03:00 DEBUG 11752 --- [clinical-study-system] [           main] o.h.boot.model.internal.PropertyBinder   : Building property specialty
2024-11-19T16:56:11.966-03:00 DEBUG 11752 --- [clinical-study-system] [           main] o.h.boot.model.internal.EntityBinder     : Binding entity from annotated class: com.inovamed.clinical_study_system.model.medical_history.MedicalHistory
2024-11-19T16:56:11.966-03:00 DEBUG 11752 --- [clinical-study-system] [           main] o.h.boot.model.internal.EntityBinder     : Import with entity name tb_medical_history
2024-11-19T16:56:11.966-03:00 DEBUG 11752 --- [clinical-study-system] [           main] o.h.boot.model.internal.EntityBinder     : Bind entity com.inovamed.clinical_study_system.model.medical_history.MedicalHistory on table tb_medical_history
2024-11-19T16:56:11.966-03:00 DEBUG 11752 --- [clinical-study-system] [           main] o.h.boot.model.internal.AnnotatedColumn  : Binding column: AnnotatedDiscriminatorColumn(column='DTYPE')
2024-11-19T16:56:11.967-03:00 DEBUG 11752 --- [clinical-study-system] [           main] o.h.boot.model.internal.AnnotatedColumn  : Binding column: AnnotatedColumn()
2024-11-19T16:56:11.967-03:00 DEBUG 11752 --- [clinical-study-system] [           main] o.h.boot.internal.ClassLoaderAccessImpl  : Not known whether passed class name [com.inovamed.clinical_study_system.model.medical_history.MedicalHistory] is safe
2024-11-19T16:56:11.967-03:00 DEBUG 11752 --- [clinical-study-system] [           main] o.h.boot.internal.ClassLoaderAccessImpl  : No temp ClassLoader provided; using live ClassLoader for loading potentially unsafe class : com.inovamed.clinical_study_system.model.medical_history.MedicalHistory
2024-11-19T16:56:11.967-03:00 DEBUG 11752 --- [clinical-study-system] [           main] o.h.boot.model.internal.PropertyBinder   : MetadataSourceProcessor property id with lazy=false
2024-11-19T16:56:11.967-03:00 DEBUG 11752 --- [clinical-study-system] [           main] o.h.b.m.internal.AbstractPropertyHolder  : Attempting to locate auto-apply AttributeConverter for property [com.inovamed.clinical_study_system.model.medical_history.MedicalHistory:id]
2024-11-19T16:56:11.967-03:00 DEBUG 11752 --- [clinical-study-system] [           main] o.h.b.model.internal.BasicValueBinder    : building BasicValue for id
2024-11-19T16:56:11.967-03:00 DEBUG 11752 --- [clinical-study-system] [           main] org.hibernate.mapping.BasicValue         : Skipping column re-registration: tb_medical_history.id
2024-11-19T16:56:11.967-03:00 DEBUG 11752 --- [clinical-study-system] [           main] o.h.boot.model.internal.PropertyBinder   : Building property id
2024-11-19T16:56:11.967-03:00 DEBUG 11752 --- [clinical-study-system] [           main] o.h.boot.model.internal.BinderHelper     : #makeIdGenerator(BasicValue([Column(id)]), id, identity, , ...)
2024-11-19T16:56:11.967-03:00 DEBUG 11752 --- [clinical-study-system] [           main] o.h.boot.model.internal.AnnotatedColumn  : Binding column: AnnotatedJoinColumn()
2024-11-19T16:56:11.967-03:00 DEBUG 11752 --- [clinical-study-system] [           main] o.h.boot.model.internal.AnnotatedColumn  : Binding column: AnnotatedColumn()
2024-11-19T16:56:11.969-03:00 DEBUG 11752 --- [clinical-study-system] [           main] o.h.boot.model.internal.AnnotatedColumn  : Binding column: AnnotatedColumn()
2024-11-19T16:56:11.969-03:00 DEBUG 11752 --- [clinical-study-system] [           main] o.h.boot.model.internal.PropertyBinder   : MetadataSourceProcessor property text with lazy=false
2024-11-19T16:56:11.969-03:00 DEBUG 11752 --- [clinical-study-system] [           main] o.h.b.m.internal.AbstractPropertyHolder  : Attempting to locate auto-apply AttributeConverter for property [com.inovamed.clinical_study_system.model.medical_history.MedicalHistory:text]
2024-11-19T16:56:11.969-03:00 DEBUG 11752 --- [clinical-study-system] [           main] o.h.b.model.internal.BasicValueBinder    : building BasicValue for text
2024-11-19T16:56:11.969-03:00 DEBUG 11752 --- [clinical-study-system] [           main] org.hibernate.mapping.BasicValue         : Skipping column re-registration: tb_medical_history.text
2024-11-19T16:56:11.969-03:00 DEBUG 11752 --- [clinical-study-system] [           main] o.h.boot.model.internal.PropertyBinder   : Building property text
2024-11-19T16:56:11.970-03:00 DEBUG 11752 --- [clinical-study-system] [           main] o.h.b.r.c.i.ClassLoaderServiceImpl       : HHH000194: Package not found or no package-info.java: com.inovamed.clinical_study_system.model.medical_history
2024-11-19T16:56:11.970-03:00 DEBUG 11752 --- [clinical-study-system] [           main] o.h.boot.model.internal.EntityBinder     : Binding entity from annotated class: com.inovamed.clinical_study_system.model.notification.Notification
2024-11-19T16:56:11.970-03:00 DEBUG 11752 --- [clinical-study-system] [           main] o.h.boot.model.internal.EntityBinder     : Import with entity name tb_notification
2024-11-19T16:56:11.971-03:00 DEBUG 11752 --- [clinical-study-system] [           main] o.h.boot.model.internal.EntityBinder     : Bind entity com.inovamed.clinical_study_system.model.notification.Notification on table tb_notification
2024-11-19T16:56:11.971-03:00 DEBUG 11752 --- [clinical-study-system] [           main] o.h.boot.model.internal.AnnotatedColumn  : Binding column: AnnotatedDiscriminatorColumn(column='DTYPE')
2024-11-19T16:56:11.972-03:00 DEBUG 11752 --- [clinical-study-system] [           main] o.h.boot.model.internal.AnnotatedColumn  : Binding column: AnnotatedColumn()
2024-11-19T16:56:11.972-03:00 DEBUG 11752 --- [clinical-study-system] [           main] o.h.boot.internal.ClassLoaderAccessImpl  : Not known whether passed class name [com.inovamed.clinical_study_system.model.notification.Notification] is safe
2024-11-19T16:56:11.972-03:00 DEBUG 11752 --- [clinical-study-system] [           main] o.h.boot.internal.ClassLoaderAccessImpl  : No temp ClassLoader provided; using live ClassLoader for loading potentially unsafe class : com.inovamed.clinical_study_system.model.notification.Notification
2024-11-19T16:56:11.972-03:00 DEBUG 11752 --- [clinical-study-system] [           main] o.h.boot.model.internal.PropertyBinder   : MetadataSourceProcessor property id with lazy=false
2024-11-19T16:56:11.972-03:00 DEBUG 11752 --- [clinical-study-system] [           main] o.h.b.m.internal.AbstractPropertyHolder  : Attempting to locate auto-apply AttributeConverter for property [com.inovamed.clinical_study_system.model.notification.Notification:id]
2024-11-19T16:56:11.972-03:00 DEBUG 11752 --- [clinical-study-system] [           main] o.h.b.model.internal.BasicValueBinder    : building BasicValue for id
2024-11-19T16:56:11.972-03:00 DEBUG 11752 --- [clinical-study-system] [           main] org.hibernate.mapping.BasicValue         : Skipping column re-registration: tb_notification.id
2024-11-19T16:56:11.972-03:00 DEBUG 11752 --- [clinical-study-system] [           main] o.h.boot.model.internal.PropertyBinder   : Building property id
2024-11-19T16:56:11.972-03:00 DEBUG 11752 --- [clinical-study-system] [           main] o.h.boot.model.internal.BinderHelper     : #makeIdGenerator(BasicValue([Column(id)]), id, identity, , ...)
2024-11-19T16:56:11.972-03:00 DEBUG 11752 --- [clinical-study-system] [           main] o.h.boot.model.internal.AnnotatedColumn  : Binding column: AnnotatedJoinColumn()
2024-11-19T16:56:11.972-03:00 DEBUG 11752 --- [clinical-study-system] [           main] o.h.boot.model.internal.AnnotatedColumn  : Binding column: AnnotatedColumn()
2024-11-19T16:56:11.972-03:00 DEBUG 11752 --- [clinical-study-system] [           main] o.h.boot.model.internal.AnnotatedColumn  : Binding column: IndexColumn(column='attachment_ORDER')
2024-11-19T16:56:11.972-03:00 DEBUG 11752 --- [clinical-study-system] [           main] o.h.boot.model.internal.AnnotatedColumn  : Binding column: AnnotatedColumn()
2024-11-19T16:56:11.973-03:00 DEBUG 11752 --- [clinical-study-system] [           main] o.h.boot.model.internal.AnnotatedColumn  : Binding column: AnnotatedColumn(column='attachment_KEY')
2024-11-19T16:56:11.973-03:00 DEBUG 11752 --- [clinical-study-system] [           main] o.h.boot.model.internal.AnnotatedColumn  : Binding column: AnnotatedJoinColumn(column='attachment_KEY')
2024-11-19T16:56:11.973-03:00 DEBUG 11752 --- [clinical-study-system] [           main] o.h.boot.model.internal.AnnotatedColumn  : Binding column: AnnotatedJoinColumn()
2024-11-19T16:56:11.973-03:00 DEBUG 11752 --- [clinical-study-system] [           main] o.h.boot.model.internal.AnnotatedColumn  : Binding column: AnnotatedJoinColumn()
2024-11-19T16:56:11.973-03:00 DEBUG 11752 --- [clinical-study-system] [           main] o.h.b.model.internal.CollectionBinder    : Collection role: com.inovamed.clinical_study_system.model.notification.Notification.attachment
2024-11-19T16:56:11.973-03:00 DEBUG 11752 --- [clinical-study-system] [           main] o.h.boot.model.internal.PropertyBinder   : Building property attachment
2024-11-19T16:56:11.973-03:00 DEBUG 11752 --- [clinical-study-system] [           main] o.h.boot.model.internal.AnnotatedColumn  : Binding column: AnnotatedColumn()
2024-11-19T16:56:11.973-03:00 DEBUG 11752 --- [clinical-study-system] [           main] o.h.boot.model.internal.PropertyBinder   : MetadataSourceProcessor property message with lazy=false
2024-11-19T16:56:11.973-03:00 DEBUG 11752 --- [clinical-study-system] [           main] o.h.b.m.internal.AbstractPropertyHolder  : Attempting to locate auto-apply AttributeConverter for property [com.inovamed.clinical_study_system.model.notification.Notification:message]
2024-11-19T16:56:11.974-03:00 DEBUG 11752 --- [clinical-study-system] [           main] o.h.b.model.internal.BasicValueBinder    : building BasicValue for message
2024-11-19T16:56:11.974-03:00 DEBUG 11752 --- [clinical-study-system] [           main] org.hibernate.mapping.BasicValue         : Skipping column re-registration: tb_notification.message
2024-11-19T16:56:11.974-03:00 DEBUG 11752 --- [clinical-study-system] [           main] o.h.boot.model.internal.PropertyBinder   : Building property message
2024-11-19T16:56:11.974-03:00 DEBUG 11752 --- [clinical-study-system] [           main] o.h.boot.model.internal.AnnotatedColumn  : Binding column: IndexColumn(column='recipientsDoctors_ORDER')
2024-11-19T16:56:11.974-03:00 DEBUG 11752 --- [clinical-study-system] [           main] o.h.boot.model.internal.AnnotatedColumn  : Binding column: AnnotatedColumn()
2024-11-19T16:56:11.974-03:00 DEBUG 11752 --- [clinical-study-system] [           main] o.h.boot.model.internal.AnnotatedColumn  : Binding column: AnnotatedColumn(column='recipientsDoctors_KEY')
2024-11-19T16:56:11.974-03:00 DEBUG 11752 --- [clinical-study-system] [           main] o.h.boot.model.internal.AnnotatedColumn  : Binding column: AnnotatedJoinColumn(column='recipientsDoctors_KEY')
2024-11-19T16:56:11.975-03:00 DEBUG 11752 --- [clinical-study-system] [           main] o.h.boot.model.internal.AnnotatedColumn  : Binding column: AnnotatedJoinColumn(column='notification_id')
2024-11-19T16:56:11.975-03:00 DEBUG 11752 --- [clinical-study-system] [           main] o.h.boot.model.internal.AnnotatedColumn  : Binding column: AnnotatedJoinColumn(column='doctor_id')
2024-11-19T16:56:11.975-03:00 DEBUG 11752 --- [clinical-study-system] [           main] o.h.b.model.internal.CollectionBinder    : Collection role: com.inovamed.clinical_study_system.model.notification.Notification.recipientsDoctors
2024-11-19T16:56:11.975-03:00 DEBUG 11752 --- [clinical-study-system] [           main] o.h.boot.model.internal.PropertyBinder   : Building property recipientsDoctors
2024-11-19T16:56:11.975-03:00 DEBUG 11752 --- [clinical-study-system] [           main] o.h.boot.model.internal.AnnotatedColumn  : Binding column: IndexColumn(column='recipientsPatients_ORDER')
2024-11-19T16:56:11.975-03:00 DEBUG 11752 --- [clinical-study-system] [           main] o.h.boot.model.internal.AnnotatedColumn  : Binding column: AnnotatedColumn()
2024-11-19T16:56:11.975-03:00 DEBUG 11752 --- [clinical-study-system] [           main] o.h.boot.model.internal.AnnotatedColumn  : Binding column: AnnotatedColumn(column='recipientsPatients_KEY')
2024-11-19T16:56:11.975-03:00 DEBUG 11752 --- [clinical-study-system] [           main] o.h.boot.model.internal.AnnotatedColumn  : Binding column: AnnotatedJoinColumn(column='recipientsPatients_KEY')
2024-11-19T16:56:11.975-03:00 DEBUG 11752 --- [clinical-study-system] [           main] o.h.boot.model.internal.AnnotatedColumn  : Binding column: AnnotatedJoinColumn(column='notification_id')
2024-11-19T16:56:11.975-03:00 DEBUG 11752 --- [clinical-study-system] [           main] o.h.boot.model.internal.AnnotatedColumn  : Binding column: AnnotatedJoinColumn(column='patient_id')
2024-11-19T16:56:11.976-03:00 DEBUG 11752 --- [clinical-study-system] [           main] o.h.b.model.internal.CollectionBinder    : Collection role: com.inovamed.clinical_study_system.model.notification.Notification.recipientsPatients
2024-11-19T16:56:11.976-03:00 DEBUG 11752 --- [clinical-study-system] [           main] o.h.boot.model.internal.PropertyBinder   : Building property recipientsPatients
2024-11-19T16:56:11.976-03:00 DEBUG 11752 --- [clinical-study-system] [           main] o.h.boot.model.internal.AnnotatedColumn  : Binding column: AnnotatedColumn()
2024-11-19T16:56:11.976-03:00 DEBUG 11752 --- [clinical-study-system] [           main] o.h.boot.model.internal.PropertyBinder   : MetadataSourceProcessor property sender with lazy=false
2024-11-19T16:56:11.976-03:00 DEBUG 11752 --- [clinical-study-system] [           main] o.h.b.m.internal.AbstractPropertyHolder  : Attempting to locate auto-apply AttributeConverter for property [com.inovamed.clinical_study_system.model.notification.Notification:sender]
2024-11-19T16:56:11.976-03:00 DEBUG 11752 --- [clinical-study-system] [           main] o.h.b.model.internal.BasicValueBinder    : building BasicValue for sender
2024-11-19T16:56:11.976-03:00 DEBUG 11752 --- [clinical-study-system] [           main] org.hibernate.mapping.BasicValue         : Skipping column re-registration: tb_notification.sender
2024-11-19T16:56:11.976-03:00 DEBUG 11752 --- [clinical-study-system] [           main] o.h.boot.model.internal.PropertyBinder   : Building property sender
2024-11-19T16:56:11.976-03:00 DEBUG 11752 --- [clinical-study-system] [           main] o.h.boot.model.internal.AnnotatedColumn  : Binding column: AnnotatedColumn()
2024-11-19T16:56:11.976-03:00 DEBUG 11752 --- [clinical-study-system] [           main] o.h.boot.model.internal.PropertyBinder   : MetadataSourceProcessor property senderCode with lazy=false
2024-11-19T16:56:11.976-03:00 DEBUG 11752 --- [clinical-study-system] [           main] o.h.b.m.internal.AbstractPropertyHolder  : Attempting to locate auto-apply AttributeConverter for property [com.inovamed.clinical_study_system.model.notification.Notification:senderCode]
2024-11-19T16:56:11.976-03:00 DEBUG 11752 --- [clinical-study-system] [           main] o.h.b.model.internal.BasicValueBinder    : building BasicValue for senderCode
2024-11-19T16:56:11.976-03:00 DEBUG 11752 --- [clinical-study-system] [           main] org.hibernate.mapping.BasicValue         : Skipping column re-registration: tb_notification.sender_code
2024-11-19T16:56:11.976-03:00 DEBUG 11752 --- [clinical-study-system] [           main] o.h.boot.model.internal.PropertyBinder   : Building property senderCode
2024-11-19T16:56:11.977-03:00 DEBUG 11752 --- [clinical-study-system] [           main] o.h.boot.model.internal.AnnotatedColumn  : Binding column: AnnotatedJoinColumn(column='clinical_study_representative_id')
2024-11-19T16:56:11.977-03:00 DEBUG 11752 --- [clinical-study-system] [           main] o.h.boot.model.internal.AnnotatedColumn  : Binding column: AnnotatedColumn()
2024-11-19T16:56:11.977-03:00 DEBUG 11752 --- [clinical-study-system] [           main] o.h.boot.model.internal.PropertyBinder   : Building property studyRepresentative
2024-11-19T16:56:11.977-03:00 DEBUG 11752 --- [clinical-study-system] [           main] o.h.boot.model.internal.AnnotatedColumn  : Binding column: AnnotatedColumn()
2024-11-19T16:56:11.977-03:00 DEBUG 11752 --- [clinical-study-system] [           main] o.h.boot.model.internal.PropertyBinder   : MetadataSourceProcessor property title with lazy=false
2024-11-19T16:56:11.977-03:00 DEBUG 11752 --- [clinical-study-system] [           main] o.h.b.m.internal.AbstractPropertyHolder  : Attempting to locate auto-apply AttributeConverter for property [com.inovamed.clinical_study_system.model.notification.Notification:title]
2024-11-19T16:56:11.977-03:00 DEBUG 11752 --- [clinical-study-system] [           main] o.h.b.model.internal.BasicValueBinder    : building BasicValue for title
2024-11-19T16:56:11.977-03:00 DEBUG 11752 --- [clinical-study-system] [           main] org.hibernate.mapping.BasicValue         : Skipping column re-registration: tb_notification.title
2024-11-19T16:56:11.977-03:00 DEBUG 11752 --- [clinical-study-system] [           main] o.h.boot.model.internal.PropertyBinder   : Building property title
2024-11-19T16:56:11.978-03:00 DEBUG 11752 --- [clinical-study-system] [           main] o.h.b.r.c.i.ClassLoaderServiceImpl       : HHH000194: Package not found or no package-info.java: com.inovamed.clinical_study_system.model.notification
2024-11-19T16:56:11.979-03:00 DEBUG 11752 --- [clinical-study-system] [           main] o.h.boot.model.internal.EntityBinder     : Binding entity from annotated class: com.inovamed.clinical_study_system.model.patient.Patient
2024-11-19T16:56:11.979-03:00 DEBUG 11752 --- [clinical-study-system] [           main] o.h.boot.model.internal.EntityBinder     : Import with entity name tb_patient
2024-11-19T16:56:11.979-03:00 DEBUG 11752 --- [clinical-study-system] [           main] o.h.boot.model.internal.EntityBinder     : Bind entity com.inovamed.clinical_study_system.model.patient.Patient on table tb_patient
2024-11-19T16:56:11.979-03:00 DEBUG 11752 --- [clinical-study-system] [           main] o.h.boot.model.internal.AnnotatedColumn  : Binding column: AnnotatedJoinColumn(column='id')
2024-11-19T16:56:11.982-03:00 DEBUG 11752 --- [clinical-study-system] [           main] o.h.boot.model.internal.PropertyBinder   : Skipping attribute [java.lang.Long : id] as it was already processed as part of super hierarchy
2024-11-19T16:56:11.982-03:00 DEBUG 11752 --- [clinical-study-system] [           main] o.h.boot.model.internal.AnnotatedColumn  : Binding column: AnnotatedJoinColumn()
2024-11-19T16:56:11.983-03:00 DEBUG 11752 --- [clinical-study-system] [           main] o.h.boot.model.internal.AnnotatedColumn  : Binding column: AnnotatedColumn()
2024-11-19T16:56:11.983-03:00 DEBUG 11752 --- [clinical-study-system] [           main] o.h.boot.model.internal.AnnotatedColumn  : Binding column: IndexColumn(column='authorizations_ORDER')
2024-11-19T16:56:11.983-03:00 DEBUG 11752 --- [clinical-study-system] [           main] o.h.boot.model.internal.AnnotatedColumn  : Binding column: AnnotatedColumn()
2024-11-19T16:56:11.983-03:00 DEBUG 11752 --- [clinical-study-system] [           main] o.h.boot.model.internal.AnnotatedColumn  : Binding column: AnnotatedColumn(column='authorizations_KEY')
2024-11-19T16:56:11.983-03:00 DEBUG 11752 --- [clinical-study-system] [           main] o.h.boot.model.internal.AnnotatedColumn  : Binding column: AnnotatedJoinColumn(column='authorizations_KEY')
2024-11-19T16:56:11.983-03:00 DEBUG 11752 --- [clinical-study-system] [           main] o.h.boot.model.internal.AnnotatedColumn  : Binding column: AnnotatedJoinColumn()
2024-11-19T16:56:11.983-03:00 DEBUG 11752 --- [clinical-study-system] [           main] o.h.boot.model.internal.AnnotatedColumn  : Binding column: AnnotatedJoinColumn()
2024-11-19T16:56:11.983-03:00 DEBUG 11752 --- [clinical-study-system] [           main] o.h.b.model.internal.CollectionBinder    : Collection role: com.inovamed.clinical_study_system.model.patient.Patient.authorizations
2024-11-19T16:56:11.983-03:00 DEBUG 11752 --- [clinical-study-system] [           main] o.h.boot.model.internal.PropertyBinder   : Building property authorizations
2024-11-19T16:56:11.983-03:00 DEBUG 11752 --- [clinical-study-system] [           main] o.h.boot.model.internal.AnnotatedColumn  : Binding column: AnnotatedColumn()
2024-11-19T16:56:11.983-03:00 DEBUG 11752 --- [clinical-study-system] [           main] o.h.boot.model.internal.PropertyBinder   : MetadataSourceProcessor property birth with lazy=false
2024-11-19T16:56:11.983-03:00 DEBUG 11752 --- [clinical-study-system] [           main] o.h.b.m.internal.AbstractPropertyHolder  : Attempting to locate auto-apply AttributeConverter for property [com.inovamed.clinical_study_system.model.patient.Patient:birth]
2024-11-19T16:56:11.984-03:00 DEBUG 11752 --- [clinical-study-system] [           main] o.h.b.model.internal.BasicValueBinder    : building BasicValue for birth
2024-11-19T16:56:11.984-03:00 DEBUG 11752 --- [clinical-study-system] [           main] org.hibernate.mapping.BasicValue         : Skipping column re-registration: tb_patient.birth
2024-11-19T16:56:11.984-03:00 DEBUG 11752 --- [clinical-study-system] [           main] o.h.boot.model.internal.PropertyBinder   : Building property birth
2024-11-19T16:56:11.984-03:00 DEBUG 11752 --- [clinical-study-system] [           main] o.h.boot.model.internal.AnnotatedColumn  : Binding column: AnnotatedColumn()
2024-11-19T16:56:11.984-03:00 DEBUG 11752 --- [clinical-study-system] [           main] o.h.boot.model.internal.PropertyBinder   : MetadataSourceProcessor property code with lazy=false
2024-11-19T16:56:11.984-03:00 DEBUG 11752 --- [clinical-study-system] [           main] o.h.b.m.internal.AbstractPropertyHolder  : Attempting to locate auto-apply AttributeConverter for property [com.inovamed.clinical_study_system.model.patient.Patient:code]
2024-11-19T16:56:11.984-03:00 DEBUG 11752 --- [clinical-study-system] [           main] o.h.b.model.internal.BasicValueBinder    : building BasicValue for code
2024-11-19T16:56:11.984-03:00 DEBUG 11752 --- [clinical-study-system] [           main] org.hibernate.mapping.BasicValue         : Skipping column re-registration: tb_patient.code
2024-11-19T16:56:11.984-03:00 DEBUG 11752 --- [clinical-study-system] [           main] o.h.boot.model.internal.PropertyBinder   : Building property code
2024-11-19T16:56:11.984-03:00 DEBUG 11752 --- [clinical-study-system] [           main] o.h.boot.model.internal.AnnotatedColumn  : Binding column: AnnotatedColumn()
2024-11-19T16:56:11.984-03:00 DEBUG 11752 --- [clinical-study-system] [           main] o.h.boot.model.internal.PropertyBinder   : MetadataSourceProcessor property digitalSignatureConsent with lazy=false
2024-11-19T16:56:11.984-03:00 DEBUG 11752 --- [clinical-study-system] [           main] o.h.b.m.internal.AbstractPropertyHolder  : Attempting to locate auto-apply AttributeConverter for property [com.inovamed.clinical_study_system.model.patient.Patient:digitalSignatureConsent]
2024-11-19T16:56:11.984-03:00 DEBUG 11752 --- [clinical-study-system] [           main] o.h.b.model.internal.BasicValueBinder    : building BasicValue for digitalSignatureConsent
2024-11-19T16:56:11.984-03:00 DEBUG 11752 --- [clinical-study-system] [           main] org.hibernate.mapping.BasicValue         : Skipping column re-registration: tb_patient.digital_signature_consent
2024-11-19T16:56:11.984-03:00 DEBUG 11752 --- [clinical-study-system] [           main] o.h.boot.model.internal.PropertyBinder   : Building property digitalSignatureConsent
2024-11-19T16:56:11.985-03:00 DEBUG 11752 --- [clinical-study-system] [           main] o.h.boot.model.internal.AnnotatedColumn  : Binding column: AnnotatedJoinColumn(column='doctor_id')
2024-11-19T16:56:11.985-03:00 DEBUG 11752 --- [clinical-study-system] [           main] o.h.boot.model.internal.AnnotatedColumn  : Binding column: AnnotatedColumn()
2024-11-19T16:56:11.985-03:00 DEBUG 11752 --- [clinical-study-system] [           main] o.h.boot.model.internal.PropertyBinder   : Building property doctor
2024-11-19T16:56:11.985-03:00 DEBUG 11752 --- [clinical-study-system] [           main] o.h.boot.model.internal.AnnotatedColumn  : Binding column: AnnotatedColumn()
2024-11-19T16:56:11.985-03:00 DEBUG 11752 --- [clinical-study-system] [           main] o.h.boot.model.internal.PropertyBinder   : MetadataSourceProcessor property gender with lazy=false
2024-11-19T16:56:11.985-03:00 DEBUG 11752 --- [clinical-study-system] [           main] o.h.b.m.internal.AbstractPropertyHolder  : Attempting to locate auto-apply AttributeConverter for property [com.inovamed.clinical_study_system.model.patient.Patient:gender]
2024-11-19T16:56:11.985-03:00 DEBUG 11752 --- [clinical-study-system] [           main] o.h.b.model.internal.BasicValueBinder    : building BasicValue for gender
2024-11-19T16:56:11.985-03:00 DEBUG 11752 --- [clinical-study-system] [           main] org.hibernate.mapping.BasicValue         : Skipping column re-registration: tb_patient.gender
2024-11-19T16:56:11.985-03:00 DEBUG 11752 --- [clinical-study-system] [           main] o.h.boot.model.internal.PropertyBinder   : Building property gender
2024-11-19T16:56:11.985-03:00 DEBUG 11752 --- [clinical-study-system] [           main] o.h.boot.model.internal.AnnotatedColumn  : Binding column: AnnotatedJoinColumn()
2024-11-19T16:56:11.985-03:00 DEBUG 11752 --- [clinical-study-system] [           main] o.h.boot.model.internal.AnnotatedColumn  : Binding column: AnnotatedColumn()
2024-11-19T16:56:11.986-03:00 DEBUG 11752 --- [clinical-study-system] [           main] o.h.boot.model.internal.PropertyBinder   : Building property medicalHistory
2024-11-19T16:56:11.986-03:00 DEBUG 11752 --- [clinical-study-system] [           main] o.h.boot.model.internal.AnnotatedColumn  : Binding column: AnnotatedColumn()
2024-11-19T16:56:11.986-03:00 DEBUG 11752 --- [clinical-study-system] [           main] o.h.boot.model.internal.PropertyBinder   : MetadataSourceProcessor property name with lazy=false
2024-11-19T16:56:11.986-03:00 DEBUG 11752 --- [clinical-study-system] [           main] o.h.b.m.internal.AbstractPropertyHolder  : Attempting to locate auto-apply AttributeConverter for property [com.inovamed.clinical_study_system.model.patient.Patient:name]
2024-11-19T16:56:11.986-03:00 DEBUG 11752 --- [clinical-study-system] [           main] o.h.b.model.internal.BasicValueBinder    : building BasicValue for name
2024-11-19T16:56:11.986-03:00 DEBUG 11752 --- [clinical-study-system] [           main] org.hibernate.mapping.BasicValue         : Skipping column re-registration: tb_patient.name
2024-11-19T16:56:11.986-03:00 DEBUG 11752 --- [clinical-study-system] [           main] o.h.boot.model.internal.PropertyBinder   : Building property name
2024-11-19T16:56:11.986-03:00 DEBUG 11752 --- [clinical-study-system] [           main] o.h.boot.model.internal.AnnotatedColumn  : Binding column: IndexColumn(column='notifications_ORDER')
2024-11-19T16:56:11.986-03:00 DEBUG 11752 --- [clinical-study-system] [           main] o.h.boot.model.internal.AnnotatedColumn  : Binding column: AnnotatedColumn()
2024-11-19T16:56:11.986-03:00 DEBUG 11752 --- [clinical-study-system] [           main] o.h.boot.model.internal.AnnotatedColumn  : Binding column: AnnotatedColumn(column='notifications_KEY')
2024-11-19T16:56:11.986-03:00 DEBUG 11752 --- [clinical-study-system] [           main] o.h.boot.model.internal.AnnotatedColumn  : Binding column: AnnotatedJoinColumn(column='notifications_KEY')
2024-11-19T16:56:11.986-03:00 DEBUG 11752 --- [clinical-study-system] [           main] o.h.boot.model.internal.AnnotatedColumn  : Binding column: AnnotatedJoinColumn()
2024-11-19T16:56:11.986-03:00 DEBUG 11752 --- [clinical-study-system] [           main] o.h.boot.model.internal.AnnotatedColumn  : Binding column: AnnotatedJoinColumn()
2024-11-19T16:56:11.986-03:00 DEBUG 11752 --- [clinical-study-system] [           main] o.h.b.model.internal.CollectionBinder    : Collection role: com.inovamed.clinical_study_system.model.patient.Patient.notifications
2024-11-19T16:56:11.986-03:00 DEBUG 11752 --- [clinical-study-system] [           main] o.h.boot.model.internal.PropertyBinder   : Building property notifications
2024-11-19T16:56:11.987-03:00 DEBUG 11752 --- [clinical-study-system] [           main] o.h.boot.model.internal.AnnotatedColumn  : Binding column: AnnotatedColumn()
2024-11-19T16:56:11.987-03:00 DEBUG 11752 --- [clinical-study-system] [           main] o.h.boot.model.internal.PropertyBinder   : MetadataSourceProcessor property phone with lazy=false
2024-11-19T16:56:11.987-03:00 DEBUG 11752 --- [clinical-study-system] [           main] o.h.b.m.internal.AbstractPropertyHolder  : Attempting to locate auto-apply AttributeConverter for property [com.inovamed.clinical_study_system.model.patient.Patient:phone]
2024-11-19T16:56:11.987-03:00 DEBUG 11752 --- [clinical-study-system] [           main] o.h.b.model.internal.BasicValueBinder    : building BasicValue for phone
2024-11-19T16:56:11.987-03:00 DEBUG 11752 --- [clinical-study-system] [           main] org.hibernate.mapping.BasicValue         : Skipping column re-registration: tb_patient.phone
2024-11-19T16:56:11.987-03:00 DEBUG 11752 --- [clinical-study-system] [           main] o.h.boot.model.internal.PropertyBinder   : Building property phone
2024-11-19T16:56:11.987-03:00 DEBUG 11752 --- [clinical-study-system] [           main] o.h.boot.model.internal.AnnotatedColumn  : Binding column: IndexColumn(column='researches_ORDER')
2024-11-19T16:56:11.987-03:00 DEBUG 11752 --- [clinical-study-system] [           main] o.h.boot.model.internal.AnnotatedColumn  : Binding column: AnnotatedColumn()
2024-11-19T16:56:11.987-03:00 DEBUG 11752 --- [clinical-study-system] [           main] o.h.boot.model.internal.AnnotatedColumn  : Binding column: AnnotatedColumn(column='researches_KEY')
2024-11-19T16:56:11.987-03:00 DEBUG 11752 --- [clinical-study-system] [           main] o.h.boot.model.internal.AnnotatedColumn  : Binding column: AnnotatedJoinColumn(column='researches_KEY')
2024-11-19T16:56:11.988-03:00 DEBUG 11752 --- [clinical-study-system] [           main] o.h.boot.model.internal.AnnotatedColumn  : Binding column: AnnotatedJoinColumn(column='patient_id')
2024-11-19T16:56:11.988-03:00 DEBUG 11752 --- [clinical-study-system] [           main] o.h.boot.model.internal.AnnotatedColumn  : Binding column: AnnotatedJoinColumn(column='research_id')
2024-11-19T16:56:11.988-03:00 DEBUG 11752 --- [clinical-study-system] [           main] o.h.b.model.internal.CollectionBinder    : Collection role: com.inovamed.clinical_study_system.model.patient.Patient.researches
2024-11-19T16:56:11.988-03:00 DEBUG 11752 --- [clinical-study-system] [           main] o.h.boot.model.internal.PropertyBinder   : Building property researches
2024-11-19T16:56:11.988-03:00 DEBUG 11752 --- [clinical-study-system] [           main] o.h.boot.model.internal.AnnotatedColumn  : Binding column: AnnotatedColumn()
2024-11-19T16:56:11.988-03:00 DEBUG 11752 --- [clinical-study-system] [           main] o.h.boot.model.internal.PropertyBinder   : MetadataSourceProcessor property responsibleDoctor with lazy=false
2024-11-19T16:56:11.988-03:00 DEBUG 11752 --- [clinical-study-system] [           main] o.h.b.m.internal.AbstractPropertyHolder  : Attempting to locate auto-apply AttributeConverter for property [com.inovamed.clinical_study_system.model.patient.Patient:responsibleDoctor]
2024-11-19T16:56:11.988-03:00 DEBUG 11752 --- [clinical-study-system] [           main] o.h.b.model.internal.BasicValueBinder    : building BasicValue for responsibleDoctor
2024-11-19T16:56:11.988-03:00 DEBUG 11752 --- [clinical-study-system] [           main] org.hibernate.mapping.BasicValue         : Skipping column re-registration: tb_patient.responsible_doctor
2024-11-19T16:56:11.989-03:00 DEBUG 11752 --- [clinical-study-system] [           main] o.h.boot.model.internal.PropertyBinder   : Building property responsibleDoctor
2024-11-19T16:56:11.989-03:00 DEBUG 11752 --- [clinical-study-system] [           main] o.h.boot.model.internal.AnnotatedColumn  : Binding column: AnnotatedJoinColumn()
2024-11-19T16:56:11.989-03:00 DEBUG 11752 --- [clinical-study-system] [           main] o.h.boot.model.internal.AnnotatedColumn  : Binding column: AnnotatedColumn()
2024-11-19T16:56:11.989-03:00 DEBUG 11752 --- [clinical-study-system] [           main] o.h.boot.model.internal.PropertyBinder   : Building property signature
2024-11-19T16:56:11.992-03:00 DEBUG 11752 --- [clinical-study-system] [           main] o.h.boot.model.internal.EntityBinder     : Binding entity from annotated class: com.inovamed.clinical_study_system.model.research.Research
2024-11-19T16:56:11.992-03:00 DEBUG 11752 --- [clinical-study-system] [           main] o.h.boot.model.internal.EntityBinder     : Import with entity name tb_research
2024-11-19T16:56:11.993-03:00 DEBUG 11752 --- [clinical-study-system] [           main] o.h.boot.model.internal.EntityBinder     : Bind entity com.inovamed.clinical_study_system.model.research.Research on table tb_research
2024-11-19T16:56:11.994-03:00 DEBUG 11752 --- [clinical-study-system] [           main] o.h.boot.model.internal.AnnotatedColumn  : Binding column: AnnotatedDiscriminatorColumn(column='DTYPE')
2024-11-19T16:56:11.998-03:00 DEBUG 11752 --- [clinical-study-system] [           main] o.h.boot.model.internal.AnnotatedColumn  : Binding column: AnnotatedColumn(column='research_id')
2024-11-19T16:56:11.998-03:00 DEBUG 11752 --- [clinical-study-system] [           main] o.h.boot.internal.ClassLoaderAccessImpl  : Not known whether passed class name [com.inovamed.clinical_study_system.model.research.Research] is safe
2024-11-19T16:56:11.998-03:00 DEBUG 11752 --- [clinical-study-system] [           main] o.h.boot.internal.ClassLoaderAccessImpl  : No temp ClassLoader provided; using live ClassLoader for loading potentially unsafe class : com.inovamed.clinical_study_system.model.research.Research
2024-11-19T16:56:11.999-03:00 DEBUG 11752 --- [clinical-study-system] [           main] o.h.boot.model.internal.PropertyBinder   : MetadataSourceProcessor property id with lazy=false
2024-11-19T16:56:11.999-03:00 DEBUG 11752 --- [clinical-study-system] [           main] o.h.b.m.internal.AbstractPropertyHolder  : Attempting to locate auto-apply AttributeConverter for property [com.inovamed.clinical_study_system.model.research.Research:id]
2024-11-19T16:56:11.999-03:00 DEBUG 11752 --- [clinical-study-system] [           main] o.h.b.model.internal.BasicValueBinder    : building BasicValue for id
2024-11-19T16:56:11.999-03:00 DEBUG 11752 --- [clinical-study-system] [           main] org.hibernate.mapping.BasicValue         : Skipping column re-registration: tb_research.research_id
2024-11-19T16:56:11.999-03:00 DEBUG 11752 --- [clinical-study-system] [           main] o.h.boot.model.internal.PropertyBinder   : Building property id
2024-11-19T16:56:11.999-03:00 DEBUG 11752 --- [clinical-study-system] [           main] o.h.boot.model.internal.BinderHelper     : #makeIdGenerator(BasicValue([Column(research_id)]), id, identity, , ...)
2024-11-19T16:56:11.999-03:00 DEBUG 11752 --- [clinical-study-system] [           main] o.h.boot.model.internal.AnnotatedColumn  : Binding column: AnnotatedColumn()
2024-11-19T16:56:11.999-03:00 DEBUG 11752 --- [clinical-study-system] [           main] o.h.boot.model.internal.PropertyBinder   : MetadataSourceProcessor property area with lazy=false
2024-11-19T16:56:11.999-03:00 DEBUG 11752 --- [clinical-study-system] [           main] o.h.b.m.internal.AbstractPropertyHolder  : Attempting to locate auto-apply AttributeConverter for property [com.inovamed.clinical_study_system.model.research.Research:area]
2024-11-19T16:56:11.999-03:00 DEBUG 11752 --- [clinical-study-system] [           main] o.h.b.model.internal.BasicValueBinder    : building BasicValue for area
2024-11-19T16:56:11.999-03:00 DEBUG 11752 --- [clinical-study-system] [           main] org.hibernate.mapping.BasicValue         : Skipping column re-registration: tb_research.area
2024-11-19T16:56:11.999-03:00 DEBUG 11752 --- [clinical-study-system] [           main] o.h.boot.model.internal.PropertyBinder   : Building property area
2024-11-19T16:56:11.999-03:00 DEBUG 11752 --- [clinical-study-system] [           main] o.h.boot.model.internal.AnnotatedColumn  : Binding column: AnnotatedJoinColumn()
2024-11-19T16:56:11.999-03:00 DEBUG 11752 --- [clinical-study-system] [           main] o.h.boot.model.internal.AnnotatedColumn  : Binding column: AnnotatedColumn()
2024-11-19T16:56:11.999-03:00 DEBUG 11752 --- [clinical-study-system] [           main] o.h.boot.model.internal.AnnotatedColumn  : Binding column: IndexColumn(column='attachments_ORDER')
2024-11-19T16:56:11.999-03:00 DEBUG 11752 --- [clinical-study-system] [           main] o.h.boot.model.internal.AnnotatedColumn  : Binding column: AnnotatedColumn()
2024-11-19T16:56:11.999-03:00 DEBUG 11752 --- [clinical-study-system] [           main] o.h.boot.model.internal.AnnotatedColumn  : Binding column: AnnotatedColumn(column='attachments_KEY')
2024-11-19T16:56:11.999-03:00 DEBUG 11752 --- [clinical-study-system] [           main] o.h.boot.model.internal.AnnotatedColumn  : Binding column: AnnotatedJoinColumn(column='attachments_KEY')
2024-11-19T16:56:11.999-03:00 DEBUG 11752 --- [clinical-study-system] [           main] o.h.boot.model.internal.AnnotatedColumn  : Binding column: AnnotatedJoinColumn()
2024-11-19T16:56:12.000-03:00 DEBUG 11752 --- [clinical-study-system] [           main] o.h.boot.model.internal.AnnotatedColumn  : Binding column: AnnotatedJoinColumn()
2024-11-19T16:56:12.000-03:00 DEBUG 11752 --- [clinical-study-system] [           main] o.h.b.model.internal.CollectionBinder    : Collection role: com.inovamed.clinical_study_system.model.research.Research.attachments
2024-11-19T16:56:12.000-03:00 DEBUG 11752 --- [clinical-study-system] [           main] o.h.boot.model.internal.PropertyBinder   : Building property attachments
2024-11-19T16:56:12.000-03:00 DEBUG 11752 --- [clinical-study-system] [           main] o.h.boot.model.internal.AnnotatedColumn  : Binding column: AnnotatedColumn()
2024-11-19T16:56:12.000-03:00 DEBUG 11752 --- [clinical-study-system] [           main] o.h.boot.model.internal.PropertyBinder   : MetadataSourceProcessor property availableVacancies with lazy=false
2024-11-19T16:56:12.000-03:00 DEBUG 11752 --- [clinical-study-system] [           main] o.h.b.m.internal.AbstractPropertyHolder  : Attempting to locate auto-apply AttributeConverter for property [com.inovamed.clinical_study_system.model.research.Research:availableVacancies]
2024-11-19T16:56:12.000-03:00 DEBUG 11752 --- [clinical-study-system] [           main] o.h.b.model.internal.BasicValueBinder    : building BasicValue for availableVacancies
2024-11-19T16:56:12.000-03:00 DEBUG 11752 --- [clinical-study-system] [           main] org.hibernate.mapping.BasicValue         : Skipping column re-registration: tb_research.available_vacancies
2024-11-19T16:56:12.000-03:00 DEBUG 11752 --- [clinical-study-system] [           main] o.h.boot.model.internal.PropertyBinder   : Building property availableVacancies
2024-11-19T16:56:12.000-03:00 DEBUG 11752 --- [clinical-study-system] [           main] o.h.boot.model.internal.AnnotatedColumn  : Binding column: AnnotatedJoinColumn(column='clinical_study_representative_id')
2024-11-19T16:56:12.000-03:00 DEBUG 11752 --- [clinical-study-system] [           main] o.h.boot.model.internal.AnnotatedColumn  : Binding column: AnnotatedColumn()
2024-11-19T16:56:12.000-03:00 DEBUG 11752 --- [clinical-study-system] [           main] o.h.boot.model.internal.PropertyBinder   : Building property clinicalRepresentative
2024-11-19T16:56:12.000-03:00 DEBUG 11752 --- [clinical-study-system] [           main] o.h.boot.model.internal.AnnotatedColumn  : Binding column: AnnotatedColumn()
2024-11-19T16:56:12.000-03:00 DEBUG 11752 --- [clinical-study-system] [           main] o.h.boot.model.internal.PropertyBinder   : MetadataSourceProcessor property code with lazy=false
2024-11-19T16:56:12.000-03:00 DEBUG 11752 --- [clinical-study-system] [           main] o.h.b.m.internal.AbstractPropertyHolder  : Attempting to locate auto-apply AttributeConverter for property [com.inovamed.clinical_study_system.model.research.Research:code]
2024-11-19T16:56:12.000-03:00 DEBUG 11752 --- [clinical-study-system] [           main] o.h.b.model.internal.BasicValueBinder    : building BasicValue for code
2024-11-19T16:56:12.000-03:00 DEBUG 11752 --- [clinical-study-system] [           main] org.hibernate.mapping.BasicValue         : Skipping column re-registration: tb_research.code
2024-11-19T16:56:12.001-03:00 DEBUG 11752 --- [clinical-study-system] [           main] o.h.boot.model.internal.PropertyBinder   : Building property code
2024-11-19T16:56:12.001-03:00 DEBUG 11752 --- [clinical-study-system] [           main] o.h.boot.model.internal.AnnotatedColumn  : Binding column: AnnotatedColumn()
2024-11-19T16:56:12.005-03:00 DEBUG 11752 --- [clinical-study-system] [           main] o.h.boot.model.internal.AnnotatedColumn  : Binding column: AnnotatedColumn()
2024-11-19T16:56:12.005-03:00 DEBUG 11752 --- [clinical-study-system] [           main] o.h.boot.model.internal.PropertyBinder   : MetadataSourceProcessor property exclusion with lazy=false
2024-11-19T16:56:12.006-03:00 DEBUG 11752 --- [clinical-study-system] [           main] o.h.b.m.internal.AbstractPropertyHolder  : Attempting to locate auto-apply AttributeConverter for property [com.inovamed.clinical_study_system.model.research.Research.criteria:exclusion]
2024-11-19T16:56:12.007-03:00 DEBUG 11752 --- [clinical-study-system] [           main] o.h.b.model.internal.BasicValueBinder    : building BasicValue for exclusion
2024-11-19T16:56:12.007-03:00 DEBUG 11752 --- [clinical-study-system] [           main] org.hibernate.mapping.BasicValue         : Skipping column re-registration: tb_research.exclusion
2024-11-19T16:56:12.007-03:00 DEBUG 11752 --- [clinical-study-system] [           main] o.h.boot.model.internal.PropertyBinder   : Building property exclusion
2024-11-19T16:56:12.007-03:00 DEBUG 11752 --- [clinical-study-system] [           main] o.h.boot.model.internal.AnnotatedColumn  : Binding column: AnnotatedColumn()
2024-11-19T16:56:12.007-03:00 DEBUG 11752 --- [clinical-study-system] [           main] o.h.boot.model.internal.PropertyBinder   : MetadataSourceProcessor property inclusion with lazy=false
2024-11-19T16:56:12.007-03:00 DEBUG 11752 --- [clinical-study-system] [           main] o.h.b.m.internal.AbstractPropertyHolder  : Attempting to locate auto-apply AttributeConverter for property [com.inovamed.clinical_study_system.model.research.Research.criteria:inclusion]
2024-11-19T16:56:12.007-03:00 DEBUG 11752 --- [clinical-study-system] [           main] o.h.b.model.internal.BasicValueBinder    : building BasicValue for inclusion
2024-11-19T16:56:12.007-03:00 DEBUG 11752 --- [clinical-study-system] [           main] org.hibernate.mapping.BasicValue         : Skipping column re-registration: tb_research.inclusion
2024-11-19T16:56:12.007-03:00 DEBUG 11752 --- [clinical-study-system] [           main] o.h.boot.model.internal.PropertyBinder   : Building property inclusion
2024-11-19T16:56:12.008-03:00 DEBUG 11752 --- [clinical-study-system] [           main] o.h.boot.model.internal.PropertyBinder   : Building property criteria
2024-11-19T16:56:12.009-03:00 DEBUG 11752 --- [clinical-study-system] [           main] o.h.boot.model.internal.AnnotatedColumn  : Binding column: AnnotatedColumn()
2024-11-19T16:56:12.009-03:00 DEBUG 11752 --- [clinical-study-system] [           main] o.h.boot.model.internal.PropertyBinder   : MetadataSourceProcessor property currentPhase with lazy=false
2024-11-19T16:56:12.009-03:00 DEBUG 11752 --- [clinical-study-system] [           main] o.h.b.m.internal.AbstractPropertyHolder  : Attempting to locate auto-apply AttributeConverter for property [com.inovamed.clinical_study_system.model.research.Research:currentPhase]
2024-11-19T16:56:12.009-03:00 DEBUG 11752 --- [clinical-study-system] [           main] o.h.b.model.internal.BasicValueBinder    : building BasicValue for currentPhase
2024-11-19T16:56:12.009-03:00 DEBUG 11752 --- [clinical-study-system] [           main] org.hibernate.mapping.BasicValue         : Skipping column re-registration: tb_research.current_phase
2024-11-19T16:56:12.009-03:00 DEBUG 11752 --- [clinical-study-system] [           main] o.h.boot.model.internal.PropertyBinder   : Building property currentPhase
2024-11-19T16:56:12.009-03:00 DEBUG 11752 --- [clinical-study-system] [           main] o.h.boot.model.internal.AnnotatedColumn  : Binding column: AnnotatedColumn()
2024-11-19T16:56:12.009-03:00 DEBUG 11752 --- [clinical-study-system] [           main] o.h.boot.model.internal.PropertyBinder   : MetadataSourceProcessor property description with lazy=false
2024-11-19T16:56:12.009-03:00 DEBUG 11752 --- [clinical-study-system] [           main] o.h.b.m.internal.AbstractPropertyHolder  : Attempting to locate auto-apply AttributeConverter for property [com.inovamed.clinical_study_system.model.research.Research:description]
2024-11-19T16:56:12.009-03:00 DEBUG 11752 --- [clinical-study-system] [           main] o.h.b.model.internal.BasicValueBinder    : building BasicValue for description
2024-11-19T16:56:12.009-03:00 DEBUG 11752 --- [clinical-study-system] [           main] org.hibernate.mapping.BasicValue         : Skipping column re-registration: tb_research.description
2024-11-19T16:56:12.009-03:00 DEBUG 11752 --- [clinical-study-system] [           main] o.h.boot.model.internal.PropertyBinder   : Building property description
2024-11-19T16:56:12.009-03:00 DEBUG 11752 --- [clinical-study-system] [           main] o.h.boot.model.internal.AnnotatedColumn  : Binding column: AnnotatedJoinColumn()
2024-11-19T16:56:12.009-03:00 DEBUG 11752 --- [clinical-study-system] [           main] o.h.boot.model.internal.AnnotatedColumn  : Binding column: AnnotatedColumn()
2024-11-19T16:56:12.009-03:00 DEBUG 11752 --- [clinical-study-system] [           main] o.h.boot.model.internal.AnnotatedColumn  : Binding column: IndexColumn(column='institutions_ORDER')
2024-11-19T16:56:12.009-03:00 DEBUG 11752 --- [clinical-study-system] [           main] o.h.boot.model.internal.AnnotatedColumn  : Binding column: AnnotatedColumn()
2024-11-19T16:56:12.009-03:00 DEBUG 11752 --- [clinical-study-system] [           main] o.h.boot.model.internal.AnnotatedColumn  : Binding column: AnnotatedColumn(column='institutions_KEY')
2024-11-19T16:56:12.009-03:00 DEBUG 11752 --- [clinical-study-system] [           main] o.h.boot.model.internal.AnnotatedColumn  : Binding column: AnnotatedJoinColumn(column='institutions_KEY')
2024-11-19T16:56:12.009-03:00 DEBUG 11752 --- [clinical-study-system] [           main] o.h.boot.model.internal.AnnotatedColumn  : Binding column: AnnotatedJoinColumn()
2024-11-19T16:56:12.009-03:00 DEBUG 11752 --- [clinical-study-system] [           main] o.h.boot.model.internal.AnnotatedColumn  : Binding column: AnnotatedJoinColumn()
2024-11-19T16:56:12.009-03:00 DEBUG 11752 --- [clinical-study-system] [           main] o.h.b.model.internal.CollectionBinder    : Collection role: com.inovamed.clinical_study_system.model.research.Research.institutions
2024-11-19T16:56:12.009-03:00 DEBUG 11752 --- [clinical-study-system] [           main] o.h.boot.model.internal.PropertyBinder   : Building property institutions
2024-11-19T16:56:12.010-03:00 DEBUG 11752 --- [clinical-study-system] [           main] o.h.boot.model.internal.AnnotatedColumn  : Binding column: AnnotatedColumn()
2024-11-19T16:56:12.010-03:00 DEBUG 11752 --- [clinical-study-system] [           main] o.h.boot.model.internal.PropertyBinder   : MetadataSourceProcessor property location with lazy=false
2024-11-19T16:56:12.010-03:00 DEBUG 11752 --- [clinical-study-system] [           main] o.h.b.m.internal.AbstractPropertyHolder  : Attempting to locate auto-apply AttributeConverter for property [com.inovamed.clinical_study_system.model.research.Research:location]
2024-11-19T16:56:12.010-03:00 DEBUG 11752 --- [clinical-study-system] [           main] o.h.b.model.internal.BasicValueBinder    : building BasicValue for location
2024-11-19T16:56:12.010-03:00 DEBUG 11752 --- [clinical-study-system] [           main] org.hibernate.mapping.BasicValue         : Skipping column re-registration: tb_research.location
2024-11-19T16:56:12.010-03:00 DEBUG 11752 --- [clinical-study-system] [           main] o.h.boot.model.internal.PropertyBinder   : Building property location
2024-11-19T16:56:12.010-03:00 DEBUG 11752 --- [clinical-study-system] [           main] o.h.boot.model.internal.AnnotatedColumn  : Binding column: AnnotatedColumn()
2024-11-19T16:56:12.010-03:00 DEBUG 11752 --- [clinical-study-system] [           main] o.h.boot.model.internal.PropertyBinder   : MetadataSourceProcessor property numberOfPatients with lazy=false
2024-11-19T16:56:12.010-03:00 DEBUG 11752 --- [clinical-study-system] [           main] o.h.b.m.internal.AbstractPropertyHolder  : Attempting to locate auto-apply AttributeConverter for property [com.inovamed.clinical_study_system.model.research.Research:numberOfPatients]
2024-11-19T16:56:12.010-03:00 DEBUG 11752 --- [clinical-study-system] [           main] o.h.b.model.internal.BasicValueBinder    : building BasicValue for numberOfPatients
2024-11-19T16:56:12.010-03:00 DEBUG 11752 --- [clinical-study-system] [           main] org.hibernate.mapping.BasicValue         : Skipping column re-registration: tb_research.number_of_patients
2024-11-19T16:56:12.010-03:00 DEBUG 11752 --- [clinical-study-system] [           main] o.h.boot.model.internal.PropertyBinder   : Building property numberOfPatients
2024-11-19T16:56:12.010-03:00 DEBUG 11752 --- [clinical-study-system] [           main] o.h.boot.model.internal.AnnotatedColumn  : Binding column: IndexColumn(column='patients_ORDER')
2024-11-19T16:56:12.010-03:00 DEBUG 11752 --- [clinical-study-system] [           main] o.h.boot.model.internal.AnnotatedColumn  : Binding column: AnnotatedColumn()
2024-11-19T16:56:12.010-03:00 DEBUG 11752 --- [clinical-study-system] [           main] o.h.boot.model.internal.AnnotatedColumn  : Binding column: AnnotatedColumn(column='patients_KEY')
2024-11-19T16:56:12.010-03:00 DEBUG 11752 --- [clinical-study-system] [           main] o.h.boot.model.internal.AnnotatedColumn  : Binding column: AnnotatedJoinColumn(column='patients_KEY')
2024-11-19T16:56:12.010-03:00 DEBUG 11752 --- [clinical-study-system] [           main] o.h.boot.model.internal.AnnotatedColumn  : Binding column: AnnotatedJoinColumn()
2024-11-19T16:56:12.010-03:00 DEBUG 11752 --- [clinical-study-system] [           main] o.h.boot.model.internal.AnnotatedColumn  : Binding column: AnnotatedJoinColumn()
2024-11-19T16:56:12.010-03:00 DEBUG 11752 --- [clinical-study-system] [           main] o.h.b.model.internal.CollectionBinder    : Collection role: com.inovamed.clinical_study_system.model.research.Research.patients
2024-11-19T16:56:12.010-03:00 DEBUG 11752 --- [clinical-study-system] [           main] o.h.boot.model.internal.PropertyBinder   : Building property patients
2024-11-19T16:56:12.011-03:00 DEBUG 11752 --- [clinical-study-system] [           main] o.h.boot.model.internal.AnnotatedColumn  : Binding column: AnnotatedJoinColumn()
2024-11-19T16:56:12.011-03:00 DEBUG 11752 --- [clinical-study-system] [           main] o.h.boot.model.internal.AnnotatedColumn  : Binding column: AnnotatedColumn()
2024-11-19T16:56:12.011-03:00 DEBUG 11752 --- [clinical-study-system] [           main] o.h.boot.model.internal.AnnotatedColumn  : Binding column: IndexColumn(column='phases_ORDER')
2024-11-19T16:56:12.011-03:00 DEBUG 11752 --- [clinical-study-system] [           main] o.h.boot.model.internal.AnnotatedColumn  : Binding column: AnnotatedColumn()
2024-11-19T16:56:12.011-03:00 DEBUG 11752 --- [clinical-study-system] [           main] o.h.boot.model.internal.AnnotatedColumn  : Binding column: AnnotatedColumn(column='phases_KEY')
2024-11-19T16:56:12.011-03:00 DEBUG 11752 --- [clinical-study-system] [           main] o.h.boot.model.internal.AnnotatedColumn  : Binding column: AnnotatedJoinColumn(column='phases_KEY')
2024-11-19T16:56:12.011-03:00 DEBUG 11752 --- [clinical-study-system] [           main] o.h.boot.model.internal.AnnotatedColumn  : Binding column: AnnotatedJoinColumn(column='research_id')
2024-11-19T16:56:12.011-03:00 DEBUG 11752 --- [clinical-study-system] [           main] o.h.boot.model.internal.AnnotatedColumn  : Binding column: AnnotatedJoinColumn()
2024-11-19T16:56:12.011-03:00 DEBUG 11752 --- [clinical-study-system] [           main] o.h.b.model.internal.CollectionBinder    : Collection role: com.inovamed.clinical_study_system.model.research.Research.phases
2024-11-19T16:56:12.011-03:00 DEBUG 11752 --- [clinical-study-system] [           main] o.h.boot.model.internal.PropertyBinder   : Building property phases
2024-11-19T16:56:12.011-03:00 DEBUG 11752 --- [clinical-study-system] [           main] o.h.boot.model.internal.AnnotatedColumn  : Binding column: AnnotatedJoinColumn()
2024-11-19T16:56:12.012-03:00 DEBUG 11752 --- [clinical-study-system] [           main] o.h.boot.model.internal.AnnotatedColumn  : Binding column: AnnotatedColumn()
2024-11-19T16:56:12.012-03:00 DEBUG 11752 --- [clinical-study-system] [           main] o.h.boot.model.internal.AnnotatedColumn  : Binding column: IndexColumn(column='responsibleDoctors_ORDER')
2024-11-19T16:56:12.012-03:00 DEBUG 11752 --- [clinical-study-system] [           main] o.h.boot.model.internal.AnnotatedColumn  : Binding column: AnnotatedColumn()
2024-11-19T16:56:12.012-03:00 DEBUG 11752 --- [clinical-study-system] [           main] o.h.boot.model.internal.AnnotatedColumn  : Binding column: AnnotatedColumn(column='responsibleDoctors_KEY')
2024-11-19T16:56:12.012-03:00 DEBUG 11752 --- [clinical-study-system] [           main] o.h.boot.model.internal.AnnotatedColumn  : Binding column: AnnotatedJoinColumn(column='responsibleDoctors_KEY')
2024-11-19T16:56:12.012-03:00 DEBUG 11752 --- [clinical-study-system] [           main] o.h.boot.model.internal.AnnotatedColumn  : Binding column: AnnotatedJoinColumn()
2024-11-19T16:56:12.012-03:00 DEBUG 11752 --- [clinical-study-system] [           main] o.h.boot.model.internal.AnnotatedColumn  : Binding column: AnnotatedJoinColumn()
2024-11-19T16:56:12.012-03:00 DEBUG 11752 --- [clinical-study-system] [           main] o.h.b.model.internal.CollectionBinder    : Collection role: com.inovamed.clinical_study_system.model.research.Research.responsibleDoctors
2024-11-19T16:56:12.012-03:00 DEBUG 11752 --- [clinical-study-system] [           main] o.h.boot.model.internal.PropertyBinder   : Building property responsibleDoctors
2024-11-19T16:56:12.012-03:00 DEBUG 11752 --- [clinical-study-system] [           main] o.h.boot.model.internal.AnnotatedColumn  : Binding column: AnnotatedColumn()
2024-11-19T16:56:12.017-03:00 DEBUG 11752 --- [clinical-study-system] [           main] o.h.boot.model.internal.AnnotatedColumn  : Binding column: AnnotatedColumn(column='end_date')
2024-11-19T16:56:12.018-03:00 DEBUG 11752 --- [clinical-study-system] [           main] o.h.boot.model.internal.PropertyBinder   : MetadataSourceProcessor property end with lazy=false
2024-11-19T16:56:12.018-03:00 DEBUG 11752 --- [clinical-study-system] [           main] o.h.b.m.internal.AbstractPropertyHolder  : Attempting to locate auto-apply AttributeConverter for property [com.inovamed.clinical_study_system.model.research.Research.studyDuration:end]
2024-11-19T16:56:12.018-03:00 DEBUG 11752 --- [clinical-study-system] [           main] o.h.b.model.internal.BasicValueBinder    : building BasicValue for end
2024-11-19T16:56:12.018-03:00 DEBUG 11752 --- [clinical-study-system] [           main] org.hibernate.mapping.BasicValue         : Skipping column re-registration: tb_research.end_date
2024-11-19T16:56:12.018-03:00 DEBUG 11752 --- [clinical-study-system] [           main] o.h.boot.model.internal.PropertyBinder   : Building property end
2024-11-19T16:56:12.018-03:00 DEBUG 11752 --- [clinical-study-system] [           main] o.h.boot.model.internal.AnnotatedColumn  : Binding column: AnnotatedColumn(column='start_date')
2024-11-19T16:56:12.018-03:00 DEBUG 11752 --- [clinical-study-system] [           main] o.h.boot.model.internal.PropertyBinder   : MetadataSourceProcessor property start with lazy=false
2024-11-19T16:56:12.018-03:00 DEBUG 11752 --- [clinical-study-system] [           main] o.h.b.m.internal.AbstractPropertyHolder  : Attempting to locate auto-apply AttributeConverter for property [com.inovamed.clinical_study_system.model.research.Research.studyDuration:start]
2024-11-19T16:56:12.018-03:00 DEBUG 11752 --- [clinical-study-system] [           main] o.h.b.model.internal.BasicValueBinder    : building BasicValue for start
2024-11-19T16:56:12.018-03:00 DEBUG 11752 --- [clinical-study-system] [           main] org.hibernate.mapping.BasicValue         : Skipping column re-registration: tb_research.start_date
2024-11-19T16:56:12.018-03:00 DEBUG 11752 --- [clinical-study-system] [           main] o.h.boot.model.internal.PropertyBinder   : Building property start
2024-11-19T16:56:12.018-03:00 DEBUG 11752 --- [clinical-study-system] [           main] o.h.boot.model.internal.PropertyBinder   : Building property studyDuration
2024-11-19T16:56:12.018-03:00 DEBUG 11752 --- [clinical-study-system] [           main] o.h.boot.model.internal.AnnotatedColumn  : Binding column: AnnotatedColumn()
2024-11-19T16:56:12.018-03:00 DEBUG 11752 --- [clinical-study-system] [           main] o.h.boot.model.internal.PropertyBinder   : MetadataSourceProcessor property title with lazy=false
2024-11-19T16:56:12.018-03:00 DEBUG 11752 --- [clinical-study-system] [           main] o.h.b.m.internal.AbstractPropertyHolder  : Attempting to locate auto-apply AttributeConverter for property [com.inovamed.clinical_study_system.model.research.Research:title]
2024-11-19T16:56:12.018-03:00 DEBUG 11752 --- [clinical-study-system] [           main] o.h.b.model.internal.BasicValueBinder    : building BasicValue for title
2024-11-19T16:56:12.018-03:00 DEBUG 11752 --- [clinical-study-system] [           main] org.hibernate.mapping.BasicValue         : Skipping column re-registration: tb_research.title
2024-11-19T16:56:12.019-03:00 DEBUG 11752 --- [clinical-study-system] [           main] o.h.boot.model.internal.PropertyBinder   : Building property title
2024-11-19T16:56:12.019-03:00 DEBUG 11752 --- [clinical-study-system] [           main] o.h.b.r.c.i.ClassLoaderServiceImpl       : HHH000194: Package not found or no package-info.java: com.inovamed.clinical_study_system.model.research
2024-11-19T16:56:12.024-03:00 DEBUG 11752 --- [clinical-study-system] [           main] o.h.b.model.internal.BasicValueBinder    : Starting `BasicValueBinder#fillSimpleValue` for id
2024-11-19T16:56:12.025-03:00 DEBUG 11752 --- [clinical-study-system] [           main] o.h.b.model.internal.BasicValueBinder    : Starting `BasicValueBinder#fillSimpleValue` for message
2024-11-19T16:56:12.025-03:00 DEBUG 11752 --- [clinical-study-system] [           main] o.h.b.model.internal.BasicValueBinder    : Starting `BasicValueBinder#fillSimpleValue` for statusApplication
2024-11-19T16:56:12.027-03:00 DEBUG 11752 --- [clinical-study-system] [           main] o.h.b.model.internal.BasicValueBinder    : Starting `BasicValueBinder#fillSimpleValue` for id
2024-11-19T16:56:12.027-03:00 DEBUG 11752 --- [clinical-study-system] [           main] o.h.b.model.internal.BasicValueBinder    : Starting `BasicValueBinder#fillSimpleValue` for archive
2024-11-19T16:56:12.027-03:00 DEBUG 11752 --- [clinical-study-system] [           main] o.h.b.model.internal.BasicValueBinder    : Starting `BasicValueBinder#fillSimpleValue` for name
2024-11-19T16:56:12.027-03:00 DEBUG 11752 --- [clinical-study-system] [           main] o.h.b.model.internal.BasicValueBinder    : Starting `BasicValueBinder#fillSimpleValue` for id
2024-11-19T16:56:12.027-03:00 DEBUG 11752 --- [clinical-study-system] [           main] o.h.b.model.internal.BasicValueBinder    : Starting `BasicValueBinder#fillSimpleValue` for email
2024-11-19T16:56:12.027-03:00 DEBUG 11752 --- [clinical-study-system] [           main] o.h.b.model.internal.BasicValueBinder    : Starting `BasicValueBinder#fillSimpleValue` for password
2024-11-19T16:56:12.027-03:00 DEBUG 11752 --- [clinical-study-system] [           main] o.h.b.model.internal.BasicValueBinder    : Starting `BasicValueBinder#fillSimpleValue` for publicKey
2024-11-19T16:56:12.027-03:00 DEBUG 11752 --- [clinical-study-system] [           main] o.h.b.model.internal.BasicValueBinder    : Starting `BasicValueBinder#fillSimpleValue` for roles
2024-11-19T16:56:12.028-03:00 DEBUG 11752 --- [clinical-study-system] [           main] o.h.b.model.internal.BasicValueBinder    : Starting `BasicValueBinder#fillSimpleValue` for clinicalRole
2024-11-19T16:56:12.028-03:00 DEBUG 11752 --- [clinical-study-system] [           main] o.h.b.model.internal.BasicValueBinder    : Starting `BasicValueBinder#fillSimpleValue` for experiences
2024-11-19T16:56:12.028-03:00 DEBUG 11752 --- [clinical-study-system] [           main] o.h.b.model.internal.BasicValueBinder    : Starting `BasicValueBinder#fillSimpleValue` for name
2024-11-19T16:56:12.028-03:00 DEBUG 11752 --- [clinical-study-system] [           main] o.h.b.model.internal.BasicValueBinder    : Starting `BasicValueBinder#fillSimpleValue` for phone
2024-11-19T16:56:12.028-03:00 DEBUG 11752 --- [clinical-study-system] [           main] o.h.b.model.internal.BasicValueBinder    : Starting `BasicValueBinder#fillSimpleValue` for id
2024-11-19T16:56:12.028-03:00 DEBUG 11752 --- [clinical-study-system] [           main] o.h.b.model.internal.BasicValueBinder    : Starting `BasicValueBinder#fillSimpleValue` for consentType
2024-11-19T16:56:12.028-03:00 DEBUG 11752 --- [clinical-study-system] [           main] o.h.b.model.internal.BasicValueBinder    : Starting `BasicValueBinder#fillSimpleValue` for isActive
2024-11-19T16:56:12.029-03:00 DEBUG 11752 --- [clinical-study-system] [           main] o.h.b.model.internal.BasicValueBinder    : Starting `BasicValueBinder#fillSimpleValue` for validFrom
2024-11-19T16:56:12.029-03:00 DEBUG 11752 --- [clinical-study-system] [           main] o.h.b.model.internal.BasicValueBinder    : Starting `BasicValueBinder#fillSimpleValue` for validUntil
2024-11-19T16:56:12.029-03:00 DEBUG 11752 --- [clinical-study-system] [           main] o.h.b.model.internal.BasicValueBinder    : Starting `BasicValueBinder#fillSimpleValue` for id
2024-11-19T16:56:12.029-03:00 DEBUG 11752 --- [clinical-study-system] [           main] o.h.b.model.internal.BasicValueBinder    : Starting `BasicValueBinder#fillSimpleValue` for documentContent
2024-11-19T16:56:12.029-03:00 DEBUG 11752 --- [clinical-study-system] [           main] o.h.b.model.internal.BasicValueBinder    : Starting `BasicValueBinder#fillSimpleValue` for documentName
2024-11-19T16:56:12.029-03:00 DEBUG 11752 --- [clinical-study-system] [           main] o.h.b.model.internal.BasicValueBinder    : Starting `BasicValueBinder#fillSimpleValue` for isActive
2024-11-19T16:56:12.029-03:00 DEBUG 11752 --- [clinical-study-system] [           main] o.h.b.model.internal.BasicValueBinder    : Starting `BasicValueBinder#fillSimpleValue` for signature
2024-11-19T16:56:12.029-03:00 DEBUG 11752 --- [clinical-study-system] [           main] o.h.b.model.internal.BasicValueBinder    : Starting `BasicValueBinder#fillSimpleValue` for timestamp
2024-11-19T16:56:12.029-03:00 DEBUG 11752 --- [clinical-study-system] [           main] o.h.b.model.internal.BasicValueBinder    : Starting `BasicValueBinder#fillSimpleValue` for validFrom
2024-11-19T16:56:12.029-03:00 DEBUG 11752 --- [clinical-study-system] [           main] o.h.b.model.internal.BasicValueBinder    : Starting `BasicValueBinder#fillSimpleValue` for validUntil
2024-11-19T16:56:12.029-03:00 DEBUG 11752 --- [clinical-study-system] [           main] o.h.b.model.internal.BasicValueBinder    : Starting `BasicValueBinder#fillSimpleValue` for clinic
2024-11-19T16:56:12.029-03:00 DEBUG 11752 --- [clinical-study-system] [           main] o.h.b.model.internal.BasicValueBinder    : Starting `BasicValueBinder#fillSimpleValue` for crm
2024-11-19T16:56:12.029-03:00 DEBUG 11752 --- [clinical-study-system] [           main] o.h.b.model.internal.BasicValueBinder    : Starting `BasicValueBinder#fillSimpleValue` for doctorExperienceEnum
2024-11-19T16:56:12.029-03:00 DEBUG 11752 --- [clinical-study-system] [           main] o.h.b.model.internal.BasicValueBinder    : Starting `BasicValueBinder#fillSimpleValue` for key
2024-11-19T16:56:12.029-03:00 DEBUG 11752 --- [clinical-study-system] [           main] o.h.b.model.internal.BasicValueBinder    : Starting `BasicValueBinder#fillSimpleValue` for name
2024-11-19T16:56:12.029-03:00 DEBUG 11752 --- [clinical-study-system] [           main] o.h.b.model.internal.BasicValueBinder    : Starting `BasicValueBinder#fillSimpleValue` for phone
2024-11-19T16:56:12.029-03:00 DEBUG 11752 --- [clinical-study-system] [           main] o.h.b.model.internal.BasicValueBinder    : Starting `BasicValueBinder#fillSimpleValue` for specialty
2024-11-19T16:56:12.029-03:00 DEBUG 11752 --- [clinical-study-system] [           main] o.h.b.model.internal.BasicValueBinder    : Starting `BasicValueBinder#fillSimpleValue` for id
2024-11-19T16:56:12.029-03:00 DEBUG 11752 --- [clinical-study-system] [           main] o.h.b.model.internal.BasicValueBinder    : Starting `BasicValueBinder#fillSimpleValue` for text
2024-11-19T16:56:12.029-03:00 DEBUG 11752 --- [clinical-study-system] [           main] o.h.b.model.internal.BasicValueBinder    : Starting `BasicValueBinder#fillSimpleValue` for id
2024-11-19T16:56:12.029-03:00 DEBUG 11752 --- [clinical-study-system] [           main] o.h.b.model.internal.BasicValueBinder    : Starting `BasicValueBinder#fillSimpleValue` for message
2024-11-19T16:56:12.029-03:00 DEBUG 11752 --- [clinical-study-system] [           main] o.h.b.model.internal.BasicValueBinder    : Starting `BasicValueBinder#fillSimpleValue` for sender
2024-11-19T16:56:12.029-03:00 DEBUG 11752 --- [clinical-study-system] [           main] o.h.b.model.internal.BasicValueBinder    : Starting `BasicValueBinder#fillSimpleValue` for senderCode
2024-11-19T16:56:12.029-03:00 DEBUG 11752 --- [clinical-study-system] [           main] o.h.b.model.internal.BasicValueBinder    : Starting `BasicValueBinder#fillSimpleValue` for title
2024-11-19T16:56:12.029-03:00 DEBUG 11752 --- [clinical-study-system] [           main] o.h.b.model.internal.BasicValueBinder    : Starting `BasicValueBinder#fillSimpleValue` for birth
2024-11-19T16:56:12.029-03:00 DEBUG 11752 --- [clinical-study-system] [           main] o.h.b.model.internal.BasicValueBinder    : Starting `BasicValueBinder#fillSimpleValue` for code
2024-11-19T16:56:12.029-03:00 DEBUG 11752 --- [clinical-study-system] [           main] o.h.b.model.internal.BasicValueBinder    : Starting `BasicValueBinder#fillSimpleValue` for digitalSignatureConsent
2024-11-19T16:56:12.029-03:00 DEBUG 11752 --- [clinical-study-system] [           main] o.h.b.model.internal.BasicValueBinder    : Starting `BasicValueBinder#fillSimpleValue` for gender
2024-11-19T16:56:12.029-03:00 DEBUG 11752 --- [clinical-study-system] [           main] o.h.b.model.internal.BasicValueBinder    : Starting `BasicValueBinder#fillSimpleValue` for name
2024-11-19T16:56:12.029-03:00 DEBUG 11752 --- [clinical-study-system] [           main] o.h.b.model.internal.BasicValueBinder    : Starting `BasicValueBinder#fillSimpleValue` for phone
2024-11-19T16:56:12.029-03:00 DEBUG 11752 --- [clinical-study-system] [           main] o.h.b.model.internal.BasicValueBinder    : Starting `BasicValueBinder#fillSimpleValue` for responsibleDoctor
2024-11-19T16:56:12.029-03:00 DEBUG 11752 --- [clinical-study-system] [           main] o.h.b.model.internal.BasicValueBinder    : Starting `BasicValueBinder#fillSimpleValue` for id
2024-11-19T16:56:12.029-03:00 DEBUG 11752 --- [clinical-study-system] [           main] o.h.b.model.internal.BasicValueBinder    : Starting `BasicValueBinder#fillSimpleValue` for area
2024-11-19T16:56:12.029-03:00 DEBUG 11752 --- [clinical-study-system] [           main] o.h.b.model.internal.BasicValueBinder    : Starting `BasicValueBinder#fillSimpleValue` for availableVacancies
2024-11-19T16:56:12.029-03:00 DEBUG 11752 --- [clinical-study-system] [           main] o.h.b.model.internal.BasicValueBinder    : Starting `BasicValueBinder#fillSimpleValue` for code
2024-11-19T16:56:12.029-03:00 DEBUG 11752 --- [clinical-study-system] [           main] o.h.b.model.internal.BasicValueBinder    : Starting `BasicValueBinder#fillSimpleValue` for exclusion
2024-11-19T16:56:12.029-03:00 DEBUG 11752 --- [clinical-study-system] [           main] o.h.b.model.internal.BasicValueBinder    : Starting `BasicValueBinder#fillSimpleValue` for inclusion
2024-11-19T16:56:12.029-03:00 DEBUG 11752 --- [clinical-study-system] [           main] o.h.b.model.internal.BasicValueBinder    : Starting `BasicValueBinder#fillSimpleValue` for currentPhase
2024-11-19T16:56:12.029-03:00 DEBUG 11752 --- [clinical-study-system] [           main] o.h.b.model.internal.BasicValueBinder    : Starting `BasicValueBinder#fillSimpleValue` for description
2024-11-19T16:56:12.029-03:00 DEBUG 11752 --- [clinical-study-system] [           main] o.h.b.model.internal.BasicValueBinder    : Starting `BasicValueBinder#fillSimpleValue` for location
2024-11-19T16:56:12.029-03:00 DEBUG 11752 --- [clinical-study-system] [           main] o.h.b.model.internal.BasicValueBinder    : Starting `BasicValueBinder#fillSimpleValue` for numberOfPatients
2024-11-19T16:56:12.029-03:00 DEBUG 11752 --- [clinical-study-system] [           main] o.h.b.model.internal.BasicValueBinder    : Starting `BasicValueBinder#fillSimpleValue` for end
2024-11-19T16:56:12.029-03:00 DEBUG 11752 --- [clinical-study-system] [           main] o.h.b.model.internal.BasicValueBinder    : Starting `BasicValueBinder#fillSimpleValue` for start
2024-11-19T16:56:12.029-03:00 DEBUG 11752 --- [clinical-study-system] [           main] o.h.b.model.internal.BasicValueBinder    : Starting `BasicValueBinder#fillSimpleValue` for title
2024-11-19T16:56:12.041-03:00 DEBUG 11752 --- [clinical-study-system] [           main] org.hibernate.mapping.PrimaryKey         : Forcing column [id] to be non-null as it is part of the primary key for table [tb_application]
2024-11-19T16:56:12.041-03:00 DEBUG 11752 --- [clinical-study-system] [           main] org.hibernate.mapping.PrimaryKey         : Forcing column [id] to be non-null as it is part of the primary key for table [tb_attachment]
2024-11-19T16:56:12.041-03:00 DEBUG 11752 --- [clinical-study-system] [           main] org.hibernate.mapping.PrimaryKey         : Forcing column [id] to be non-null as it is part of the primary key for table [tb_user]
2024-11-19T16:56:12.041-03:00 DEBUG 11752 --- [clinical-study-system] [           main] org.hibernate.mapping.PrimaryKey         : Forcing column [id] to be non-null as it is part of the primary key for table [tb_clinical_study_representative]
2024-11-19T16:56:12.041-03:00 DEBUG 11752 --- [clinical-study-system] [           main] org.hibernate.mapping.PrimaryKey         : Forcing column [id] to be non-null as it is part of the primary key for table [tb_consent]
2024-11-19T16:56:12.041-03:00 DEBUG 11752 --- [clinical-study-system] [           main] org.hibernate.mapping.PrimaryKey         : Forcing column [id] to be non-null as it is part of the primary key for table [tb_digital_signature]
2024-11-19T16:56:12.041-03:00 DEBUG 11752 --- [clinical-study-system] [           main] org.hibernate.mapping.PrimaryKey         : Forcing column [id] to be non-null as it is part of the primary key for table [tb_doctor]
2024-11-19T16:56:12.041-03:00 DEBUG 11752 --- [clinical-study-system] [           main] org.hibernate.mapping.PrimaryKey         : Forcing column [id] to be non-null as it is part of the primary key for table [tb_medical_history]
2024-11-19T16:56:12.041-03:00 DEBUG 11752 --- [clinical-study-system] [           main] org.hibernate.mapping.PrimaryKey         : Forcing column [id] to be non-null as it is part of the primary key for table [tb_notification]
2024-11-19T16:56:12.041-03:00 DEBUG 11752 --- [clinical-study-system] [           main] org.hibernate.mapping.PrimaryKey         : Forcing column [id] to be non-null as it is part of the primary key for table [tb_patient]
2024-11-19T16:56:12.041-03:00 DEBUG 11752 --- [clinical-study-system] [           main] org.hibernate.mapping.PrimaryKey         : Forcing column [research_id] to be non-null as it is part of the primary key for table [tb_research]
2024-11-19T16:56:12.041-03:00 DEBUG 11752 --- [clinical-study-system] [           main] o.h.b.m.internal.CollectionSecondPass    : Second pass for collection: com.inovamed.clinical_study_system.model.research.Research.responsibleDoctors
2024-11-19T16:56:12.042-03:00 DEBUG 11752 --- [clinical-study-system] [           main] o.h.b.model.internal.CollectionBinder    : Binding a collection of element: com.inovamed.clinical_study_system.model.research.Research.responsibleDoctors
2024-11-19T16:56:12.044-03:00 DEBUG 11752 --- [clinical-study-system] [           main] o.h.b.r.c.i.ClassLoaderServiceImpl       : HHH000194: Package not found or no package-info.java: com.inovamed.clinical_study_system.model.research
2024-11-19T16:56:12.047-03:00 DEBUG 11752 --- [clinical-study-system] [           main] o.h.b.m.i.CollectionPropertyHolder       : Attempting to locate auto-apply AttributeConverter for collection element [com.inovamed.clinical_study_system.model.research.Research.responsibleDoctors]
2024-11-19T16:56:12.047-03:00 DEBUG 11752 --- [clinical-study-system] [           main] o.h.b.model.internal.BasicValueBinder    : building BasicValue for null
2024-11-19T16:56:12.047-03:00 DEBUG 11752 --- [clinical-study-system] [           main] org.hibernate.mapping.BasicValue         : Skipping column re-registration: tb_research_responsible_doctors.responsible_doctors
2024-11-19T16:56:12.047-03:00 DEBUG 11752 --- [clinical-study-system] [           main] o.h.b.model.internal.BasicValueBinder    : Starting `BasicValueBinder#fillSimpleValue` for null
2024-11-19T16:56:12.048-03:00 DEBUG 11752 --- [clinical-study-system] [           main] o.h.b.m.internal.CollectionSecondPass    : Mapped collection key: tb_research_research_id, element: responsible_doctors
2024-11-19T16:56:12.048-03:00 DEBUG 11752 --- [clinical-study-system] [           main] o.h.b.m.internal.CollectionSecondPass    : Second pass for collection: com.inovamed.clinical_study_system.model.research.Research.phases
2024-11-19T16:56:12.048-03:00 DEBUG 11752 --- [clinical-study-system] [           main] o.h.b.model.internal.CollectionBinder    : Binding a collection of element: com.inovamed.clinical_study_system.model.research.Research.phases
2024-11-19T16:56:12.049-03:00 DEBUG 11752 --- [clinical-study-system] [           main] o.h.b.r.c.i.ClassLoaderServiceImpl       : HHH000194: Package not found or no package-info.java: com.inovamed.clinical_study_system.model.research
2024-11-19T16:56:12.050-03:00 DEBUG 11752 --- [clinical-study-system] [           main] o.h.boot.model.internal.AnnotatedColumn  : Binding column: AnnotatedColumn()
2024-11-19T16:56:12.050-03:00 DEBUG 11752 --- [clinical-study-system] [           main] o.h.boot.model.internal.PropertyBinder   : MetadataSourceProcessor property description with lazy=false
2024-11-19T16:56:12.050-03:00 DEBUG 11752 --- [clinical-study-system] [           main] o.h.b.m.internal.AbstractPropertyHolder  : Attempting to locate auto-apply AttributeConverter for property [com.inovamed.clinical_study_system.model.research.Research.phases.collection&&element:description]
2024-11-19T16:56:12.050-03:00 DEBUG 11752 --- [clinical-study-system] [           main] o.h.b.model.internal.BasicValueBinder    : building BasicValue for description
2024-11-19T16:56:12.050-03:00 DEBUG 11752 --- [clinical-study-system] [           main] org.hibernate.mapping.BasicValue         : Skipping column re-registration: research_phases.description
2024-11-19T16:56:12.050-03:00 DEBUG 11752 --- [clinical-study-system] [           main] o.h.b.model.internal.BasicValueBinder    : Starting `BasicValueBinder#fillSimpleValue` for description
2024-11-19T16:56:12.050-03:00 DEBUG 11752 --- [clinical-study-system] [           main] o.h.boot.model.internal.PropertyBinder   : Building property description
2024-11-19T16:56:12.051-03:00 DEBUG 11752 --- [clinical-study-system] [           main] o.h.boot.model.internal.AnnotatedColumn  : Binding column: AnnotatedColumn()
2024-11-19T16:56:12.051-03:00 DEBUG 11752 --- [clinical-study-system] [           main] o.h.boot.model.internal.PropertyBinder   : MetadataSourceProcessor property number with lazy=false
2024-11-19T16:56:12.051-03:00 DEBUG 11752 --- [clinical-study-system] [           main] o.h.b.m.internal.AbstractPropertyHolder  : Attempting to locate auto-apply AttributeConverter for property [com.inovamed.clinical_study_system.model.research.Research.phases.collection&&element:number]
2024-11-19T16:56:12.051-03:00 DEBUG 11752 --- [clinical-study-system] [           main] o.h.b.model.internal.BasicValueBinder    : building BasicValue for number
2024-11-19T16:56:12.051-03:00 DEBUG 11752 --- [clinical-study-system] [           main] org.hibernate.mapping.BasicValue         : Skipping column re-registration: research_phases.number
2024-11-19T16:56:12.051-03:00 DEBUG 11752 --- [clinical-study-system] [           main] o.h.b.model.internal.BasicValueBinder    : Starting `BasicValueBinder#fillSimpleValue` for number
2024-11-19T16:56:12.051-03:00 DEBUG 11752 --- [clinical-study-system] [           main] o.h.boot.model.internal.PropertyBinder   : Building property number
2024-11-19T16:56:12.051-03:00 DEBUG 11752 --- [clinical-study-system] [           main] o.h.boot.model.internal.AnnotatedColumn  : Binding column: AnnotatedColumn()
2024-11-19T16:56:12.051-03:00 DEBUG 11752 --- [clinical-study-system] [           main] o.h.boot.model.internal.PropertyBinder   : MetadataSourceProcessor property title with lazy=false
2024-11-19T16:56:12.051-03:00 DEBUG 11752 --- [clinical-study-system] [           main] o.h.b.m.internal.AbstractPropertyHolder  : Attempting to locate auto-apply AttributeConverter for property [com.inovamed.clinical_study_system.model.research.Research.phases.collection&&element:title]
2024-11-19T16:56:12.051-03:00 DEBUG 11752 --- [clinical-study-system] [           main] o.h.b.model.internal.BasicValueBinder    : building BasicValue for title
2024-11-19T16:56:12.051-03:00 DEBUG 11752 --- [clinical-study-system] [           main] org.hibernate.mapping.BasicValue         : Skipping column re-registration: research_phases.title
2024-11-19T16:56:12.051-03:00 DEBUG 11752 --- [clinical-study-system] [           main] o.h.b.model.internal.BasicValueBinder    : Starting `BasicValueBinder#fillSimpleValue` for title
2024-11-19T16:56:12.051-03:00 DEBUG 11752 --- [clinical-study-system] [           main] o.h.boot.model.internal.PropertyBinder   : Building property title
2024-11-19T16:56:12.052-03:00 DEBUG 11752 --- [clinical-study-system] [           main] o.h.b.m.internal.CollectionSecondPass    : Mapped collection key: research_id, element: description, number, title
2024-11-19T16:56:12.052-03:00 DEBUG 11752 --- [clinical-study-system] [           main] o.h.b.m.internal.CollectionSecondPass    : Second pass for collection: com.inovamed.clinical_study_system.model.research.Research.institutions
2024-11-19T16:56:12.052-03:00 DEBUG 11752 --- [clinical-study-system] [           main] o.h.b.model.internal.CollectionBinder    : Binding a collection of element: com.inovamed.clinical_study_system.model.research.Research.institutions
2024-11-19T16:56:12.053-03:00 DEBUG 11752 --- [clinical-study-system] [           main] o.h.b.r.c.i.ClassLoaderServiceImpl       : HHH000194: Package not found or no package-info.java: com.inovamed.clinical_study_system.model.research
2024-11-19T16:56:12.053-03:00 DEBUG 11752 --- [clinical-study-system] [           main] o.h.b.m.i.CollectionPropertyHolder       : Attempting to locate auto-apply AttributeConverter for collection element [com.inovamed.clinical_study_system.model.research.Research.institutions]
2024-11-19T16:56:12.053-03:00 DEBUG 11752 --- [clinical-study-system] [           main] o.h.b.model.internal.BasicValueBinder    : building BasicValue for null
2024-11-19T16:56:12.053-03:00 DEBUG 11752 --- [clinical-study-system] [           main] org.hibernate.mapping.BasicValue         : Skipping column re-registration: tb_research_institutions.institutions
2024-11-19T16:56:12.053-03:00 DEBUG 11752 --- [clinical-study-system] [           main] o.h.b.model.internal.BasicValueBinder    : Starting `BasicValueBinder#fillSimpleValue` for null
2024-11-19T16:56:12.053-03:00 DEBUG 11752 --- [clinical-study-system] [           main] o.h.b.m.internal.CollectionSecondPass    : Mapped collection key: tb_research_research_id, element: institutions
2024-11-19T16:56:12.053-03:00 DEBUG 11752 --- [clinical-study-system] [           main] o.h.b.m.internal.CollectionSecondPass    : Second pass for collection: com.inovamed.clinical_study_system.model.patient.Patient.researches
2024-11-19T16:56:12.053-03:00 DEBUG 11752 --- [clinical-study-system] [           main] o.h.b.model.internal.CollectionBinder    : Binding a ManyToMany: com.inovamed.clinical_study_system.model.patient.Patient.researches
2024-11-19T16:56:12.054-03:00 DEBUG 11752 --- [clinical-study-system] [           main] o.h.b.r.c.i.ClassLoaderServiceImpl       : HHH000194: Package not found or no package-info.java: com.inovamed.clinical_study_system.model.patient
2024-11-19T16:56:12.058-03:00 DEBUG 11752 --- [clinical-study-system] [           main] o.h.b.m.internal.CollectionSecondPass    : Mapped collection key: patient_id, element: research_id
2024-11-19T16:56:12.058-03:00 DEBUG 11752 --- [clinical-study-system] [           main] o.h.b.m.internal.CollectionSecondPass    : Second pass for collection: com.inovamed.clinical_study_system.model.patient.Patient.authorizations
2024-11-19T16:56:12.058-03:00 DEBUG 11752 --- [clinical-study-system] [           main] o.h.b.model.internal.CollectionBinder    : Binding a collection of element: com.inovamed.clinical_study_system.model.patient.Patient.authorizations
2024-11-19T16:56:12.058-03:00 DEBUG 11752 --- [clinical-study-system] [           main] o.h.b.r.c.i.ClassLoaderServiceImpl       : HHH000194: Package not found or no package-info.java: com.inovamed.clinical_study_system.model.patient
2024-11-19T16:56:12.059-03:00 DEBUG 11752 --- [clinical-study-system] [           main] o.h.b.m.i.CollectionPropertyHolder       : Attempting to locate auto-apply AttributeConverter for collection element [com.inovamed.clinical_study_system.model.patient.Patient.authorizations]
2024-11-19T16:56:12.059-03:00 DEBUG 11752 --- [clinical-study-system] [           main] o.h.b.model.internal.BasicValueBinder    : building BasicValue for null
2024-11-19T16:56:12.059-03:00 DEBUG 11752 --- [clinical-study-system] [           main] org.hibernate.mapping.BasicValue         : Skipping column re-registration: tb_patient_authorizations.authorizations
2024-11-19T16:56:12.059-03:00 DEBUG 11752 --- [clinical-study-system] [           main] o.h.b.model.internal.BasicValueBinder    : Starting `BasicValueBinder#fillSimpleValue` for null
2024-11-19T16:56:12.059-03:00 DEBUG 11752 --- [clinical-study-system] [           main] o.h.b.m.internal.CollectionSecondPass    : Mapped collection key: tb_patient_id, element: authorizations
2024-11-19T16:56:12.059-03:00 DEBUG 11752 --- [clinical-study-system] [           main] o.h.b.m.internal.CollectionSecondPass    : Second pass for collection: com.inovamed.clinical_study_system.model.notification.Notification.recipientsPatients
2024-11-19T16:56:12.059-03:00 DEBUG 11752 --- [clinical-study-system] [           main] o.h.b.model.internal.CollectionBinder    : Binding a ManyToMany: com.inovamed.clinical_study_system.model.notification.Notification.recipientsPatients
2024-11-19T16:56:12.060-03:00 DEBUG 11752 --- [clinical-study-system] [           main] o.h.b.r.c.i.ClassLoaderServiceImpl       : HHH000194: Package not found or no package-info.java: com.inovamed.clinical_study_system.model.notification
2024-11-19T16:56:12.060-03:00 DEBUG 11752 --- [clinical-study-system] [           main] o.h.b.m.internal.CollectionSecondPass    : Mapped collection key: notification_id, element: patient_id
2024-11-19T16:56:12.060-03:00 DEBUG 11752 --- [clinical-study-system] [           main] o.h.b.m.internal.CollectionSecondPass    : Second pass for collection: com.inovamed.clinical_study_system.model.notification.Notification.recipientsDoctors
2024-11-19T16:56:12.060-03:00 DEBUG 11752 --- [clinical-study-system] [           main] o.h.b.model.internal.CollectionBinder    : Binding a ManyToMany: com.inovamed.clinical_study_system.model.notification.Notification.recipientsDoctors
2024-11-19T16:56:12.061-03:00 DEBUG 11752 --- [clinical-study-system] [           main] o.h.b.r.c.i.ClassLoaderServiceImpl       : HHH000194: Package not found or no package-info.java: com.inovamed.clinical_study_system.model.notification
2024-11-19T16:56:12.061-03:00 DEBUG 11752 --- [clinical-study-system] [           main] o.h.b.m.internal.CollectionSecondPass    : Mapped collection key: notification_id, element: doctor_id
2024-11-19T16:56:12.062-03:00 DEBUG 11752 --- [clinical-study-system] [           main] o.h.b.m.internal.CollectionSecondPass    : Second pass for collection: com.inovamed.clinical_study_system.model.digital_signature.DigitalSignature.consents
2024-11-19T16:56:12.062-03:00 DEBUG 11752 --- [clinical-study-system] [           main] o.h.b.model.internal.CollectionBinder    : Binding a ManyToMany: com.inovamed.clinical_study_system.model.digital_signature.DigitalSignature.consents
2024-11-19T16:56:12.062-03:00 DEBUG 11752 --- [clinical-study-system] [           main] o.h.b.r.c.i.ClassLoaderServiceImpl       : HHH000194: Package not found or no package-info.java: com.inovamed.clinical_study_system.model.digital_signature
2024-11-19T16:56:12.062-03:00 DEBUG 11752 --- [clinical-study-system] [           main] o.h.b.m.internal.CollectionSecondPass    : Mapped collection key: signature_id, element: consent_id
2024-11-19T16:56:12.062-03:00 DEBUG 11752 --- [clinical-study-system] [           main] o.h.b.m.internal.CollectionSecondPass    : Second pass for collection: com.inovamed.clinical_study_system.model.clinical_study_representative.ClinicalStudyRepresentative.research
2024-11-19T16:56:12.062-03:00 DEBUG 11752 --- [clinical-study-system] [           main] o.h.b.model.internal.CollectionBinder    : Binding a OneToMany: com.inovamed.clinical_study_system.model.clinical_study_representative.ClinicalStudyRepresentative.research through an association table
2024-11-19T16:56:12.065-03:00 DEBUG 11752 --- [clinical-study-system] [           main] o.h.b.r.c.i.ClassLoaderServiceImpl       : HHH000194: Package not found or no package-info.java: com.inovamed.clinical_study_system.model.clinical_study_representative
2024-11-19T16:56:12.066-03:00 DEBUG 11752 --- [clinical-study-system] [           main] o.h.b.m.internal.CollectionSecondPass    : Mapped collection key: tb_clinical_study_representative_id, element: research_research_id
2024-11-19T16:56:12.066-03:00 DEBUG 11752 --- [clinical-study-system] [           main] o.h.b.m.internal.CollectionSecondPass    : Second pass for collection: com.inovamed.clinical_study_system.model.clinical_study_representative.ClinicalStudyRepresentative.notifications
2024-11-19T16:56:12.066-03:00 DEBUG 11752 --- [clinical-study-system] [           main] o.h.b.model.internal.CollectionBinder    : Binding a OneToMany: com.inovamed.clinical_study_system.model.clinical_study_representative.ClinicalStudyRepresentative.notifications through an association table
2024-11-19T16:56:12.066-03:00 DEBUG 11752 --- [clinical-study-system] [           main] o.h.b.r.c.i.ClassLoaderServiceImpl       : HHH000194: Package not found or no package-info.java: com.inovamed.clinical_study_system.model.clinical_study_representative
2024-11-19T16:56:12.067-03:00 DEBUG 11752 --- [clinical-study-system] [           main] o.h.b.m.internal.CollectionSecondPass    : Mapped collection key: tb_clinical_study_representative_id, element: notifications_id
2024-11-19T16:56:12.067-03:00 DEBUG 11752 --- [clinical-study-system] [           main] o.h.b.m.internal.CollectionSecondPass    : Second pass for collection: com.inovamed.clinical_study_system.model.user.User.digitalSignatures
2024-11-19T16:56:12.067-03:00 DEBUG 11752 --- [clinical-study-system] [           main] o.h.b.model.internal.CollectionBinder    : Binding a OneToMany: com.inovamed.clinical_study_system.model.user.User.digitalSignatures through a foreign key
2024-11-19T16:56:12.067-03:00 DEBUG 11752 --- [clinical-study-system] [           main] o.h.b.model.internal.CollectionBinder    : Mapping collection: com.inovamed.clinical_study_system.model.user.User.digitalSignatures -> tb_digital_signature
2024-11-19T16:56:12.068-03:00 DEBUG 11752 --- [clinical-study-system] [           main] o.h.boot.model.internal.TableBinder      : Retrieving property com.inovamed.clinical_study_system.model.digital_signature.DigitalSignature.user
2024-11-19T16:56:12.068-03:00 DEBUG 11752 --- [clinical-study-system] [           main] o.h.b.m.internal.CollectionSecondPass    : Mapped collection key: user_id, one-to-many: com.inovamed.clinical_study_system.model.digital_signature.DigitalSignature
2024-11-19T16:56:12.068-03:00 DEBUG 11752 --- [clinical-study-system] [           main] o.h.boot.internal.ClassLoaderAccessImpl  : Not known whether passed class name [com.inovamed.clinical_study_system.model.clinical_study_representative.ClinicalStudyRepresentative] is safe
2024-11-19T16:56:12.068-03:00 DEBUG 11752 --- [clinical-study-system] [           main] o.h.boot.internal.ClassLoaderAccessImpl  : No temp ClassLoader provided; using live ClassLoader for loading potentially unsafe class : com.inovamed.clinical_study_system.model.clinical_study_representative.ClinicalStudyRepresentative
2024-11-19T16:56:12.068-03:00 DEBUG 11752 --- [clinical-study-system] [           main] o.h.b.m.internal.CollectionSecondPass    : Second pass for collection: com.inovamed.clinical_study_system.model.doctor.Doctor.applicationsSubmitted
2024-11-19T16:56:12.068-03:00 DEBUG 11752 --- [clinical-study-system] [           main] o.h.b.model.internal.CollectionBinder    : Binding a OneToMany: com.inovamed.clinical_study_system.model.doctor.Doctor.applicationsSubmitted through a foreign key
2024-11-19T16:56:12.068-03:00 DEBUG 11752 --- [clinical-study-system] [           main] o.h.b.model.internal.CollectionBinder    : Mapping collection: com.inovamed.clinical_study_system.model.doctor.Doctor.applicationsSubmitted -> tb_application
2024-11-19T16:56:12.068-03:00 DEBUG 11752 --- [clinical-study-system] [           main] o.h.boot.model.internal.TableBinder      : Retrieving property com.inovamed.clinical_study_system.model.application.Application.doctor
2024-11-19T16:56:12.068-03:00 DEBUG 11752 --- [clinical-study-system] [           main] o.h.b.m.internal.CollectionSecondPass    : Mapped collection key: doctor_id, one-to-many: com.inovamed.clinical_study_system.model.application.Application
2024-11-19T16:56:12.068-03:00 DEBUG 11752 --- [clinical-study-system] [           main] o.h.b.m.internal.CollectionSecondPass    : Second pass for collection: com.inovamed.clinical_study_system.model.doctor.Doctor.notifications
2024-11-19T16:56:12.068-03:00 DEBUG 11752 --- [clinical-study-system] [           main] o.h.b.model.internal.CollectionBinder    : Binding a ManyToMany: com.inovamed.clinical_study_system.model.doctor.Doctor.notifications
2024-11-19T16:56:12.069-03:00 DEBUG 11752 --- [clinical-study-system] [           main] o.h.b.r.c.i.ClassLoaderServiceImpl       : HHH000194: Package not found or no package-info.java: com.inovamed.clinical_study_system.model.doctor
2024-11-19T16:56:12.069-03:00 DEBUG 11752 --- [clinical-study-system] [           main] o.h.boot.model.internal.TableBinder      : Retrieving property com.inovamed.clinical_study_system.model.notification.Notification.recipientsDoctors
2024-11-19T16:56:12.069-03:00 DEBUG 11752 --- [clinical-study-system] [           main] o.h.b.m.internal.CollectionSecondPass    : Mapped collection key: doctor_id, element: notification_id
2024-11-19T16:56:12.069-03:00 DEBUG 11752 --- [clinical-study-system] [           main] o.h.b.m.internal.CollectionSecondPass    : Second pass for collection: com.inovamed.clinical_study_system.model.doctor.Doctor.patients
2024-11-19T16:56:12.069-03:00 DEBUG 11752 --- [clinical-study-system] [           main] o.h.b.model.internal.CollectionBinder    : Binding a OneToMany: com.inovamed.clinical_study_system.model.doctor.Doctor.patients through a foreign key
2024-11-19T16:56:12.069-03:00 DEBUG 11752 --- [clinical-study-system] [           main] o.h.b.model.internal.CollectionBinder    : Mapping collection: com.inovamed.clinical_study_system.model.doctor.Doctor.patients -> tb_patient
2024-11-19T16:56:12.069-03:00 DEBUG 11752 --- [clinical-study-system] [           main] o.h.boot.model.internal.TableBinder      : Retrieving property com.inovamed.clinical_study_system.model.patient.Patient.doctor
2024-11-19T16:56:12.069-03:00 DEBUG 11752 --- [clinical-study-system] [           main] o.h.b.m.internal.CollectionSecondPass    : Mapped collection key: doctor_id, one-to-many: com.inovamed.clinical_study_system.model.patient.Patient
2024-11-19T16:56:12.069-03:00 DEBUG 11752 --- [clinical-study-system] [           main] o.h.boot.internal.ClassLoaderAccessImpl  : Not known whether passed class name [com.inovamed.clinical_study_system.model.doctor.Doctor] is safe
2024-11-19T16:56:12.069-03:00 DEBUG 11752 --- [clinical-study-system] [           main] o.h.boot.internal.ClassLoaderAccessImpl  : No temp ClassLoader provided; using live ClassLoader for loading potentially unsafe class : com.inovamed.clinical_study_system.model.doctor.Doctor
2024-11-19T16:56:12.070-03:00 DEBUG 11752 --- [clinical-study-system] [           main] o.h.boot.model.internal.PropertyBinder   : Building property patient
2024-11-19T16:56:12.071-03:00 DEBUG 11752 --- [clinical-study-system] [           main] o.h.b.m.internal.CollectionSecondPass    : Second pass for collection: com.inovamed.clinical_study_system.model.notification.Notification.attachment
2024-11-19T16:56:12.072-03:00 DEBUG 11752 --- [clinical-study-system] [           main] o.h.b.model.internal.CollectionBinder    : Binding a OneToMany: com.inovamed.clinical_study_system.model.notification.Notification.attachment through a foreign key
2024-11-19T16:56:12.073-03:00 DEBUG 11752 --- [clinical-study-system] [           main] o.h.b.model.internal.CollectionBinder    : Mapping collection: com.inovamed.clinical_study_system.model.notification.Notification.attachment -> tb_attachment
2024-11-19T16:56:12.073-03:00 DEBUG 11752 --- [clinical-study-system] [           main] o.h.boot.model.internal.TableBinder      : Retrieving property com.inovamed.clinical_study_system.model.attachment.Attachment.notification
2024-11-19T16:56:12.073-03:00 DEBUG 11752 --- [clinical-study-system] [           main] o.h.b.m.internal.CollectionSecondPass    : Mapped collection key: notification_id, one-to-many: com.inovamed.clinical_study_system.model.attachment.Attachment
2024-11-19T16:56:12.073-03:00 DEBUG 11752 --- [clinical-study-system] [           main] o.h.b.m.internal.CollectionSecondPass    : Second pass for collection: com.inovamed.clinical_study_system.model.patient.Patient.notifications
2024-11-19T16:56:12.073-03:00 DEBUG 11752 --- [clinical-study-system] [           main] o.h.b.model.internal.CollectionBinder    : Binding a ManyToMany: com.inovamed.clinical_study_system.model.patient.Patient.notifications
2024-11-19T16:56:12.074-03:00 DEBUG 11752 --- [clinical-study-system] [           main] o.h.b.r.c.i.ClassLoaderServiceImpl       : HHH000194: Package not found or no package-info.java: com.inovamed.clinical_study_system.model.patient
2024-11-19T16:56:12.074-03:00 DEBUG 11752 --- [clinical-study-system] [           main] o.h.boot.model.internal.TableBinder      : Retrieving property com.inovamed.clinical_study_system.model.notification.Notification.recipientsPatients
2024-11-19T16:56:12.074-03:00 DEBUG 11752 --- [clinical-study-system] [           main] o.h.b.m.internal.CollectionSecondPass    : Mapped collection key: patient_id, element: notification_id
2024-11-19T16:56:12.074-03:00 DEBUG 11752 --- [clinical-study-system] [           main] o.h.boot.internal.ClassLoaderAccessImpl  : Not known whether passed class name [com.inovamed.clinical_study_system.model.patient.Patient] is safe
2024-11-19T16:56:12.074-03:00 DEBUG 11752 --- [clinical-study-system] [           main] o.h.boot.internal.ClassLoaderAccessImpl  : No temp ClassLoader provided; using live ClassLoader for loading potentially unsafe class : com.inovamed.clinical_study_system.model.patient.Patient
2024-11-19T16:56:12.074-03:00 DEBUG 11752 --- [clinical-study-system] [           main] o.h.b.m.internal.CollectionSecondPass    : Second pass for collection: com.inovamed.clinical_study_system.model.research.Research.attachments
2024-11-19T16:56:12.074-03:00 DEBUG 11752 --- [clinical-study-system] [           main] o.h.b.model.internal.CollectionBinder    : Binding a OneToMany: com.inovamed.clinical_study_system.model.research.Research.attachments through a foreign key
2024-11-19T16:56:12.074-03:00 DEBUG 11752 --- [clinical-study-system] [           main] o.h.b.model.internal.CollectionBinder    : Mapping collection: com.inovamed.clinical_study_system.model.research.Research.attachments -> tb_attachment
2024-11-19T16:56:12.074-03:00 DEBUG 11752 --- [clinical-study-system] [           main] o.h.boot.model.internal.TableBinder      : Retrieving property com.inovamed.clinical_study_system.model.attachment.Attachment.research
2024-11-19T16:56:12.074-03:00 DEBUG 11752 --- [clinical-study-system] [           main] o.h.b.m.internal.CollectionSecondPass    : Mapped collection key: research_id, one-to-many: com.inovamed.clinical_study_system.model.attachment.Attachment
2024-11-19T16:56:12.075-03:00 DEBUG 11752 --- [clinical-study-system] [           main] o.h.b.m.internal.CollectionSecondPass    : Second pass for collection: com.inovamed.clinical_study_system.model.research.Research.patients
2024-11-19T16:56:12.075-03:00 DEBUG 11752 --- [clinical-study-system] [           main] o.h.b.model.internal.CollectionBinder    : Binding a ManyToMany: com.inovamed.clinical_study_system.model.research.Research.patients
2024-11-19T16:56:12.075-03:00 DEBUG 11752 --- [clinical-study-system] [           main] o.h.b.r.c.i.ClassLoaderServiceImpl       : HHH000194: Package not found or no package-info.java: com.inovamed.clinical_study_system.model.research
2024-11-19T16:56:12.075-03:00 DEBUG 11752 --- [clinical-study-system] [           main] o.h.boot.model.internal.TableBinder      : Retrieving property com.inovamed.clinical_study_system.model.patient.Patient.researches
2024-11-19T16:56:12.076-03:00 DEBUG 11752 --- [clinical-study-system] [           main] o.h.b.m.internal.CollectionSecondPass    : Mapped collection key: research_id, element: patient_id
2024-11-19T16:56:12.086-03:00 DEBUG 11752 --- [clinical-study-system] [           main] org.hibernate.type.BasicTypeRegistry     : BasicTypeRegistry registration overwritten (ARRAY + org.hibernate.type.descriptor.java.spi.BasicCollectionJavaType@77d54a41); previous =`org.hibernate.type.BasicCollectionType@23e9dd78`
2024-11-19T16:56:12.086-03:00 DEBUG 11752 --- [clinical-study-system] [           main] org.hibernate.type.BasicTypeRegistry     : Adding type registration List<string> -> org.hibernate.type.BasicCollectionType@23e9dd78
2024-11-19T16:56:12.086-03:00 DEBUG 11752 --- [clinical-study-system] [           main] org.hibernate.type.BasicTypeRegistry     : Adding type registration java.util.List<java.lang.String> -> org.hibernate.type.BasicCollectionType@23e9dd78
2024-11-19T16:56:12.088-03:00 DEBUG 11752 --- [clinical-study-system] [           main] org.hibernate.type.BasicTypeRegistry     : BasicTypeRegistry registration overwritten (ARRAY + org.hibernate.type.descriptor.java.spi.BasicCollectionJavaType@77d54a41); previous =`org.hibernate.type.BasicCollectionType@23e9dd78`
2024-11-19T16:56:12.089-03:00 DEBUG 11752 --- [clinical-study-system] [           main] org.hibernate.type.BasicTypeRegistry     : Adding type registration List<string> -> org.hibernate.type.BasicCollectionType@23e9dd78
2024-11-19T16:56:12.089-03:00 DEBUG 11752 --- [clinical-study-system] [           main] org.hibernate.type.BasicTypeRegistry     : Adding type registration java.util.List<java.lang.String> -> org.hibernate.type.BasicCollectionType@23e9dd78
2024-11-19T16:56:12.099-03:00 DEBUG 11752 --- [clinical-study-system] [           main] o.h.b.i.InFlightMetadataCollectorImpl    : Processing association property references
2024-11-19T16:56:12.121-03:00 DEBUG 11752 --- [clinical-study-system] [           main] o.h.b.i.InFlightMetadataCollectorImpl    : Processing association property references
2024-11-19T16:56:12.174-03:00 DEBUG 11752 --- [clinical-study-system] [           main] o.hibernate.internal.SessionFactoryImpl  : Building session factory
2024-11-19T16:56:12.236-03:00 DEBUG 11752 --- [clinical-study-system] [           main] .h.s.i.SessionFactoryServiceRegistryImpl : EventListenerRegistry access via ServiceRegistry is deprecated.  Use `sessionFactory.getEventEngine().getListenerRegistry()` instead
2024-11-19T16:56:12.236-03:00 DEBUG 11752 --- [clinical-study-system] [           main] o.hibernate.internal.SessionFactoryImpl  : Instantiating SessionFactory with settings: {java.specification.version=22, sun.cpu.isalist=amd64, hibernate.resource.beans.container=org.springframework.orm.hibernate5.SpringBeanContainer@7dd7ec56, hibernate.connection.handling_mode=DELAYED_ACQUISITION_AND_HOLD, sun.jnu.encoding=Cp1252, hibernate.dialect=org.hibernate.dialect.PostgreSQLDialect, hibernate.implicit_naming_strategy=org.springframework.boot.orm.jpa.hibernate.SpringImplicitNamingStrategy, java.class.path=C:\Users\deco_\OneDrive\Área de Trabalho\nassau\projeto-4\codigo\inovamed-\backend\target\test-classes;C:\Users\deco_\OneDrive\Área de Trabalho\nassau\projeto-4\codigo\inovamed-\backend\target\classes;C:\Users\deco_\.m2\repository\org\springframework\boot\spring-boot-starter-data-jpa\3.3.5\spring-boot-starter-data-jpa-3.3.5.jar;C:\Users\deco_\.m2\repository\org\springframework\boot\spring-boot-starter-aop\3.3.5\spring-boot-starter-aop-3.3.5.jar;C:\Users\deco_\.m2\repository\org\aspectj\aspectjweaver\1.9.22.1\aspectjweaver-1.9.22.1.jar;C:\Users\deco_\.m2\repository\org\springframework\boot\spring-boot-starter-jdbc\3.3.5\spring-boot-starter-jdbc-3.3.5.jar;C:\Users\deco_\.m2\repository\com\zaxxer\HikariCP\5.1.0\HikariCP-5.1.0.jar;C:\Users\deco_\.m2\repository\org\springframework\spring-jdbc\6.1.14\spring-jdbc-6.1.14.jar;C:\Users\deco_\.m2\repository\org\hibernate\orm\hibernate-core\6.5.3.Final\hibernate-core-6.5.3.Final.jar;C:\Users\deco_\.m2\repository\jakarta\persistence\jakarta.persistence-api\3.1.0\jakarta.persistence-api-3.1.0.jar;C:\Users\deco_\.m2\repository\jakarta\transaction\jakarta.transaction-api\2.0.1\jakarta.transaction-api-2.0.1.jar;C:\Users\deco_\.m2\repository\org\jboss\logging\jboss-logging\3.5.3.Final\jboss-logging-3.5.3.Final.jar;C:\Users\deco_\.m2\repository\org\hibernate\common\hibernate-commons-annotations\6.0.6.Final\hibernate-commons-annotations-6.0.6.Final.jar;C:\Users\deco_\.m2\repository\io\smallrye\jandex\3.1.2\jandex-3.1.2.jar;C:\Users\deco_\.m2\repository\com\fasterxml\classmate\1.7.0\classmate-1.7.0.jar;C:\Users\deco_\.m2\repository\net\bytebuddy\byte-buddy\1.14.19\byte-buddy-1.14.19.jar;C:\Users\deco_\.m2\repository\org\glassfish\jaxb\jaxb-runtime\4.0.5\jaxb-runtime-4.0.5.jar;C:\Users\deco_\.m2\repository\org\glassfish\jaxb\jaxb-core\4.0.5\jaxb-core-4.0.5.jar;C:\Users\deco_\.m2\repository\org\glassfish\jaxb\txw2\4.0.5\txw2-4.0.5.jar;C:\Users\deco_\.m2\repository\com\sun\istack\istack-commons-runtime\4.1.2\istack-commons-runtime-4.1.2.jar;C:\Users\deco_\.m2\repository\jakarta\inject\jakarta.inject-api\2.0.1\jakarta.inject-api-2.0.1.jar;C:\Users\deco_\.m2\repository\org\antlr\antlr4-runtime\4.13.0\antlr4-runtime-4.13.0.jar;C:\Users\deco_\.m2\repository\org\springframework\data\spring-data-jpa\3.3.5\spring-data-jpa-3.3.5.jar;C:\Users\deco_\.m2\repository\org\springframework\data\spring-data-commons\3.3.5\spring-data-commons-3.3.5.jar;C:\Users\deco_\.m2\repository\org\springframework\spring-orm\6.1.14\spring-orm-6.1.14.jar;C:\Users\deco_\.m2\repository\org\springframework\spring-context\6.1.14\spring-context-6.1.14.jar;C:\Users\deco_\.m2\repository\org\springframework\spring-tx\6.1.14\spring-tx-6.1.14.jar;C:\Users\deco_\.m2\repository\org\springframework\spring-beans\6.1.14\spring-beans-6.1.14.jar;C:\Users\deco_\.m2\repository\jakarta\annotation\jakarta.annotation-api\2.1.1\jakarta.annotation-api-2.1.1.jar;C:\Users\deco_\.m2\repository\org\slf4j\slf4j-api\2.0.16\slf4j-api-2.0.16.jar;C:\Users\deco_\.m2\repository\org\springframework\spring-aspects\6.1.14\spring-aspects-6.1.14.jar;C:\Users\deco_\.m2\repository\org\springframework\boot\spring-boot-starter-security\3.3.5\spring-boot-starter-security-3.3.5.jar;C:\Users\deco_\.m2\repository\org\springframework\boot\spring-boot-starter\3.3.5\spring-boot-starter-3.3.5.jar;C:\Users\deco_\.m2\repository\org\springframework\boot\spring-boot-starter-logging\3.3.5\spring-boot-starter-logging-3.3.5.jar;C:\Users\deco_\.m2\repository\ch\qos\logback\logback-classic\1.5.11\logback-classic-1.5.11.jar;C:\Users\deco_\.m2\repository\ch\qos\logback\logback-core\1.5.11\logback-core-1.5.11.jar;C:\Users\deco_\.m2\repository\org\apache\logging\log4j\log4j-to-slf4j\2.23.1\log4j-to-slf4j-2.23.1.jar;C:\Users\deco_\.m2\repository\org\apache\logging\log4j\log4j-api\2.23.1\log4j-api-2.23.1.jar;C:\Users\deco_\.m2\repository\org\slf4j\jul-to-slf4j\2.0.16\jul-to-slf4j-2.0.16.jar;C:\Users\deco_\.m2\repository\org\yaml\snakeyaml\2.2\snakeyaml-2.2.jar;C:\Users\deco_\.m2\repository\org\springframework\spring-aop\6.1.14\spring-aop-6.1.14.jar;C:\Users\deco_\.m2\repository\org\springframework\security\spring-security-config\6.3.4\spring-security-config-6.3.4.jar;C:\Users\deco_\.m2\repository\org\springframework\security\spring-security-web\6.3.4\spring-security-web-6.3.4.jar;C:\Users\deco_\.m2\repository\org\springframework\spring-expression\6.1.14\spring-expression-6.1.14.jar;C:\Users\deco_\.m2\repository\org\springframework\boot\spring-boot-starter-web\3.3.5\spring-boot-starter-web-3.3.5.jar;C:\Users\deco_\.m2\repository\org\springframework\boot\spring-boot-starter-json\3.3.5\spring-boot-starter-json-3.3.5.jar;C:\Users\deco_\.m2\repository\com\fasterxml\jackson\datatype\jackson-datatype-jdk8\2.17.2\jackson-datatype-jdk8-2.17.2.jar;C:\Users\deco_\.m2\repository\com\fasterxml\jackson\datatype\jackson-datatype-jsr310\2.17.2\jackson-datatype-jsr310-2.17.2.jar;C:\Users\deco_\.m2\repository\com\fasterxml\jackson\module\jackson-module-parameter-names\2.17.2\jackson-module-parameter-names-2.17.2.jar;C:\Users\deco_\.m2\repository\org\springframework\boot\spring-boot-starter-tomcat\3.3.5\spring-boot-starter-tomcat-3.3.5.jar;C:\Users\deco_\.m2\repository\org\apache\tomcat\embed\tomcat-embed-core\10.1.31\tomcat-embed-core-10.1.31.jar;C:\Users\deco_\.m2\repository\org\apache\tomcat\embed\tomcat-embed-el\10.1.31\tomcat-embed-el-10.1.31.jar;C:\Users\deco_\.m2\repository\org\apache\tomcat\embed\tomcat-embed-websocket\10.1.31\tomcat-embed-websocket-10.1.31.jar;C:\Users\deco_\.m2\repository\org\springframework\spring-web\6.1.14\spring-web-6.1.14.jar;C:\Users\deco_\.m2\repository\io\micrometer\micrometer-observation\1.13.6\micrometer-observation-1.13.6.jar;C:\Users\deco_\.m2\repository\io\micrometer\micrometer-commons\1.13.6\micrometer-commons-1.13.6.jar;C:\Users\deco_\.m2\repository\org\springframework\spring-webmvc\6.1.14\spring-webmvc-6.1.14.jar;C:\Users\deco_\.m2\repository\com\auth0\java-jwt\4.4.0\java-jwt-4.4.0.jar;C:\Users\deco_\.m2\repository\com\fasterxml\jackson\core\jackson-databind\2.17.2\jackson-databind-2.17.2.jar;C:\Users\deco_\.m2\repository\com\fasterxml\jackson\core\jackson-annotations\2.17.2\jackson-annotations-2.17.2.jar;C:\Users\deco_\.m2\repository\com\fasterxml\jackson\core\jackson-core\2.17.2\jackson-core-2.17.2.jar;C:\Users\deco_\.m2\repository\org\springframework\boot\spring-boot-devtools\3.3.5\spring-boot-devtools-3.3.5.jar;C:\Users\deco_\.m2\repository\org\springframework\boot\spring-boot\3.3.5\spring-boot-3.3.5.jar;C:\Users\deco_\.m2\repository\org\springframework\boot\spring-boot-autoconfigure\3.3.5\spring-boot-autoconfigure-3.3.5.jar;C:\Users\deco_\.m2\repository\com\h2database\h2\2.2.224\h2-2.2.224.jar;C:\Users\deco_\.m2\repository\org\postgresql\postgresql\42.7.4\postgresql-42.7.4.jar;C:\Users\deco_\.m2\repository\org\checkerframework\checker-qual\3.42.0\checker-qual-3.42.0.jar;C:\Users\deco_\.m2\repository\org\projectlombok\lombok\1.18.34\lombok-1.18.34.jar;C:\Users\deco_\.m2\repository\org\springframework\boot\spring-boot-starter-test\3.3.5\spring-boot-starter-test-3.3.5.jar;C:\Users\deco_\.m2\repository\org\springframework\boot\spring-boot-test\3.3.5\spring-boot-test-3.3.5.jar;C:\Users\deco_\.m2\repository\org\springframework\boot\spring-boot-test-autoconfigure\3.3.5\spring-boot-test-autoconfigure-3.3.5.jar;C:\Users\deco_\.m2\repository\com\jayway\jsonpath\json-path\2.9.0\json-path-2.9.0.jar;C:\Users\deco_\.m2\repository\jakarta\xml\bind\jakarta.xml.bind-api\4.0.2\jakarta.xml.bind-api-4.0.2.jar;C:\Users\deco_\.m2\repository\jakarta\activation\jakarta.activation-api\2.1.3\jakarta.activation-api-2.1.3.jar;C:\Users\deco_\.m2\repository\net\minidev\json-smart\2.5.1\json-smart-2.5.1.jar;C:\Users\deco_\.m2\repository\net\minidev\accessors-smart\2.5.1\accessors-smart-2.5.1.jar;C:\Users\deco_\.m2\repository\org\ow2\asm\asm\9.6\asm-9.6.jar;C:\Users\deco_\.m2\repository\org\assertj\assertj-core\3.25.3\assertj-core-3.25.3.jar;C:\Users\deco_\.m2\repository\org\awaitility\awaitility\4.2.2\awaitility-4.2.2.jar;C:\Users\deco_\.m2\repository\org\hamcrest\hamcrest\2.2\hamcrest-2.2.jar;C:\Users\deco_\.m2\repository\org\junit\jupiter\junit-jupiter\5.10.5\junit-jupiter-5.10.5.jar;C:\Users\deco_\.m2\repository\org\junit\jupiter\junit-jupiter-params\5.10.5\junit-jupiter-params-5.10.5.jar;C:\Users\deco_\.m2\repository\org\junit\jupiter\junit-jupiter-engine\5.10.5\junit-jupiter-engine-5.10.5.jar;C:\Users\deco_\.m2\repository\org\junit\platform\junit-platform-engine\1.10.5\junit-platform-engine-1.10.5.jar;C:\Users\deco_\.m2\repository\org\mockito\mockito-core\5.11.0\mockito-core-5.11.0.jar;C:\Users\deco_\.m2\repository\net\bytebuddy\byte-buddy-agent\1.14.19\byte-buddy-agent-1.14.19.jar;C:\Users\deco_\.m2\repository\org\objenesis\objenesis\3.3\objenesis-3.3.jar;C:\Users\deco_\.m2\repository\org\skyscreamer\jsonassert\1.5.3\jsonassert-1.5.3.jar;C:\Users\deco_\.m2\repository\com\vaadin\external\google\android-json\0.0.20131108.vaadin1\android-json-0.0.20131108.vaadin1.jar;C:\Users\deco_\.m2\repository\org\springframework\spring-core\6.1.14\spring-core-6.1.14.jar;C:\Users\deco_\.m2\repository\org\springframework\spring-jcl\6.1.14\spring-jcl-6.1.14.jar;C:\Users\deco_\.m2\repository\org\springframework\spring-test\6.1.14\spring-test-6.1.14.jar;C:\Users\deco_\.m2\repository\org\xmlunit\xmlunit-core\2.9.1\xmlunit-core-2.9.1.jar;C:\Users\deco_\.m2\repository\org\springframework\security\spring-security-test\6.3.4\spring-security-test-6.3.4.jar;C:\Users\deco_\.m2\repository\org\springframework\security\spring-security-core\6.3.4\spring-security-core-6.3.4.jar;C:\Users\deco_\.m2\repository\org\springframework\security\spring-security-crypto\6.3.4\spring-security-crypto-6.3.4.jar;C:\Users\deco_\.m2\repository\org\mockito\mockito-junit-jupiter\5.11.0\mockito-junit-jupiter-5.11.0.jar;C:\Users\deco_\.m2\repository\org\junit\jupiter\junit-jupiter-api\5.10.5\junit-jupiter-api-5.10.5.jar;C:\Users\deco_\.m2\repository\org\opentest4j\opentest4j\1.3.0\opentest4j-1.3.0.jar;C:\Users\deco_\.m2\repository\org\junit\platform\junit-platform-commons\1.10.5\junit-platform-commons-1.10.5.jar;C:\Users\deco_\.m2\repository\org\apiguardian\apiguardian-api\1.1.2\apiguardian-api-1.1.2.jar;C:\Users\deco_\.m2\repository\org\springframework\boot\spring-boot-starter-mail\3.3.5\spring-boot-starter-mail-3.3.5.jar;C:\Users\deco_\.m2\repository\org\springframework\spring-context-support\6.1.14\spring-context-support-6.1.14.jar;C:\Users\deco_\.m2\repository\org\eclipse\angus\jakarta.mail\2.0.3\jakarta.mail-2.0.3.jar;C:\Users\deco_\.m2\repository\org\eclipse\angus\angus-activation\2.0.2\angus-activation-2.0.2.jar;C:\Users\deco_\.m2\repository\org\springdoc\springdoc-openapi-starter-webmvc-ui\2.1.0\springdoc-openapi-starter-webmvc-ui-2.1.0.jar;C:\Users\deco_\.m2\repository\org\springdoc\springdoc-openapi-starter-webmvc-api\2.1.0\springdoc-openapi-starter-webmvc-api-2.1.0.jar;C:\Users\deco_\.m2\repository\org\springdoc\springdoc-openapi-starter-common\2.1.0\springdoc-openapi-starter-common-2.1.0.jar;C:\Users\deco_\.m2\repository\io\swagger\core\v3\swagger-core-jakarta\2.2.9\swagger-core-jakarta-2.2.9.jar;C:\Users\deco_\.m2\repository\org\apache\commons\commons-lang3\3.14.0\commons-lang3-3.14.0.jar;C:\Users\deco_\.m2\repository\io\swagger\core\v3\swagger-annotations-jakarta\2.2.9\swagger-annotations-jakarta-2.2.9.jar;C:\Users\deco_\.m2\repository\io\swagger\core\v3\swagger-models-jakarta\2.2.9\swagger-models-jakarta-2.2.9.jar;C:\Users\deco_\.m2\repository\jakarta\validation\jakarta.validation-api\3.0.2\jakarta.validation-api-3.0.2.jar;C:\Users\deco_\.m2\repository\com\fasterxml\jackson\dataformat\jackson-dataformat-yaml\2.17.2\jackson-dataformat-yaml-2.17.2.jar;C:\Users\deco_\.m2\repository\org\webjars\swagger-ui\4.18.2\swagger-ui-4.18.2.jar;, java.vm.vendor=Oracle Corporation, sun.arch.data.model=64, user.variant=, java.vendor.url=https://java.oracle.com/, user.timezone=America/Fortaleza, jakarta.persistence.sharedCache.mode=UNSPECIFIED, org.jboss.logging.provider=slf4j, java.vm.specification.version=22, os.name=Windows 11, jakarta.persistence.nonJtaDataSource=HikariDataSource (null), sun.java.launcher=SUN_STANDARD, user.country=BR, sun.boot.library.path=C:\Program Files\Java\jdk-22\bin, sun.java.command=C:\Users\deco_\AppData\Local\Temp\surefire3803891382772331201\surefirebooter-20241119165605867_3.jar C:\Users\deco_\AppData\Local\Temp\surefire3803891382772331201 2024-11-19T16-56-05_719-jvmRun1 surefire-20241119165605867_1tmp surefire_0-20241119165605867_2tmp, javax.persistence.nonJtaDataSource=HikariDataSource (null), hibernate.transaction.jta.platform=org.hibernate.engine.transaction.jta.platform.internal.NoJtaPlatform@6528d339, jdk.debug=release, surefire.test.class.path=C:\Users\deco_\OneDrive\Área de Trabalho\nassau\projeto-4\codigo\inovamed-\backend\target\test-classes;C:\Users\deco_\OneDrive\Área de Trabalho\nassau\projeto-4\codigo\inovamed-\backend\target\classes;C:\Users\deco_\.m2\repository\org\springframework\boot\spring-boot-starter-data-jpa\3.3.5\spring-boot-starter-data-jpa-3.3.5.jar;C:\Users\deco_\.m2\repository\org\springframework\boot\spring-boot-starter-aop\3.3.5\spring-boot-starter-aop-3.3.5.jar;C:\Users\deco_\.m2\repository\org\aspectj\aspectjweaver\1.9.22.1\aspectjweaver-1.9.22.1.jar;C:\Users\deco_\.m2\repository\org\springframework\boot\spring-boot-starter-jdbc\3.3.5\spring-boot-starter-jdbc-3.3.5.jar;C:\Users\deco_\.m2\repository\com\zaxxer\HikariCP\5.1.0\HikariCP-5.1.0.jar;C:\Users\deco_\.m2\repository\org\springframework\spring-jdbc\6.1.14\spring-jdbc-6.1.14.jar;C:\Users\deco_\.m2\repository\org\hibernate\orm\hibernate-core\6.5.3.Final\hibernate-core-6.5.3.Final.jar;C:\Users\deco_\.m2\repository\jakarta\persistence\jakarta.persistence-api\3.1.0\jakarta.persistence-api-3.1.0.jar;C:\Users\deco_\.m2\repository\jakarta\transaction\jakarta.transaction-api\2.0.1\jakarta.transaction-api-2.0.1.jar;C:\Users\deco_\.m2\repository\org\jboss\logging\jboss-logging\3.5.3.Final\jboss-logging-3.5.3.Final.jar;C:\Users\deco_\.m2\repository\org\hibernate\common\hibernate-commons-annotations\6.0.6.Final\hibernate-commons-annotations-6.0.6.Final.jar;C:\Users\deco_\.m2\repository\io\smallrye\jandex\3.1.2\jandex-3.1.2.jar;C:\Users\deco_\.m2\repository\com\fasterxml\classmate\1.7.0\classmate-1.7.0.jar;C:\Users\deco_\.m2\repository\net\bytebuddy\byte-buddy\1.14.19\byte-buddy-1.14.19.jar;C:\Users\deco_\.m2\repository\org\glassfish\jaxb\jaxb-runtime\4.0.5\jaxb-runtime-4.0.5.jar;C:\Users\deco_\.m2\repository\org\glassfish\jaxb\jaxb-core\4.0.5\jaxb-core-4.0.5.jar;C:\Users\deco_\.m2\repository\org\glassfish\jaxb\txw2\4.0.5\txw2-4.0.5.jar;C:\Users\deco_\.m2\repository\com\sun\istack\istack-commons-runtime\4.1.2\istack-commons-runtime-4.1.2.jar;C:\Users\deco_\.m2\repository\jakarta\inject\jakarta.inject-api\2.0.1\jakarta.inject-api-2.0.1.jar;C:\Users\deco_\.m2\repository\org\antlr\antlr4-runtime\4.13.0\antlr4-runtime-4.13.0.jar;C:\Users\deco_\.m2\repository\org\springframework\data\spring-data-jpa\3.3.5\spring-data-jpa-3.3.5.jar;C:\Users\deco_\.m2\repository\org\springframework\data\spring-data-commons\3.3.5\spring-data-commons-3.3.5.jar;C:\Users\deco_\.m2\repository\org\springframework\spring-orm\6.1.14\spring-orm-6.1.14.jar;C:\Users\deco_\.m2\repository\org\springframework\spring-context\6.1.14\spring-context-6.1.14.jar;C:\Users\deco_\.m2\repository\org\springframework\spring-tx\6.1.14\spring-tx-6.1.14.jar;C:\Users\deco_\.m2\repository\org\springframework\spring-beans\6.1.14\spring-beans-6.1.14.jar;C:\Users\deco_\.m2\repository\jakarta\annotation\jakarta.annotation-api\2.1.1\jakarta.annotation-api-2.1.1.jar;C:\Users\deco_\.m2\repository\org\slf4j\slf4j-api\2.0.16\slf4j-api-2.0.16.jar;C:\Users\deco_\.m2\repository\org\springframework\spring-aspects\6.1.14\spring-aspects-6.1.14.jar;C:\Users\deco_\.m2\repository\org\springframework\boot\spring-boot-starter-security\3.3.5\spring-boot-starter-security-3.3.5.jar;C:\Users\deco_\.m2\repository\org\springframework\boot\spring-boot-starter\3.3.5\spring-boot-starter-3.3.5.jar;C:\Users\deco_\.m2\repository\org\springframework\boot\spring-boot-starter-logging\3.3.5\spring-boot-starter-logging-3.3.5.jar;C:\Users\deco_\.m2\repository\ch\qos\logback\logback-classic\1.5.11\logback-classic-1.5.11.jar;C:\Users\deco_\.m2\repository\ch\qos\logback\logback-core\1.5.11\logback-core-1.5.11.jar;C:\Users\deco_\.m2\repository\org\apache\logging\log4j\log4j-to-slf4j\2.23.1\log4j-to-slf4j-2.23.1.jar;C:\Users\deco_\.m2\repository\org\apache\logging\log4j\log4j-api\2.23.1\log4j-api-2.23.1.jar;C:\Users\deco_\.m2\repository\org\slf4j\jul-to-slf4j\2.0.16\jul-to-slf4j-2.0.16.jar;C:\Users\deco_\.m2\repository\org\yaml\snakeyaml\2.2\snakeyaml-2.2.jar;C:\Users\deco_\.m2\repository\org\springframework\spring-aop\6.1.14\spring-aop-6.1.14.jar;C:\Users\deco_\.m2\repository\org\springframework\security\spring-security-config\6.3.4\spring-security-config-6.3.4.jar;C:\Users\deco_\.m2\repository\org\springframework\security\spring-security-web\6.3.4\spring-security-web-6.3.4.jar;C:\Users\deco_\.m2\repository\org\springframework\spring-expression\6.1.14\spring-expression-6.1.14.jar;C:\Users\deco_\.m2\repository\org\springframework\boot\spring-boot-starter-web\3.3.5\spring-boot-starter-web-3.3.5.jar;C:\Users\deco_\.m2\repository\org\springframework\boot\spring-boot-starter-json\3.3.5\spring-boot-starter-json-3.3.5.jar;C:\Users\deco_\.m2\repository\com\fasterxml\jackson\datatype\jackson-datatype-jdk8\2.17.2\jackson-datatype-jdk8-2.17.2.jar;C:\Users\deco_\.m2\repository\com\fasterxml\jackson\datatype\jackson-datatype-jsr310\2.17.2\jackson-datatype-jsr310-2.17.2.jar;C:\Users\deco_\.m2\repository\com\fasterxml\jackson\module\jackson-module-parameter-names\2.17.2\jackson-module-parameter-names-2.17.2.jar;C:\Users\deco_\.m2\repository\org\springframework\boot\spring-boot-starter-tomcat\3.3.5\spring-boot-starter-tomcat-3.3.5.jar;C:\Users\deco_\.m2\repository\org\apache\tomcat\embed\tomcat-embed-core\10.1.31\tomcat-embed-core-10.1.31.jar;C:\Users\deco_\.m2\repository\org\apache\tomcat\embed\tomcat-embed-el\10.1.31\tomcat-embed-el-10.1.31.jar;C:\Users\deco_\.m2\repository\org\apache\tomcat\embed\tomcat-embed-websocket\10.1.31\tomcat-embed-websocket-10.1.31.jar;C:\Users\deco_\.m2\repository\org\springframework\spring-web\6.1.14\spring-web-6.1.14.jar;C:\Users\deco_\.m2\repository\io\micrometer\micrometer-observation\1.13.6\micrometer-observation-1.13.6.jar;C:\Users\deco_\.m2\repository\io\micrometer\micrometer-commons\1.13.6\micrometer-commons-1.13.6.jar;C:\Users\deco_\.m2\repository\org\springframework\spring-webmvc\6.1.14\spring-webmvc-6.1.14.jar;C:\Users\deco_\.m2\repository\com\auth0\java-jwt\4.4.0\java-jwt-4.4.0.jar;C:\Users\deco_\.m2\repository\com\fasterxml\jackson\core\jackson-databind\2.17.2\jackson-databind-2.17.2.jar;C:\Users\deco_\.m2\repository\com\fasterxml\jackson\core\jackson-annotations\2.17.2\jackson-annotations-2.17.2.jar;C:\Users\deco_\.m2\repository\com\fasterxml\jackson\core\jackson-core\2.17.2\jackson-core-2.17.2.jar;C:\Users\deco_\.m2\repository\org\springframework\boot\spring-boot-devtools\3.3.5\spring-boot-devtools-3.3.5.jar;C:\Users\deco_\.m2\repository\org\springframework\boot\spring-boot\3.3.5\spring-boot-3.3.5.jar;C:\Users\deco_\.m2\repository\org\springframework\boot\spring-boot-autoconfigure\3.3.5\spring-boot-autoconfigure-3.3.5.jar;C:\Users\deco_\.m2\repository\com\h2database\h2\2.2.224\h2-2.2.224.jar;C:\Users\deco_\.m2\repository\org\postgresql\postgresql\42.7.4\postgresql-42.7.4.jar;C:\Users\deco_\.m2\repository\org\checkerframework\checker-qual\3.42.0\checker-qual-3.42.0.jar;C:\Users\deco_\.m2\repository\org\projectlombok\lombok\1.18.34\lombok-1.18.34.jar;C:\Users\deco_\.m2\repository\org\springframework\boot\spring-boot-starter-test\3.3.5\spring-boot-starter-test-3.3.5.jar;C:\Users\deco_\.m2\repository\org\springframework\boot\spring-boot-test\3.3.5\spring-boot-test-3.3.5.jar;C:\Users\deco_\.m2\repository\org\springframework\boot\spring-boot-test-autoconfigure\3.3.5\spring-boot-test-autoconfigure-3.3.5.jar;C:\Users\deco_\.m2\repository\com\jayway\jsonpath\json-path\2.9.0\json-path-2.9.0.jar;C:\Users\deco_\.m2\repository\jakarta\xml\bind\jakarta.xml.bind-api\4.0.2\jakarta.xml.bind-api-4.0.2.jar;C:\Users\deco_\.m2\repository\jakarta\activation\jakarta.activation-api\2.1.3\jakarta.activation-api-2.1.3.jar;C:\Users\deco_\.m2\repository\net\minidev\json-smart\2.5.1\json-smart-2.5.1.jar;C:\Users\deco_\.m2\repository\net\minidev\accessors-smart\2.5.1\accessors-smart-2.5.1.jar;C:\Users\deco_\.m2\repository\org\ow2\asm\asm\9.6\asm-9.6.jar;C:\Users\deco_\.m2\repository\org\assertj\assertj-core\3.25.3\assertj-core-3.25.3.jar;C:\Users\deco_\.m2\repository\org\awaitility\awaitility\4.2.2\awaitility-4.2.2.jar;C:\Users\deco_\.m2\repository\org\hamcrest\hamcrest\2.2\hamcrest-2.2.jar;C:\Users\deco_\.m2\repository\org\junit\jupiter\junit-jupiter\5.10.5\junit-jupiter-5.10.5.jar;C:\Users\deco_\.m2\repository\org\junit\jupiter\junit-jupiter-params\5.10.5\junit-jupiter-params-5.10.5.jar;C:\Users\deco_\.m2\repository\org\junit\jupiter\junit-jupiter-engine\5.10.5\junit-jupiter-engine-5.10.5.jar;C:\Users\deco_\.m2\repository\org\junit\platform\junit-platform-engine\1.10.5\junit-platform-engine-1.10.5.jar;C:\Users\deco_\.m2\repository\org\mockito\mockito-core\5.11.0\mockito-core-5.11.0.jar;C:\Users\deco_\.m2\repository\net\bytebuddy\byte-buddy-agent\1.14.19\byte-buddy-agent-1.14.19.jar;C:\Users\deco_\.m2\repository\org\objenesis\objenesis\3.3\objenesis-3.3.jar;C:\Users\deco_\.m2\repository\org\skyscreamer\jsonassert\1.5.3\jsonassert-1.5.3.jar;C:\Users\deco_\.m2\repository\com\vaadin\external\google\android-json\0.0.20131108.vaadin1\android-json-0.0.20131108.vaadin1.jar;C:\Users\deco_\.m2\repository\org\springframework\spring-core\6.1.14\spring-core-6.1.14.jar;C:\Users\deco_\.m2\repository\org\springframework\spring-jcl\6.1.14\spring-jcl-6.1.14.jar;C:\Users\deco_\.m2\repository\org\springframework\spring-test\6.1.14\spring-test-6.1.14.jar;C:\Users\deco_\.m2\repository\org\xmlunit\xmlunit-core\2.9.1\xmlunit-core-2.9.1.jar;C:\Users\deco_\.m2\repository\org\springframework\security\spring-security-test\6.3.4\spring-security-test-6.3.4.jar;C:\Users\deco_\.m2\repository\org\springframework\security\spring-security-core\6.3.4\spring-security-core-6.3.4.jar;C:\Users\deco_\.m2\repository\org\springframework\security\spring-security-crypto\6.3.4\spring-security-crypto-6.3.4.jar;C:\Users\deco_\.m2\repository\org\mockito\mockito-junit-jupiter\5.11.0\mockito-junit-jupiter-5.11.0.jar;C:\Users\deco_\.m2\repository\org\junit\jupiter\junit-jupiter-api\5.10.5\junit-jupiter-api-5.10.5.jar;C:\Users\deco_\.m2\repository\org\opentest4j\opentest4j\1.3.0\opentest4j-1.3.0.jar;C:\Users\deco_\.m2\repository\org\junit\platform\junit-platform-commons\1.10.5\junit-platform-commons-1.10.5.jar;C:\Users\deco_\.m2\repository\org\apiguardian\apiguardian-api\1.1.2\apiguardian-api-1.1.2.jar;C:\Users\deco_\.m2\repository\org\springframework\boot\spring-boot-starter-mail\3.3.5\spring-boot-starter-mail-3.3.5.jar;C:\Users\deco_\.m2\repository\org\springframework\spring-context-support\6.1.14\spring-context-support-6.1.14.jar;C:\Users\deco_\.m2\repository\org\eclipse\angus\jakarta.mail\2.0.3\jakarta.mail-2.0.3.jar;C:\Users\deco_\.m2\repository\org\eclipse\angus\angus-activation\2.0.2\angus-activation-2.0.2.jar;C:\Users\deco_\.m2\repository\org\springdoc\springdoc-openapi-starter-webmvc-ui\2.1.0\springdoc-openapi-starter-webmvc-ui-2.1.0.jar;C:\Users\deco_\.m2\repository\org\springdoc\springdoc-openapi-starter-webmvc-api\2.1.0\springdoc-openapi-starter-webmvc-api-2.1.0.jar;C:\Users\deco_\.m2\repository\org\springdoc\springdoc-openapi-starter-common\2.1.0\springdoc-openapi-starter-common-2.1.0.jar;C:\Users\deco_\.m2\repository\io\swagger\core\v3\swagger-core-jakarta\2.2.9\swagger-core-jakarta-2.2.9.jar;C:\Users\deco_\.m2\repository\org\apache\commons\commons-lang3\3.14.0\commons-lang3-3.14.0.jar;C:\Users\deco_\.m2\repository\io\swagger\core\v3\swagger-annotations-jakarta\2.2.9\swagger-annotations-jakarta-2.2.9.jar;C:\Users\deco_\.m2\repository\io\swagger\core\v3\swagger-models-jakarta\2.2.9\swagger-models-jakarta-2.2.9.jar;C:\Users\deco_\.m2\repository\jakarta\validation\jakarta.validation-api\3.0.2\jakarta.validation-api-3.0.2.jar;C:\Users\deco_\.m2\repository\com\fasterxml\jackson\dataformat\jackson-dataformat-yaml\2.17.2\jackson-dataformat-yaml-2.17.2.jar;C:\Users\deco_\.m2\repository\org\webjars\swagger-ui\4.18.2\swagger-ui-4.18.2.jar;, sun.cpu.endian=little, hibernate.cdi.extensions=true, user.home=C:\Users\deco_, user.language=pt, java.specification.vendor=Oracle Corporation, java.version.date=2024-04-16, java.home=C:\Program Files\Java\jdk-22, file.separator=\, basedir=C:\Users\deco_\OneDrive\Área de Trabalho\nassau\projeto-4\codigo\inovamed-\backend, java.vm.compressedOopsMode=32-bit, line.separator=
, hibernate.persistenceUnitName=default, java.vm.specification.vendor=Oracle Corporation, java.specification.name=Java Platform API Specification, FILE_LOG_CHARSET=UTF-8, hibernate.transaction.coordinator_class=class org.hibernate.resource.transaction.backend.jdbc.internal.JdbcResourceLocalTransactionCoordinatorBuilderImpl, java.awt.headless=true, surefire.real.class.path=C:\Users\deco_\AppData\Local\Temp\surefire3803891382772331201\surefirebooter-20241119165605867_3.jar, jakarta.persistence.validation.mode=AUTO, hibernate.hbm2ddl.auto=update, user.script=, sun.management.compiler=HotSpot 64-Bit Tiered Compilers, java.runtime.version=22.0.1+8-16, user.name=deco_, stdout.encoding=Cp1252, path.separator=;, os.version=10.0, java.runtime.name=Java(TM) SE Runtime Environment, file.encoding=UTF-8, java.vm.name=Java HotSpot(TM) 64-Bit Server VM, localRepository=C:\Users\deco_\.m2\repository, java.vendor.url.bug=https://bugreport.java.com/bugreport/, java.io.tmpdir=C:\Users\deco_\AppData\Local\Temp\, java.version=22.0.1, hibernate.physical_naming_strategy=org.hibernate.boot.model.naming.CamelCaseToUnderscoresNamingStrategy, user.dir=C:\Users\deco_\OneDrive\Área de Trabalho\nassau\projeto-4\codigo\inovamed-\backend, os.arch=amd64, java.vm.specification.name=Java Virtual Machine Specification, PID=11752, sun.os.patch.level=, CONSOLE_LOG_CHARSET=UTF-8, hibernate.boot.CfgXmlAccessService.key=org.hibernate.boot.registry.StandardServiceRegistryBuilder$1@2dd2ff87, native.encoding=Cp1252, java.library.path=C:\Program Files\Java\jdk-22\bin;C:\Windows\Sun\Java\bin;C:\Windows\system32;C:\Windows;C:\Python312\Scripts\;C:\Python312\;C:\Program Files\Common Files\Oracle\Java\javapath;C:\Windows\system32;C:\Windows;C:\Windows\System32\Wbem;C:\Windows\System32\WindowsPowerShell\v1.0\;C:\Windows\System32\OpenSSH\;C:\Program Files (x86)\NVIDIA Corporation\PhysX\Common;C:\Program Files\NVIDIA Corporation\NVIDIA NvDLISR;C:\Program Files\nodejs\;C:\ProgramData\chocolatey\bin;C:\Program Files\Git\cmd;C:\Program Files\Docker\Docker\resources\bin;C:\Program Files\Maven\apache-maven-3.9.9\bin;C:\Users\deco_\AppData\Local\Microsoft\WindowsApps;C:\Users\deco_\AppData\Local\Programs\Microsoft VS Code\bin;C:\Users\deco_\AppData\Roaming\npm;., stderr.encoding=Cp1252, java.vendor=Oracle Corporation, java.vm.info=mixed mode, sharing, java.vm.version=22.0.1+8-16, sun.io.unicode.encoding=UnicodeLittle, hibernate.archive.scanner=org.hibernate.boot.archive.scan.internal.DisabledScanner, hibernate.connection.datasource=HikariDataSource (null), java.class.version=66.0, LOGGED_APPLICATION_NAME=[clinical-study-system] }
2024-11-19T16:56:12.243-03:00 DEBUG 11752 --- [clinical-study-system] [           main] o.hibernate.internal.SessionFactoryImpl  : Session factory constructed with filter configurations : {}
2024-11-19T16:56:12.248-03:00 DEBUG 11752 --- [clinical-study-system] [           main] o.h.b.beanvalidation.TypeSafeActivator   : Unable to acquire Bean Validation ValidatorFactory, skipping activation
2024-11-19T16:56:12.308-03:00 DEBUG 11752 --- [clinical-study-system] [           main] o.h.q.sqm.function.SqmFunctionRegistry   : Registered SqmFunctionTemplate [NamedSqmFunctionTemplate(max)] under max; prior registration was null
2024-11-19T16:56:12.308-03:00 DEBUG 11752 --- [clinical-study-system] [           main] o.h.q.sqm.function.SqmFunctionRegistry   : Registered SqmFunctionTemplate [NamedSqmFunctionTemplate(min)] under min; prior registration was null
2024-11-19T16:56:12.309-03:00 DEBUG 11752 --- [clinical-study-system] [           main] o.h.q.sqm.function.SqmFunctionRegistry   : Registered SqmFunctionTemplate [NamedSqmFunctionTemplate(sum)] under sum; prior registration was null
2024-11-19T16:56:12.311-03:00 DEBUG 11752 --- [clinical-study-system] [           main] o.h.q.sqm.function.SqmFunctionRegistry   : Registered SqmFunctionTemplate [NamedSqmFunctionTemplate(avg)] under avg; prior registration was null
2024-11-19T16:56:12.312-03:00 DEBUG 11752 --- [clinical-study-system] [           main] o.h.q.sqm.function.SqmFunctionRegistry   : Registered SqmFunctionTemplate [org.hibernate.dialect.function.CountFunction@16a499d1] under count; prior registration was null
2024-11-19T16:56:12.313-03:00 DEBUG 11752 --- [clinical-study-system] [           main] o.h.q.sqm.function.SqmFunctionRegistry   : Registered SqmFunctionTemplate [org.hibernate.dialect.function.EveryAnyEmulation@2e62e227] under every; prior registration was null
2024-11-19T16:56:12.313-03:00 DEBUG 11752 --- [clinical-study-system] [           main] o.h.q.sqm.function.SqmFunctionRegistry   : Registered SqmFunctionTemplate [org.hibernate.dialect.function.EveryAnyEmulation@5ebe903a] under any; prior registration was null
2024-11-19T16:56:12.314-03:00 DEBUG 11752 --- [clinical-study-system] [           main] o.h.q.sqm.function.SqmFunctionRegistry   : Registered SqmFunctionTemplate [NamedSqmFunctionTemplate(floor)] under floor; prior registration was null
2024-11-19T16:56:12.314-03:00 DEBUG 11752 --- [clinical-study-system] [           main] o.h.q.sqm.function.SqmFunctionRegistry   : Registered SqmFunctionTemplate [NamedSqmFunctionTemplate(ceiling)] under ceiling; prior registration was null
2024-11-19T16:56:12.314-03:00 DEBUG 11752 --- [clinical-study-system] [           main] o.h.q.sqm.function.SqmFunctionRegistry   : Registered SqmFunctionTemplate [NamedSqmFunctionTemplate(mod)] under mod; prior registration was null
2024-11-19T16:56:12.314-03:00 DEBUG 11752 --- [clinical-study-system] [           main] o.h.q.sqm.function.SqmFunctionRegistry   : Registered SqmFunctionTemplate [NamedSqmFunctionTemplate(abs)] under abs; prior registration was null
2024-11-19T16:56:12.314-03:00 DEBUG 11752 --- [clinical-study-system] [           main] o.h.q.sqm.function.SqmFunctionRegistry   : Registered SqmFunctionTemplate [NamedSqmFunctionTemplate(sign)] under sign; prior registration was null
2024-11-19T16:56:12.314-03:00 DEBUG 11752 --- [clinical-study-system] [           main] o.h.q.sqm.function.SqmFunctionRegistry   : Registered SqmFunctionTemplate [NamedSqmFunctionTemplate(sqrt)] under sqrt; prior registration was null
2024-11-19T16:56:12.314-03:00 DEBUG 11752 --- [clinical-study-system] [           main] o.h.q.sqm.function.SqmFunctionRegistry   : Registered SqmFunctionTemplate [NamedSqmFunctionTemplate(ln)] under ln; prior registration was null
2024-11-19T16:56:12.314-03:00 DEBUG 11752 --- [clinical-study-system] [           main] o.h.q.sqm.function.SqmFunctionRegistry   : Registered SqmFunctionTemplate [NamedSqmFunctionTemplate(exp)] under exp; prior registration was null
2024-11-19T16:56:12.314-03:00 DEBUG 11752 --- [clinical-study-system] [           main] o.h.q.sqm.function.SqmFunctionRegistry   : Registered SqmFunctionTemplate [NamedSqmFunctionTemplate(power)] under power; prior registration was null
2024-11-19T16:56:12.314-03:00 DEBUG 11752 --- [clinical-study-system] [           main] o.h.q.sqm.function.SqmFunctionRegistry   : Registered SqmFunctionTemplate [NamedSqmFunctionTemplate(round)] under round; prior registration was null
2024-11-19T16:56:12.314-03:00 DEBUG 11752 --- [clinical-study-system] [           main] o.h.q.sqm.function.SqmFunctionRegistry   : Registered SqmFunctionTemplate [NamedSqmFunctionTemplate(sin)] under sin; prior registration was null
2024-11-19T16:56:12.314-03:00 DEBUG 11752 --- [clinical-study-system] [           main] o.h.q.sqm.function.SqmFunctionRegistry   : Registered SqmFunctionTemplate [NamedSqmFunctionTemplate(cos)] under cos; prior registration was null
2024-11-19T16:56:12.314-03:00 DEBUG 11752 --- [clinical-study-system] [           main] o.h.q.sqm.function.SqmFunctionRegistry   : Registered SqmFunctionTemplate [NamedSqmFunctionTemplate(tan)] under tan; prior registration was null
2024-11-19T16:56:12.314-03:00 DEBUG 11752 --- [clinical-study-system] [           main] o.h.q.sqm.function.SqmFunctionRegistry   : Registered SqmFunctionTemplate [NamedSqmFunctionTemplate(asin)] under asin; prior registration was null
2024-11-19T16:56:12.314-03:00 DEBUG 11752 --- [clinical-study-system] [           main] o.h.q.sqm.function.SqmFunctionRegistry   : Registered SqmFunctionTemplate [NamedSqmFunctionTemplate(acos)] under acos; prior registration was null
2024-11-19T16:56:12.314-03:00 DEBUG 11752 --- [clinical-study-system] [           main] o.h.q.sqm.function.SqmFunctionRegistry   : Registered SqmFunctionTemplate [NamedSqmFunctionTemplate(atan)] under atan; prior registration was null
2024-11-19T16:56:12.314-03:00 DEBUG 11752 --- [clinical-study-system] [           main] o.h.q.sqm.function.SqmFunctionRegistry   : Registered SqmFunctionTemplate [NamedSqmFunctionTemplate(atan2)] under atan2; prior registration was null
2024-11-19T16:56:12.316-03:00 DEBUG 11752 --- [clinical-study-system] [           main] o.h.q.sqm.function.SqmFunctionRegistry   : Registered SqmFunctionTemplate [org.hibernate.query.sqm.function.PatternBasedSqmFunctionDescriptor@254513e8] under sinh; prior registration was null
2024-11-19T16:56:12.316-03:00 DEBUG 11752 --- [clinical-study-system] [           main] o.h.q.sqm.function.SqmFunctionRegistry   : Registered SqmFunctionTemplate [org.hibernate.query.sqm.function.PatternBasedSqmFunctionDescriptor@74450c9b] under cosh; prior registration was null
2024-11-19T16:56:12.316-03:00 DEBUG 11752 --- [clinical-study-system] [           main] o.h.q.sqm.function.SqmFunctionRegistry   : Registered SqmFunctionTemplate [org.hibernate.query.sqm.function.PatternBasedSqmFunctionDescriptor@74f89bad] under tanh; prior registration was null
2024-11-19T16:56:12.316-03:00 DEBUG 11752 --- [clinical-study-system] [           main] o.h.q.sqm.function.SqmFunctionRegistry   : Registered SqmFunctionTemplate [org.hibernate.query.sqm.function.PatternBasedSqmFunctionDescriptor@5ad50b02] under pi; prior registration was null
2024-11-19T16:56:12.316-03:00 DEBUG 11752 --- [clinical-study-system] [           main] o.h.q.sqm.function.SqmFunctionRegistry   : Registered SqmFunctionTemplate [org.hibernate.query.sqm.function.PatternBasedSqmFunctionDescriptor@570299e3] under log; prior registration was null
2024-11-19T16:56:12.317-03:00 DEBUG 11752 --- [clinical-study-system] [           main] o.h.q.sqm.function.SqmFunctionRegistry   : Registered SqmFunctionTemplate [NamedSqmFunctionTemplate(coalesce)] under coalesce; prior registration was null
2024-11-19T16:56:12.317-03:00 DEBUG 11752 --- [clinical-study-system] [           main] o.h.q.sqm.function.SqmFunctionRegistry   : Registered SqmFunctionTemplate [NamedSqmFunctionTemplate(nullif)] under nullif; prior registration was null
2024-11-19T16:56:12.317-03:00 DEBUG 11752 --- [clinical-study-system] [           main] o.h.q.sqm.function.SqmFunctionRegistry   : Registered SqmFunctionTemplate [NamedSqmFunctionTemplate(left)] under left; prior registration was null
2024-11-19T16:56:12.317-03:00 DEBUG 11752 --- [clinical-study-system] [           main] o.h.q.sqm.function.SqmFunctionRegistry   : Registered SqmFunctionTemplate [NamedSqmFunctionTemplate(right)] under right; prior registration was null
2024-11-19T16:56:12.317-03:00 DEBUG 11752 --- [clinical-study-system] [           main] o.h.q.sqm.function.SqmFunctionRegistry   : Registered SqmFunctionTemplate [NamedSqmFunctionTemplate(replace)] under replace; prior registration was null
2024-11-19T16:56:12.317-03:00 DEBUG 11752 --- [clinical-study-system] [           main] o.h.q.sqm.function.SqmFunctionRegistry   : Registered SqmFunctionTemplate [NamedSqmFunctionTemplate(concat)] under concat; prior registration was null
2024-11-19T16:56:12.317-03:00 DEBUG 11752 --- [clinical-study-system] [           main] o.h.q.sqm.function.SqmFunctionRegistry   : Registered SqmFunctionTemplate [NamedSqmFunctionTemplate(lower)] under lower; prior registration was null
2024-11-19T16:56:12.317-03:00 DEBUG 11752 --- [clinical-study-system] [           main] o.h.q.sqm.function.SqmFunctionRegistry   : Registered SqmFunctionTemplate [NamedSqmFunctionTemplate(upper)] under upper; prior registration was null
2024-11-19T16:56:12.317-03:00 DEBUG 11752 --- [clinical-study-system] [           main] o.h.q.sqm.function.SqmFunctionRegistry   : Registered SqmFunctionTemplate [NamedSqmFunctionTemplate(substring)] under substring; prior registration was null
2024-11-19T16:56:12.317-03:00 DEBUG 11752 --- [clinical-study-system] [           main] o.h.q.sqm.function.SqmFunctionRegistry   : Registered SqmFunctionTemplate [NamedSqmFunctionTemplate(locate)] under locate; prior registration was null
2024-11-19T16:56:12.317-03:00 DEBUG 11752 --- [clinical-study-system] [           main] o.h.q.sqm.function.SqmFunctionRegistry   : Registered SqmFunctionTemplate [NamedSqmFunctionTemplate(character_length)] under character_length; prior registration was null
2024-11-19T16:56:12.317-03:00 DEBUG 11752 --- [clinical-study-system] [           main] o.h.q.sqm.function.SqmFunctionRegistry   : Registering alternate key : length -> character_length
2024-11-19T16:56:12.318-03:00 DEBUG 11752 --- [clinical-study-system] [           main] o.h.q.sqm.function.SqmFunctionRegistry   : Registered SqmFunctionTemplate [org.hibernate.dialect.function.LocatePositionEmulation@321b7b9e] under position; prior registration was null
2024-11-19T16:56:12.320-03:00 DEBUG 11752 --- [clinical-study-system] [           main] o.h.q.sqm.function.SqmFunctionRegistry   : Registered SqmFunctionTemplate [org.hibernate.dialect.function.InsertSubstringOverlayEmulation@4682882a] under overlay; prior registration was null
2024-11-19T16:56:12.320-03:00 DEBUG 11752 --- [clinical-study-system] [           main] o.h.q.sqm.function.SqmFunctionRegistry   : Registered SqmFunctionTemplate [org.hibernate.dialect.function.TrimFunction@34e07e65] under trim; prior registration was null
2024-11-19T16:56:12.321-03:00 DEBUG 11752 --- [clinical-study-system] [           main] o.h.q.sqm.function.SqmFunctionRegistry   : Registered SqmFunctionTemplate [org.hibernate.dialect.function.CastFunction@6212ea52] under cast; prior registration was null
2024-11-19T16:56:12.321-03:00 DEBUG 11752 --- [clinical-study-system] [           main] o.h.q.sqm.function.SqmFunctionRegistry   : Registered SqmFunctionTemplate [org.hibernate.query.sqm.function.PatternBasedSqmFunctionDescriptor@65b5b5ed] under collate; prior registration was null
2024-11-19T16:56:12.322-03:00 DEBUG 11752 --- [clinical-study-system] [           main] o.h.q.sqm.function.SqmFunctionRegistry   : Registered SqmFunctionTemplate [org.hibernate.dialect.function.ExtractFunction@44392e64] under extract; prior registration was null
2024-11-19T16:56:12.322-03:00 DEBUG 11752 --- [clinical-study-system] [           main] o.h.q.sqm.function.SqmFunctionRegistry   : Registered SqmFunctionTemplate [NamedSqmFunctionTemplate(least)] under least; prior registration was null
2024-11-19T16:56:12.322-03:00 DEBUG 11752 --- [clinical-study-system] [           main] o.h.q.sqm.function.SqmFunctionRegistry   : Registered SqmFunctionTemplate [NamedSqmFunctionTemplate(greatest)] under greatest; prior registration was null
2024-11-19T16:56:12.322-03:00 DEBUG 11752 --- [clinical-study-system] [           main] o.h.q.sqm.function.SqmFunctionRegistry   : Registered SqmFunctionTemplate [org.hibernate.dialect.function.CoalesceIfnullEmulation@5f9ebd5a] under ifnull; prior registration was null
2024-11-19T16:56:12.322-03:00 DEBUG 11752 --- [clinical-study-system] [           main] o.h.q.sqm.function.SqmFunctionRegistry   : Registered SqmFunctionTemplate [NamedSqmFunctionTemplate(lpad)] under lpad; prior registration was null
2024-11-19T16:56:12.322-03:00 DEBUG 11752 --- [clinical-study-system] [           main] o.h.q.sqm.function.SqmFunctionRegistry   : Registered SqmFunctionTemplate [NamedSqmFunctionTemplate(rpad)] under rpad; prior registration was null
2024-11-19T16:56:12.323-03:00 DEBUG 11752 --- [clinical-study-system] [           main] o.h.q.sqm.function.SqmFunctionRegistry   : Registered SqmFunctionTemplate [org.hibernate.dialect.function.LpadRpadPadEmulation@1ab28416] under pad; prior registration was null
2024-11-19T16:56:12.323-03:00 DEBUG 11752 --- [clinical-study-system] [           main] o.h.q.sqm.function.SqmFunctionRegistry   : Registered SqmFunctionTemplate [org.hibernate.dialect.function.CastStrEmulation@3e2d65e1] under str; prior registration was null
2024-11-19T16:56:12.326-03:00 DEBUG 11752 --- [clinical-study-system] [           main] o.h.q.sqm.function.SqmFunctionRegistry   : Registered SqmFunctionTemplate [org.hibernate.dialect.function.FormatFunction@2b464384] under format; prior registration was null
2024-11-19T16:56:12.326-03:00 DEBUG 11752 --- [clinical-study-system] [           main] o.h.q.sqm.function.SqmFunctionRegistry   : Registered SqmFunctionTemplate [org.hibernate.dialect.function.TimestampaddFunction@571db8b4] under timestampadd; prior registration was null
2024-11-19T16:56:12.327-03:00 DEBUG 11752 --- [clinical-study-system] [           main] o.h.q.sqm.function.SqmFunctionRegistry   : Registered SqmFunctionTemplate [org.hibernate.dialect.function.TimestampdiffFunction@652f26da] under timestampdiff; prior registration was null
2024-11-19T16:56:12.327-03:00 DEBUG 11752 --- [clinical-study-system] [           main] o.h.q.sqm.function.SqmFunctionRegistry   : Registering alternate key : dateadd -> timestampadd
2024-11-19T16:56:12.327-03:00 DEBUG 11752 --- [clinical-study-system] [           main] o.h.q.sqm.function.SqmFunctionRegistry   : Registering alternate key : datediff -> timestampdiff
2024-11-19T16:56:12.327-03:00 DEBUG 11752 --- [clinical-study-system] [           main] o.h.q.sqm.function.SqmFunctionRegistry   : Registered SqmFunctionTemplate [org.hibernate.dialect.function.CurrentFunction@1f293cb7] under current_date; prior registration was null
2024-11-19T16:56:12.327-03:00 DEBUG 11752 --- [clinical-study-system] [           main] o.h.q.sqm.function.SqmFunctionRegistry   : Registered SqmFunctionTemplate [org.hibernate.dialect.function.CurrentFunction@5972e3a] under current_time; prior registration was null
2024-11-19T16:56:12.327-03:00 DEBUG 11752 --- [clinical-study-system] [           main] o.h.q.sqm.function.SqmFunctionRegistry   : Registered SqmFunctionTemplate [org.hibernate.dialect.function.CurrentFunction@5790cbcb] under current_timestamp; prior registration was null
2024-11-19T16:56:12.327-03:00 DEBUG 11752 --- [clinical-study-system] [           main] o.h.q.sqm.function.SqmFunctionRegistry   : Registering alternate key : current date -> current_date
2024-11-19T16:56:12.327-03:00 DEBUG 11752 --- [clinical-study-system] [           main] o.h.q.sqm.function.SqmFunctionRegistry   : Registering alternate key : current time -> current_time
2024-11-19T16:56:12.327-03:00 DEBUG 11752 --- [clinical-study-system] [           main] o.h.q.sqm.function.SqmFunctionRegistry   : Registering alternate key : current timestamp -> current_timestamp
2024-11-19T16:56:12.327-03:00 DEBUG 11752 --- [clinical-study-system] [           main] o.h.q.sqm.function.SqmFunctionRegistry   : Registered SqmFunctionTemplate [org.hibernate.dialect.function.CurrentFunction@32c6d164] under local_date; prior registration was null
2024-11-19T16:56:12.327-03:00 DEBUG 11752 --- [clinical-study-system] [           main] o.h.q.sqm.function.SqmFunctionRegistry   : Registered SqmFunctionTemplate [org.hibernate.dialect.function.CurrentFunction@645c9f0f] under local_time; prior registration was null
2024-11-19T16:56:12.327-03:00 DEBUG 11752 --- [clinical-study-system] [           main] o.h.q.sqm.function.SqmFunctionRegistry   : Registered SqmFunctionTemplate [org.hibernate.dialect.function.CurrentFunction@58068b40] under local_datetime; prior registration was null
2024-11-19T16:56:12.327-03:00 DEBUG 11752 --- [clinical-study-system] [           main] o.h.q.sqm.function.SqmFunctionRegistry   : Registered SqmFunctionTemplate [org.hibernate.dialect.function.CurrentFunction@999cd18] under offset_datetime; prior registration was null
2024-11-19T16:56:12.327-03:00 DEBUG 11752 --- [clinical-study-system] [           main] o.h.q.sqm.function.SqmFunctionRegistry   : Registering alternate key : local date -> local_date
2024-11-19T16:56:12.327-03:00 DEBUG 11752 --- [clinical-study-system] [           main] o.h.q.sqm.function.SqmFunctionRegistry   : Registering alternate key : local time -> local_time
2024-11-19T16:56:12.327-03:00 DEBUG 11752 --- [clinical-study-system] [           main] o.h.q.sqm.function.SqmFunctionRegistry   : Registering alternate key : local datetime -> local_datetime
2024-11-19T16:56:12.327-03:00 DEBUG 11752 --- [clinical-study-system] [           main] o.h.q.sqm.function.SqmFunctionRegistry   : Registering alternate key : offset datetime -> offset_datetime
2024-11-19T16:56:12.327-03:00 DEBUG 11752 --- [clinical-study-system] [           main] o.h.q.sqm.function.SqmFunctionRegistry   : Registered SqmFunctionTemplate [org.hibernate.dialect.function.CurrentFunction@dd060be] under instant; prior registration was null
2024-11-19T16:56:12.327-03:00 DEBUG 11752 --- [clinical-study-system] [           main] o.h.q.sqm.function.SqmFunctionRegistry   : Registering alternate key : current_instant -> instant
2024-11-19T16:56:12.328-03:00 DEBUG 11752 --- [clinical-study-system] [           main] o.h.q.sqm.function.SqmFunctionRegistry   : Registered SqmFunctionTemplate [org.hibernate.dialect.function.SqlFunction@28295554] under sql; prior registration was null
2024-11-19T16:56:12.328-03:00 DEBUG 11752 --- [clinical-study-system] [           main] o.h.q.sqm.function.SqmFunctionRegistry   : Registered SqmFunctionTemplate [NamedSqmFunctionTemplate(cot)] under cot; prior registration was null
2024-11-19T16:56:12.328-03:00 DEBUG 11752 --- [clinical-study-system] [           main] o.h.q.sqm.function.SqmFunctionRegistry   : Registered SqmFunctionTemplate [NamedSqmFunctionTemplate(radians)] under radians; prior registration was null
2024-11-19T16:56:12.328-03:00 DEBUG 11752 --- [clinical-study-system] [           main] o.h.q.sqm.function.SqmFunctionRegistry   : Registered SqmFunctionTemplate [NamedSqmFunctionTemplate(degrees)] under degrees; prior registration was null
2024-11-19T16:56:12.328-03:00 DEBUG 11752 --- [clinical-study-system] [           main] o.h.q.sqm.function.SqmFunctionRegistry   : Registered SqmFunctionTemplate [NamedSqmFunctionTemplate(log)] under log; prior registration was org.hibernate.query.sqm.function.PatternBasedSqmFunctionDescriptor@570299e3
2024-11-19T16:56:12.328-03:00 DEBUG 11752 --- [clinical-study-system] [           main] o.h.q.sqm.function.SqmFunctionRegistry   : Registered SqmFunctionTemplate [org.hibernate.query.sqm.function.PatternBasedSqmFunctionDescriptor@4e671ef] under mod; prior registration was NamedSqmFunctionTemplate(mod)
2024-11-19T16:56:12.328-03:00 DEBUG 11752 --- [clinical-study-system] [           main] o.h.q.sqm.function.SqmFunctionRegistry   : Registered SqmFunctionTemplate [NamedSqmFunctionTemplate(log10)] under log10; prior registration was null
2024-11-19T16:56:12.328-03:00 DEBUG 11752 --- [clinical-study-system] [           main] o.h.q.sqm.function.SqmFunctionRegistry   : Registered SqmFunctionTemplate [NamedSqmFunctionTemplate(tanh)] under tanh; prior registration was org.hibernate.query.sqm.function.PatternBasedSqmFunctionDescriptor@74f89bad
2024-11-19T16:56:12.328-03:00 DEBUG 11752 --- [clinical-study-system] [           main] o.h.q.sqm.function.SqmFunctionRegistry   : Registered SqmFunctionTemplate [NamedSqmFunctionTemplate(sinh)] under sinh; prior registration was org.hibernate.query.sqm.function.PatternBasedSqmFunctionDescriptor@254513e8
2024-11-19T16:56:12.328-03:00 DEBUG 11752 --- [clinical-study-system] [           main] o.h.q.sqm.function.SqmFunctionRegistry   : Registered SqmFunctionTemplate [NamedSqmFunctionTemplate(cosh)] under cosh; prior registration was org.hibernate.query.sqm.function.PatternBasedSqmFunctionDescriptor@74450c9b
2024-11-19T16:56:12.328-03:00 DEBUG 11752 --- [clinical-study-system] [           main] o.h.q.sqm.function.SqmFunctionRegistry   : Registered SqmFunctionTemplate [NamedSqmFunctionTemplate(acosh)] under acosh; prior registration was null
2024-11-19T16:56:12.328-03:00 DEBUG 11752 --- [clinical-study-system] [           main] o.h.q.sqm.function.SqmFunctionRegistry   : Registered SqmFunctionTemplate [NamedSqmFunctionTemplate(asinh)] under asinh; prior registration was null
2024-11-19T16:56:12.328-03:00 DEBUG 11752 --- [clinical-study-system] [           main] o.h.q.sqm.function.SqmFunctionRegistry   : Registered SqmFunctionTemplate [NamedSqmFunctionTemplate(atanh)] under atanh; prior registration was null
2024-11-19T16:56:12.328-03:00 DEBUG 11752 --- [clinical-study-system] [           main] o.h.q.sqm.function.SqmFunctionRegistry   : Registered SqmFunctionTemplate [NamedSqmFunctionTemplate(cbrt)] under cbrt; prior registration was null
2024-11-19T16:56:12.328-03:00 DEBUG 11752 --- [clinical-study-system] [           main] o.h.q.sqm.function.SqmFunctionRegistry   : Registered SqmFunctionTemplate [NamedSqmFunctionTemplate(pi)] under pi; prior registration was org.hibernate.query.sqm.function.PatternBasedSqmFunctionDescriptor@5ad50b02
2024-11-19T16:56:12.328-03:00 DEBUG 11752 --- [clinical-study-system] [           main] o.h.q.sqm.function.SqmFunctionRegistry   : Registered SqmFunctionTemplate [NamedSqmFunctionTemplate(ltrim)] under ltrim; prior registration was null
2024-11-19T16:56:12.328-03:00 DEBUG 11752 --- [clinical-study-system] [           main] o.h.q.sqm.function.SqmFunctionRegistry   : Registered SqmFunctionTemplate [NamedSqmFunctionTemplate(rtrim)] under rtrim; prior registration was null
2024-11-19T16:56:12.328-03:00 DEBUG 11752 --- [clinical-study-system] [           main] o.h.q.sqm.function.SqmFunctionRegistry   : Registered SqmFunctionTemplate [NamedSqmFunctionTemplate(repeat)] under repeat; prior registration was null
2024-11-19T16:56:12.328-03:00 DEBUG 11752 --- [clinical-study-system] [           main] o.h.q.sqm.function.SqmFunctionRegistry   : Registered SqmFunctionTemplate [NamedSqmFunctionTemplate(md5)] under md5; prior registration was null
2024-11-19T16:56:12.328-03:00 DEBUG 11752 --- [clinical-study-system] [           main] o.h.q.sqm.function.SqmFunctionRegistry   : Registered SqmFunctionTemplate [NamedSqmFunctionTemplate(initcap)] under initcap; prior registration was null
2024-11-19T16:56:12.328-03:00 DEBUG 11752 --- [clinical-study-system] [           main] o.h.q.sqm.function.SqmFunctionRegistry   : Registered SqmFunctionTemplate [NamedSqmFunctionTemplate(substr)] under substr; prior registration was null
2024-11-19T16:56:12.328-03:00 DEBUG 11752 --- [clinical-study-system] [           main] o.h.q.sqm.function.SqmFunctionRegistry   : Registered SqmFunctionTemplate [NamedSqmFunctionTemplate(substr)] under substring; prior registration was NamedSqmFunctionTemplate(substring)
2024-11-19T16:56:12.328-03:00 DEBUG 11752 --- [clinical-study-system] [           main] o.h.q.sqm.function.SqmFunctionRegistry   : Registered SqmFunctionTemplate [NamedSqmFunctionTemplate(translate)] under translate; prior registration was null
2024-11-19T16:56:12.328-03:00 DEBUG 11752 --- [clinical-study-system] [           main] o.h.q.sqm.function.SqmFunctionRegistry   : Registered SqmFunctionTemplate [NamedSqmFunctionTemplate(to_number)] under to_number; prior registration was null
2024-11-19T16:56:12.328-03:00 DEBUG 11752 --- [clinical-study-system] [           main] o.h.q.sqm.function.SqmFunctionRegistry   : Registered SqmFunctionTemplate [NamedSqmFunctionTemplate(to_char)] under to_char; prior registration was null
2024-11-19T16:56:12.328-03:00 DEBUG 11752 --- [clinical-study-system] [           main] o.h.q.sqm.function.SqmFunctionRegistry   : Registered SqmFunctionTemplate [NamedSqmFunctionTemplate(to_date)] under to_date; prior registration was null
2024-11-19T16:56:12.328-03:00 DEBUG 11752 --- [clinical-study-system] [           main] o.h.q.sqm.function.SqmFunctionRegistry   : Registered SqmFunctionTemplate [NamedSqmFunctionTemplate(to_timestamp)] under to_timestamp; prior registration was null
2024-11-19T16:56:12.329-03:00 DEBUG 11752 --- [clinical-study-system] [           main] o.h.q.sqm.function.SqmFunctionRegistry   : Registered SqmFunctionTemplate [org.hibernate.dialect.function.ConcatPipeFunction@219edc05] under concat; prior registration was NamedSqmFunctionTemplate(concat)
2024-11-19T16:56:12.329-03:00 DEBUG 11752 --- [clinical-study-system] [           main] o.h.q.sqm.function.SqmFunctionRegistry   : Registered SqmFunctionTemplate [NamedSqmFunctionTemplate(localtime)] under localtime; prior registration was null
2024-11-19T16:56:12.329-03:00 DEBUG 11752 --- [clinical-study-system] [           main] o.h.q.sqm.function.SqmFunctionRegistry   : Registered SqmFunctionTemplate [NamedSqmFunctionTemplate(localtimestamp)] under localtimestamp; prior registration was null
2024-11-19T16:56:12.329-03:00 DEBUG 11752 --- [clinical-study-system] [           main] o.h.q.sqm.function.SqmFunctionRegistry   : Registered SqmFunctionTemplate [NamedSqmFunctionTemplate(localtime)] under local_time; prior registration was org.hibernate.dialect.function.CurrentFunction@645c9f0f
2024-11-19T16:56:12.329-03:00 DEBUG 11752 --- [clinical-study-system] [           main] o.h.q.sqm.function.SqmFunctionRegistry   : Registered SqmFunctionTemplate [NamedSqmFunctionTemplate(localtimestamp)] under local_datetime; prior registration was org.hibernate.dialect.function.CurrentFunction@58068b40
2024-11-19T16:56:12.329-03:00 DEBUG 11752 --- [clinical-study-system] [           main] o.h.q.sqm.function.SqmFunctionRegistry   : Registered SqmFunctionTemplate [org.hibernate.dialect.function.LengthFunction@5c930fc3] under character_length; prior registration was NamedSqmFunctionTemplate(character_length)
2024-11-19T16:56:12.329-03:00 DEBUG 11752 --- [clinical-study-system] [           main] o.h.q.sqm.function.SqmFunctionRegistry   : Registering alternate key : length -> character_length
2024-11-19T16:56:12.329-03:00 DEBUG 11752 --- [clinical-study-system] [           main] o.h.q.sqm.function.SqmFunctionRegistry   : Registered SqmFunctionTemplate [org.hibernate.dialect.function.LengthFunction@25c6ab3f] under bit_length; prior registration was null
2024-11-19T16:56:12.329-03:00 DEBUG 11752 --- [clinical-study-system] [           main] o.h.q.sqm.function.SqmFunctionRegistry   : Registered SqmFunctionTemplate [org.hibernate.dialect.function.LengthFunction@7b80af04] under octet_length; prior registration was null
2024-11-19T16:56:12.329-03:00 DEBUG 11752 --- [clinical-study-system] [           main] o.h.q.sqm.function.SqmFunctionRegistry   : Registered SqmFunctionTemplate [NamedSqmFunctionTemplate(ascii)] under ascii; prior registration was null
2024-11-19T16:56:12.329-03:00 DEBUG 11752 --- [clinical-study-system] [           main] o.h.q.sqm.function.SqmFunctionRegistry   : Registered SqmFunctionTemplate [NamedSqmFunctionTemplate(chr)] under chr; prior registration was null
2024-11-19T16:56:12.329-03:00 DEBUG 11752 --- [clinical-study-system] [           main] o.h.q.sqm.function.SqmFunctionRegistry   : Registering alternate key : char -> chr
2024-11-19T16:56:12.329-03:00 DEBUG 11752 --- [clinical-study-system] [           main] o.h.q.sqm.function.SqmFunctionRegistry   : Registered SqmFunctionTemplate [org.hibernate.query.sqm.function.PatternBasedSqmFunctionDescriptor@2447940d] under position; prior registration was org.hibernate.dialect.function.LocatePositionEmulation@321b7b9e
2024-11-19T16:56:12.329-03:00 DEBUG 11752 --- [clinical-study-system] [           main] o.h.q.sqm.function.SqmFunctionRegistry   : Registered SqmFunctionTemplate [org.hibernate.query.sqm.function.PatternBasedSqmFunctionDescriptor@60ee7a51] under bitand; prior registration was null
2024-11-19T16:56:12.329-03:00 DEBUG 11752 --- [clinical-study-system] [           main] o.h.q.sqm.function.SqmFunctionRegistry   : Registered SqmFunctionTemplate [org.hibernate.query.sqm.function.PatternBasedSqmFunctionDescriptor@70e1aa20] under bitor; prior registration was null
2024-11-19T16:56:12.329-03:00 DEBUG 11752 --- [clinical-study-system] [           main] o.h.q.sqm.function.SqmFunctionRegistry   : Registered SqmFunctionTemplate [org.hibernate.query.sqm.function.PatternBasedSqmFunctionDescriptor@e67d3b7] under bitxor; prior registration was null
2024-11-19T16:56:12.329-03:00 DEBUG 11752 --- [clinical-study-system] [           main] o.h.q.sqm.function.SqmFunctionRegistry   : Registered SqmFunctionTemplate [org.hibernate.query.sqm.function.PatternBasedSqmFunctionDescriptor@1618c98a] under bitnot; prior registration was null
2024-11-19T16:56:12.330-03:00 DEBUG 11752 --- [clinical-study-system] [           main] o.h.q.sqm.function.SqmFunctionRegistry   : Registered SqmFunctionTemplate [NamedSqmFunctionTemplate(bit_and)] under bit_and; prior registration was null
2024-11-19T16:56:12.330-03:00 DEBUG 11752 --- [clinical-study-system] [           main] o.h.q.sqm.function.SqmFunctionRegistry   : Registered SqmFunctionTemplate [NamedSqmFunctionTemplate(bit_or)] under bit_or; prior registration was null
2024-11-19T16:56:12.330-03:00 DEBUG 11752 --- [clinical-study-system] [           main] o.h.q.sqm.function.SqmFunctionRegistry   : Registered SqmFunctionTemplate [NamedSqmFunctionTemplate(bool_and)] under bool_and; prior registration was null
2024-11-19T16:56:12.330-03:00 DEBUG 11752 --- [clinical-study-system] [           main] o.h.q.sqm.function.SqmFunctionRegistry   : Registering alternate key : every -> bool_and
2024-11-19T16:56:12.330-03:00 DEBUG 11752 --- [clinical-study-system] [           main] o.h.q.sqm.function.SqmFunctionRegistry   : Registered SqmFunctionTemplate [NamedSqmFunctionTemplate(bool_or)] under bool_or; prior registration was null
2024-11-19T16:56:12.330-03:00 DEBUG 11752 --- [clinical-study-system] [           main] o.h.q.sqm.function.SqmFunctionRegistry   : Registering alternate key : any -> bool_or
2024-11-19T16:56:12.330-03:00 DEBUG 11752 --- [clinical-study-system] [           main] o.h.q.sqm.function.SqmFunctionRegistry   : Registered SqmFunctionTemplate [org.hibernate.query.sqm.function.PatternBasedSqmFunctionDescriptor@5b715ea] under median; prior registration was null
2024-11-19T16:56:12.330-03:00 DEBUG 11752 --- [clinical-study-system] [           main] o.h.q.sqm.function.SqmFunctionRegistry   : Registered SqmFunctionTemplate [NamedSqmFunctionTemplate(stddev)] under stddev; prior registration was null
2024-11-19T16:56:12.330-03:00 DEBUG 11752 --- [clinical-study-system] [           main] o.h.q.sqm.function.SqmFunctionRegistry   : Registered SqmFunctionTemplate [NamedSqmFunctionTemplate(stddev_pop)] under stddev_pop; prior registration was null
2024-11-19T16:56:12.330-03:00 DEBUG 11752 --- [clinical-study-system] [           main] o.h.q.sqm.function.SqmFunctionRegistry   : Registered SqmFunctionTemplate [NamedSqmFunctionTemplate(stddev_samp)] under stddev_samp; prior registration was null
2024-11-19T16:56:12.330-03:00 DEBUG 11752 --- [clinical-study-system] [           main] o.h.q.sqm.function.SqmFunctionRegistry   : Registered SqmFunctionTemplate [NamedSqmFunctionTemplate(variance)] under variance; prior registration was null
2024-11-19T16:56:12.330-03:00 DEBUG 11752 --- [clinical-study-system] [           main] o.h.q.sqm.function.SqmFunctionRegistry   : Registered SqmFunctionTemplate [NamedSqmFunctionTemplate(var_pop)] under var_pop; prior registration was null
2024-11-19T16:56:12.330-03:00 DEBUG 11752 --- [clinical-study-system] [           main] o.h.q.sqm.function.SqmFunctionRegistry   : Registered SqmFunctionTemplate [NamedSqmFunctionTemplate(var_samp)] under var_samp; prior registration was null
2024-11-19T16:56:12.330-03:00 DEBUG 11752 --- [clinical-study-system] [           main] o.h.q.sqm.function.SqmFunctionRegistry   : Registered SqmFunctionTemplate [NamedSqmFunctionTemplate(covar_pop)] under covar_pop; prior registration was null
2024-11-19T16:56:12.330-03:00 DEBUG 11752 --- [clinical-study-system] [           main] o.h.q.sqm.function.SqmFunctionRegistry   : Registered SqmFunctionTemplate [NamedSqmFunctionTemplate(covar_samp)] under covar_samp; prior registration was null
2024-11-19T16:56:12.330-03:00 DEBUG 11752 --- [clinical-study-system] [           main] o.h.q.sqm.function.SqmFunctionRegistry   : Registered SqmFunctionTemplate [NamedSqmFunctionTemplate(corr)] under corr; prior registration was null
2024-11-19T16:56:12.330-03:00 DEBUG 11752 --- [clinical-study-system] [           main] o.h.q.sqm.function.SqmFunctionRegistry   : Registered SqmFunctionTemplate [NamedSqmFunctionTemplate(regr_avgx)] under regr_avgx; prior registration was null
2024-11-19T16:56:12.331-03:00 DEBUG 11752 --- [clinical-study-system] [           main] o.h.q.sqm.function.SqmFunctionRegistry   : Registered SqmFunctionTemplate [NamedSqmFunctionTemplate(regr_avgy)] under regr_avgy; prior registration was null
2024-11-19T16:56:12.331-03:00 DEBUG 11752 --- [clinical-study-system] [           main] o.h.q.sqm.function.SqmFunctionRegistry   : Registered SqmFunctionTemplate [NamedSqmFunctionTemplate(regr_count)] under regr_count; prior registration was null
2024-11-19T16:56:12.331-03:00 DEBUG 11752 --- [clinical-study-system] [           main] o.h.q.sqm.function.SqmFunctionRegistry   : Registered SqmFunctionTemplate [NamedSqmFunctionTemplate(regr_intercept)] under regr_intercept; prior registration was null
2024-11-19T16:56:12.331-03:00 DEBUG 11752 --- [clinical-study-system] [           main] o.h.q.sqm.function.SqmFunctionRegistry   : Registered SqmFunctionTemplate [NamedSqmFunctionTemplate(regr_r2)] under regr_r2; prior registration was null
2024-11-19T16:56:12.331-03:00 DEBUG 11752 --- [clinical-study-system] [           main] o.h.q.sqm.function.SqmFunctionRegistry   : Registered SqmFunctionTemplate [NamedSqmFunctionTemplate(regr_slope)] under regr_slope; prior registration was null
2024-11-19T16:56:12.331-03:00 DEBUG 11752 --- [clinical-study-system] [           main] o.h.q.sqm.function.SqmFunctionRegistry   : Registered SqmFunctionTemplate [NamedSqmFunctionTemplate(regr_sxx)] under regr_sxx; prior registration was null
2024-11-19T16:56:12.331-03:00 DEBUG 11752 --- [clinical-study-system] [           main] o.h.q.sqm.function.SqmFunctionRegistry   : Registered SqmFunctionTemplate [NamedSqmFunctionTemplate(regr_sxy)] under regr_sxy; prior registration was null
2024-11-19T16:56:12.331-03:00 DEBUG 11752 --- [clinical-study-system] [           main] o.h.q.sqm.function.SqmFunctionRegistry   : Registered SqmFunctionTemplate [NamedSqmFunctionTemplate(regr_syy)] under regr_syy; prior registration was null
2024-11-19T16:56:12.331-03:00 DEBUG 11752 --- [clinical-study-system] [           main] o.h.q.sqm.function.SqmFunctionRegistry   : Registered SqmFunctionTemplate [org.hibernate.query.sqm.function.PatternBasedSqmFunctionDescriptor@48b09105] under insert; prior registration was null
2024-11-19T16:56:12.331-03:00 DEBUG 11752 --- [clinical-study-system] [           main] o.h.q.sqm.function.SqmFunctionRegistry   : Registered SqmFunctionTemplate [org.hibernate.query.sqm.function.MultipatternSqmFunctionDescriptor@41492479] under overlay; prior registration was org.hibernate.dialect.function.InsertSubstringOverlayEmulation@4682882a
2024-11-19T16:56:12.332-03:00 DEBUG 11752 --- [clinical-study-system] [           main] o.h.q.sqm.function.SqmFunctionRegistry   : Registered SqmFunctionTemplate [NamedSqmFunctionTemplate(soundex)] under soundex; prior registration was null
2024-11-19T16:56:12.332-03:00 DEBUG 11752 --- [clinical-study-system] [           main] o.h.q.sqm.function.SqmFunctionRegistry   : Registered SqmFunctionTemplate [org.hibernate.query.sqm.function.MultipatternSqmFunctionDescriptor@7bef7505] under locate; prior registration was NamedSqmFunctionTemplate(locate)
2024-11-19T16:56:12.333-03:00 DEBUG 11752 --- [clinical-study-system] [           main] o.h.q.sqm.function.SqmFunctionRegistry   : Registered SqmFunctionTemplate [NamedSqmFunctionTemplate(row_number)] under row_number; prior registration was null
2024-11-19T16:56:12.333-03:00 DEBUG 11752 --- [clinical-study-system] [           main] o.h.q.sqm.function.SqmFunctionRegistry   : Registered SqmFunctionTemplate [NamedSqmFunctionTemplate(lag)] under lag; prior registration was null
2024-11-19T16:56:12.333-03:00 DEBUG 11752 --- [clinical-study-system] [           main] o.h.q.sqm.function.SqmFunctionRegistry   : Registered SqmFunctionTemplate [NamedSqmFunctionTemplate(lead)] under lead; prior registration was null
2024-11-19T16:56:12.333-03:00 DEBUG 11752 --- [clinical-study-system] [           main] o.h.q.sqm.function.SqmFunctionRegistry   : Registered SqmFunctionTemplate [NamedSqmFunctionTemplate(first_value)] under first_value; prior registration was null
2024-11-19T16:56:12.333-03:00 DEBUG 11752 --- [clinical-study-system] [           main] o.h.q.sqm.function.SqmFunctionRegistry   : Registered SqmFunctionTemplate [NamedSqmFunctionTemplate(last_value)] under last_value; prior registration was null
2024-11-19T16:56:12.333-03:00 DEBUG 11752 --- [clinical-study-system] [           main] o.h.q.sqm.function.SqmFunctionRegistry   : Registered SqmFunctionTemplate [NamedSqmFunctionTemplate(nth_value)] under nth_value; prior registration was null
2024-11-19T16:56:12.334-03:00 DEBUG 11752 --- [clinical-study-system] [           main] o.h.q.sqm.function.SqmFunctionRegistry   : Registered SqmFunctionTemplate [org.hibernate.dialect.function.ListaggStringAggEmulation@3aeb267] under listagg; prior registration was null
2024-11-19T16:56:12.336-03:00 DEBUG 11752 --- [clinical-study-system] [           main] o.h.q.sqm.function.SqmFunctionRegistry   : Registered SqmFunctionTemplate [org.hibernate.dialect.function.array.PostgreSQLArrayConstructorFunction@74e2cfc5] under array; prior registration was null
2024-11-19T16:56:12.336-03:00 DEBUG 11752 --- [clinical-study-system] [           main] o.h.q.sqm.function.SqmFunctionRegistry   : Registered SqmFunctionTemplate [org.hibernate.dialect.function.array.PostgreSQLArrayConstructorFunction@4a5d5b38] under array_list; prior registration was null
2024-11-19T16:56:12.336-03:00 DEBUG 11752 --- [clinical-study-system] [           main] o.h.q.sqm.function.SqmFunctionRegistry   : Registered SqmFunctionTemplate [org.hibernate.dialect.function.array.ArrayAggFunction@6fdaef04] under array_agg; prior registration was null
2024-11-19T16:56:12.339-03:00 DEBUG 11752 --- [clinical-study-system] [           main] o.h.q.sqm.function.SqmFunctionRegistry   : Registered SqmFunctionTemplate [org.hibernate.dialect.function.array.PostgreSQLArrayPositionFunction@511d568f] under array_position; prior registration was null
2024-11-19T16:56:12.342-03:00 DEBUG 11752 --- [clinical-study-system] [           main] o.h.q.sqm.function.SqmFunctionRegistry   : Registered SqmFunctionTemplate [org.hibernate.dialect.function.array.PostgreSQLArrayPositionsFunction@663622b1] under array_positions; prior registration was null
2024-11-19T16:56:12.343-03:00 DEBUG 11752 --- [clinical-study-system] [           main] o.h.q.sqm.function.SqmFunctionRegistry   : Registered SqmFunctionTemplate [org.hibernate.dialect.function.array.PostgreSQLArrayPositionsFunction@338270ea] under array_positions_list; prior registration was null
2024-11-19T16:56:12.343-03:00 DEBUG 11752 --- [clinical-study-system] [           main] o.h.q.sqm.function.SqmFunctionRegistry   : Registered SqmFunctionTemplate [org.hibernate.query.sqm.function.PatternBasedSqmFunctionDescriptor@7f64bd7] under array_length; prior registration was null
2024-11-19T16:56:12.344-03:00 DEBUG 11752 --- [clinical-study-system] [           main] o.h.q.sqm.function.SqmFunctionRegistry   : Registered SqmFunctionTemplate [org.hibernate.dialect.function.array.PostgreSQLArrayConcatFunction@23954300] under array_concat; prior registration was null
2024-11-19T16:56:12.345-03:00 DEBUG 11752 --- [clinical-study-system] [           main] o.h.q.sqm.function.SqmFunctionRegistry   : Registered SqmFunctionTemplate [org.hibernate.dialect.function.array.PostgreSQLArrayConcatElementFunction@75c77add] under array_prepend; prior registration was null
2024-11-19T16:56:12.345-03:00 DEBUG 11752 --- [clinical-study-system] [           main] o.h.q.sqm.function.SqmFunctionRegistry   : Registered SqmFunctionTemplate [org.hibernate.dialect.function.array.PostgreSQLArrayConcatElementFunction@d5e3f55] under array_append; prior registration was null
2024-11-19T16:56:12.347-03:00 DEBUG 11752 --- [clinical-study-system] [           main] o.h.q.sqm.function.SqmFunctionRegistry   : Registered SqmFunctionTemplate [org.hibernate.dialect.function.array.ArrayContainsOperatorFunction@10fc1a22] under array_contains; prior registration was null
2024-11-19T16:56:12.347-03:00 DEBUG 11752 --- [clinical-study-system] [           main] o.h.q.sqm.function.SqmFunctionRegistry   : Registered SqmFunctionTemplate [org.hibernate.dialect.function.array.ArrayContainsOperatorFunction@1b841e7d] under array_contains_nullable; prior registration was null
2024-11-19T16:56:12.348-03:00 DEBUG 11752 --- [clinical-study-system] [           main] o.h.q.sqm.function.SqmFunctionRegistry   : Registered SqmFunctionTemplate [org.hibernate.dialect.function.array.ArrayOverlapsOperatorFunction@6b5e1fc5] under array_overlaps; prior registration was null
2024-11-19T16:56:12.348-03:00 DEBUG 11752 --- [clinical-study-system] [           main] o.h.q.sqm.function.SqmFunctionRegistry   : Registered SqmFunctionTemplate [org.hibernate.dialect.function.array.ArrayOverlapsOperatorFunction@47ffa248] under array_overlaps_nullable; prior registration was null
2024-11-19T16:56:12.349-03:00 DEBUG 11752 --- [clinical-study-system] [           main] o.h.q.sqm.function.SqmFunctionRegistry   : Registered SqmFunctionTemplate [org.hibernate.query.sqm.function.PatternBasedSqmFunctionDescriptor@248d2cec] under array_get; prior registration was null
2024-11-19T16:56:12.350-03:00 DEBUG 11752 --- [clinical-study-system] [           main] o.h.q.sqm.function.SqmFunctionRegistry   : Registered SqmFunctionTemplate [org.hibernate.dialect.function.array.ArraySetUnnestFunction@37753b69] under array_set; prior registration was null
2024-11-19T16:56:12.350-03:00 DEBUG 11752 --- [clinical-study-system] [           main] o.h.q.sqm.function.SqmFunctionRegistry   : Registered SqmFunctionTemplate [NamedSqmFunctionTemplate(array_remove)] under array_remove; prior registration was null
2024-11-19T16:56:12.350-03:00 DEBUG 11752 --- [clinical-study-system] [           main] o.h.q.sqm.function.SqmFunctionRegistry   : Registered SqmFunctionTemplate [org.hibernate.dialect.function.array.ArrayRemoveIndexUnnestFunction@e645600] under array_remove_index; prior registration was null
2024-11-19T16:56:12.350-03:00 DEBUG 11752 --- [clinical-study-system] [           main] o.h.q.sqm.function.SqmFunctionRegistry   : Registered SqmFunctionTemplate [org.hibernate.query.sqm.function.PatternBasedSqmFunctionDescriptor@e7b3e54] under array_slice; prior registration was null
2024-11-19T16:56:12.350-03:00 DEBUG 11752 --- [clinical-study-system] [           main] o.h.q.sqm.function.SqmFunctionRegistry   : Registered SqmFunctionTemplate [NamedSqmFunctionTemplate(array_replace)] under array_replace; prior registration was null
2024-11-19T16:56:12.351-03:00 DEBUG 11752 --- [clinical-study-system] [           main] o.h.q.sqm.function.SqmFunctionRegistry   : Registered SqmFunctionTemplate [org.hibernate.dialect.function.array.PostgreSQLArrayTrimEmulation@177068db] under array_trim; prior registration was null
2024-11-19T16:56:12.352-03:00 DEBUG 11752 --- [clinical-study-system] [           main] o.h.q.sqm.function.SqmFunctionRegistry   : Registered SqmFunctionTemplate [org.hibernate.dialect.function.array.PostgreSQLArrayFillFunction@5d68be4f] under array_fill; prior registration was null
2024-11-19T16:56:12.352-03:00 DEBUG 11752 --- [clinical-study-system] [           main] o.h.q.sqm.function.SqmFunctionRegistry   : Registered SqmFunctionTemplate [org.hibernate.dialect.function.array.PostgreSQLArrayFillFunction@34eb5d01] under array_fill_list; prior registration was null
2024-11-19T16:56:12.353-03:00 DEBUG 11752 --- [clinical-study-system] [           main] o.h.q.sqm.function.SqmFunctionRegistry   : Registered SqmFunctionTemplate [org.hibernate.dialect.function.array.ArrayToStringFunction@39004e4f] under array_to_string; prior registration was null
2024-11-19T16:56:12.353-03:00 DEBUG 11752 --- [clinical-study-system] [           main] o.h.q.sqm.function.SqmFunctionRegistry   : Registered SqmFunctionTemplate [NamedSqmFunctionTemplate(make_date)] under make_date; prior registration was null
2024-11-19T16:56:12.353-03:00 DEBUG 11752 --- [clinical-study-system] [           main] o.h.q.sqm.function.SqmFunctionRegistry   : Registered SqmFunctionTemplate [NamedSqmFunctionTemplate(make_time)] under make_time; prior registration was null
2024-11-19T16:56:12.353-03:00 DEBUG 11752 --- [clinical-study-system] [           main] o.h.q.sqm.function.SqmFunctionRegistry   : Registered SqmFunctionTemplate [NamedSqmFunctionTemplate(make_timestamp)] under make_timestamp; prior registration was null
2024-11-19T16:56:12.353-03:00 DEBUG 11752 --- [clinical-study-system] [           main] o.h.q.sqm.function.SqmFunctionRegistry   : Registered SqmFunctionTemplate [NamedSqmFunctionTemplate(make_timestamptz)] under make_timestamptz; prior registration was null
2024-11-19T16:56:12.354-03:00 DEBUG 11752 --- [clinical-study-system] [           main] o.h.q.sqm.function.SqmFunctionRegistry   : Registered SqmFunctionTemplate [org.hibernate.dialect.function.InverseDistributionFunction@6f7c9755] under mode; prior registration was null
2024-11-19T16:56:12.354-03:00 DEBUG 11752 --- [clinical-study-system] [           main] o.h.q.sqm.function.SqmFunctionRegistry   : Registered SqmFunctionTemplate [org.hibernate.dialect.function.InverseDistributionFunction@45abbd24] under percentile_cont; prior registration was null
2024-11-19T16:56:12.354-03:00 DEBUG 11752 --- [clinical-study-system] [           main] o.h.q.sqm.function.SqmFunctionRegistry   : Registered SqmFunctionTemplate [org.hibernate.dialect.function.InverseDistributionFunction@1e32037d] under percentile_disc; prior registration was null
2024-11-19T16:56:12.354-03:00 DEBUG 11752 --- [clinical-study-system] [           main] o.h.q.sqm.function.SqmFunctionRegistry   : Registered SqmFunctionTemplate [org.hibernate.dialect.function.HypotheticalSetFunction@4de93edd] under rank; prior registration was null
2024-11-19T16:56:12.354-03:00 DEBUG 11752 --- [clinical-study-system] [           main] o.h.q.sqm.function.SqmFunctionRegistry   : Registered SqmFunctionTemplate [org.hibernate.dialect.function.HypotheticalSetFunction@53b2e1eb] under dense_rank; prior registration was null
2024-11-19T16:56:12.354-03:00 DEBUG 11752 --- [clinical-study-system] [           main] o.h.q.sqm.function.SqmFunctionRegistry   : Registered SqmFunctionTemplate [org.hibernate.dialect.function.HypotheticalSetFunction@29db008c] under percent_rank; prior registration was null
2024-11-19T16:56:12.354-03:00 DEBUG 11752 --- [clinical-study-system] [           main] o.h.q.sqm.function.SqmFunctionRegistry   : Registered SqmFunctionTemplate [org.hibernate.dialect.function.HypotheticalSetFunction@1d008e61] under cume_dist; prior registration was null
2024-11-19T16:56:12.355-03:00 DEBUG 11752 --- [clinical-study-system] [           main] o.h.q.sqm.function.SqmFunctionRegistry   : Registered SqmFunctionTemplate [org.hibernate.dialect.function.PostgreSQLMinMaxFunction@35260785] under min; prior registration was NamedSqmFunctionTemplate(min)
2024-11-19T16:56:12.355-03:00 DEBUG 11752 --- [clinical-study-system] [           main] o.h.q.sqm.function.SqmFunctionRegistry   : Registered SqmFunctionTemplate [org.hibernate.dialect.function.PostgreSQLMinMaxFunction@76d828ff] under max; prior registration was NamedSqmFunctionTemplate(max)
2024-11-19T16:56:12.355-03:00 DEBUG 11752 --- [clinical-study-system] [           main] o.h.q.sqm.function.SqmFunctionRegistry   : Registered SqmFunctionTemplate [org.hibernate.query.sqm.function.PatternBasedSqmFunctionDescriptor@39685204] under bitxor; prior registration was org.hibernate.query.sqm.function.PatternBasedSqmFunctionDescriptor@e67d3b7
2024-11-19T16:56:12.355-03:00 DEBUG 11752 --- [clinical-study-system] [           main] o.h.q.sqm.function.SqmFunctionRegistry   : Registered SqmFunctionTemplate [org.hibernate.dialect.function.PostgreSQLTruncRoundFunction@3b64f131] under round; prior registration was NamedSqmFunctionTemplate(round)
2024-11-19T16:56:12.357-03:00 DEBUG 11752 --- [clinical-study-system] [           main] o.h.q.sqm.function.SqmFunctionRegistry   : Registered SqmFunctionTemplate [org.hibernate.dialect.function.PostgreSQLTruncFunction@63f2d024] under trunc; prior registration was null
2024-11-19T16:56:12.357-03:00 DEBUG 11752 --- [clinical-study-system] [           main] o.h.q.sqm.function.SqmFunctionRegistry   : Registering alternate key : truncate -> trunc
2024-11-19T16:56:12.357-03:00 DEBUG 11752 --- [clinical-study-system] [           main] o.h.q.sqm.function.SqmFunctionRegistry   : Registered SqmFunctionTemplate [org.hibernate.query.sqm.function.PatternBasedSqmFunctionDescriptor@7b2dd35d] under date_trunc; prior registration was null
2024-11-19T16:56:12.359-03:00 DEBUG 11752 --- [clinical-study-system] [           main] org.hibernate.HQL_FUNCTIONS              : abs(NUMERIC arg)
2024-11-19T16:56:12.359-03:00 DEBUG 11752 --- [clinical-study-system] [           main] org.hibernate.HQL_FUNCTIONS              : Double acos(NUMERIC arg)
2024-11-19T16:56:12.359-03:00 DEBUG 11752 --- [clinical-study-system] [           main] org.hibernate.HQL_FUNCTIONS              : Double acosh(NUMERIC arg)
2024-11-19T16:56:12.359-03:00 DEBUG 11752 --- [clinical-study-system] [           main] org.hibernate.HQL_FUNCTIONS              : Boolean any(BOOLEAN predicate)
2024-11-19T16:56:12.359-03:00 DEBUG 11752 --- [clinical-study-system] [           main] org.hibernate.HQL_FUNCTIONS              : array( ... )
2024-11-19T16:56:12.359-03:00 DEBUG 11752 --- [clinical-study-system] [           main] org.hibernate.HQL_FUNCTIONS              : array_agg(arg)
2024-11-19T16:56:12.359-03:00 DEBUG 11752 --- [clinical-study-system] [           main] org.hibernate.HQL_FUNCTIONS              : array_append( ... )
2024-11-19T16:56:12.359-03:00 DEBUG 11752 --- [clinical-study-system] [           main] org.hibernate.HQL_FUNCTIONS              : array_concat( ... )
2024-11-19T16:56:12.359-03:00 DEBUG 11752 --- [clinical-study-system] [           main] org.hibernate.HQL_FUNCTIONS              : Boolean array_contains(ARRAY haystackArray, OBJECT needleElementOrArray)
2024-11-19T16:56:12.359-03:00 DEBUG 11752 --- [clinical-study-system] [           main] org.hibernate.HQL_FUNCTIONS              : Boolean array_contains_nullable(ARRAY haystackArray, OBJECT needleElementOrArray)
2024-11-19T16:56:12.359-03:00 DEBUG 11752 --- [clinical-study-system] [           main] org.hibernate.HQL_FUNCTIONS              : array_fill(OBJECT element, INTEGER elementCount)
2024-11-19T16:56:12.359-03:00 DEBUG 11752 --- [clinical-study-system] [           main] org.hibernate.HQL_FUNCTIONS              : array_fill_list(OBJECT element, INTEGER elementCount)
2024-11-19T16:56:12.359-03:00 DEBUG 11752 --- [clinical-study-system] [           main] org.hibernate.HQL_FUNCTIONS              : array_get(ARRAY array, INTEGER index)
2024-11-19T16:56:12.359-03:00 DEBUG 11752 --- [clinical-study-system] [           main] org.hibernate.HQL_FUNCTIONS              : Integer array_length(ARRAY array)
2024-11-19T16:56:12.359-03:00 DEBUG 11752 --- [clinical-study-system] [           main] org.hibernate.HQL_FUNCTIONS              : array_list( ... )
2024-11-19T16:56:12.359-03:00 DEBUG 11752 --- [clinical-study-system] [           main] org.hibernate.HQL_FUNCTIONS              : Boolean array_overlaps(ARRAY array0, OBJECT array1)
2024-11-19T16:56:12.359-03:00 DEBUG 11752 --- [clinical-study-system] [           main] org.hibernate.HQL_FUNCTIONS              : Boolean array_overlaps_nullable(ARRAY array0, OBJECT array1)
2024-11-19T16:56:12.359-03:00 DEBUG 11752 --- [clinical-study-system] [           main] org.hibernate.HQL_FUNCTIONS              : Integer array_position(ARRAY array, OBJECT element[, INTEGER startPosition])
2024-11-19T16:56:12.359-03:00 DEBUG 11752 --- [clinical-study-system] [           main] org.hibernate.HQL_FUNCTIONS              : int[] array_positions(ARRAY array, OBJECT element)
2024-11-19T16:56:12.359-03:00 DEBUG 11752 --- [clinical-study-system] [           main] org.hibernate.HQL_FUNCTIONS              : List array_positions_list(ARRAY array, OBJECT element)
2024-11-19T16:56:12.359-03:00 DEBUG 11752 --- [clinical-study-system] [           main] org.hibernate.HQL_FUNCTIONS              : array_prepend( ... )
2024-11-19T16:56:12.360-03:00 DEBUG 11752 --- [clinical-study-system] [           main] org.hibernate.HQL_FUNCTIONS              : array_remove( ... )
2024-11-19T16:56:12.360-03:00 DEBUG 11752 --- [clinical-study-system] [           main] org.hibernate.HQL_FUNCTIONS              : array_remove_index( ... )
2024-11-19T16:56:12.360-03:00 DEBUG 11752 --- [clinical-study-system] [           main] org.hibernate.HQL_FUNCTIONS              : array_replace(ARRAY array, OBJECT old, OBJECT new)
2024-11-19T16:56:12.360-03:00 DEBUG 11752 --- [clinical-study-system] [           main] org.hibernate.HQL_FUNCTIONS              : array_set( ... )
2024-11-19T16:56:12.360-03:00 DEBUG 11752 --- [clinical-study-system] [           main] org.hibernate.HQL_FUNCTIONS              : array_slice(ARRAY array, INTEGER start, INTEGER end)
2024-11-19T16:56:12.360-03:00 DEBUG 11752 --- [clinical-study-system] [           main] org.hibernate.HQL_FUNCTIONS              : String array_to_string( ... )
2024-11-19T16:56:12.360-03:00 DEBUG 11752 --- [clinical-study-system] [           main] org.hibernate.HQL_FUNCTIONS              : array_trim( ... )
2024-11-19T16:56:12.360-03:00 DEBUG 11752 --- [clinical-study-system] [           main] org.hibernate.HQL_FUNCTIONS              : Integer ascii(STRING arg)
2024-11-19T16:56:12.360-03:00 DEBUG 11752 --- [clinical-study-system] [           main] org.hibernate.HQL_FUNCTIONS              : Double asin(NUMERIC arg)
2024-11-19T16:56:12.360-03:00 DEBUG 11752 --- [clinical-study-system] [           main] org.hibernate.HQL_FUNCTIONS              : Double asinh(NUMERIC arg)
2024-11-19T16:56:12.360-03:00 DEBUG 11752 --- [clinical-study-system] [           main] org.hibernate.HQL_FUNCTIONS              : Double atan(NUMERIC arg)
2024-11-19T16:56:12.360-03:00 DEBUG 11752 --- [clinical-study-system] [           main] org.hibernate.HQL_FUNCTIONS              : Double atan2(NUMERIC arg0, NUMERIC arg1)
2024-11-19T16:56:12.360-03:00 DEBUG 11752 --- [clinical-study-system] [           main] org.hibernate.HQL_FUNCTIONS              : Double atanh(NUMERIC arg)
2024-11-19T16:56:12.360-03:00 DEBUG 11752 --- [clinical-study-system] [           main] org.hibernate.HQL_FUNCTIONS              : avg(arg)
2024-11-19T16:56:12.360-03:00 DEBUG 11752 --- [clinical-study-system] [           main] org.hibernate.HQL_FUNCTIONS              : bit_and(arg)
2024-11-19T16:56:12.360-03:00 DEBUG 11752 --- [clinical-study-system] [           main] org.hibernate.HQL_FUNCTIONS              : Integer bit_length(STRING_OR_CLOB arg)
2024-11-19T16:56:12.360-03:00 DEBUG 11752 --- [clinical-study-system] [           main] org.hibernate.HQL_FUNCTIONS              : bit_or(arg)
2024-11-19T16:56:12.360-03:00 DEBUG 11752 --- [clinical-study-system] [           main] org.hibernate.HQL_FUNCTIONS              : bitand(arg0, arg1)
2024-11-19T16:56:12.360-03:00 DEBUG 11752 --- [clinical-study-system] [           main] org.hibernate.HQL_FUNCTIONS              : bitnot(arg)
2024-11-19T16:56:12.360-03:00 DEBUG 11752 --- [clinical-study-system] [           main] org.hibernate.HQL_FUNCTIONS              : bitor(arg0, arg1)
2024-11-19T16:56:12.360-03:00 DEBUG 11752 --- [clinical-study-system] [           main] org.hibernate.HQL_FUNCTIONS              : bitxor(arg0, arg1)
2024-11-19T16:56:12.360-03:00 DEBUG 11752 --- [clinical-study-system] [           main] org.hibernate.HQL_FUNCTIONS              : Boolean bool_and(BOOLEAN predicate)
2024-11-19T16:56:12.360-03:00 DEBUG 11752 --- [clinical-study-system] [           main] org.hibernate.HQL_FUNCTIONS              : Boolean bool_or(BOOLEAN predicate)
2024-11-19T16:56:12.360-03:00 DEBUG 11752 --- [clinical-study-system] [           main] org.hibernate.HQL_FUNCTIONS              : cast(arg as Type)
2024-11-19T16:56:12.360-03:00 DEBUG 11752 --- [clinical-study-system] [           main] org.hibernate.HQL_FUNCTIONS              : Double cbrt(NUMERIC arg)
2024-11-19T16:56:12.360-03:00 DEBUG 11752 --- [clinical-study-system] [           main] org.hibernate.HQL_FUNCTIONS              : ceiling(NUMERIC arg)
2024-11-19T16:56:12.360-03:00 DEBUG 11752 --- [clinical-study-system] [           main] org.hibernate.HQL_FUNCTIONS              : Character char(INTEGER arg)
2024-11-19T16:56:12.360-03:00 DEBUG 11752 --- [clinical-study-system] [           main] org.hibernate.HQL_FUNCTIONS              : Integer character_length(STRING_OR_CLOB arg)
2024-11-19T16:56:12.360-03:00 DEBUG 11752 --- [clinical-study-system] [           main] org.hibernate.HQL_FUNCTIONS              : Character chr(INTEGER arg)
2024-11-19T16:56:12.360-03:00 DEBUG 11752 --- [clinical-study-system] [           main] org.hibernate.HQL_FUNCTIONS              : coalesce(arg0[, arg1[, ...]])
2024-11-19T16:56:12.360-03:00 DEBUG 11752 --- [clinical-study-system] [           main] org.hibernate.HQL_FUNCTIONS              : String collate(STRING string as COLLATION collation)
2024-11-19T16:56:12.360-03:00 DEBUG 11752 --- [clinical-study-system] [           main] org.hibernate.HQL_FUNCTIONS              : (STRING string0[, STRING string1[, ...]])
2024-11-19T16:56:12.360-03:00 DEBUG 11752 --- [clinical-study-system] [           main] org.hibernate.HQL_FUNCTIONS              : Double corr(NUMERIC arg0, NUMERIC arg1)
2024-11-19T16:56:12.360-03:00 DEBUG 11752 --- [clinical-study-system] [           main] org.hibernate.HQL_FUNCTIONS              : Double cos(NUMERIC arg)
2024-11-19T16:56:12.360-03:00 DEBUG 11752 --- [clinical-study-system] [           main] org.hibernate.HQL_FUNCTIONS              : Double cosh(NUMERIC arg)
2024-11-19T16:56:12.360-03:00 DEBUG 11752 --- [clinical-study-system] [           main] org.hibernate.HQL_FUNCTIONS              : Double cot(NUMERIC arg)
2024-11-19T16:56:12.360-03:00 DEBUG 11752 --- [clinical-study-system] [           main] org.hibernate.HQL_FUNCTIONS              : Long count([distinct ]{arg|*})
2024-11-19T16:56:12.360-03:00 DEBUG 11752 --- [clinical-study-system] [           main] org.hibernate.HQL_FUNCTIONS              : Double covar_pop(NUMERIC arg0, NUMERIC arg1)
2024-11-19T16:56:12.360-03:00 DEBUG 11752 --- [clinical-study-system] [           main] org.hibernate.HQL_FUNCTIONS              : Double covar_samp(NUMERIC arg0, NUMERIC arg1)
2024-11-19T16:56:12.360-03:00 DEBUG 11752 --- [clinical-study-system] [           main] org.hibernate.HQL_FUNCTIONS              : Double cume_dist([arg0[, ...]])
2024-11-19T16:56:12.360-03:00 DEBUG 11752 --- [clinical-study-system] [           main] org.hibernate.HQL_FUNCTIONS              : Date current date
2024-11-19T16:56:12.360-03:00 DEBUG 11752 --- [clinical-study-system] [           main] org.hibernate.HQL_FUNCTIONS              : Time current time
2024-11-19T16:56:12.360-03:00 DEBUG 11752 --- [clinical-study-system] [           main] org.hibernate.HQL_FUNCTIONS              : Timestamp current timestamp
2024-11-19T16:56:12.360-03:00 DEBUG 11752 --- [clinical-study-system] [           main] org.hibernate.HQL_FUNCTIONS              : Date current_date
2024-11-19T16:56:12.360-03:00 DEBUG 11752 --- [clinical-study-system] [           main] org.hibernate.HQL_FUNCTIONS              : Instant current_instant
2024-11-19T16:56:12.360-03:00 DEBUG 11752 --- [clinical-study-system] [           main] org.hibernate.HQL_FUNCTIONS              : Time current_time
2024-11-19T16:56:12.360-03:00 DEBUG 11752 --- [clinical-study-system] [           main] org.hibernate.HQL_FUNCTIONS              : Timestamp current_timestamp
2024-11-19T16:56:12.360-03:00 DEBUG 11752 --- [clinical-study-system] [           main] org.hibernate.HQL_FUNCTIONS              : date_trunc(STRING field, TEMPORAL datetime)
2024-11-19T16:56:12.360-03:00 DEBUG 11752 --- [clinical-study-system] [           main] org.hibernate.HQL_FUNCTIONS              : dateadd(TEMPORAL_UNIT field, INTEGER magnitude, TEMPORAL datetime)
2024-11-19T16:56:12.361-03:00 DEBUG 11752 --- [clinical-study-system] [           main] org.hibernate.HQL_FUNCTIONS              : Long|Double datediff(TEMPORAL_UNIT field, TEMPORAL start, TEMPORAL end)
2024-11-19T16:56:12.361-03:00 DEBUG 11752 --- [clinical-study-system] [           main] org.hibernate.HQL_FUNCTIONS              : Double degrees(NUMERIC arg)
2024-11-19T16:56:12.361-03:00 DEBUG 11752 --- [clinical-study-system] [           main] org.hibernate.HQL_FUNCTIONS              : Long dense_rank([arg0[, ...]])
2024-11-19T16:56:12.361-03:00 DEBUG 11752 --- [clinical-study-system] [           main] org.hibernate.HQL_FUNCTIONS              : Boolean every(BOOLEAN predicate)
2024-11-19T16:56:12.361-03:00 DEBUG 11752 --- [clinical-study-system] [           main] org.hibernate.HQL_FUNCTIONS              : Double exp(NUMERIC arg)
2024-11-19T16:56:12.361-03:00 DEBUG 11752 --- [clinical-study-system] [           main] org.hibernate.HQL_FUNCTIONS              : extract(TEMPORAL_UNIT field from TEMPORAL arg)
2024-11-19T16:56:12.361-03:00 DEBUG 11752 --- [clinical-study-system] [           main] org.hibernate.HQL_FUNCTIONS              : first_valueANY value
2024-11-19T16:56:12.361-03:00 DEBUG 11752 --- [clinical-study-system] [           main] org.hibernate.HQL_FUNCTIONS              : floor(NUMERIC arg)
2024-11-19T16:56:12.361-03:00 DEBUG 11752 --- [clinical-study-system] [           main] org.hibernate.HQL_FUNCTIONS              : String format(TEMPORAL datetime as STRING pattern)
2024-11-19T16:56:12.361-03:00 DEBUG 11752 --- [clinical-study-system] [           main] org.hibernate.HQL_FUNCTIONS              : greatest(COMPARABLE arg0, COMPARABLE arg1[, arg2[, ...]])
2024-11-19T16:56:12.361-03:00 DEBUG 11752 --- [clinical-study-system] [           main] org.hibernate.HQL_FUNCTIONS              : ifnull(arg0, arg1)
2024-11-19T16:56:12.361-03:00 DEBUG 11752 --- [clinical-study-system] [           main] org.hibernate.HQL_FUNCTIONS              : String initcap(arg)
2024-11-19T16:56:12.361-03:00 DEBUG 11752 --- [clinical-study-system] [           main] org.hibernate.HQL_FUNCTIONS              : String insert(STRING string, INTEGER start, INTEGER length, STRING replacement)
2024-11-19T16:56:12.361-03:00 DEBUG 11752 --- [clinical-study-system] [           main] org.hibernate.HQL_FUNCTIONS              : Instant instant
2024-11-19T16:56:12.361-03:00 DEBUG 11752 --- [clinical-study-system] [           main] org.hibernate.HQL_FUNCTIONS              : lagANY value[, INTEGER offset[, ANY default]]
2024-11-19T16:56:12.361-03:00 DEBUG 11752 --- [clinical-study-system] [           main] org.hibernate.HQL_FUNCTIONS              : last_valueANY value
2024-11-19T16:56:12.361-03:00 DEBUG 11752 --- [clinical-study-system] [           main] org.hibernate.HQL_FUNCTIONS              : leadANY value[, INTEGER offset[, ANY default]]
2024-11-19T16:56:12.361-03:00 DEBUG 11752 --- [clinical-study-system] [           main] org.hibernate.HQL_FUNCTIONS              : least(COMPARABLE arg0, COMPARABLE arg1[, arg2[, ...]])
2024-11-19T16:56:12.361-03:00 DEBUG 11752 --- [clinical-study-system] [           main] org.hibernate.HQL_FUNCTIONS              : String left(STRING string, INTEGER length)
2024-11-19T16:56:12.361-03:00 DEBUG 11752 --- [clinical-study-system] [           main] org.hibernate.HQL_FUNCTIONS              : Integer length(STRING_OR_CLOB arg)
2024-11-19T16:56:12.361-03:00 DEBUG 11752 --- [clinical-study-system] [           main] org.hibernate.HQL_FUNCTIONS              : String listagg(STRING arg0, STRING arg1)
2024-11-19T16:56:12.361-03:00 DEBUG 11752 --- [clinical-study-system] [           main] org.hibernate.HQL_FUNCTIONS              : Double ln(NUMERIC arg)
2024-11-19T16:56:12.361-03:00 DEBUG 11752 --- [clinical-study-system] [           main] org.hibernate.HQL_FUNCTIONS              : LocalDate local date
2024-11-19T16:56:12.361-03:00 DEBUG 11752 --- [clinical-study-system] [           main] org.hibernate.HQL_FUNCTIONS              : LocalDateTime local datetime
2024-11-19T16:56:12.361-03:00 DEBUG 11752 --- [clinical-study-system] [           main] org.hibernate.HQL_FUNCTIONS              : LocalTime local time
2024-11-19T16:56:12.361-03:00 DEBUG 11752 --- [clinical-study-system] [           main] org.hibernate.HQL_FUNCTIONS              : LocalDate local_date
2024-11-19T16:56:12.361-03:00 DEBUG 11752 --- [clinical-study-system] [           main] org.hibernate.HQL_FUNCTIONS              : LocalDateTime local_datetime
2024-11-19T16:56:12.361-03:00 DEBUG 11752 --- [clinical-study-system] [           main] org.hibernate.HQL_FUNCTIONS              : LocalTime local_time
2024-11-19T16:56:12.361-03:00 DEBUG 11752 --- [clinical-study-system] [           main] org.hibernate.HQL_FUNCTIONS              : Time localtime
2024-11-19T16:56:12.361-03:00 DEBUG 11752 --- [clinical-study-system] [           main] org.hibernate.HQL_FUNCTIONS              : Timestamp localtimestamp
2024-11-19T16:56:12.361-03:00 DEBUG 11752 --- [clinical-study-system] [           main] org.hibernate.HQL_FUNCTIONS              : Integer locate(STRING pattern, STRING string[, INTEGER start])
2024-11-19T16:56:12.361-03:00 DEBUG 11752 --- [clinical-study-system] [           main] org.hibernate.HQL_FUNCTIONS              : Double log(NUMERIC arg0[, NUMERIC arg1])
2024-11-19T16:56:12.361-03:00 DEBUG 11752 --- [clinical-study-system] [           main] org.hibernate.HQL_FUNCTIONS              : Double log10(NUMERIC arg)
2024-11-19T16:56:12.361-03:00 DEBUG 11752 --- [clinical-study-system] [           main] org.hibernate.HQL_FUNCTIONS              : String lower(STRING string)
2024-11-19T16:56:12.362-03:00 DEBUG 11752 --- [clinical-study-system] [           main] org.hibernate.HQL_FUNCTIONS              : String lpad(STRING string, INTEGER length[, STRING padding])
2024-11-19T16:56:12.362-03:00 DEBUG 11752 --- [clinical-study-system] [           main] org.hibernate.HQL_FUNCTIONS              : String ltrim(STRING string[, STRING characters])
2024-11-19T16:56:12.362-03:00 DEBUG 11752 --- [clinical-study-system] [           main] org.hibernate.HQL_FUNCTIONS              : Date make_date(INTEGER arg0, INTEGER arg1, INTEGER arg2)
2024-11-19T16:56:12.362-03:00 DEBUG 11752 --- [clinical-study-system] [           main] org.hibernate.HQL_FUNCTIONS              : Time make_time(INTEGER arg0, INTEGER arg1, INTEGER arg2)
2024-11-19T16:56:12.362-03:00 DEBUG 11752 --- [clinical-study-system] [           main] org.hibernate.HQL_FUNCTIONS              : Timestamp make_timestamp(INTEGER arg0, INTEGER arg1, INTEGER arg2, INTEGER arg3, INTEGER arg4, INTEGER arg5)
2024-11-19T16:56:12.362-03:00 DEBUG 11752 --- [clinical-study-system] [           main] org.hibernate.HQL_FUNCTIONS              : Timestamp make_timestamptz(INTEGER arg0, INTEGER arg1, INTEGER arg2, INTEGER arg3, INTEGER arg4, INTEGER arg5[, INTEGER arg6])
2024-11-19T16:56:12.362-03:00 DEBUG 11752 --- [clinical-study-system] [           main] org.hibernate.HQL_FUNCTIONS              : max(COMPARABLE arg)
2024-11-19T16:56:12.362-03:00 DEBUG 11752 --- [clinical-study-system] [           main] org.hibernate.HQL_FUNCTIONS              : String md5(arg)
2024-11-19T16:56:12.362-03:00 DEBUG 11752 --- [clinical-study-system] [           main] org.hibernate.HQL_FUNCTIONS              : Double median(NUMERIC arg)
2024-11-19T16:56:12.362-03:00 DEBUG 11752 --- [clinical-study-system] [           main] org.hibernate.HQL_FUNCTIONS              : min(COMPARABLE arg)
2024-11-19T16:56:12.362-03:00 DEBUG 11752 --- [clinical-study-system] [           main] org.hibernate.HQL_FUNCTIONS              : Integer mod(INTEGER arg0, INTEGER arg1)
2024-11-19T16:56:12.362-03:00 DEBUG 11752 --- [clinical-study-system] [           main] org.hibernate.HQL_FUNCTIONS              : mode()
2024-11-19T16:56:12.362-03:00 DEBUG 11752 --- [clinical-study-system] [           main] org.hibernate.HQL_FUNCTIONS              : nth_valueANY value, INTEGER nth
2024-11-19T16:56:12.362-03:00 DEBUG 11752 --- [clinical-study-system] [           main] org.hibernate.HQL_FUNCTIONS              : nullif(arg0, arg1)
2024-11-19T16:56:12.362-03:00 DEBUG 11752 --- [clinical-study-system] [           main] org.hibernate.HQL_FUNCTIONS              : Integer octet_length(STRING_OR_CLOB arg)
2024-11-19T16:56:12.362-03:00 DEBUG 11752 --- [clinical-study-system] [           main] org.hibernate.HQL_FUNCTIONS              : OffsetDateTime offset datetime
2024-11-19T16:56:12.362-03:00 DEBUG 11752 --- [clinical-study-system] [           main] org.hibernate.HQL_FUNCTIONS              : OffsetDateTime offset_datetime
2024-11-19T16:56:12.362-03:00 DEBUG 11752 --- [clinical-study-system] [           main] org.hibernate.HQL_FUNCTIONS              : String overlay(string placing replacement from start[ for length])
2024-11-19T16:56:12.362-03:00 DEBUG 11752 --- [clinical-study-system] [           main] org.hibernate.HQL_FUNCTIONS              : String pad(STRING string with INTEGER length {leading|trailing}[ STRING character])
2024-11-19T16:56:12.362-03:00 DEBUG 11752 --- [clinical-study-system] [           main] org.hibernate.HQL_FUNCTIONS              : Double percent_rank([arg0[, ...]])
2024-11-19T16:56:12.362-03:00 DEBUG 11752 --- [clinical-study-system] [           main] org.hibernate.HQL_FUNCTIONS              : percentile_cont(NUMERIC arg)
2024-11-19T16:56:12.362-03:00 DEBUG 11752 --- [clinical-study-system] [           main] org.hibernate.HQL_FUNCTIONS              : percentile_disc(NUMERIC arg)
2024-11-19T16:56:12.362-03:00 DEBUG 11752 --- [clinical-study-system] [           main] org.hibernate.HQL_FUNCTIONS              : Double pi
2024-11-19T16:56:12.362-03:00 DEBUG 11752 --- [clinical-study-system] [           main] org.hibernate.HQL_FUNCTIONS              : Integer position(STRING pattern in STRING string)
2024-11-19T16:56:12.362-03:00 DEBUG 11752 --- [clinical-study-system] [           main] org.hibernate.HQL_FUNCTIONS              : Double power(NUMERIC arg0, NUMERIC arg1)
2024-11-19T16:56:12.362-03:00 DEBUG 11752 --- [clinical-study-system] [           main] org.hibernate.HQL_FUNCTIONS              : Double radians(NUMERIC arg)
2024-11-19T16:56:12.362-03:00 DEBUG 11752 --- [clinical-study-system] [           main] org.hibernate.HQL_FUNCTIONS              : Long rank([arg0[, ...]])
2024-11-19T16:56:12.362-03:00 DEBUG 11752 --- [clinical-study-system] [           main] org.hibernate.HQL_FUNCTIONS              : Double regr_avgx(NUMERIC arg0, NUMERIC arg1)
2024-11-19T16:56:12.362-03:00 DEBUG 11752 --- [clinical-study-system] [           main] org.hibernate.HQL_FUNCTIONS              : Double regr_avgy(NUMERIC arg0, NUMERIC arg1)
2024-11-19T16:56:12.362-03:00 DEBUG 11752 --- [clinical-study-system] [           main] org.hibernate.HQL_FUNCTIONS              : Double regr_count(NUMERIC arg0, NUMERIC arg1)
2024-11-19T16:56:12.362-03:00 DEBUG 11752 --- [clinical-study-system] [           main] org.hibernate.HQL_FUNCTIONS              : Double regr_intercept(NUMERIC arg0, NUMERIC arg1)
2024-11-19T16:56:12.362-03:00 DEBUG 11752 --- [clinical-study-system] [           main] org.hibernate.HQL_FUNCTIONS              : Double regr_r2(NUMERIC arg0, NUMERIC arg1)
2024-11-19T16:56:12.362-03:00 DEBUG 11752 --- [clinical-study-system] [           main] org.hibernate.HQL_FUNCTIONS              : Double regr_slope(NUMERIC arg0, NUMERIC arg1)
2024-11-19T16:56:12.362-03:00 DEBUG 11752 --- [clinical-study-system] [           main] org.hibernate.HQL_FUNCTIONS              : Double regr_sxx(NUMERIC arg0, NUMERIC arg1)
2024-11-19T16:56:12.362-03:00 DEBUG 11752 --- [clinical-study-system] [           main] org.hibernate.HQL_FUNCTIONS              : Double regr_sxy(NUMERIC arg0, NUMERIC arg1)
2024-11-19T16:56:12.363-03:00 DEBUG 11752 --- [clinical-study-system] [           main] org.hibernate.HQL_FUNCTIONS              : Double regr_syy(NUMERIC arg0, NUMERIC arg1)
2024-11-19T16:56:12.363-03:00 DEBUG 11752 --- [clinical-study-system] [           main] org.hibernate.HQL_FUNCTIONS              : String repeat(STRING string, INTEGER times)
2024-11-19T16:56:12.363-03:00 DEBUG 11752 --- [clinical-study-system] [           main] org.hibernate.HQL_FUNCTIONS              : String replace(STRING string, STRING pattern, STRING replacement)
2024-11-19T16:56:12.363-03:00 DEBUG 11752 --- [clinical-study-system] [           main] org.hibernate.HQL_FUNCTIONS              : String right(STRING string, INTEGER length)
2024-11-19T16:56:12.363-03:00 DEBUG 11752 --- [clinical-study-system] [           main] org.hibernate.HQL_FUNCTIONS              : round(NUMERIC number[, INTEGER places])
2024-11-19T16:56:12.363-03:00 DEBUG 11752 --- [clinical-study-system] [           main] org.hibernate.HQL_FUNCTIONS              : Long row_number()
2024-11-19T16:56:12.363-03:00 DEBUG 11752 --- [clinical-study-system] [           main] org.hibernate.HQL_FUNCTIONS              : String rpad(STRING string, INTEGER length[, STRING padding])
2024-11-19T16:56:12.363-03:00 DEBUG 11752 --- [clinical-study-system] [           main] org.hibernate.HQL_FUNCTIONS              : String rtrim(STRING string[, STRING characters])
2024-11-19T16:56:12.363-03:00 DEBUG 11752 --- [clinical-study-system] [           main] org.hibernate.HQL_FUNCTIONS              : Integer sign(NUMERIC arg)
2024-11-19T16:56:12.363-03:00 DEBUG 11752 --- [clinical-study-system] [           main] org.hibernate.HQL_FUNCTIONS              : Double sin(NUMERIC arg)
2024-11-19T16:56:12.363-03:00 DEBUG 11752 --- [clinical-study-system] [           main] org.hibernate.HQL_FUNCTIONS              : Double sinh(NUMERIC arg)
2024-11-19T16:56:12.363-03:00 DEBUG 11752 --- [clinical-study-system] [           main] org.hibernate.HQL_FUNCTIONS              : String soundex(arg)
2024-11-19T16:56:12.363-03:00 DEBUG 11752 --- [clinical-study-system] [           main] org.hibernate.HQL_FUNCTIONS              : Object sql
2024-11-19T16:56:12.363-03:00 DEBUG 11752 --- [clinical-study-system] [           main] org.hibernate.HQL_FUNCTIONS              : Double sqrt(NUMERIC arg)
2024-11-19T16:56:12.363-03:00 DEBUG 11752 --- [clinical-study-system] [           main] org.hibernate.HQL_FUNCTIONS              : Double stddev(NUMERIC arg)
2024-11-19T16:56:12.363-03:00 DEBUG 11752 --- [clinical-study-system] [           main] org.hibernate.HQL_FUNCTIONS              : Double stddev_pop(NUMERIC arg)
2024-11-19T16:56:12.363-03:00 DEBUG 11752 --- [clinical-study-system] [           main] org.hibernate.HQL_FUNCTIONS              : Double stddev_samp(NUMERIC arg)
2024-11-19T16:56:12.363-03:00 DEBUG 11752 --- [clinical-study-system] [           main] org.hibernate.HQL_FUNCTIONS              : String str(arg)
2024-11-19T16:56:12.363-03:00 DEBUG 11752 --- [clinical-study-system] [           main] org.hibernate.HQL_FUNCTIONS              : String substr(STRING string, INTEGER start[, INTEGER length])
2024-11-19T16:56:12.363-03:00 DEBUG 11752 --- [clinical-study-system] [           main] org.hibernate.HQL_FUNCTIONS              : String substring(STRING string{ from|,} INTEGER start[{ for|,} INTEGER length])
2024-11-19T16:56:12.363-03:00 DEBUG 11752 --- [clinical-study-system] [           main] org.hibernate.HQL_FUNCTIONS              : sum(arg)
2024-11-19T16:56:12.363-03:00 DEBUG 11752 --- [clinical-study-system] [           main] org.hibernate.HQL_FUNCTIONS              : Double tan(NUMERIC arg)
2024-11-19T16:56:12.363-03:00 DEBUG 11752 --- [clinical-study-system] [           main] org.hibernate.HQL_FUNCTIONS              : Double tanh(NUMERIC arg)
2024-11-19T16:56:12.364-03:00 DEBUG 11752 --- [clinical-study-system] [           main] org.hibernate.HQL_FUNCTIONS              : timestampadd(TEMPORAL_UNIT field, INTEGER magnitude, TEMPORAL datetime)
2024-11-19T16:56:12.364-03:00 DEBUG 11752 --- [clinical-study-system] [           main] org.hibernate.HQL_FUNCTIONS              : Long|Double timestampdiff(TEMPORAL_UNIT field, TEMPORAL start, TEMPORAL end)
2024-11-19T16:56:12.364-03:00 DEBUG 11752 --- [clinical-study-system] [           main] org.hibernate.HQL_FUNCTIONS              : String to_char(ANY arg0[, STRING arg1, STRING arg2])
2024-11-19T16:56:12.364-03:00 DEBUG 11752 --- [clinical-study-system] [           main] org.hibernate.HQL_FUNCTIONS              : Date to_date(STRING arg0[, STRING arg1, STRING arg2])
2024-11-19T16:56:12.364-03:00 DEBUG 11752 --- [clinical-study-system] [           main] org.hibernate.HQL_FUNCTIONS              : Double to_number(STRING arg0[, STRING arg1, STRING arg2])
2024-11-19T16:56:12.364-03:00 DEBUG 11752 --- [clinical-study-system] [           main] org.hibernate.HQL_FUNCTIONS              : Timestamp to_timestamp(STRING arg0[, STRING arg1, STRING arg2])
2024-11-19T16:56:12.364-03:00 DEBUG 11752 --- [clinical-study-system] [           main] org.hibernate.HQL_FUNCTIONS              : String translate(STRING arg0, STRING arg1, STRING arg2)
2024-11-19T16:56:12.364-03:00 DEBUG 11752 --- [clinical-study-system] [           main] org.hibernate.HQL_FUNCTIONS              : String trim([[{leading|trailing|both} ][STRING arg0 ]from] STRING arg1)
2024-11-19T16:56:12.364-03:00 DEBUG 11752 --- [clinical-study-system] [           main] org.hibernate.HQL_FUNCTIONS              : trunc( ... )
2024-11-19T16:56:12.364-03:00 DEBUG 11752 --- [clinical-study-system] [           main] org.hibernate.HQL_FUNCTIONS              : truncate( ... )
2024-11-19T16:56:12.364-03:00 DEBUG 11752 --- [clinical-study-system] [           main] org.hibernate.HQL_FUNCTIONS              : String upper(STRING string)
2024-11-19T16:56:12.364-03:00 DEBUG 11752 --- [clinical-study-system] [           main] org.hibernate.HQL_FUNCTIONS              : Double var_pop(NUMERIC arg)
2024-11-19T16:56:12.364-03:00 DEBUG 11752 --- [clinical-study-system] [           main] org.hibernate.HQL_FUNCTIONS              : Double var_samp(NUMERIC arg)
2024-11-19T16:56:12.364-03:00 DEBUG 11752 --- [clinical-study-system] [           main] org.hibernate.HQL_FUNCTIONS              : Double variance(NUMERIC arg)
2024-11-19T16:56:12.370-03:00 DEBUG 11752 --- [clinical-study-system] [           main] org.hibernate.orm.query.plan.cache       : Starting QueryInterpretationCache(2048)
2024-11-19T16:56:12.434-03:00 DEBUG 11752 --- [clinical-study-system] [           main] .h.s.i.SessionFactoryServiceRegistryImpl : EventListenerRegistry access via ServiceRegistry is deprecated.  Use `sessionFactory.getEventEngine().getListenerRegistry()` instead
2024-11-19T16:56:12.435-03:00 DEBUG 11752 --- [clinical-study-system] [           main] h.e.i.EntityCopyObserverFactoryInitiator : Configured EntityCopyObserver strategy: disallow
2024-11-19T16:56:12.509-03:00 DEBUG 11752 --- [clinical-study-system] [           main] o.h.boot.internal.ClassLoaderAccessImpl  : Not known whether passed class name [com.inovamed.clinical_study_system.model.clinical_study_representative.ClinicalStudyRepresentative] is safe
2024-11-19T16:56:12.509-03:00 DEBUG 11752 --- [clinical-study-system] [           main] o.h.boot.internal.ClassLoaderAccessImpl  : No temp ClassLoader provided; using live ClassLoader for loading potentially unsafe class : com.inovamed.clinical_study_system.model.clinical_study_representative.ClinicalStudyRepresentative
2024-11-19T16:56:12.707-03:00 DEBUG 11752 --- [clinical-study-system] [           main] o.h.b.i.bytebuddy.BytecodeProviderImpl   : HHH000513: Unable to create the ReflectionOptimizer for [com.inovamed.clinical_study_system.model.clinical_study_representative.ClinicalStudyRepresentative]: private accessor [digitalSignatures]
2024-11-19T16:56:12.735-03:00 DEBUG 11752 --- [clinical-study-system] [           main] o.h.boot.internal.ClassLoaderAccessImpl  : Not known whether passed class name [com.inovamed.clinical_study_system.model.consent.Consent] is safe
2024-11-19T16:56:12.735-03:00 DEBUG 11752 --- [clinical-study-system] [           main] o.h.boot.internal.ClassLoaderAccessImpl  : No temp ClassLoader provided; using live ClassLoader for loading potentially unsafe class : com.inovamed.clinical_study_system.model.consent.Consent
2024-11-19T16:56:12.749-03:00 DEBUG 11752 --- [clinical-study-system] [           main] o.h.b.i.bytebuddy.BytecodeProviderImpl   : HHH000513: Unable to create the ReflectionOptimizer for [com.inovamed.clinical_study_system.model.consent.Consent]: private accessor [consentType]
2024-11-19T16:56:12.751-03:00 DEBUG 11752 --- [clinical-study-system] [           main] org.hibernate.ormbytecode.interceptor    : To-one property `com.inovamed.clinical_study_system.model.application.Application#doctor` was mapped with LAZY + NO_PROXY but the class was not enhanced
2024-11-19T16:56:12.751-03:00 DEBUG 11752 --- [clinical-study-system] [           main] org.hibernate.ormbytecode.interceptor    : To-one property `com.inovamed.clinical_study_system.model.application.Application#doctor` was mapped with LAZY + NO_PROXY but the class was not enhanced
2024-11-19T16:56:12.751-03:00 DEBUG 11752 --- [clinical-study-system] [           main] org.hibernate.ormbytecode.interceptor    : To-one property `com.inovamed.clinical_study_system.model.application.Application#patient` was mapped with LAZY + NO_PROXY but the class was not enhanced
2024-11-19T16:56:12.751-03:00 DEBUG 11752 --- [clinical-study-system] [           main] org.hibernate.ormbytecode.interceptor    : To-one property `com.inovamed.clinical_study_system.model.application.Application#patient` was mapped with LAZY + NO_PROXY but the class was not enhanced
2024-11-19T16:56:12.751-03:00 DEBUG 11752 --- [clinical-study-system] [           main] org.hibernate.ormbytecode.interceptor    : To-one property `com.inovamed.clinical_study_system.model.application.Application#research` was mapped with LAZY + NO_PROXY but the class was not enhanced
2024-11-19T16:56:12.751-03:00 DEBUG 11752 --- [clinical-study-system] [           main] org.hibernate.ormbytecode.interceptor    : To-one property `com.inovamed.clinical_study_system.model.application.Application#research` was mapped with LAZY + NO_PROXY but the class was not enhanced
2024-11-19T16:56:12.751-03:00 DEBUG 11752 --- [clinical-study-system] [           main] o.h.boot.internal.ClassLoaderAccessImpl  : Not known whether passed class name [com.inovamed.clinical_study_system.model.application.Application] is safe
2024-11-19T16:56:12.751-03:00 DEBUG 11752 --- [clinical-study-system] [           main] o.h.boot.internal.ClassLoaderAccessImpl  : No temp ClassLoader provided; using live ClassLoader for loading potentially unsafe class : com.inovamed.clinical_study_system.model.application.Application
2024-11-19T16:56:12.764-03:00 DEBUG 11752 --- [clinical-study-system] [           main] o.h.b.i.bytebuddy.BytecodeProviderImpl   : HHH000513: Unable to create the ReflectionOptimizer for [com.inovamed.clinical_study_system.model.application.Application]: private accessor [doctor]
2024-11-19T16:56:12.764-03:00 DEBUG 11752 --- [clinical-study-system] [           main] org.hibernate.ormbytecode.interceptor    : To-one property `com.inovamed.clinical_study_system.model.application.Application#doctor` was mapped with LAZY + NO_PROXY but the class was not enhanced
2024-11-19T16:56:12.764-03:00 DEBUG 11752 --- [clinical-study-system] [           main] org.hibernate.ormbytecode.interceptor    : To-one property `com.inovamed.clinical_study_system.model.application.Application#patient` was mapped with LAZY + NO_PROXY but the class was not enhanced
2024-11-19T16:56:12.764-03:00 DEBUG 11752 --- [clinical-study-system] [           main] org.hibernate.ormbytecode.interceptor    : To-one property `com.inovamed.clinical_study_system.model.application.Application#research` was mapped with LAZY + NO_PROXY but the class was not enhanced
2024-11-19T16:56:12.765-03:00 DEBUG 11752 --- [clinical-study-system] [           main] o.h.boot.internal.ClassLoaderAccessImpl  : Not known whether passed class name [com.inovamed.clinical_study_system.model.doctor.Doctor] is safe
2024-11-19T16:56:12.765-03:00 DEBUG 11752 --- [clinical-study-system] [           main] o.h.boot.internal.ClassLoaderAccessImpl  : No temp ClassLoader provided; using live ClassLoader for loading potentially unsafe class : com.inovamed.clinical_study_system.model.doctor.Doctor
2024-11-19T16:56:12.797-03:00 DEBUG 11752 --- [clinical-study-system] [           main] o.h.b.i.bytebuddy.BytecodeProviderImpl   : HHH000513: Unable to create the ReflectionOptimizer for [com.inovamed.clinical_study_system.model.doctor.Doctor]: private accessor [digitalSignatures]
2024-11-19T16:56:12.799-03:00 DEBUG 11752 --- [clinical-study-system] [           main] o.h.boot.internal.ClassLoaderAccessImpl  : Not known whether passed class name [com.inovamed.clinical_study_system.model.user.User] is safe
2024-11-19T16:56:12.799-03:00 DEBUG 11752 --- [clinical-study-system] [           main] o.h.boot.internal.ClassLoaderAccessImpl  : No temp ClassLoader provided; using live ClassLoader for loading potentially unsafe class : com.inovamed.clinical_study_system.model.user.User
2024-11-19T16:56:12.799-03:00 DEBUG 11752 --- [clinical-study-system] [           main] o.h.boot.internal.ClassLoaderAccessImpl  : Not known whether passed class name [com.inovamed.clinical_study_system.model.patient.Patient] is safe
2024-11-19T16:56:12.799-03:00 DEBUG 11752 --- [clinical-study-system] [           main] o.h.boot.internal.ClassLoaderAccessImpl  : No temp ClassLoader provided; using live ClassLoader for loading potentially unsafe class : com.inovamed.clinical_study_system.model.patient.Patient
2024-11-19T16:56:12.813-03:00 DEBUG 11752 --- [clinical-study-system] [           main] o.h.b.i.bytebuddy.BytecodeProviderImpl   : HHH000513: Unable to create the ReflectionOptimizer for [com.inovamed.clinical_study_system.model.user.User]: private accessor [digitalSignatures]
2024-11-19T16:56:12.817-03:00 DEBUG 11752 --- [clinical-study-system] [           main] org.hibernate.ormbytecode.interceptor    : To-one property `com.inovamed.clinical_study_system.model.research.Research#clinicalRepresentative` was mapped with LAZY + NO_PROXY but the class was not enhanced
2024-11-19T16:56:12.817-03:00 DEBUG 11752 --- [clinical-study-system] [           main] org.hibernate.ormbytecode.interceptor    : To-one property `com.inovamed.clinical_study_system.model.research.Research#clinicalRepresentative` was mapped with LAZY + NO_PROXY but the class was not enhanced
2024-11-19T16:56:12.819-03:00 DEBUG 11752 --- [clinical-study-system] [           main] o.h.boot.internal.ClassLoaderAccessImpl  : Not known whether passed class name [com.inovamed.clinical_study_system.model.research.Research] is safe
2024-11-19T16:56:12.819-03:00 DEBUG 11752 --- [clinical-study-system] [           main] o.h.boot.internal.ClassLoaderAccessImpl  : No temp ClassLoader provided; using live ClassLoader for loading potentially unsafe class : com.inovamed.clinical_study_system.model.research.Research
2024-11-19T16:56:12.833-03:00 DEBUG 11752 --- [clinical-study-system] [           main] o.h.b.i.bytebuddy.BytecodeProviderImpl   : HHH000513: Unable to create the ReflectionOptimizer for [com.inovamed.clinical_study_system.model.research.Research]: private accessor [area]
2024-11-19T16:56:12.834-03:00 DEBUG 11752 --- [clinical-study-system] [           main] org.hibernate.ormbytecode.interceptor    : To-one property `com.inovamed.clinical_study_system.model.research.Research#clinicalRepresentative` was mapped with LAZY + NO_PROXY but the class was not enhanced
2024-11-19T16:56:12.835-03:00 DEBUG 11752 --- [clinical-study-system] [           main] org.hibernate.ormbytecode.interceptor    : To-one property `com.inovamed.clinical_study_system.model.attachment.Attachment#notification` was mapped with LAZY + NO_PROXY but the class was not enhanced
2024-11-19T16:56:12.835-03:00 DEBUG 11752 --- [clinical-study-system] [           main] org.hibernate.ormbytecode.interceptor    : To-one property `com.inovamed.clinical_study_system.model.attachment.Attachment#notification` was mapped with LAZY + NO_PROXY but the class was not enhanced
2024-11-19T16:56:12.835-03:00 DEBUG 11752 --- [clinical-study-system] [           main] org.hibernate.ormbytecode.interceptor    : To-one property `com.inovamed.clinical_study_system.model.attachment.Attachment#research` was mapped with LAZY + NO_PROXY but the class was not enhanced
2024-11-19T16:56:12.835-03:00 DEBUG 11752 --- [clinical-study-system] [           main] org.hibernate.ormbytecode.interceptor    : To-one property `com.inovamed.clinical_study_system.model.attachment.Attachment#research` was mapped with LAZY + NO_PROXY but the class was not enhanced
2024-11-19T16:56:12.835-03:00 DEBUG 11752 --- [clinical-study-system] [           main] org.hibernate.ormbytecode.interceptor    : To-one property `com.inovamed.clinical_study_system.model.attachment.Attachment#user` was mapped with LAZY + NO_PROXY but the class was not enhanced
2024-11-19T16:56:12.835-03:00 DEBUG 11752 --- [clinical-study-system] [           main] org.hibernate.ormbytecode.interceptor    : To-one property `com.inovamed.clinical_study_system.model.attachment.Attachment#user` was mapped with LAZY + NO_PROXY but the class was not enhanced
2024-11-19T16:56:12.835-03:00 DEBUG 11752 --- [clinical-study-system] [           main] o.h.boot.internal.ClassLoaderAccessImpl  : Not known whether passed class name [com.inovamed.clinical_study_system.model.attachment.Attachment] is safe
2024-11-19T16:56:12.835-03:00 DEBUG 11752 --- [clinical-study-system] [           main] o.h.boot.internal.ClassLoaderAccessImpl  : No temp ClassLoader provided; using live ClassLoader for loading potentially unsafe class : com.inovamed.clinical_study_system.model.attachment.Attachment
2024-11-19T16:56:12.846-03:00 DEBUG 11752 --- [clinical-study-system] [           main] o.h.b.i.bytebuddy.BytecodeProviderImpl   : HHH000513: Unable to create the ReflectionOptimizer for [com.inovamed.clinical_study_system.model.attachment.Attachment]: private accessor [archive]
2024-11-19T16:56:12.847-03:00 DEBUG 11752 --- [clinical-study-system] [           main] org.hibernate.ormbytecode.interceptor    : To-one property `com.inovamed.clinical_study_system.model.attachment.Attachment#notification` was mapped with LAZY + NO_PROXY but the class was not enhanced
2024-11-19T16:56:12.847-03:00 DEBUG 11752 --- [clinical-study-system] [           main] org.hibernate.ormbytecode.interceptor    : To-one property `com.inovamed.clinical_study_system.model.attachment.Attachment#research` was mapped with LAZY + NO_PROXY but the class was not enhanced
2024-11-19T16:56:12.847-03:00 DEBUG 11752 --- [clinical-study-system] [           main] org.hibernate.ormbytecode.interceptor    : To-one property `com.inovamed.clinical_study_system.model.attachment.Attachment#user` was mapped with LAZY + NO_PROXY but the class was not enhanced
2024-11-19T16:56:12.847-03:00 DEBUG 11752 --- [clinical-study-system] [           main] org.hibernate.ormbytecode.interceptor    : To-one property `com.inovamed.clinical_study_system.model.medical_history.MedicalHistory#patient` was mapped with LAZY + NO_PROXY but the class was not enhanced
2024-11-19T16:56:12.847-03:00 DEBUG 11752 --- [clinical-study-system] [           main] org.hibernate.ormbytecode.interceptor    : To-one property `com.inovamed.clinical_study_system.model.medical_history.MedicalHistory#patient` was mapped with LAZY + NO_PROXY but the class was not enhanced
2024-11-19T16:56:12.847-03:00 DEBUG 11752 --- [clinical-study-system] [           main] o.h.boot.internal.ClassLoaderAccessImpl  : Not known whether passed class name [com.inovamed.clinical_study_system.model.medical_history.MedicalHistory] is safe
2024-11-19T16:56:12.847-03:00 DEBUG 11752 --- [clinical-study-system] [           main] o.h.boot.internal.ClassLoaderAccessImpl  : No temp ClassLoader provided; using live ClassLoader for loading potentially unsafe class : com.inovamed.clinical_study_system.model.medical_history.MedicalHistory
2024-11-19T16:56:12.854-03:00 DEBUG 11752 --- [clinical-study-system] [           main] o.h.b.i.bytebuddy.BytecodeProviderImpl   : HHH000513: Unable to create the ReflectionOptimizer for [com.inovamed.clinical_study_system.model.medical_history.MedicalHistory]: private accessor [text]
2024-11-19T16:56:12.854-03:00 DEBUG 11752 --- [clinical-study-system] [           main] org.hibernate.ormbytecode.interceptor    : To-one property `com.inovamed.clinical_study_system.model.medical_history.MedicalHistory#patient` was mapped with LAZY + NO_PROXY but the class was not enhanced
2024-11-19T16:56:12.855-03:00 DEBUG 11752 --- [clinical-study-system] [           main] org.hibernate.ormbytecode.interceptor    : To-one property `com.inovamed.clinical_study_system.model.digital_signature.DigitalSignature#user` was mapped with LAZY + NO_PROXY but the class was not enhanced
2024-11-19T16:56:12.855-03:00 DEBUG 11752 --- [clinical-study-system] [           main] org.hibernate.ormbytecode.interceptor    : To-one property `com.inovamed.clinical_study_system.model.digital_signature.DigitalSignature#user` was mapped with LAZY + NO_PROXY but the class was not enhanced
2024-11-19T16:56:12.855-03:00 DEBUG 11752 --- [clinical-study-system] [           main] o.h.boot.internal.ClassLoaderAccessImpl  : Not known whether passed class name [com.inovamed.clinical_study_system.model.digital_signature.DigitalSignature] is safe
2024-11-19T16:56:12.855-03:00 DEBUG 11752 --- [clinical-study-system] [           main] o.h.boot.internal.ClassLoaderAccessImpl  : No temp ClassLoader provided; using live ClassLoader for loading potentially unsafe class : com.inovamed.clinical_study_system.model.digital_signature.DigitalSignature
2024-11-19T16:56:12.868-03:00 DEBUG 11752 --- [clinical-study-system] [           main] o.h.b.i.bytebuddy.BytecodeProviderImpl   : HHH000513: Unable to create the ReflectionOptimizer for [com.inovamed.clinical_study_system.model.digital_signature.DigitalSignature]: private accessor [consents]
2024-11-19T16:56:12.868-03:00 DEBUG 11752 --- [clinical-study-system] [           main] org.hibernate.ormbytecode.interceptor    : To-one property `com.inovamed.clinical_study_system.model.digital_signature.DigitalSignature#user` was mapped with LAZY + NO_PROXY but the class was not enhanced
2024-11-19T16:56:12.869-03:00 DEBUG 11752 --- [clinical-study-system] [           main] org.hibernate.ormbytecode.interceptor    : To-one property `com.inovamed.clinical_study_system.model.notification.Notification#studyRepresentative` was mapped with LAZY + NO_PROXY but the class was not enhanced
2024-11-19T16:56:12.869-03:00 DEBUG 11752 --- [clinical-study-system] [           main] org.hibernate.ormbytecode.interceptor    : To-one property `com.inovamed.clinical_study_system.model.notification.Notification#studyRepresentative` was mapped with LAZY + NO_PROXY but the class was not enhanced
2024-11-19T16:56:12.869-03:00 DEBUG 11752 --- [clinical-study-system] [           main] o.h.boot.internal.ClassLoaderAccessImpl  : Not known whether passed class name [com.inovamed.clinical_study_system.model.notification.Notification] is safe
2024-11-19T16:56:12.869-03:00 DEBUG 11752 --- [clinical-study-system] [           main] o.h.boot.internal.ClassLoaderAccessImpl  : No temp ClassLoader provided; using live ClassLoader for loading potentially unsafe class : com.inovamed.clinical_study_system.model.notification.Notification
2024-11-19T16:56:12.879-03:00 DEBUG 11752 --- [clinical-study-system] [           main] o.h.b.i.bytebuddy.BytecodeProviderImpl   : HHH000513: Unable to create the ReflectionOptimizer for [com.inovamed.clinical_study_system.model.notification.Notification]: private accessor [attachment]
2024-11-19T16:56:12.880-03:00 DEBUG 11752 --- [clinical-study-system] [           main] org.hibernate.ormbytecode.interceptor    : To-one property `com.inovamed.clinical_study_system.model.notification.Notification#studyRepresentative` was mapped with LAZY + NO_PROXY but the class was not enhanced
2024-11-19T16:56:12.880-03:00 DEBUG 11752 --- [clinical-study-system] [           main] org.hibernate.ormbytecode.interceptor    : To-one property `com.inovamed.clinical_study_system.model.patient.Patient#doctor` was mapped with LAZY + NO_PROXY but the class was not enhanced
2024-11-19T16:56:12.880-03:00 DEBUG 11752 --- [clinical-study-system] [           main] org.hibernate.ormbytecode.interceptor    : To-one property `com.inovamed.clinical_study_system.model.patient.Patient#doctor` was mapped with LAZY + NO_PROXY but the class was not enhanced
2024-11-19T16:56:12.880-03:00 DEBUG 11752 --- [clinical-study-system] [           main] org.hibernate.ormbytecode.interceptor    : To-one property `com.inovamed.clinical_study_system.model.patient.Patient#medicalHistory` was mapped with LAZY + NO_PROXY but the class was not enhanced
2024-11-19T16:56:12.880-03:00 DEBUG 11752 --- [clinical-study-system] [           main] org.hibernate.ormbytecode.interceptor    : To-one property `com.inovamed.clinical_study_system.model.patient.Patient#medicalHistory` was mapped with LAZY + NO_PROXY but the class was not enhanced
2024-11-19T16:56:12.880-03:00 DEBUG 11752 --- [clinical-study-system] [           main] org.hibernate.ormbytecode.interceptor    : To-one property `com.inovamed.clinical_study_system.model.patient.Patient#signature` was mapped with LAZY + NO_PROXY but the class was not enhanced
2024-11-19T16:56:12.880-03:00 DEBUG 11752 --- [clinical-study-system] [           main] org.hibernate.ormbytecode.interceptor    : To-one property `com.inovamed.clinical_study_system.model.patient.Patient#signature` was mapped with LAZY + NO_PROXY but the class was not enhanced
2024-11-19T16:56:12.897-03:00 DEBUG 11752 --- [clinical-study-system] [           main] o.h.b.i.bytebuddy.BytecodeProviderImpl   : HHH000513: Unable to create the ReflectionOptimizer for [com.inovamed.clinical_study_system.model.patient.Patient]: private accessor [digitalSignatures]
2024-11-19T16:56:12.897-03:00 DEBUG 11752 --- [clinical-study-system] [           main] org.hibernate.ormbytecode.interceptor    : To-one property `com.inovamed.clinical_study_system.model.patient.Patient#doctor` was mapped with LAZY + NO_PROXY but the class was not enhanced
2024-11-19T16:56:12.897-03:00 DEBUG 11752 --- [clinical-study-system] [           main] org.hibernate.ormbytecode.interceptor    : To-one property `com.inovamed.clinical_study_system.model.patient.Patient#medicalHistory` was mapped with LAZY + NO_PROXY but the class was not enhanced
2024-11-19T16:56:12.897-03:00 DEBUG 11752 --- [clinical-study-system] [           main] org.hibernate.ormbytecode.interceptor    : To-one property `com.inovamed.clinical_study_system.model.patient.Patient#signature` was mapped with LAZY + NO_PROXY but the class was not enhanced
2024-11-19T16:56:12.916-03:00 DEBUG 11752 --- [clinical-study-system] [           main] org.hibernate.orm.jdbc.mutation          : Skipping collection (re)creation - com.inovamed.clinical_study_system.model.notification.Notification.attachment
2024-11-19T16:56:12.916-03:00 DEBUG 11752 --- [clinical-study-system] [           main] org.hibernate.orm.jdbc.mutation          : Skipping collection row deletions - com.inovamed.clinical_study_system.model.notification.Notification.attachment
2024-11-19T16:56:12.917-03:00 DEBUG 11752 --- [clinical-study-system] [           main] org.hibernate.orm.jdbc.mutation          : Skipping collection removals - com.inovamed.clinical_study_system.model.notification.Notification.attachment
2024-11-19T16:56:12.917-03:00 DEBUG 11752 --- [clinical-study-system] [           main] org.hibernate.orm.jdbc.mutation          : Skipping collection (re)creation - com.inovamed.clinical_study_system.model.doctor.Doctor.applicationsSubmitted
2024-11-19T16:56:12.917-03:00 DEBUG 11752 --- [clinical-study-system] [           main] org.hibernate.orm.jdbc.mutation          : Skipping collection row deletions - com.inovamed.clinical_study_system.model.doctor.Doctor.applicationsSubmitted
2024-11-19T16:56:12.917-03:00 DEBUG 11752 --- [clinical-study-system] [           main] org.hibernate.orm.jdbc.mutation          : Skipping collection removals - com.inovamed.clinical_study_system.model.doctor.Doctor.applicationsSubmitted
2024-11-19T16:56:12.921-03:00 DEBUG 11752 --- [clinical-study-system] [           main] org.hibernate.orm.jdbc.mutation          : Skipping collection row updates - com.inovamed.clinical_study_system.model.research.Research.responsibleDoctors
2024-11-19T16:56:12.923-03:00 DEBUG 11752 --- [clinical-study-system] [           main] org.hibernate.orm.jdbc.mutation          : Skipping collection row updates - com.inovamed.clinical_study_system.model.clinical_study_representative.ClinicalStudyRepresentative.notifications
2024-11-19T16:56:12.923-03:00 DEBUG 11752 --- [clinical-study-system] [           main] org.hibernate.orm.jdbc.mutation          : Skipping collection (re)creation - com.inovamed.clinical_study_system.model.research.Research.attachments
2024-11-19T16:56:12.923-03:00 DEBUG 11752 --- [clinical-study-system] [           main] org.hibernate.orm.jdbc.mutation          : Skipping collection row deletions - com.inovamed.clinical_study_system.model.research.Research.attachments
2024-11-19T16:56:12.923-03:00 DEBUG 11752 --- [clinical-study-system] [           main] org.hibernate.orm.jdbc.mutation          : Skipping collection removals - com.inovamed.clinical_study_system.model.research.Research.attachments
2024-11-19T16:56:12.923-03:00 DEBUG 11752 --- [clinical-study-system] [           main] org.hibernate.orm.jdbc.mutation          : Skipping collection row updates - com.inovamed.clinical_study_system.model.patient.Patient.researches
2024-11-19T16:56:12.923-03:00 DEBUG 11752 --- [clinical-study-system] [           main] org.hibernate.orm.jdbc.mutation          : Skipping collection row updates - com.inovamed.clinical_study_system.model.notification.Notification.recipientsDoctors
2024-11-19T16:56:12.923-03:00 DEBUG 11752 --- [clinical-study-system] [           main] org.hibernate.orm.jdbc.mutation          : Skipping collection (re)creation - com.inovamed.clinical_study_system.model.user.User.digitalSignatures
2024-11-19T16:56:12.923-03:00 DEBUG 11752 --- [clinical-study-system] [           main] org.hibernate.orm.jdbc.mutation          : Skipping collection row deletions - com.inovamed.clinical_study_system.model.user.User.digitalSignatures
2024-11-19T16:56:12.923-03:00 DEBUG 11752 --- [clinical-study-system] [           main] org.hibernate.orm.jdbc.mutation          : Skipping collection removals - com.inovamed.clinical_study_system.model.user.User.digitalSignatures
2024-11-19T16:56:12.923-03:00 DEBUG 11752 --- [clinical-study-system] [           main] org.hibernate.orm.jdbc.mutation          : Skipping collection inserts - com.inovamed.clinical_study_system.model.research.Research.patients
2024-11-19T16:56:12.923-03:00 DEBUG 11752 --- [clinical-study-system] [           main] org.hibernate.orm.jdbc.mutation          : Skipping collection row updates - com.inovamed.clinical_study_system.model.research.Research.patients
2024-11-19T16:56:12.923-03:00 DEBUG 11752 --- [clinical-study-system] [           main] org.hibernate.orm.jdbc.mutation          : Skipping collection row deletions - com.inovamed.clinical_study_system.model.research.Research.patients
2024-11-19T16:56:12.923-03:00 DEBUG 11752 --- [clinical-study-system] [           main] org.hibernate.orm.jdbc.mutation          : Skipping collection removals - com.inovamed.clinical_study_system.model.research.Research.patients
2024-11-19T16:56:12.924-03:00 DEBUG 11752 --- [clinical-study-system] [           main] org.hibernate.orm.jdbc.mutation          : Skipping collection (re)creation - com.inovamed.clinical_study_system.model.doctor.Doctor.patients
2024-11-19T16:56:12.924-03:00 DEBUG 11752 --- [clinical-study-system] [           main] org.hibernate.orm.jdbc.mutation          : Skipping collection row deletions - com.inovamed.clinical_study_system.model.doctor.Doctor.patients
2024-11-19T16:56:12.924-03:00 DEBUG 11752 --- [clinical-study-system] [           main] org.hibernate.orm.jdbc.mutation          : Skipping collection removals - com.inovamed.clinical_study_system.model.doctor.Doctor.patients
2024-11-19T16:56:12.924-03:00 DEBUG 11752 --- [clinical-study-system] [           main] org.hibernate.orm.jdbc.mutation          : Skipping collection row updates - com.inovamed.clinical_study_system.model.notification.Notification.recipientsPatients
2024-11-19T16:56:12.925-03:00 DEBUG 11752 --- [clinical-study-system] [           main] org.hibernate.orm.jdbc.mutation          : Skipping collection row updates - com.inovamed.clinical_study_system.model.research.Research.phases
2024-11-19T16:56:12.926-03:00 DEBUG 11752 --- [clinical-study-system] [           main] org.hibernate.orm.jdbc.mutation          : Skipping collection row updates - com.inovamed.clinical_study_system.model.patient.Patient.authorizations
2024-11-19T16:56:12.926-03:00 DEBUG 11752 --- [clinical-study-system] [           main] org.hibernate.orm.jdbc.mutation          : Skipping collection inserts - com.inovamed.clinical_study_system.model.patient.Patient.notifications
2024-11-19T16:56:12.926-03:00 DEBUG 11752 --- [clinical-study-system] [           main] org.hibernate.orm.jdbc.mutation          : Skipping collection row updates - com.inovamed.clinical_study_system.model.patient.Patient.notifications
2024-11-19T16:56:12.926-03:00 DEBUG 11752 --- [clinical-study-system] [           main] org.hibernate.orm.jdbc.mutation          : Skipping collection row deletions - com.inovamed.clinical_study_system.model.patient.Patient.notifications
2024-11-19T16:56:12.926-03:00 DEBUG 11752 --- [clinical-study-system] [           main] org.hibernate.orm.jdbc.mutation          : Skipping collection removals - com.inovamed.clinical_study_system.model.patient.Patient.notifications
2024-11-19T16:56:12.926-03:00 DEBUG 11752 --- [clinical-study-system] [           main] org.hibernate.orm.jdbc.mutation          : Skipping collection row updates - com.inovamed.clinical_study_system.model.research.Research.institutions
2024-11-19T16:56:12.927-03:00 DEBUG 11752 --- [clinical-study-system] [           main] org.hibernate.orm.jdbc.mutation          : Skipping collection row updates - com.inovamed.clinical_study_system.model.digital_signature.DigitalSignature.consents
2024-11-19T16:56:12.927-03:00 DEBUG 11752 --- [clinical-study-system] [           main] org.hibernate.orm.jdbc.mutation          : Skipping collection row updates - com.inovamed.clinical_study_system.model.clinical_study_representative.ClinicalStudyRepresentative.research
2024-11-19T16:56:12.927-03:00 DEBUG 11752 --- [clinical-study-system] [           main] org.hibernate.orm.jdbc.mutation          : Skipping collection inserts - com.inovamed.clinical_study_system.model.doctor.Doctor.notifications
2024-11-19T16:56:12.927-03:00 DEBUG 11752 --- [clinical-study-system] [           main] org.hibernate.orm.jdbc.mutation          : Skipping collection row updates - com.inovamed.clinical_study_system.model.doctor.Doctor.notifications
2024-11-19T16:56:12.927-03:00 DEBUG 11752 --- [clinical-study-system] [           main] org.hibernate.orm.jdbc.mutation          : Skipping collection row deletions - com.inovamed.clinical_study_system.model.doctor.Doctor.notifications
2024-11-19T16:56:12.927-03:00 DEBUG 11752 --- [clinical-study-system] [           main] org.hibernate.orm.jdbc.mutation          : Skipping collection removals - com.inovamed.clinical_study_system.model.doctor.Doctor.notifications
2024-11-19T16:56:12.987-03:00 DEBUG 11752 --- [clinical-study-system] [           main] o.hibernate.orm.model.mapping.creation   : Starting post-init callbacks
2024-11-19T16:56:12.987-03:00 DEBUG 11752 --- [clinical-study-system] [           main] o.hibernate.orm.model.mapping.creation   : Starting PostInitCallbackEntry : PluralAttributeMapping( NavigableRole[com.inovamed.clinical_study_system.model.user.User.digitalSignatures#{element}]) - element descriptor
2024-11-19T16:56:12.987-03:00 DEBUG 11752 --- [clinical-study-system] [           main] o.hibernate.orm.model.mapping.creation   : Starting PostInitCallbackEntry : PluralAttributeMapping(com.inovamed.clinical_study_system.model.user.User.digitalSignatures)#finishInitialization
2024-11-19T16:56:12.987-03:00 DEBUG 11752 --- [clinical-study-system] [           main] o.hibernate.orm.model.mapping.creation   : Starting PostInitCallbackEntry : PluralAttributeMapping(com.inovamed.clinical_study_system.model.user.User.digitalSignatures) - key descriptor
2024-11-19T16:56:12.991-03:00 DEBUG 11752 --- [clinical-study-system] [           main] o.hibernate.orm.model.mapping.creation   : Starting PostInitCallbackEntry : Entity(com.inovamed.clinical_study_system.model.user.User) `staticFetchableList` generator
2024-11-19T16:56:12.991-03:00 DEBUG 11752 --- [clinical-study-system] [           main] o.hibernate.orm.model.mapping.creation   : Starting PostInitCallbackEntry : Entity(com.inovamed.clinical_study_system.model.user.User) `sqmMultiTableMutationStrategy` interpretation
2024-11-19T16:56:12.997-03:00 DEBUG 11752 --- [clinical-study-system] [           main] o.hibernate.orm.model.mapping.creation   : Starting PostInitCallbackEntry : Entity(com.inovamed.clinical_study_system.model.user.User) `sqmMultiTableInsertStrategy` interpretation
2024-11-19T16:56:12.997-03:00 DEBUG 11752 --- [clinical-study-system] [           main] o.hibernate.orm.model.mapping.creation   : Mapping-model creation encountered (possibly) transient error : java.lang.IllegalStateException: ForeignKeyDescriptor not ready for [doctor] on entity: com.inovamed.clinical_study_system.model.patient.Patient
2024-11-19T16:56:12.997-03:00 DEBUG 11752 --- [clinical-study-system] [           main] o.hibernate.orm.model.mapping.creation   : Starting PostInitCallbackEntry : PluralAttributeMapping( NavigableRole[com.inovamed.clinical_study_system.model.clinical_study_representative.ClinicalStudyRepresentative.notifications#{element}]) - element descriptor
2024-11-19T16:56:12.998-03:00 DEBUG 11752 --- [clinical-study-system] [           main] o.hibernate.orm.model.mapping.creation   : Starting PostInitCallbackEntry : PluralAttributeMapping(com.inovamed.clinical_study_system.model.clinical_study_representative.ClinicalStudyRepresentative.notifications)#finishInitialization
2024-11-19T16:56:12.998-03:00 DEBUG 11752 --- [clinical-study-system] [           main] o.hibernate.orm.model.mapping.creation   : Starting PostInitCallbackEntry : PluralAttributeMapping(com.inovamed.clinical_study_system.model.clinical_study_representative.ClinicalStudyRepresentative.notifications) - key descriptor
2024-11-19T16:56:12.998-03:00 DEBUG 11752 --- [clinical-study-system] [           main] o.hibernate.orm.model.mapping.creation   : Starting PostInitCallbackEntry : PluralAttributeMapping( NavigableRole[com.inovamed.clinical_study_system.model.clinical_study_representative.ClinicalStudyRepresentative.research#{element}]) - element descriptor
2024-11-19T16:56:12.999-03:00 DEBUG 11752 --- [clinical-study-system] [           main] o.hibernate.orm.model.mapping.creation   : Starting PostInitCallbackEntry : PluralAttributeMapping(com.inovamed.clinical_study_system.model.clinical_study_representative.ClinicalStudyRepresentative.research)#finishInitialization
2024-11-19T16:56:12.999-03:00 DEBUG 11752 --- [clinical-study-system] [           main] o.hibernate.orm.model.mapping.creation   : Starting PostInitCallbackEntry : PluralAttributeMapping(com.inovamed.clinical_study_system.model.clinical_study_representative.ClinicalStudyRepresentative.research) - key descriptor
2024-11-19T16:56:12.999-03:00 DEBUG 11752 --- [clinical-study-system] [           main] o.hibernate.orm.model.mapping.creation   : Starting PostInitCallbackEntry : Entity(com.inovamed.clinical_study_system.model.clinical_study_representative.ClinicalStudyRepresentative) `staticFetchableList` generator
2024-11-19T16:56:12.999-03:00 DEBUG 11752 --- [clinical-study-system] [           main] o.hibernate.orm.model.mapping.creation   : Starting PostInitCallbackEntry : Entity(com.inovamed.clinical_study_system.model.clinical_study_representative.ClinicalStudyRepresentative) `sqmMultiTableMutationStrategy` interpretation
2024-11-19T16:56:12.999-03:00 DEBUG 11752 --- [clinical-study-system] [           main] o.hibernate.orm.model.mapping.creation   : Starting PostInitCallbackEntry : Entity(com.inovamed.clinical_study_system.model.clinical_study_representative.ClinicalStudyRepresentative) `sqmMultiTableInsertStrategy` interpretation
2024-11-19T16:56:12.999-03:00 DEBUG 11752 --- [clinical-study-system] [           main] o.hibernate.orm.model.mapping.creation   : Starting PostInitCallbackEntry : Entity(com.inovamed.clinical_study_system.model.consent.Consent) `staticFetchableList` generator
2024-11-19T16:56:12.999-03:00 DEBUG 11752 --- [clinical-study-system] [           main] o.hibernate.orm.model.mapping.creation   : Starting PostInitCallbackEntry : To-one key - NavigableRole[com.inovamed.clinical_study_system.model.application.Application.doctor]
2024-11-19T16:56:12.999-03:00 DEBUG 11752 --- [clinical-study-system] [           main] o.hibernate.orm.model.mapping.creation   : Starting PostInitCallbackEntry : To-one key - NavigableRole[com.inovamed.clinical_study_system.model.application.Application.patient]
2024-11-19T16:56:12.999-03:00 DEBUG 11752 --- [clinical-study-system] [           main] o.hibernate.orm.model.mapping.creation   : Starting PostInitCallbackEntry : To-one key - NavigableRole[com.inovamed.clinical_study_system.model.application.Application.research]
2024-11-19T16:56:12.999-03:00 DEBUG 11752 --- [clinical-study-system] [           main] o.hibernate.orm.model.mapping.creation   : Starting PostInitCallbackEntry : Entity(com.inovamed.clinical_study_system.model.application.Application) `staticFetchableList` generator
2024-11-19T16:56:12.999-03:00 DEBUG 11752 --- [clinical-study-system] [           main] o.hibernate.orm.model.mapping.creation   : Starting PostInitCallbackEntry : PluralAttributeMapping( NavigableRole[com.inovamed.clinical_study_system.model.doctor.Doctor.applicationsSubmitted#{element}]) - element descriptor
2024-11-19T16:56:12.999-03:00 DEBUG 11752 --- [clinical-study-system] [           main] o.hibernate.orm.model.mapping.creation   : Starting PostInitCallbackEntry : PluralAttributeMapping(com.inovamed.clinical_study_system.model.doctor.Doctor.applicationsSubmitted)#finishInitialization
2024-11-19T16:56:12.999-03:00 DEBUG 11752 --- [clinical-study-system] [           main] o.hibernate.orm.model.mapping.creation   : Starting PostInitCallbackEntry : PluralAttributeMapping(com.inovamed.clinical_study_system.model.doctor.Doctor.applicationsSubmitted) - key descriptor
2024-11-19T16:56:12.999-03:00 DEBUG 11752 --- [clinical-study-system] [           main] o.hibernate.orm.model.mapping.creation   : Starting PostInitCallbackEntry : PluralAttributeMapping( NavigableRole[com.inovamed.clinical_study_system.model.doctor.Doctor.notifications#{element}]) - element descriptor
2024-11-19T16:56:12.999-03:00 DEBUG 11752 --- [clinical-study-system] [           main] o.hibernate.orm.model.mapping.creation   : Starting PostInitCallbackEntry : PluralAttributeMapping(com.inovamed.clinical_study_system.model.doctor.Doctor.notifications)#finishInitialization
2024-11-19T16:56:12.999-03:00 DEBUG 11752 --- [clinical-study-system] [           main] o.hibernate.orm.model.mapping.creation   : Starting PostInitCallbackEntry : PluralAttributeMapping(com.inovamed.clinical_study_system.model.doctor.Doctor.notifications) - key descriptor
2024-11-19T16:56:12.999-03:00 DEBUG 11752 --- [clinical-study-system] [           main] o.hibernate.orm.model.mapping.creation   : Starting PostInitCallbackEntry : PluralAttributeMapping( NavigableRole[com.inovamed.clinical_study_system.model.doctor.Doctor.patients#{element}]) - element descriptor
2024-11-19T16:56:12.999-03:00 DEBUG 11752 --- [clinical-study-system] [           main] o.hibernate.orm.model.mapping.creation   : Starting PostInitCallbackEntry : PluralAttributeMapping(com.inovamed.clinical_study_system.model.doctor.Doctor.patients)#finishInitialization
2024-11-19T16:56:12.999-03:00 DEBUG 11752 --- [clinical-study-system] [           main] o.hibernate.orm.model.mapping.creation   : Starting PostInitCallbackEntry : PluralAttributeMapping(com.inovamed.clinical_study_system.model.doctor.Doctor.patients) - key descriptor
2024-11-19T16:56:12.999-03:00 DEBUG 11752 --- [clinical-study-system] [           main] o.hibernate.orm.model.mapping.creation   : Starting PostInitCallbackEntry : Entity(com.inovamed.clinical_study_system.model.doctor.Doctor) `staticFetchableList` generator
2024-11-19T16:56:12.999-03:00 DEBUG 11752 --- [clinical-study-system] [           main] o.hibernate.orm.model.mapping.creation   : Starting PostInitCallbackEntry : Entity(com.inovamed.clinical_study_system.model.doctor.Doctor) `sqmMultiTableMutationStrategy` interpretation
2024-11-19T16:56:12.999-03:00 DEBUG 11752 --- [clinical-study-system] [           main] o.hibernate.orm.model.mapping.creation   : Starting PostInitCallbackEntry : Entity(com.inovamed.clinical_study_system.model.doctor.Doctor) `sqmMultiTableInsertStrategy` interpretation
2024-11-19T16:56:13.000-03:00 DEBUG 11752 --- [clinical-study-system] [           main] o.hibernate.orm.model.mapping.creation   : Starting PostInitCallbackEntry : PluralAttributeMapping( NavigableRole[com.inovamed.clinical_study_system.model.research.Research.attachments#{element}]) - element descriptor
2024-11-19T16:56:13.000-03:00 DEBUG 11752 --- [clinical-study-system] [           main] o.hibernate.orm.model.mapping.creation   : Starting PostInitCallbackEntry : PluralAttributeMapping(com.inovamed.clinical_study_system.model.research.Research.attachments)#finishInitialization
2024-11-19T16:56:13.000-03:00 DEBUG 11752 --- [clinical-study-system] [           main] o.hibernate.orm.model.mapping.creation   : Starting PostInitCallbackEntry : PluralAttributeMapping(com.inovamed.clinical_study_system.model.research.Research.attachments) - key descriptor
2024-11-19T16:56:13.000-03:00 DEBUG 11752 --- [clinical-study-system] [           main] o.hibernate.orm.model.mapping.creation   : Starting PostInitCallbackEntry : To-one key - NavigableRole[com.inovamed.clinical_study_system.model.research.Research.clinicalRepresentative]
2024-11-19T16:56:13.000-03:00 DEBUG 11752 --- [clinical-study-system] [           main] o.hibernate.orm.model.mapping.creation   : Starting PostInitCallbackEntry : EmbeddableMappingType(com.inovamed.clinical_study_system.model.research.Research.criteria)#finishInitialization
2024-11-19T16:56:13.000-03:00 DEBUG 11752 --- [clinical-study-system] [           main] o.hibernate.orm.model.mapping.creation   : Starting PostInitCallbackEntry : PluralAttributeMapping(com.inovamed.clinical_study_system.model.research.Research.institutions)#finishInitialization
2024-11-19T16:56:13.000-03:00 DEBUG 11752 --- [clinical-study-system] [           main] o.hibernate.orm.model.mapping.creation   : Starting PostInitCallbackEntry : PluralAttributeMapping(com.inovamed.clinical_study_system.model.research.Research.institutions) - key descriptor
2024-11-19T16:56:13.000-03:00 DEBUG 11752 --- [clinical-study-system] [           main] o.hibernate.orm.model.mapping.creation   : Starting PostInitCallbackEntry : PluralAttributeMapping( NavigableRole[com.inovamed.clinical_study_system.model.research.Research.patients#{element}]) - element descriptor
2024-11-19T16:56:13.000-03:00 DEBUG 11752 --- [clinical-study-system] [           main] o.hibernate.orm.model.mapping.creation   : Starting PostInitCallbackEntry : PluralAttributeMapping(com.inovamed.clinical_study_system.model.research.Research.patients)#finishInitialization
2024-11-19T16:56:13.000-03:00 DEBUG 11752 --- [clinical-study-system] [           main] o.hibernate.orm.model.mapping.creation   : Starting PostInitCallbackEntry : PluralAttributeMapping(com.inovamed.clinical_study_system.model.research.Research.patients) - key descriptor
2024-11-19T16:56:13.001-03:00 DEBUG 11752 --- [clinical-study-system] [           main] o.hibernate.orm.model.mapping.creation   : Starting PostInitCallbackEntry : EmbeddableMappingType(com.inovamed.clinical_study_system.model.research.Research.phases#{element})#finishInitialization
2024-11-19T16:56:13.001-03:00 DEBUG 11752 --- [clinical-study-system] [           main] o.hibernate.orm.model.mapping.creation   : Starting PostInitCallbackEntry : PluralAttributeMapping(com.inovamed.clinical_study_system.model.research.Research.phases)#finishInitialization
2024-11-19T16:56:13.001-03:00 DEBUG 11752 --- [clinical-study-system] [           main] o.hibernate.orm.model.mapping.creation   : Starting PostInitCallbackEntry : PluralAttributeMapping(com.inovamed.clinical_study_system.model.research.Research.phases) - key descriptor
2024-11-19T16:56:13.001-03:00 DEBUG 11752 --- [clinical-study-system] [           main] o.hibernate.orm.model.mapping.creation   : Starting PostInitCallbackEntry : PluralAttributeMapping(com.inovamed.clinical_study_system.model.research.Research.responsibleDoctors)#finishInitialization
2024-11-19T16:56:13.001-03:00 DEBUG 11752 --- [clinical-study-system] [           main] o.hibernate.orm.model.mapping.creation   : Starting PostInitCallbackEntry : PluralAttributeMapping(com.inovamed.clinical_study_system.model.research.Research.responsibleDoctors) - key descriptor
2024-11-19T16:56:13.001-03:00 DEBUG 11752 --- [clinical-study-system] [           main] o.hibernate.orm.model.mapping.creation   : Starting PostInitCallbackEntry : EmbeddableMappingType(com.inovamed.clinical_study_system.model.research.Research.studyDuration)#finishInitialization
2024-11-19T16:56:13.001-03:00 DEBUG 11752 --- [clinical-study-system] [           main] o.hibernate.orm.model.mapping.creation   : Starting PostInitCallbackEntry : Entity(com.inovamed.clinical_study_system.model.research.Research) `staticFetchableList` generator
2024-11-19T16:56:13.001-03:00 DEBUG 11752 --- [clinical-study-system] [           main] o.hibernate.orm.model.mapping.creation   : Starting PostInitCallbackEntry : To-one key - NavigableRole[com.inovamed.clinical_study_system.model.attachment.Attachment.notification]
2024-11-19T16:56:13.001-03:00 DEBUG 11752 --- [clinical-study-system] [           main] o.hibernate.orm.model.mapping.creation   : Starting PostInitCallbackEntry : To-one key - NavigableRole[com.inovamed.clinical_study_system.model.attachment.Attachment.research]
2024-11-19T16:56:13.001-03:00 DEBUG 11752 --- [clinical-study-system] [           main] o.hibernate.orm.model.mapping.creation   : Starting PostInitCallbackEntry : To-one key - NavigableRole[com.inovamed.clinical_study_system.model.attachment.Attachment.user]
2024-11-19T16:56:13.001-03:00 DEBUG 11752 --- [clinical-study-system] [           main] o.hibernate.orm.model.mapping.creation   : Starting PostInitCallbackEntry : Entity(com.inovamed.clinical_study_system.model.attachment.Attachment) `staticFetchableList` generator
2024-11-19T16:56:13.001-03:00 DEBUG 11752 --- [clinical-study-system] [           main] o.hibernate.orm.model.mapping.creation   : Starting PostInitCallbackEntry : To-one key - NavigableRole[com.inovamed.clinical_study_system.model.medical_history.MedicalHistory.patient]
2024-11-19T16:56:13.001-03:00 DEBUG 11752 --- [clinical-study-system] [           main] o.hibernate.orm.model.mapping.creation   : Starting PostInitCallbackEntry : Entity(com.inovamed.clinical_study_system.model.medical_history.MedicalHistory) `staticFetchableList` generator
2024-11-19T16:56:13.001-03:00 DEBUG 11752 --- [clinical-study-system] [           main] o.hibernate.orm.model.mapping.creation   : Starting PostInitCallbackEntry : PluralAttributeMapping( NavigableRole[com.inovamed.clinical_study_system.model.digital_signature.DigitalSignature.consents#{element}]) - element descriptor
2024-11-19T16:56:13.001-03:00 DEBUG 11752 --- [clinical-study-system] [           main] o.hibernate.orm.model.mapping.creation   : Starting PostInitCallbackEntry : PluralAttributeMapping(com.inovamed.clinical_study_system.model.digital_signature.DigitalSignature.consents)#finishInitialization
2024-11-19T16:56:13.001-03:00 DEBUG 11752 --- [clinical-study-system] [           main] o.hibernate.orm.model.mapping.creation   : Starting PostInitCallbackEntry : PluralAttributeMapping(com.inovamed.clinical_study_system.model.digital_signature.DigitalSignature.consents) - key descriptor
2024-11-19T16:56:13.001-03:00 DEBUG 11752 --- [clinical-study-system] [           main] o.hibernate.orm.model.mapping.creation   : Starting PostInitCallbackEntry : To-one key - NavigableRole[com.inovamed.clinical_study_system.model.digital_signature.DigitalSignature.user]
2024-11-19T16:56:13.001-03:00 DEBUG 11752 --- [clinical-study-system] [           main] o.hibernate.orm.model.mapping.creation   : Starting PostInitCallbackEntry : Entity(com.inovamed.clinical_study_system.model.digital_signature.DigitalSignature) `staticFetchableList` generator
2024-11-19T16:56:13.001-03:00 DEBUG 11752 --- [clinical-study-system] [           main] o.hibernate.orm.model.mapping.creation   : Starting PostInitCallbackEntry : PluralAttributeMapping( NavigableRole[com.inovamed.clinical_study_system.model.notification.Notification.attachment#{element}]) - element descriptor
2024-11-19T16:56:13.001-03:00 DEBUG 11752 --- [clinical-study-system] [           main] o.hibernate.orm.model.mapping.creation   : Starting PostInitCallbackEntry : PluralAttributeMapping(com.inovamed.clinical_study_system.model.notification.Notification.attachment)#finishInitialization
2024-11-19T16:56:13.001-03:00 DEBUG 11752 --- [clinical-study-system] [           main] o.hibernate.orm.model.mapping.creation   : Starting PostInitCallbackEntry : PluralAttributeMapping(com.inovamed.clinical_study_system.model.notification.Notification.attachment) - key descriptor
2024-11-19T16:56:13.001-03:00 DEBUG 11752 --- [clinical-study-system] [           main] o.hibernate.orm.model.mapping.creation   : Starting PostInitCallbackEntry : PluralAttributeMapping( NavigableRole[com.inovamed.clinical_study_system.model.notification.Notification.recipientsDoctors#{element}]) - element descriptor
2024-11-19T16:56:13.001-03:00 DEBUG 11752 --- [clinical-study-system] [           main] o.hibernate.orm.model.mapping.creation   : Starting PostInitCallbackEntry : PluralAttributeMapping(com.inovamed.clinical_study_system.model.notification.Notification.recipientsDoctors)#finishInitialization
2024-11-19T16:56:13.001-03:00 DEBUG 11752 --- [clinical-study-system] [           main] o.hibernate.orm.model.mapping.creation   : Starting PostInitCallbackEntry : PluralAttributeMapping(com.inovamed.clinical_study_system.model.notification.Notification.recipientsDoctors) - key descriptor
2024-11-19T16:56:13.001-03:00 DEBUG 11752 --- [clinical-study-system] [           main] o.hibernate.orm.model.mapping.creation   : Starting PostInitCallbackEntry : PluralAttributeMapping( NavigableRole[com.inovamed.clinical_study_system.model.notification.Notification.recipientsPatients#{element}]) - element descriptor
2024-11-19T16:56:13.001-03:00 DEBUG 11752 --- [clinical-study-system] [           main] o.hibernate.orm.model.mapping.creation   : Starting PostInitCallbackEntry : PluralAttributeMapping(com.inovamed.clinical_study_system.model.notification.Notification.recipientsPatients)#finishInitialization
2024-11-19T16:56:13.001-03:00 DEBUG 11752 --- [clinical-study-system] [           main] o.hibernate.orm.model.mapping.creation   : Starting PostInitCallbackEntry : PluralAttributeMapping(com.inovamed.clinical_study_system.model.notification.Notification.recipientsPatients) - key descriptor
2024-11-19T16:56:13.002-03:00 DEBUG 11752 --- [clinical-study-system] [           main] o.hibernate.orm.model.mapping.creation   : Starting PostInitCallbackEntry : To-one key - NavigableRole[com.inovamed.clinical_study_system.model.notification.Notification.studyRepresentative]
2024-11-19T16:56:13.002-03:00 DEBUG 11752 --- [clinical-study-system] [           main] o.hibernate.orm.model.mapping.creation   : Starting PostInitCallbackEntry : Entity(com.inovamed.clinical_study_system.model.notification.Notification) `staticFetchableList` generator
2024-11-19T16:56:13.002-03:00 DEBUG 11752 --- [clinical-study-system] [           main] o.hibernate.orm.model.mapping.creation   : Starting PostInitCallbackEntry : PluralAttributeMapping(com.inovamed.clinical_study_system.model.patient.Patient.authorizations)#finishInitialization
2024-11-19T16:56:13.002-03:00 DEBUG 11752 --- [clinical-study-system] [           main] o.hibernate.orm.model.mapping.creation   : Starting PostInitCallbackEntry : PluralAttributeMapping(com.inovamed.clinical_study_system.model.patient.Patient.authorizations) - key descriptor
2024-11-19T16:56:13.002-03:00 DEBUG 11752 --- [clinical-study-system] [           main] o.hibernate.orm.model.mapping.creation   : Starting PostInitCallbackEntry : To-one key - NavigableRole[com.inovamed.clinical_study_system.model.patient.Patient.doctor]
2024-11-19T16:56:13.002-03:00 DEBUG 11752 --- [clinical-study-system] [           main] o.hibernate.orm.model.mapping.creation   : Starting PostInitCallbackEntry : To-one key - NavigableRole[com.inovamed.clinical_study_system.model.patient.Patient.medicalHistory]
2024-11-19T16:56:13.002-03:00 DEBUG 11752 --- [clinical-study-system] [           main] o.hibernate.orm.model.mapping.creation   : Starting PostInitCallbackEntry : PluralAttributeMapping( NavigableRole[com.inovamed.clinical_study_system.model.patient.Patient.notifications#{element}]) - element descriptor
2024-11-19T16:56:13.002-03:00 DEBUG 11752 --- [clinical-study-system] [           main] o.hibernate.orm.model.mapping.creation   : Starting PostInitCallbackEntry : PluralAttributeMapping(com.inovamed.clinical_study_system.model.patient.Patient.notifications)#finishInitialization
2024-11-19T16:56:13.002-03:00 DEBUG 11752 --- [clinical-study-system] [           main] o.hibernate.orm.model.mapping.creation   : Starting PostInitCallbackEntry : PluralAttributeMapping(com.inovamed.clinical_study_system.model.patient.Patient.notifications) - key descriptor
2024-11-19T16:56:13.002-03:00 DEBUG 11752 --- [clinical-study-system] [           main] o.hibernate.orm.model.mapping.creation   : Starting PostInitCallbackEntry : PluralAttributeMapping( NavigableRole[com.inovamed.clinical_study_system.model.patient.Patient.researches#{element}]) - element descriptor
2024-11-19T16:56:13.002-03:00 DEBUG 11752 --- [clinical-study-system] [           main] o.hibernate.orm.model.mapping.creation   : Starting PostInitCallbackEntry : PluralAttributeMapping(com.inovamed.clinical_study_system.model.patient.Patient.researches)#finishInitialization
2024-11-19T16:56:13.002-03:00 DEBUG 11752 --- [clinical-study-system] [           main] o.hibernate.orm.model.mapping.creation   : Starting PostInitCallbackEntry : PluralAttributeMapping(com.inovamed.clinical_study_system.model.patient.Patient.researches) - key descriptor
2024-11-19T16:56:13.002-03:00 DEBUG 11752 --- [clinical-study-system] [           main] o.hibernate.orm.model.mapping.creation   : Starting PostInitCallbackEntry : To-one key - NavigableRole[com.inovamed.clinical_study_system.model.patient.Patient.signature]
2024-11-19T16:56:13.002-03:00 DEBUG 11752 --- [clinical-study-system] [           main] o.hibernate.orm.model.mapping.creation   : Starting PostInitCallbackEntry : Entity(com.inovamed.clinical_study_system.model.patient.Patient) `staticFetchableList` generator
2024-11-19T16:56:13.002-03:00 DEBUG 11752 --- [clinical-study-system] [           main] o.hibernate.orm.model.mapping.creation   : Starting PostInitCallbackEntry : Entity(com.inovamed.clinical_study_system.model.patient.Patient) `sqmMultiTableMutationStrategy` interpretation
2024-11-19T16:56:13.002-03:00 DEBUG 11752 --- [clinical-study-system] [           main] o.hibernate.orm.model.mapping.creation   : Starting PostInitCallbackEntry : Entity(com.inovamed.clinical_study_system.model.patient.Patient) `sqmMultiTableInsertStrategy` interpretation
2024-11-19T16:56:13.002-03:00 DEBUG 11752 --- [clinical-study-system] [           main] o.hibernate.orm.model.mapping.creation   : Starting PostInitCallbackEntry : PluralAttributeMapping( NavigableRole[com.inovamed.clinical_study_system.model.user.User.digitalSignatures#{element}]) - element descriptor
2024-11-19T16:56:13.002-03:00 DEBUG 11752 --- [clinical-study-system] [           main] o.hibernate.orm.model.mapping.creation   : Starting PostInitCallbackEntry : Entity(com.inovamed.clinical_study_system.model.user.User) `sqmMultiTableInsertStrategy` interpretation
2024-11-19T16:56:13.002-03:00 DEBUG 11752 --- [clinical-study-system] [           main] o.hibernate.orm.model.mapping.creation   : Starting PostInitCallbackEntry : PluralAttributeMapping( NavigableRole[com.inovamed.clinical_study_system.model.doctor.Doctor.applicationsSubmitted#{element}]) - element descriptor
2024-11-19T16:56:13.002-03:00 DEBUG 11752 --- [clinical-study-system] [           main] o.hibernate.orm.model.mapping.creation   : Starting PostInitCallbackEntry : PluralAttributeMapping( NavigableRole[com.inovamed.clinical_study_system.model.doctor.Doctor.notifications#{element}]) - element descriptor
2024-11-19T16:56:13.002-03:00 DEBUG 11752 --- [clinical-study-system] [           main] o.hibernate.orm.model.mapping.creation   : Starting PostInitCallbackEntry : PluralAttributeMapping( NavigableRole[com.inovamed.clinical_study_system.model.doctor.Doctor.patients#{element}]) - element descriptor
2024-11-19T16:56:13.002-03:00 DEBUG 11752 --- [clinical-study-system] [           main] o.hibernate.orm.model.mapping.creation   : Starting PostInitCallbackEntry : PluralAttributeMapping( NavigableRole[com.inovamed.clinical_study_system.model.research.Research.attachments#{element}]) - element descriptor
2024-11-19T16:56:13.002-03:00 DEBUG 11752 --- [clinical-study-system] [           main] o.hibernate.orm.model.mapping.creation   : Starting PostInitCallbackEntry : PluralAttributeMapping( NavigableRole[com.inovamed.clinical_study_system.model.research.Research.patients#{element}]) - element descriptor
2024-11-19T16:56:13.002-03:00 DEBUG 11752 --- [clinical-study-system] [           main] o.hibernate.orm.model.mapping.creation   : Starting PostInitCallbackEntry : PluralAttributeMapping( NavigableRole[com.inovamed.clinical_study_system.model.notification.Notification.attachment#{element}]) - element descriptor
2024-11-19T16:56:13.002-03:00 DEBUG 11752 --- [clinical-study-system] [           main] o.hibernate.orm.model.mapping.creation   : Starting PostInitCallbackEntry : EmbeddableMappingType(com.inovamed.clinical_study_system.model.research.Research.criteria)#initColumnMappings
2024-11-19T16:56:13.004-03:00 DEBUG 11752 --- [clinical-study-system] [           main] o.hibernate.orm.model.mapping.creation   : Starting PostInitCallbackEntry : EmbeddableMappingType(com.inovamed.clinical_study_system.model.research.Research.phases#{element})#initColumnMappings
2024-11-19T16:56:13.004-03:00 DEBUG 11752 --- [clinical-study-system] [           main] o.hibernate.orm.model.mapping.creation   : Starting PostInitCallbackEntry : EmbeddableMappingType(com.inovamed.clinical_study_system.model.research.Research.studyDuration)#initColumnMappings
2024-11-19T16:56:13.096-03:00 DEBUG 11752 --- [clinical-study-system] [           main] org.hibernate.orm.sql.ast.create         : Created new SQL alias : csr1_0
2024-11-19T16:56:13.097-03:00 DEBUG 11752 --- [clinical-study-system] [           main] org.hibernate.orm.sql.ast.create         : Registration of TableGroup [StandardTableGroup(com.inovamed.clinical_study_system.model.clinical_study_representative.ClinicalStudyRepresentative)] with identifierForTableGroup [com.inovamed.clinical_study_system.model.clinical_study_representative.ClinicalStudyRepresentative] for NavigablePath [com.inovamed.clinical_study_system.model.clinical_study_representative.ClinicalStudyRepresentative] 
2024-11-19T16:56:13.103-03:00 DEBUG 11752 --- [clinical-study-system] [           main] org.hibernate.orm.sql.ast.create         : Created new SQL alias : csr1_1
2024-11-19T16:56:13.112-03:00 DEBUG 11752 --- [clinical-study-system] [           main] org.hibernate.orm.results.graph.AST      : DomainResult Graph:
 \-EntityResultImpl [com.inovamed.clinical_study_system.model.clinical_study_representative.ClinicalStudyRepresentative]
 |  +-DelayedCollectionFetch [com.inovamed.clinical_study_system.model.clinical_study_representative.ClinicalStudyRepresentative.digitalSignatures]
 |  +-BasicFetch [com.inovamed.clinical_study_system.model.clinical_study_representative.ClinicalStudyRepresentative.email]
 |  +-BasicFetch [com.inovamed.clinical_study_system.model.clinical_study_representative.ClinicalStudyRepresentative.password]
 |  +-BasicFetch [com.inovamed.clinical_study_system.model.clinical_study_representative.ClinicalStudyRepresentative.publicKey]
 |  +-BasicFetch [com.inovamed.clinical_study_system.model.clinical_study_representative.ClinicalStudyRepresentative.roles]
 |  +-BasicFetch [com.inovamed.clinical_study_system.model.clinical_study_representative.ClinicalStudyRepresentative.clinicalRole]
 |  +-BasicFetch [com.inovamed.clinical_study_system.model.clinical_study_representative.ClinicalStudyRepresentative.experiences]
 |  +-BasicFetch [com.inovamed.clinical_study_system.model.clinical_study_representative.ClinicalStudyRepresentative.name]
 |  +-DelayedCollectionFetch [com.inovamed.clinical_study_system.model.clinical_study_representative.ClinicalStudyRepresentative.notifications]
 |  +-BasicFetch [com.inovamed.clinical_study_system.model.clinical_study_representative.ClinicalStudyRepresentative.phone]
 |  \-DelayedCollectionFetch [com.inovamed.clinical_study_system.model.clinical_study_representative.ClinicalStudyRepresentative.research]

2024-11-19T16:56:13.115-03:00 DEBUG 11752 --- [clinical-study-system] [           main] org.hibernate.orm.sql.ast.tree           : SQL AST Tree:
    SelectStatement {
      FromClause {
        StandardTableGroup (csr1 : com.inovamed.clinical_study_system.model.clinical_study_representative.ClinicalStudyRepresentative) {
          primaryTableReference : tb_clinical_study_representative as csr1_0
          TableReferenceJoins {
             join tb_user as csr1_1
          }
        }
      }
    }

2024-11-19T16:56:13.123-03:00 DEBUG 11752 --- [clinical-study-system] [           main] o.h.p.entity.AbstractEntityPersister     : Static SQL for entity: com.inovamed.clinical_study_system.model.clinical_study_representative.ClinicalStudyRepresentative
2024-11-19T16:56:13.123-03:00 DEBUG 11752 --- [clinical-study-system] [           main] o.h.p.entity.AbstractEntityPersister     :  Version select: select id from tb_user where id=?
2024-11-19T16:56:13.123-03:00 DEBUG 11752 --- [clinical-study-system] [           main] o.h.p.entity.AbstractEntityPersister     :  Insert (0): insert into tb_user (email,password,public_key,roles) values (?,?,?,?) returning id
2024-11-19T16:56:13.123-03:00 DEBUG 11752 --- [clinical-study-system] [           main] o.h.p.entity.AbstractEntityPersister     :  Insert (1): insert into tb_clinical_study_representative (clinical_role,experiences,name,phone,id) values (?,?,?,?,?)
2024-11-19T16:56:13.123-03:00 DEBUG 11752 --- [clinical-study-system] [           main] o.h.p.entity.AbstractEntityPersister     :  Update (0): update tb_user set email=?,password=?,public_key=?,roles=? where id=?
2024-11-19T16:56:13.123-03:00 DEBUG 11752 --- [clinical-study-system] [           main] o.h.p.entity.AbstractEntityPersister     :  Update (1): update tb_clinical_study_representative set clinical_role=?,experiences=?,name=?,phone=? where id=?
2024-11-19T16:56:13.123-03:00 DEBUG 11752 --- [clinical-study-system] [           main] o.h.p.entity.AbstractEntityPersister     :  Delete (0): delete from tb_clinical_study_representative where id=?
2024-11-19T16:56:13.123-03:00 DEBUG 11752 --- [clinical-study-system] [           main] o.h.p.entity.AbstractEntityPersister     :  Delete (1): delete from tb_user where id=?
2024-11-19T16:56:13.123-03:00 DEBUG 11752 --- [clinical-study-system] [           main] org.hibernate.orm.sql.ast.create         : Created new SQL alias : c1_0
2024-11-19T16:56:13.123-03:00 DEBUG 11752 --- [clinical-study-system] [           main] org.hibernate.orm.sql.ast.create         : Registration of TableGroup [StandardTableGroup(com.inovamed.clinical_study_system.model.consent.Consent)] with identifierForTableGroup [com.inovamed.clinical_study_system.model.consent.Consent] for NavigablePath [com.inovamed.clinical_study_system.model.consent.Consent] 
2024-11-19T16:56:13.123-03:00 DEBUG 11752 --- [clinical-study-system] [           main] org.hibernate.orm.results.graph.AST      : DomainResult Graph:
 \-EntityResultImpl [com.inovamed.clinical_study_system.model.consent.Consent]
 |  +-BasicFetch [com.inovamed.clinical_study_system.model.consent.Consent.consentType]
 |  +-BasicFetch [com.inovamed.clinical_study_system.model.consent.Consent.isActive]
 |  +-BasicFetch [com.inovamed.clinical_study_system.model.consent.Consent.validFrom]
 |  \-BasicFetch [com.inovamed.clinical_study_system.model.consent.Consent.validUntil]

2024-11-19T16:56:13.123-03:00 DEBUG 11752 --- [clinical-study-system] [           main] org.hibernate.orm.sql.ast.tree           : SQL AST Tree:
    SelectStatement {
      FromClause {
        StandardTableGroup (c1 : com.inovamed.clinical_study_system.model.consent.Consent) {
          primaryTableReference : tb_consent as c1_0
        }
      }
    }

2024-11-19T16:56:13.123-03:00 DEBUG 11752 --- [clinical-study-system] [           main] o.h.p.entity.AbstractEntityPersister     : Static SQL for entity: com.inovamed.clinical_study_system.model.consent.Consent
2024-11-19T16:56:13.123-03:00 DEBUG 11752 --- [clinical-study-system] [           main] o.h.p.entity.AbstractEntityPersister     :  Version select: select id from tb_consent where id=?
2024-11-19T16:56:13.123-03:00 DEBUG 11752 --- [clinical-study-system] [           main] o.h.p.entity.AbstractEntityPersister     :  Insert (0): insert into tb_consent (consent_type,is_active,valid_from,valid_until) values (?,?,?,?) returning id
2024-11-19T16:56:13.123-03:00 DEBUG 11752 --- [clinical-study-system] [           main] o.h.p.entity.AbstractEntityPersister     :  Update (0): update tb_consent set consent_type=?,is_active=?,valid_from=?,valid_until=? where id=?
2024-11-19T16:56:13.123-03:00 DEBUG 11752 --- [clinical-study-system] [           main] o.h.p.entity.AbstractEntityPersister     :  Delete (0): delete from tb_consent where id=?
2024-11-19T16:56:13.123-03:00 DEBUG 11752 --- [clinical-study-system] [           main] org.hibernate.orm.sql.ast.create         : Created new SQL alias : a1_0
2024-11-19T16:56:13.123-03:00 DEBUG 11752 --- [clinical-study-system] [           main] org.hibernate.orm.sql.ast.create         : Registration of TableGroup [StandardTableGroup(com.inovamed.clinical_study_system.model.application.Application)] with identifierForTableGroup [com.inovamed.clinical_study_system.model.application.Application] for NavigablePath [com.inovamed.clinical_study_system.model.application.Application] 
2024-11-19T16:56:13.125-03:00 DEBUG 11752 --- [clinical-study-system] [           main] org.hibernate.orm.sql.ast.create         : Registration of TableGroup [org.hibernate.sql.ast.tree.from.LazyTableGroup@1f381eaf] with identifierForTableGroup [com.inovamed.clinical_study_system.model.application.Application.doctor] for NavigablePath [com.inovamed.clinical_study_system.model.application.Application.doctor] 
2024-11-19T16:56:13.129-03:00 DEBUG 11752 --- [clinical-study-system] [           main] org.hibernate.orm.sql.ast.create         : Created new SQL alias : d1_0
2024-11-19T16:56:13.130-03:00 DEBUG 11752 --- [clinical-study-system] [           main] org.hibernate.orm.sql.ast.create         : Created new SQL alias : d1_1
2024-11-19T16:56:13.130-03:00 DEBUG 11752 --- [clinical-study-system] [           main] org.hibernate.orm.sql.ast.create         : Registration of TableGroup [org.hibernate.sql.ast.tree.from.LazyTableGroup@3f030217] with identifierForTableGroup [com.inovamed.clinical_study_system.model.application.Application.patient] for NavigablePath [com.inovamed.clinical_study_system.model.application.Application.patient] 
2024-11-19T16:56:13.130-03:00 DEBUG 11752 --- [clinical-study-system] [           main] org.hibernate.orm.sql.ast.create         : Created new SQL alias : p1_0
2024-11-19T16:56:13.130-03:00 DEBUG 11752 --- [clinical-study-system] [           main] org.hibernate.orm.sql.ast.create         : Created new SQL alias : p1_1
2024-11-19T16:56:13.131-03:00 DEBUG 11752 --- [clinical-study-system] [           main] org.hibernate.orm.sql.ast.create         : Registration of TableGroup [org.hibernate.sql.ast.tree.from.LazyTableGroup@1104ad6a] with identifierForTableGroup [com.inovamed.clinical_study_system.model.application.Application.patient.doctor] for NavigablePath [com.inovamed.clinical_study_system.model.application.Application.patient.doctor] 
2024-11-19T16:56:13.131-03:00 DEBUG 11752 --- [clinical-study-system] [           main] org.hibernate.orm.sql.ast.create         : Created new SQL alias : d2_0
2024-11-19T16:56:13.131-03:00 DEBUG 11752 --- [clinical-study-system] [           main] org.hibernate.orm.sql.ast.create         : Created new SQL alias : d2_1
2024-11-19T16:56:13.131-03:00 DEBUG 11752 --- [clinical-study-system] [           main] org.hibernate.orm.sql.ast.create         : Registration of TableGroup [org.hibernate.sql.ast.tree.from.LazyTableGroup@54d2887a] with identifierForTableGroup [com.inovamed.clinical_study_system.model.application.Application.patient.medicalHistory] for NavigablePath [com.inovamed.clinical_study_system.model.application.Application.patient.medicalHistory] 
2024-11-19T16:56:13.131-03:00 DEBUG 11752 --- [clinical-study-system] [           main] org.hibernate.orm.sql.ast.create         : Created new SQL alias : mh1_0
2024-11-19T16:56:13.136-03:00 DEBUG 11752 --- [clinical-study-system] [           main] org.hibernate.orm.sql.ast.create         : Registration of TableGroup [org.hibernate.sql.ast.tree.from.LazyTableGroup@5d8112e6] with identifierForTableGroup [com.inovamed.clinical_study_system.model.application.Application.patient.signature] for NavigablePath [com.inovamed.clinical_study_system.model.application.Application.patient.signature] 
2024-11-19T16:56:13.136-03:00 DEBUG 11752 --- [clinical-study-system] [           main] org.hibernate.orm.sql.ast.create         : Created new SQL alias : s1_0
2024-11-19T16:56:13.136-03:00 DEBUG 11752 --- [clinical-study-system] [           main] org.hibernate.orm.sql.ast.create         : Registration of TableGroup [org.hibernate.sql.ast.tree.from.LazyTableGroup@3cf7433e] with identifierForTableGroup [com.inovamed.clinical_study_system.model.application.Application.patient.signature.user] for NavigablePath [com.inovamed.clinical_study_system.model.application.Application.patient.signature.user] 
2024-11-19T16:56:13.136-03:00 DEBUG 11752 --- [clinical-study-system] [           main] org.hibernate.orm.sql.ast.create         : Created new SQL alias : u1_0
2024-11-19T16:56:13.136-03:00 DEBUG 11752 --- [clinical-study-system] [           main] org.hibernate.orm.sql.ast.create         : Created new SQL alias : u1_1
2024-11-19T16:56:13.136-03:00 DEBUG 11752 --- [clinical-study-system] [           main] org.hibernate.orm.sql.ast.create         : Created new SQL alias : u1_2
2024-11-19T16:56:13.136-03:00 DEBUG 11752 --- [clinical-study-system] [           main] org.hibernate.orm.sql.ast.create         : Created new SQL alias : u1_3
2024-11-19T16:56:13.138-03:00 DEBUG 11752 --- [clinical-study-system] [           main] org.hibernate.orm.sql.ast.create         : Registration of TableGroup [org.hibernate.sql.ast.tree.from.LazyTableGroup@506e382b] with identifierForTableGroup [treat(com.inovamed.clinical_study_system.model.application.Application.patient.signature.user as com.inovamed.clinical_study_system.model.patient.Patient).doctor] for NavigablePath [treat(com.inovamed.clinical_study_system.model.application.Application.patient.signature.user as com.inovamed.clinical_study_system.model.patient.Patient).doctor] 
2024-11-19T16:56:13.138-03:00 DEBUG 11752 --- [clinical-study-system] [           main] org.hibernate.orm.sql.ast.create         : Created new SQL alias : d3_0
2024-11-19T16:56:13.138-03:00 DEBUG 11752 --- [clinical-study-system] [           main] org.hibernate.orm.sql.ast.create         : Created new SQL alias : d3_1
2024-11-19T16:56:13.138-03:00 DEBUG 11752 --- [clinical-study-system] [           main] org.hibernate.orm.sql.ast.create         : Registration of TableGroup [org.hibernate.sql.ast.tree.from.LazyTableGroup@5a464be7] with identifierForTableGroup [treat(com.inovamed.clinical_study_system.model.application.Application.patient.signature.user as com.inovamed.clinical_study_system.model.patient.Patient).medicalHistory] for NavigablePath [treat(com.inovamed.clinical_study_system.model.application.Application.patient.signature.user as com.inovamed.clinical_study_system.model.patient.Patient).medicalHistory] 
2024-11-19T16:56:13.138-03:00 DEBUG 11752 --- [clinical-study-system] [           main] org.hibernate.orm.sql.ast.create         : Created new SQL alias : mh2_0
2024-11-19T16:56:13.140-03:00 DEBUG 11752 --- [clinical-study-system] [           main] org.hibernate.orm.sql.ast.create         : Registration of TableGroup [org.hibernate.sql.ast.tree.from.LazyTableGroup@3958db82] with identifierForTableGroup [treat(com.inovamed.clinical_study_system.model.application.Application.patient.signature.user as com.inovamed.clinical_study_system.model.patient.Patient).signature] for NavigablePath [treat(com.inovamed.clinical_study_system.model.application.Application.patient.signature.user as com.inovamed.clinical_study_system.model.patient.Patient).signature] 
2024-11-19T16:56:13.140-03:00 DEBUG 11752 --- [clinical-study-system] [           main] org.hibernate.orm.sql.ast.create         : Registration of TableGroup [org.hibernate.sql.ast.tree.from.LazyTableGroup@577f81a0] with identifierForTableGroup [com.inovamed.clinical_study_system.model.application.Application.research] for NavigablePath [com.inovamed.clinical_study_system.model.application.Application.research] 
2024-11-19T16:56:13.140-03:00 DEBUG 11752 --- [clinical-study-system] [           main] org.hibernate.orm.sql.ast.create         : Created new SQL alias : r1_0
2024-11-19T16:56:13.140-03:00 DEBUG 11752 --- [clinical-study-system] [           main] org.hibernate.orm.sql.ast.create         : Registration of TableGroup [org.hibernate.sql.ast.tree.from.LazyTableGroup@202d1424] with identifierForTableGroup [com.inovamed.clinical_study_system.model.application.Application.research.clinicalRepresentative] for NavigablePath [com.inovamed.clinical_study_system.model.application.Application.research.clinicalRepresentative] 
2024-11-19T16:56:13.140-03:00 DEBUG 11752 --- [clinical-study-system] [           main] org.hibernate.orm.sql.ast.create         : Created new SQL alias : cr1_0
2024-11-19T16:56:13.140-03:00 DEBUG 11752 --- [clinical-study-system] [           main] org.hibernate.orm.sql.ast.create         : Created new SQL alias : cr1_1
2024-11-19T16:56:13.142-03:00 DEBUG 11752 --- [clinical-study-system] [           main] org.hibernate.orm.sql.ast.create         : Registration of TableGroup [StandardVirtualTableGroup(com.inovamed.clinical_study_system.model.application.Application.research.criteria)] with identifierForTableGroup [com.inovamed.clinical_study_system.model.application.Application.research.criteria] for NavigablePath [com.inovamed.clinical_study_system.model.application.Application.research.criteria] 
2024-11-19T16:56:13.143-03:00 DEBUG 11752 --- [clinical-study-system] [           main] org.hibernate.orm.sql.ast.create         : Registration of TableGroup [StandardVirtualTableGroup(com.inovamed.clinical_study_system.model.application.Application.research.studyDuration)] with identifierForTableGroup [com.inovamed.clinical_study_system.model.application.Application.research.studyDuration] for NavigablePath [com.inovamed.clinical_study_system.model.application.Application.research.studyDuration] 
2024-11-19T16:56:13.143-03:00 DEBUG 11752 --- [clinical-study-system] [           main] org.hibernate.orm.results.graph.AST      : DomainResult Graph:
 \-EntityResultImpl [com.inovamed.clinical_study_system.model.application.Application]
 |  +-EntityFetchJoinedImpl [com.inovamed.clinical_study_system.model.application.Application.doctor]
 |  +-BasicFetch [com.inovamed.clinical_study_system.model.application.Application.message]
 |  +-EntityFetchJoinedImpl [com.inovamed.clinical_study_system.model.application.Application.patient]
 |  +-EntityFetchJoinedImpl [com.inovamed.clinical_study_system.model.application.Application.research]
 |  \-BasicFetch [com.inovamed.clinical_study_system.model.application.Application.statusApplication]

2024-11-19T16:56:13.144-03:00 DEBUG 11752 --- [clinical-study-system] [           main] org.hibernate.orm.sql.ast.tree           : SQL AST Tree:
    SelectStatement {
      FromClause {
        StandardTableGroup (a1 : com.inovamed.clinical_study_system.model.application.Application) {
          primaryTableReference : tb_application as a1_0
          TableGroupJoins {
             join LazyTableGroup (d1 : com.inovamed.clinical_study_system.model.application.Application.doctor) {
              primaryTableReference : tb_doctor as d1_0
              TableReferenceJoins {
                 join tb_user as d1_1
              }
            }
            left  join LazyTableGroup (p1 : com.inovamed.clinical_study_system.model.application.Application.patient) {
              primaryTableReference : tb_patient as p1_0
              TableReferenceJoins {
                 join tb_user as p1_1
              }
              TableGroupJoins {
                left  join LazyTableGroup (d2 : com.inovamed.clinical_study_system.model.application.Application.patient.doctor) {
                  primaryTableReference : tb_doctor as d2_0
                  TableReferenceJoins {
                     join tb_user as d2_1
                  }
                }
                left  join LazyTableGroup (mh1 : com.inovamed.clinical_study_system.model.application.Application.patient.medicalHistory) {
                  primaryTableReference : tb_medical_history as mh1_0
                }
                left  join LazyTableGroup (s1 : com.inovamed.clinical_study_system.model.application.Application.patient.signature) {
                  primaryTableReference : tb_digital_signature as s1_0
                  TableGroupJoins {
                    left  join LazyTableGroup (u1 : com.inovamed.clinical_study_system.model.application.Application.patient.signature.user) {
                      primaryTableReference : tb_user as u1_0
                      TableReferenceJoins {
                        left  join tb_clinical_study_representative as u1_1
                        left  join tb_doctor as u1_2
                        left  join tb_patient as u1_3
                      }
                      TableGroupJoins {
                        left  join LazyTableGroup (d3 : treat(com.inovamed.clinical_study_system.model.application.Application.patient.signature.user as #com.inovamed.clinical_study_system.model.patient.Patient).doctor) {
                          primaryTableReference : tb_doctor as d3_0
                          TableReferenceJoins {
                             join tb_user as d3_1
                          }
                        }
                        left  join LazyTableGroup (mh2 : treat(com.inovamed.clinical_study_system.model.application.Application.patient.signature.user as #com.inovamed.clinical_study_system.model.patient.Patient).medicalHistory) {
                          primaryTableReference : tb_medical_history as mh2_0
                        }
                        left  join LazyTableGroup (s2 : treat(com.inovamed.clinical_study_system.model.application.Application.patient.signature.user as #com.inovamed.clinical_study_system.model.patient.Patient).signature) {
                        }
                      }
                    }
                  }
                }
              }
            }
            left  join LazyTableGroup (r1 : com.inovamed.clinical_study_system.model.application.Application.research) {
              primaryTableReference : tb_research as r1_0
              TableGroupJoins {
                left  join LazyTableGroup (cr1 : com.inovamed.clinical_study_system.model.application.Application.research.clinicalRepresentative) {
                  primaryTableReference : tb_clinical_study_representative as cr1_0
                  TableReferenceJoins {
                     join tb_user as cr1_1
                  }
                }
                 join StandardVirtualTableGroup (null : com.inovamed.clinical_study_system.model.application.Application.research.criteria) {
                  primaryTableReference : tb_research as r1_0
                }
                 join StandardVirtualTableGroup (null : com.inovamed.clinical_study_system.model.application.Application.research.studyDuration) {
                  primaryTableReference : tb_research as r1_0
                }
              }
            }
          }
        }
      }
    }

2024-11-19T16:56:13.146-03:00 DEBUG 11752 --- [clinical-study-system] [           main] o.h.p.entity.AbstractEntityPersister     : Static SQL for entity: com.inovamed.clinical_study_system.model.application.Application
2024-11-19T16:56:13.146-03:00 DEBUG 11752 --- [clinical-study-system] [           main] o.h.p.entity.AbstractEntityPersister     :  Version select: select id from tb_application where id=?
2024-11-19T16:56:13.146-03:00 DEBUG 11752 --- [clinical-study-system] [           main] o.h.p.entity.AbstractEntityPersister     :  Insert (0): insert into tb_application (doctor_id,message,patient_id,research_research_id,status_application) values (?,?,?,?,?) returning id
2024-11-19T16:56:13.146-03:00 DEBUG 11752 --- [clinical-study-system] [           main] o.h.p.entity.AbstractEntityPersister     :  Update (0): update tb_application set doctor_id=?,message=?,patient_id=?,research_research_id=?,status_application=? where id=?
2024-11-19T16:56:13.146-03:00 DEBUG 11752 --- [clinical-study-system] [           main] o.h.p.entity.AbstractEntityPersister     :  Delete (0): delete from tb_application where id=?
2024-11-19T16:56:13.146-03:00 DEBUG 11752 --- [clinical-study-system] [           main] org.hibernate.orm.sql.ast.create         : Created new SQL alias : d1_0
2024-11-19T16:56:13.146-03:00 DEBUG 11752 --- [clinical-study-system] [           main] org.hibernate.orm.sql.ast.create         : Registration of TableGroup [StandardTableGroup(com.inovamed.clinical_study_system.model.doctor.Doctor)] with identifierForTableGroup [com.inovamed.clinical_study_system.model.doctor.Doctor] for NavigablePath [com.inovamed.clinical_study_system.model.doctor.Doctor] 
2024-11-19T16:56:13.146-03:00 DEBUG 11752 --- [clinical-study-system] [           main] org.hibernate.orm.sql.ast.create         : Created new SQL alias : d1_1
2024-11-19T16:56:13.147-03:00 DEBUG 11752 --- [clinical-study-system] [           main] org.hibernate.orm.results.graph.AST      : DomainResult Graph:
 \-EntityResultImpl [com.inovamed.clinical_study_system.model.doctor.Doctor]
 |  +-DelayedCollectionFetch [com.inovamed.clinical_study_system.model.doctor.Doctor.digitalSignatures]
 |  +-BasicFetch [com.inovamed.clinical_study_system.model.doctor.Doctor.email]
 |  +-BasicFetch [com.inovamed.clinical_study_system.model.doctor.Doctor.password]
 |  +-BasicFetch [com.inovamed.clinical_study_system.model.doctor.Doctor.publicKey]
 |  +-BasicFetch [com.inovamed.clinical_study_system.model.doctor.Doctor.roles]
 |  +-DelayedCollectionFetch [com.inovamed.clinical_study_system.model.doctor.Doctor.applicationsSubmitted]
 |  +-BasicFetch [com.inovamed.clinical_study_system.model.doctor.Doctor.clinic]
 |  +-BasicFetch [com.inovamed.clinical_study_system.model.doctor.Doctor.crm]
 |  +-BasicFetch [com.inovamed.clinical_study_system.model.doctor.Doctor.doctorExperienceEnum]
 |  +-BasicFetch [com.inovamed.clinical_study_system.model.doctor.Doctor.key]
 |  +-BasicFetch [com.inovamed.clinical_study_system.model.doctor.Doctor.name]
 |  +-DelayedCollectionFetch [com.inovamed.clinical_study_system.model.doctor.Doctor.notifications]
 |  +-DelayedCollectionFetch [com.inovamed.clinical_study_system.model.doctor.Doctor.patients]
 |  +-BasicFetch [com.inovamed.clinical_study_system.model.doctor.Doctor.phone]
 |  \-BasicFetch [com.inovamed.clinical_study_system.model.doctor.Doctor.specialty]

2024-11-19T16:56:13.147-03:00 DEBUG 11752 --- [clinical-study-system] [           main] org.hibernate.orm.sql.ast.tree           : SQL AST Tree:
    SelectStatement {
      FromClause {
        StandardTableGroup (d1 : com.inovamed.clinical_study_system.model.doctor.Doctor) {
          primaryTableReference : tb_doctor as d1_0
          TableReferenceJoins {
             join tb_user as d1_1
          }
        }
      }
    }

2024-11-19T16:56:13.147-03:00 DEBUG 11752 --- [clinical-study-system] [           main] o.h.p.entity.AbstractEntityPersister     : Static SQL for entity: com.inovamed.clinical_study_system.model.doctor.Doctor
2024-11-19T16:56:13.147-03:00 DEBUG 11752 --- [clinical-study-system] [           main] o.h.p.entity.AbstractEntityPersister     :  Version select: select id from tb_user where id=?
2024-11-19T16:56:13.147-03:00 DEBUG 11752 --- [clinical-study-system] [           main] o.h.p.entity.AbstractEntityPersister     :  Insert (0): insert into tb_user (email,password,public_key,roles) values (?,?,?,?) returning id
2024-11-19T16:56:13.147-03:00 DEBUG 11752 --- [clinical-study-system] [           main] o.h.p.entity.AbstractEntityPersister     :  Insert (1): insert into tb_doctor (clinic,crm,doctor_experience_enum,key_doctor,name,phone,specialty,id) values (?,?,?,?,?,?,?,?)
2024-11-19T16:56:13.147-03:00 DEBUG 11752 --- [clinical-study-system] [           main] o.h.p.entity.AbstractEntityPersister     :  Update (0): update tb_user set email=?,password=?,public_key=?,roles=? where id=?
2024-11-19T16:56:13.147-03:00 DEBUG 11752 --- [clinical-study-system] [           main] o.h.p.entity.AbstractEntityPersister     :  Update (1): update tb_doctor set clinic=?,crm=?,doctor_experience_enum=?,key_doctor=?,name=?,phone=?,specialty=? where id=?
2024-11-19T16:56:13.147-03:00 DEBUG 11752 --- [clinical-study-system] [           main] o.h.p.entity.AbstractEntityPersister     :  Delete (0): delete from tb_doctor where id=?
2024-11-19T16:56:13.147-03:00 DEBUG 11752 --- [clinical-study-system] [           main] o.h.p.entity.AbstractEntityPersister     :  Delete (1): delete from tb_user where id=?
2024-11-19T16:56:13.147-03:00 DEBUG 11752 --- [clinical-study-system] [           main] org.hibernate.orm.sql.ast.create         : Created new SQL alias : u1_0
2024-11-19T16:56:13.147-03:00 DEBUG 11752 --- [clinical-study-system] [           main] org.hibernate.orm.sql.ast.create         : Registration of TableGroup [StandardTableGroup(com.inovamed.clinical_study_system.model.user.User)] with identifierForTableGroup [com.inovamed.clinical_study_system.model.user.User] for NavigablePath [com.inovamed.clinical_study_system.model.user.User] 
2024-11-19T16:56:13.147-03:00 DEBUG 11752 --- [clinical-study-system] [           main] org.hibernate.orm.sql.ast.create         : Created new SQL alias : u1_1
2024-11-19T16:56:13.147-03:00 DEBUG 11752 --- [clinical-study-system] [           main] org.hibernate.orm.sql.ast.create         : Created new SQL alias : u1_2
2024-11-19T16:56:13.147-03:00 DEBUG 11752 --- [clinical-study-system] [           main] org.hibernate.orm.sql.ast.create         : Created new SQL alias : u1_3
2024-11-19T16:56:13.148-03:00 DEBUG 11752 --- [clinical-study-system] [           main] org.hibernate.orm.sql.ast.create         : Registration of TableGroup [org.hibernate.sql.ast.tree.from.LazyTableGroup@49741e80] with identifierForTableGroup [treat(com.inovamed.clinical_study_system.model.user.User as com.inovamed.clinical_study_system.model.patient.Patient).doctor] for NavigablePath [treat(com.inovamed.clinical_study_system.model.user.User as com.inovamed.clinical_study_system.model.patient.Patient).doctor] 
2024-11-19T16:56:13.148-03:00 DEBUG 11752 --- [clinical-study-system] [           main] org.hibernate.orm.sql.ast.create         : Created new SQL alias : d1_0
2024-11-19T16:56:13.148-03:00 DEBUG 11752 --- [clinical-study-system] [           main] org.hibernate.orm.sql.ast.create         : Created new SQL alias : d1_1
2024-11-19T16:56:13.148-03:00 DEBUG 11752 --- [clinical-study-system] [           main] org.hibernate.orm.sql.ast.create         : Registration of TableGroup [org.hibernate.sql.ast.tree.from.LazyTableGroup@414d466e] with identifierForTableGroup [treat(com.inovamed.clinical_study_system.model.user.User as com.inovamed.clinical_study_system.model.patient.Patient).medicalHistory] for NavigablePath [treat(com.inovamed.clinical_study_system.model.user.User as com.inovamed.clinical_study_system.model.patient.Patient).medicalHistory] 
2024-11-19T16:56:13.148-03:00 DEBUG 11752 --- [clinical-study-system] [           main] org.hibernate.orm.sql.ast.create         : Created new SQL alias : mh1_0
2024-11-19T16:56:13.148-03:00 DEBUG 11752 --- [clinical-study-system] [           main] org.hibernate.orm.sql.ast.create         : Registration of TableGroup [org.hibernate.sql.ast.tree.from.LazyTableGroup@39acf187] with identifierForTableGroup [treat(com.inovamed.clinical_study_system.model.user.User as com.inovamed.clinical_study_system.model.patient.Patient).signature] for NavigablePath [treat(com.inovamed.clinical_study_system.model.user.User as com.inovamed.clinical_study_system.model.patient.Patient).signature] 
2024-11-19T16:56:13.148-03:00 DEBUG 11752 --- [clinical-study-system] [           main] org.hibernate.orm.sql.ast.create         : Created new SQL alias : s1_0
2024-11-19T16:56:13.149-03:00 DEBUG 11752 --- [clinical-study-system] [           main] org.hibernate.orm.sql.ast.create         : Registration of TableGroup [org.hibernate.sql.ast.tree.from.LazyTableGroup@643a73fa] with identifierForTableGroup [treat(com.inovamed.clinical_study_system.model.user.User as com.inovamed.clinical_study_system.model.patient.Patient).signature.user] for NavigablePath [treat(com.inovamed.clinical_study_system.model.user.User as com.inovamed.clinical_study_system.model.patient.Patient).signature.user] 
2024-11-19T16:56:13.149-03:00 DEBUG 11752 --- [clinical-study-system] [           main] org.hibernate.orm.sql.ast.create         : Created new SQL alias : u2_0
2024-11-19T16:56:13.149-03:00 DEBUG 11752 --- [clinical-study-system] [           main] org.hibernate.orm.sql.ast.create         : Created new SQL alias : u2_1
2024-11-19T16:56:13.149-03:00 DEBUG 11752 --- [clinical-study-system] [           main] org.hibernate.orm.sql.ast.create         : Created new SQL alias : u2_2
2024-11-19T16:56:13.149-03:00 DEBUG 11752 --- [clinical-study-system] [           main] org.hibernate.orm.sql.ast.create         : Created new SQL alias : u2_3
2024-11-19T16:56:13.149-03:00 DEBUG 11752 --- [clinical-study-system] [           main] org.hibernate.orm.sql.ast.create         : Registration of TableGroup [org.hibernate.sql.ast.tree.from.LazyTableGroup@2686a801] with identifierForTableGroup [treat(treat(com.inovamed.clinical_study_system.model.user.User as #com.inovamed.clinical_study_system.model.patient.Patient).signature.user as com.inovamed.clinical_study_system.model.patient.Patient).doctor] for NavigablePath [treat(treat(com.inovamed.clinical_study_system.model.user.User as #com.inovamed.clinical_study_system.model.patient.Patient).signature.user as com.inovamed.clinical_study_system.model.patient.Patient).doctor] 
2024-11-19T16:56:13.149-03:00 DEBUG 11752 --- [clinical-study-system] [           main] org.hibernate.orm.sql.ast.create         : Created new SQL alias : d2_0
2024-11-19T16:56:13.149-03:00 DEBUG 11752 --- [clinical-study-system] [           main] org.hibernate.orm.sql.ast.create         : Created new SQL alias : d2_1
2024-11-19T16:56:13.149-03:00 DEBUG 11752 --- [clinical-study-system] [           main] org.hibernate.orm.sql.ast.create         : Registration of TableGroup [org.hibernate.sql.ast.tree.from.LazyTableGroup@7878459f] with identifierForTableGroup [treat(treat(com.inovamed.clinical_study_system.model.user.User as #com.inovamed.clinical_study_system.model.patient.Patient).signature.user as com.inovamed.clinical_study_system.model.patient.Patient).medicalHistory] for NavigablePath [treat(treat(com.inovamed.clinical_study_system.model.user.User as #com.inovamed.clinical_study_system.model.patient.Patient).signature.user as com.inovamed.clinical_study_system.model.patient.Patient).medicalHistory] 
2024-11-19T16:56:13.149-03:00 DEBUG 11752 --- [clinical-study-system] [           main] org.hibernate.orm.sql.ast.create         : Created new SQL alias : mh2_0
2024-11-19T16:56:13.150-03:00 DEBUG 11752 --- [clinical-study-system] [           main] org.hibernate.orm.sql.ast.create         : Registration of TableGroup [org.hibernate.sql.ast.tree.from.LazyTableGroup@4f6a5cc9] with identifierForTableGroup [treat(treat(com.inovamed.clinical_study_system.model.user.User as #com.inovamed.clinical_study_system.model.patient.Patient).signature.user as com.inovamed.clinical_study_system.model.patient.Patient).signature] for NavigablePath [treat(treat(com.inovamed.clinical_study_system.model.user.User as #com.inovamed.clinical_study_system.model.patient.Patient).signature.user as com.inovamed.clinical_study_system.model.patient.Patient).signature] 
2024-11-19T16:56:13.150-03:00 DEBUG 11752 --- [clinical-study-system] [           main] org.hibernate.orm.results.graph.AST      : DomainResult Graph:
 \-EntityResultImpl [com.inovamed.clinical_study_system.model.user.User]
 |  +-DelayedCollectionFetch [com.inovamed.clinical_study_system.model.user.User.digitalSignatures]
 |  +-BasicFetch [com.inovamed.clinical_study_system.model.user.User.email]
 |  +-BasicFetch [com.inovamed.clinical_study_system.model.user.User.password]
 |  +-BasicFetch [com.inovamed.clinical_study_system.model.user.User.publicKey]
 |  +-BasicFetch [com.inovamed.clinical_study_system.model.user.User.roles]
 |  +-BasicFetch [treat(com.inovamed.clinical_study_system.model.user.User as #com.inovamed.clinical_study_system.model.clinical_study_representative.ClinicalStudyRepresentative).clinicalRole]
 |  +-BasicFetch [treat(com.inovamed.clinical_study_system.model.user.User as #com.inovamed.clinical_study_system.model.clinical_study_representative.ClinicalStudyRepresentative).experiences]
 |  +-BasicFetch [treat(com.inovamed.clinical_study_system.model.user.User as #com.inovamed.clinical_study_system.model.clinical_study_representative.ClinicalStudyRepresentative).name]
 |  +-DelayedCollectionFetch [treat(com.inovamed.clinical_study_system.model.user.User as #com.inovamed.clinical_study_system.model.clinical_study_representative.ClinicalStudyRepresentative).notifications]
 |  +-BasicFetch [treat(com.inovamed.clinical_study_system.model.user.User as #com.inovamed.clinical_study_system.model.clinical_study_representative.ClinicalStudyRepresentative).phone]
 |  +-DelayedCollectionFetch [treat(com.inovamed.clinical_study_system.model.user.User as #com.inovamed.clinical_study_system.model.clinical_study_representative.ClinicalStudyRepresentative).research]
 |  +-DelayedCollectionFetch [treat(com.inovamed.clinical_study_system.model.user.User as #com.inovamed.clinical_study_system.model.doctor.Doctor).applicationsSubmitted]
 |  +-BasicFetch [treat(com.inovamed.clinical_study_system.model.user.User as #com.inovamed.clinical_study_system.model.doctor.Doctor).clinic]
 |  +-BasicFetch [treat(com.inovamed.clinical_study_system.model.user.User as #com.inovamed.clinical_study_system.model.doctor.Doctor).crm]
 |  +-BasicFetch [treat(com.inovamed.clinical_study_system.model.user.User as #com.inovamed.clinical_study_system.model.doctor.Doctor).doctorExperienceEnum]
 |  +-BasicFetch [treat(com.inovamed.clinical_study_system.model.user.User as #com.inovamed.clinical_study_system.model.doctor.Doctor).key]
 |  +-BasicFetch [treat(com.inovamed.clinical_study_system.model.user.User as #com.inovamed.clinical_study_system.model.doctor.Doctor).name]
 |  +-DelayedCollectionFetch [treat(com.inovamed.clinical_study_system.model.user.User as #com.inovamed.clinical_study_system.model.doctor.Doctor).notifications]
 |  +-DelayedCollectionFetch [treat(com.inovamed.clinical_study_system.model.user.User as #com.inovamed.clinical_study_system.model.doctor.Doctor).patients]
 |  +-BasicFetch [treat(com.inovamed.clinical_study_system.model.user.User as #com.inovamed.clinical_study_system.model.doctor.Doctor).phone]
 |  +-BasicFetch [treat(com.inovamed.clinical_study_system.model.user.User as #com.inovamed.clinical_study_system.model.doctor.Doctor).specialty]
 |  +-DelayedCollectionFetch [treat(com.inovamed.clinical_study_system.model.user.User as #com.inovamed.clinical_study_system.model.patient.Patient).authorizations]
 |  +-BasicFetch [treat(com.inovamed.clinical_study_system.model.user.User as #com.inovamed.clinical_study_system.model.patient.Patient).birth]
 |  +-BasicFetch [treat(com.inovamed.clinical_study_system.model.user.User as #com.inovamed.clinical_study_system.model.patient.Patient).code]
 |  +-BasicFetch [treat(com.inovamed.clinical_study_system.model.user.User as #com.inovamed.clinical_study_system.model.patient.Patient).digitalSignatureConsent]
 |  +-EntityFetchJoinedImpl [treat(com.inovamed.clinical_study_system.model.user.User as #com.inovamed.clinical_study_system.model.patient.Patient).doctor]
 |  +-BasicFetch [treat(com.inovamed.clinical_study_system.model.user.User as #com.inovamed.clinical_study_system.model.patient.Patient).gender]
 |  +-EntityFetchJoinedImpl [treat(com.inovamed.clinical_study_system.model.user.User as #com.inovamed.clinical_study_system.model.patient.Patient).medicalHistory]
 |  +-BasicFetch [treat(com.inovamed.clinical_study_system.model.user.User as #com.inovamed.clinical_study_system.model.patient.Patient).name]
 |  +-DelayedCollectionFetch [treat(com.inovamed.clinical_study_system.model.user.User as #com.inovamed.clinical_study_system.model.patient.Patient).notifications]
 |  +-BasicFetch [treat(com.inovamed.clinical_study_system.model.user.User as #com.inovamed.clinical_study_system.model.patient.Patient).phone]
 |  +-DelayedCollectionFetch [treat(com.inovamed.clinical_study_system.model.user.User as #com.inovamed.clinical_study_system.model.patient.Patient).researches]
 |  +-BasicFetch [treat(com.inovamed.clinical_study_system.model.user.User as #com.inovamed.clinical_study_system.model.patient.Patient).responsibleDoctor]
 |  \-EntityFetchJoinedImpl [treat(com.inovamed.clinical_study_system.model.user.User as #com.inovamed.clinical_study_system.model.patient.Patient).signature]

2024-11-19T16:56:13.150-03:00 DEBUG 11752 --- [clinical-study-system] [           main] org.hibernate.orm.sql.ast.tree           : SQL AST Tree:
    SelectStatement {
      FromClause {
        StandardTableGroup (u1 : com.inovamed.clinical_study_system.model.user.User) {
          primaryTableReference : tb_user as u1_0
          TableReferenceJoins {
            left  join tb_clinical_study_representative as u1_1
            left  join tb_doctor as u1_2
            left  join tb_patient as u1_3
          }
          TableGroupJoins {
            left  join LazyTableGroup (d1 : treat(com.inovamed.clinical_study_system.model.user.User as #com.inovamed.clinical_study_system.model.patient.Patient).doctor) {
              primaryTableReference : tb_doctor as d1_0
              TableReferenceJoins {
                 join tb_user as d1_1
              }
            }
            left  join LazyTableGroup (mh1 : treat(com.inovamed.clinical_study_system.model.user.User as #com.inovamed.clinical_study_system.model.patient.Patient).medicalHistory) {
              primaryTableReference : tb_medical_history as mh1_0
            }
            left  join LazyTableGroup (s1 : treat(com.inovamed.clinical_study_system.model.user.User as #com.inovamed.clinical_study_system.model.patient.Patient).signature) {
              primaryTableReference : tb_digital_signature as s1_0
              TableGroupJoins {
                left  join LazyTableGroup (u2 : treat(com.inovamed.clinical_study_system.model.user.User as #com.inovamed.clinical_study_system.model.patient.Patient).signature.user) {
                  primaryTableReference : tb_user as u2_0
                  TableReferenceJoins {
                    left  join tb_clinical_study_representative as u2_1
                    left  join tb_doctor as u2_2
                    left  join tb_patient as u2_3
                  }
                  TableGroupJoins {
                    left  join LazyTableGroup (d2 : treat(treat(com.inovamed.clinical_study_system.model.user.User as #com.inovamed.clinical_study_system.model.patient.Patient).signature.user as #com.inovamed.clinical_study_system.model.patient.Patient).doctor) {
                      primaryTableReference : tb_doctor as d2_0
                      TableReferenceJoins {
                         join tb_user as d2_1
                      }
                    }
                    left  join LazyTableGroup (mh2 : treat(treat(com.inovamed.clinical_study_system.model.user.User as #com.inovamed.clinical_study_system.model.patient.Patient).signature.user as #com.inovamed.clinical_study_system.model.patient.Patient).medicalHistory) {
                      primaryTableReference : tb_medical_history as mh2_0
                    }
                    left  join LazyTableGroup (s2 : treat(treat(com.inovamed.clinical_study_system.model.user.User as #com.inovamed.clinical_study_system.model.patient.Patient).signature.user as #com.inovamed.clinical_study_system.model.patient.Patient).signature) {
                    }
                  }
                }
              }
            }
          }
        }
      }
    }

2024-11-19T16:56:13.151-03:00 DEBUG 11752 --- [clinical-study-system] [           main] o.h.p.entity.AbstractEntityPersister     : Static SQL for entity: com.inovamed.clinical_study_system.model.user.User
2024-11-19T16:56:13.151-03:00 DEBUG 11752 --- [clinical-study-system] [           main] o.h.p.entity.AbstractEntityPersister     :  Version select: select id from tb_user where id=?
2024-11-19T16:56:13.151-03:00 DEBUG 11752 --- [clinical-study-system] [           main] o.h.p.entity.AbstractEntityPersister     :  Insert (0): insert into tb_user (email,password,public_key,roles) values (?,?,?,?) returning id
2024-11-19T16:56:13.151-03:00 DEBUG 11752 --- [clinical-study-system] [           main] o.h.p.entity.AbstractEntityPersister     :  Update (0): update tb_user set email=?,password=?,public_key=?,roles=? where id=?
2024-11-19T16:56:13.151-03:00 DEBUG 11752 --- [clinical-study-system] [           main] o.h.p.entity.AbstractEntityPersister     :  Delete (0): delete from tb_user where id=?
2024-11-19T16:56:13.151-03:00 DEBUG 11752 --- [clinical-study-system] [           main] org.hibernate.orm.sql.ast.create         : Created new SQL alias : r1_0
2024-11-19T16:56:13.151-03:00 DEBUG 11752 --- [clinical-study-system] [           main] org.hibernate.orm.sql.ast.create         : Registration of TableGroup [StandardTableGroup(com.inovamed.clinical_study_system.model.research.Research)] with identifierForTableGroup [com.inovamed.clinical_study_system.model.research.Research] for NavigablePath [com.inovamed.clinical_study_system.model.research.Research] 
2024-11-19T16:56:13.151-03:00 DEBUG 11752 --- [clinical-study-system] [           main] org.hibernate.orm.sql.ast.create         : Registration of TableGroup [org.hibernate.sql.ast.tree.from.LazyTableGroup@4ef10d3b] with identifierForTableGroup [com.inovamed.clinical_study_system.model.research.Research.clinicalRepresentative] for NavigablePath [com.inovamed.clinical_study_system.model.research.Research.clinicalRepresentative] 
2024-11-19T16:56:13.151-03:00 DEBUG 11752 --- [clinical-study-system] [           main] org.hibernate.orm.sql.ast.create         : Created new SQL alias : cr1_0
2024-11-19T16:56:13.151-03:00 DEBUG 11752 --- [clinical-study-system] [           main] org.hibernate.orm.sql.ast.create         : Created new SQL alias : cr1_1
2024-11-19T16:56:13.151-03:00 DEBUG 11752 --- [clinical-study-system] [           main] org.hibernate.orm.sql.ast.create         : Registration of TableGroup [StandardVirtualTableGroup(com.inovamed.clinical_study_system.model.research.Research.criteria)] with identifierForTableGroup [com.inovamed.clinical_study_system.model.research.Research.criteria] for NavigablePath [com.inovamed.clinical_study_system.model.research.Research.criteria] 
2024-11-19T16:56:13.153-03:00 DEBUG 11752 --- [clinical-study-system] [           main] org.hibernate.orm.sql.ast.create         : Registration of TableGroup [StandardVirtualTableGroup(com.inovamed.clinical_study_system.model.research.Research.studyDuration)] with identifierForTableGroup [com.inovamed.clinical_study_system.model.research.Research.studyDuration] for NavigablePath [com.inovamed.clinical_study_system.model.research.Research.studyDuration] 
2024-11-19T16:56:13.153-03:00 DEBUG 11752 --- [clinical-study-system] [           main] org.hibernate.orm.results.graph.AST      : DomainResult Graph:
 \-EntityResultImpl [com.inovamed.clinical_study_system.model.research.Research]
 |  +-BasicFetch [com.inovamed.clinical_study_system.model.research.Research.area]
 |  +-DelayedCollectionFetch [com.inovamed.clinical_study_system.model.research.Research.attachments]
 |  +-BasicFetch [com.inovamed.clinical_study_system.model.research.Research.availableVacancies]
 |  +-EntityFetchJoinedImpl [com.inovamed.clinical_study_system.model.research.Research.clinicalRepresentative]
 |  +-BasicFetch [com.inovamed.clinical_study_system.model.research.Research.code]
 |  +-EmbeddableFetchImpl [com.inovamed.clinical_study_system.model.research.Research.criteria]
 |  |  +-BasicFetch [com.inovamed.clinical_study_system.model.research.Research.criteria.exclusion]
 |  |  \-BasicFetch [com.inovamed.clinical_study_system.model.research.Research.criteria.inclusion]
 |  +-BasicFetch [com.inovamed.clinical_study_system.model.research.Research.currentPhase]
 |  +-BasicFetch [com.inovamed.clinical_study_system.model.research.Research.description]
 |  +-DelayedCollectionFetch [com.inovamed.clinical_study_system.model.research.Research.institutions]
 |  +-BasicFetch [com.inovamed.clinical_study_system.model.research.Research.location]
 |  +-BasicFetch [com.inovamed.clinical_study_system.model.research.Research.numberOfPatients]
 |  +-DelayedCollectionFetch [com.inovamed.clinical_study_system.model.research.Research.patients]
 |  +-DelayedCollectionFetch [com.inovamed.clinical_study_system.model.research.Research.phases]
 |  +-DelayedCollectionFetch [com.inovamed.clinical_study_system.model.research.Research.responsibleDoctors]
 |  +-EmbeddableFetchImpl [com.inovamed.clinical_study_system.model.research.Research.studyDuration]
 |  |  +-BasicFetch [com.inovamed.clinical_study_system.model.research.Research.studyDuration.end]
 |  |  \-BasicFetch [com.inovamed.clinical_study_system.model.research.Research.studyDuration.start]
 |  \-BasicFetch [com.inovamed.clinical_study_system.model.research.Research.title]

2024-11-19T16:56:13.153-03:00 DEBUG 11752 --- [clinical-study-system] [           main] org.hibernate.orm.sql.ast.tree           : SQL AST Tree:
    SelectStatement {
      FromClause {
        StandardTableGroup (r1 : com.inovamed.clinical_study_system.model.research.Research) {
          primaryTableReference : tb_research as r1_0
          TableGroupJoins {
            left  join LazyTableGroup (cr1 : com.inovamed.clinical_study_system.model.research.Research.clinicalRepresentative) {
              primaryTableReference : tb_clinical_study_representative as cr1_0
              TableReferenceJoins {
                 join tb_user as cr1_1
              }
            }
             join StandardVirtualTableGroup (null : com.inovamed.clinical_study_system.model.research.Research.criteria) {
              primaryTableReference : tb_research as r1_0
            }
             join StandardVirtualTableGroup (null : com.inovamed.clinical_study_system.model.research.Research.studyDuration) {
              primaryTableReference : tb_research as r1_0
            }
          }
        }
      }
    }

2024-11-19T16:56:13.153-03:00 DEBUG 11752 --- [clinical-study-system] [           main] o.h.p.entity.AbstractEntityPersister     : Static SQL for entity: com.inovamed.clinical_study_system.model.research.Research
2024-11-19T16:56:13.153-03:00 DEBUG 11752 --- [clinical-study-system] [           main] o.h.p.entity.AbstractEntityPersister     :  Version select: select research_id from tb_research where research_id=?
2024-11-19T16:56:13.153-03:00 DEBUG 11752 --- [clinical-study-system] [           main] o.h.p.entity.AbstractEntityPersister     :  Insert (0): insert into tb_research (area,available_vacancies,clinical_study_representative_id,code,exclusion,inclusion,current_phase,description,location,number_of_patients,end_date,start_date,title) values (?,?,?,?,?,?,?,?,?,?,?,?,?) returning research_id
2024-11-19T16:56:13.153-03:00 DEBUG 11752 --- [clinical-study-system] [           main] o.h.p.entity.AbstractEntityPersister     :  Update (0): update tb_research set area=?,available_vacancies=?,clinical_study_representative_id=?,code=?,exclusion=?,inclusion=?,current_phase=?,description=?,location=?,number_of_patients=?,end_date=?,start_date=?,title=? where research_id=?
2024-11-19T16:56:13.153-03:00 DEBUG 11752 --- [clinical-study-system] [           main] o.h.p.entity.AbstractEntityPersister     :  Delete (0): delete from tb_research where research_id=?
2024-11-19T16:56:13.153-03:00 DEBUG 11752 --- [clinical-study-system] [           main] org.hibernate.orm.sql.ast.create         : Created new SQL alias : a1_0
2024-11-19T16:56:13.153-03:00 DEBUG 11752 --- [clinical-study-system] [           main] org.hibernate.orm.sql.ast.create         : Registration of TableGroup [StandardTableGroup(com.inovamed.clinical_study_system.model.attachment.Attachment)] with identifierForTableGroup [com.inovamed.clinical_study_system.model.attachment.Attachment] for NavigablePath [com.inovamed.clinical_study_system.model.attachment.Attachment] 
2024-11-19T16:56:13.154-03:00 DEBUG 11752 --- [clinical-study-system] [           main] org.hibernate.orm.sql.ast.create         : Registration of TableGroup [org.hibernate.sql.ast.tree.from.LazyTableGroup@690e7b89] with identifierForTableGroup [com.inovamed.clinical_study_system.model.attachment.Attachment.notification] for NavigablePath [com.inovamed.clinical_study_system.model.attachment.Attachment.notification] 
2024-11-19T16:56:13.154-03:00 DEBUG 11752 --- [clinical-study-system] [           main] org.hibernate.orm.sql.ast.create         : Created new SQL alias : n1_0
2024-11-19T16:56:13.154-03:00 DEBUG 11752 --- [clinical-study-system] [           main] org.hibernate.orm.sql.ast.create         : Registration of TableGroup [org.hibernate.sql.ast.tree.from.LazyTableGroup@17554316] with identifierForTableGroup [com.inovamed.clinical_study_system.model.attachment.Attachment.notification.studyRepresentative] for NavigablePath [com.inovamed.clinical_study_system.model.attachment.Attachment.notification.studyRepresentative] 
2024-11-19T16:56:13.154-03:00 DEBUG 11752 --- [clinical-study-system] [           main] org.hibernate.orm.sql.ast.create         : Created new SQL alias : sr1_0
2024-11-19T16:56:13.154-03:00 DEBUG 11752 --- [clinical-study-system] [           main] org.hibernate.orm.sql.ast.create         : Created new SQL alias : sr1_1
2024-11-19T16:56:13.154-03:00 DEBUG 11752 --- [clinical-study-system] [           main] org.hibernate.orm.sql.ast.create         : Registration of TableGroup [org.hibernate.sql.ast.tree.from.LazyTableGroup@518b0c12] with identifierForTableGroup [com.inovamed.clinical_study_system.model.attachment.Attachment.research] for NavigablePath [com.inovamed.clinical_study_system.model.attachment.Attachment.research] 
2024-11-19T16:56:13.154-03:00 DEBUG 11752 --- [clinical-study-system] [           main] org.hibernate.orm.sql.ast.create         : Created new SQL alias : r1_0
2024-11-19T16:56:13.154-03:00 DEBUG 11752 --- [clinical-study-system] [           main] org.hibernate.orm.sql.ast.create         : Registration of TableGroup [org.hibernate.sql.ast.tree.from.LazyTableGroup@5af1b221] with identifierForTableGroup [com.inovamed.clinical_study_system.model.attachment.Attachment.research.clinicalRepresentative] for NavigablePath [com.inovamed.clinical_study_system.model.attachment.Attachment.research.clinicalRepresentative] 
2024-11-19T16:56:13.154-03:00 DEBUG 11752 --- [clinical-study-system] [           main] org.hibernate.orm.sql.ast.create         : Created new SQL alias : cr1_0
2024-11-19T16:56:13.154-03:00 DEBUG 11752 --- [clinical-study-system] [           main] org.hibernate.orm.sql.ast.create         : Created new SQL alias : cr1_1
2024-11-19T16:56:13.155-03:00 DEBUG 11752 --- [clinical-study-system] [           main] org.hibernate.orm.sql.ast.create         : Registration of TableGroup [StandardVirtualTableGroup(com.inovamed.clinical_study_system.model.attachment.Attachment.research.criteria)] with identifierForTableGroup [com.inovamed.clinical_study_system.model.attachment.Attachment.research.criteria] for NavigablePath [com.inovamed.clinical_study_system.model.attachment.Attachment.research.criteria] 
2024-11-19T16:56:13.155-03:00 DEBUG 11752 --- [clinical-study-system] [           main] org.hibernate.orm.sql.ast.create         : Registration of TableGroup [StandardVirtualTableGroup(com.inovamed.clinical_study_system.model.attachment.Attachment.research.studyDuration)] with identifierForTableGroup [com.inovamed.clinical_study_system.model.attachment.Attachment.research.studyDuration] for NavigablePath [com.inovamed.clinical_study_system.model.attachment.Attachment.research.studyDuration] 
2024-11-19T16:56:13.155-03:00 DEBUG 11752 --- [clinical-study-system] [           main] org.hibernate.orm.sql.ast.create         : Registration of TableGroup [org.hibernate.sql.ast.tree.from.LazyTableGroup@40b958c5] with identifierForTableGroup [com.inovamed.clinical_study_system.model.attachment.Attachment.user] for NavigablePath [com.inovamed.clinical_study_system.model.attachment.Attachment.user] 
2024-11-19T16:56:13.155-03:00 DEBUG 11752 --- [clinical-study-system] [           main] org.hibernate.orm.sql.ast.create         : Created new SQL alias : u1_0
2024-11-19T16:56:13.155-03:00 DEBUG 11752 --- [clinical-study-system] [           main] org.hibernate.orm.sql.ast.create         : Created new SQL alias : u1_1
2024-11-19T16:56:13.155-03:00 DEBUG 11752 --- [clinical-study-system] [           main] org.hibernate.orm.sql.ast.create         : Created new SQL alias : u1_2
2024-11-19T16:56:13.155-03:00 DEBUG 11752 --- [clinical-study-system] [           main] org.hibernate.orm.sql.ast.create         : Created new SQL alias : u1_3
2024-11-19T16:56:13.155-03:00 DEBUG 11752 --- [clinical-study-system] [           main] org.hibernate.orm.sql.ast.create         : Registration of TableGroup [org.hibernate.sql.ast.tree.from.LazyTableGroup@74ab8610] with identifierForTableGroup [treat(com.inovamed.clinical_study_system.model.attachment.Attachment.user as com.inovamed.clinical_study_system.model.patient.Patient).doctor] for NavigablePath [treat(com.inovamed.clinical_study_system.model.attachment.Attachment.user as com.inovamed.clinical_study_system.model.patient.Patient).doctor] 
2024-11-19T16:56:13.155-03:00 DEBUG 11752 --- [clinical-study-system] [           main] org.hibernate.orm.sql.ast.create         : Created new SQL alias : d1_0
2024-11-19T16:56:13.155-03:00 DEBUG 11752 --- [clinical-study-system] [           main] org.hibernate.orm.sql.ast.create         : Created new SQL alias : d1_1
2024-11-19T16:56:13.156-03:00 DEBUG 11752 --- [clinical-study-system] [           main] org.hibernate.orm.sql.ast.create         : Registration of TableGroup [org.hibernate.sql.ast.tree.from.LazyTableGroup@231c521e] with identifierForTableGroup [treat(com.inovamed.clinical_study_system.model.attachment.Attachment.user as com.inovamed.clinical_study_system.model.patient.Patient).medicalHistory] for NavigablePath [treat(com.inovamed.clinical_study_system.model.attachment.Attachment.user as com.inovamed.clinical_study_system.model.patient.Patient).medicalHistory] 
2024-11-19T16:56:13.156-03:00 DEBUG 11752 --- [clinical-study-system] [           main] org.hibernate.orm.sql.ast.create         : Created new SQL alias : mh1_0
2024-11-19T16:56:13.156-03:00 DEBUG 11752 --- [clinical-study-system] [           main] org.hibernate.orm.sql.ast.create         : Registration of TableGroup [org.hibernate.sql.ast.tree.from.LazyTableGroup@296949c8] with identifierForTableGroup [treat(com.inovamed.clinical_study_system.model.attachment.Attachment.user as com.inovamed.clinical_study_system.model.patient.Patient).signature] for NavigablePath [treat(com.inovamed.clinical_study_system.model.attachment.Attachment.user as com.inovamed.clinical_study_system.model.patient.Patient).signature] 
2024-11-19T16:56:13.156-03:00 DEBUG 11752 --- [clinical-study-system] [           main] org.hibernate.orm.sql.ast.create         : Created new SQL alias : s1_0
2024-11-19T16:56:13.156-03:00 DEBUG 11752 --- [clinical-study-system] [           main] org.hibernate.orm.sql.ast.create         : Registration of TableGroup [org.hibernate.sql.ast.tree.from.LazyTableGroup@1be3a294] with identifierForTableGroup [treat(com.inovamed.clinical_study_system.model.attachment.Attachment.user as com.inovamed.clinical_study_system.model.patient.Patient).signature.user] for NavigablePath [treat(com.inovamed.clinical_study_system.model.attachment.Attachment.user as com.inovamed.clinical_study_system.model.patient.Patient).signature.user] 
2024-11-19T16:56:13.156-03:00 DEBUG 11752 --- [clinical-study-system] [           main] org.hibernate.orm.sql.ast.create         : Created new SQL alias : u2_0
2024-11-19T16:56:13.156-03:00 DEBUG 11752 --- [clinical-study-system] [           main] org.hibernate.orm.sql.ast.create         : Created new SQL alias : u2_1
2024-11-19T16:56:13.156-03:00 DEBUG 11752 --- [clinical-study-system] [           main] org.hibernate.orm.sql.ast.create         : Created new SQL alias : u2_2
2024-11-19T16:56:13.156-03:00 DEBUG 11752 --- [clinical-study-system] [           main] org.hibernate.orm.sql.ast.create         : Created new SQL alias : u2_3
2024-11-19T16:56:13.156-03:00 DEBUG 11752 --- [clinical-study-system] [           main] org.hibernate.orm.sql.ast.create         : Registration of TableGroup [org.hibernate.sql.ast.tree.from.LazyTableGroup@729d1428] with identifierForTableGroup [treat(treat(com.inovamed.clinical_study_system.model.attachment.Attachment.user as #com.inovamed.clinical_study_system.model.patient.Patient).signature.user as com.inovamed.clinical_study_system.model.patient.Patient).doctor] for NavigablePath [treat(treat(com.inovamed.clinical_study_system.model.attachment.Attachment.user as #com.inovamed.clinical_study_system.model.patient.Patient).signature.user as com.inovamed.clinical_study_system.model.patient.Patient).doctor] 
2024-11-19T16:56:13.156-03:00 DEBUG 11752 --- [clinical-study-system] [           main] org.hibernate.orm.sql.ast.create         : Created new SQL alias : d2_0
2024-11-19T16:56:13.157-03:00 DEBUG 11752 --- [clinical-study-system] [           main] org.hibernate.orm.sql.ast.create         : Created new SQL alias : d2_1
2024-11-19T16:56:13.157-03:00 DEBUG 11752 --- [clinical-study-system] [           main] org.hibernate.orm.sql.ast.create         : Registration of TableGroup [org.hibernate.sql.ast.tree.from.LazyTableGroup@115924ba] with identifierForTableGroup [treat(treat(com.inovamed.clinical_study_system.model.attachment.Attachment.user as #com.inovamed.clinical_study_system.model.patient.Patient).signature.user as com.inovamed.clinical_study_system.model.patient.Patient).medicalHistory] for NavigablePath [treat(treat(com.inovamed.clinical_study_system.model.attachment.Attachment.user as #com.inovamed.clinical_study_system.model.patient.Patient).signature.user as com.inovamed.clinical_study_system.model.patient.Patient).medicalHistory] 
2024-11-19T16:56:13.157-03:00 DEBUG 11752 --- [clinical-study-system] [           main] org.hibernate.orm.sql.ast.create         : Created new SQL alias : mh2_0
2024-11-19T16:56:13.157-03:00 DEBUG 11752 --- [clinical-study-system] [           main] org.hibernate.orm.sql.ast.create         : Registration of TableGroup [org.hibernate.sql.ast.tree.from.LazyTableGroup@1728d307] with identifierForTableGroup [treat(treat(com.inovamed.clinical_study_system.model.attachment.Attachment.user as #com.inovamed.clinical_study_system.model.patient.Patient).signature.user as com.inovamed.clinical_study_system.model.patient.Patient).signature] for NavigablePath [treat(treat(com.inovamed.clinical_study_system.model.attachment.Attachment.user as #com.inovamed.clinical_study_system.model.patient.Patient).signature.user as com.inovamed.clinical_study_system.model.patient.Patient).signature] 
2024-11-19T16:56:13.158-03:00 DEBUG 11752 --- [clinical-study-system] [           main] org.hibernate.orm.results.graph.AST      : DomainResult Graph:
 \-EntityResultImpl [com.inovamed.clinical_study_system.model.attachment.Attachment]
 |  +-BasicFetch [com.inovamed.clinical_study_system.model.attachment.Attachment.archive]
 |  +-BasicFetch [com.inovamed.clinical_study_system.model.attachment.Attachment.name]
 |  +-EntityFetchJoinedImpl [com.inovamed.clinical_study_system.model.attachment.Attachment.notification]
 |  +-EntityFetchJoinedImpl [com.inovamed.clinical_study_system.model.attachment.Attachment.research]
 |  \-EntityFetchJoinedImpl [com.inovamed.clinical_study_system.model.attachment.Attachment.user]

2024-11-19T16:56:13.158-03:00 DEBUG 11752 --- [clinical-study-system] [           main] org.hibernate.orm.sql.ast.tree           : SQL AST Tree:
    SelectStatement {
      FromClause {
        StandardTableGroup (a1 : com.inovamed.clinical_study_system.model.attachment.Attachment) {
          primaryTableReference : tb_attachment as a1_0
          TableGroupJoins {
            left  join LazyTableGroup (n1 : com.inovamed.clinical_study_system.model.attachment.Attachment.notification) {
              primaryTableReference : tb_notification as n1_0
              TableGroupJoins {
                left  join LazyTableGroup (sr1 : com.inovamed.clinical_study_system.model.attachment.Attachment.notification.studyRepresentative) {
                  primaryTableReference : tb_clinical_study_representative as sr1_0
                  TableReferenceJoins {
                     join tb_user as sr1_1
                  }
                }
              }
            }
            left  join LazyTableGroup (r1 : com.inovamed.clinical_study_system.model.attachment.Attachment.research) {
              primaryTableReference : tb_research as r1_0
              TableGroupJoins {
                left  join LazyTableGroup (cr1 : com.inovamed.clinical_study_system.model.attachment.Attachment.research.clinicalRepresentative) {
                  primaryTableReference : tb_clinical_study_representative as cr1_0
                  TableReferenceJoins {
                     join tb_user as cr1_1
                  }
                }
                 join StandardVirtualTableGroup (null : com.inovamed.clinical_study_system.model.attachment.Attachment.research.criteria) {
                  primaryTableReference : tb_research as r1_0
                }
                 join StandardVirtualTableGroup (null : com.inovamed.clinical_study_system.model.attachment.Attachment.research.studyDuration) {
                  primaryTableReference : tb_research as r1_0
                }
              }
            }
            left  join LazyTableGroup (u1 : com.inovamed.clinical_study_system.model.attachment.Attachment.user) {
              primaryTableReference : tb_user as u1_0
              TableReferenceJoins {
                left  join tb_clinical_study_representative as u1_1
                left  join tb_doctor as u1_2
                left  join tb_patient as u1_3
              }
              TableGroupJoins {
                left  join LazyTableGroup (d1 : treat(com.inovamed.clinical_study_system.model.attachment.Attachment.user as #com.inovamed.clinical_study_system.model.patient.Patient).doctor) {
                  primaryTableReference : tb_doctor as d1_0
                  TableReferenceJoins {
                     join tb_user as d1_1
                  }
                }
                left  join LazyTableGroup (mh1 : treat(com.inovamed.clinical_study_system.model.attachment.Attachment.user as #com.inovamed.clinical_study_system.model.patient.Patient).medicalHistory) {
                  primaryTableReference : tb_medical_history as mh1_0
                }
                left  join LazyTableGroup (s1 : treat(com.inovamed.clinical_study_system.model.attachment.Attachment.user as #com.inovamed.clinical_study_system.model.patient.Patient).signature) {
                  primaryTableReference : tb_digital_signature as s1_0
                  TableGroupJoins {
                    left  join LazyTableGroup (u2 : treat(com.inovamed.clinical_study_system.model.attachment.Attachment.user as #com.inovamed.clinical_study_system.model.patient.Patient).signature.user) {
                      primaryTableReference : tb_user as u2_0
                      TableReferenceJoins {
                        left  join tb_clinical_study_representative as u2_1
                        left  join tb_doctor as u2_2
                        left  join tb_patient as u2_3
                      }
                      TableGroupJoins {
                        left  join LazyTableGroup (d2 : treat(treat(com.inovamed.clinical_study_system.model.attachment.Attachment.user as #com.inovamed.clinical_study_system.model.patient.Patient).signature.user as #com.inovamed.clinical_study_system.model.patient.Patient).doctor) {
                          primaryTableReference : tb_doctor as d2_0
                          TableReferenceJoins {
                             join tb_user as d2_1
                          }
                        }
                        left  join LazyTableGroup (mh2 : treat(treat(com.inovamed.clinical_study_system.model.attachment.Attachment.user as #com.inovamed.clinical_study_system.model.patient.Patient).signature.user as #com.inovamed.clinical_study_system.model.patient.Patient).medicalHistory) {
                          primaryTableReference : tb_medical_history as mh2_0
                        }
                        left  join LazyTableGroup (s2 : treat(treat(com.inovamed.clinical_study_system.model.attachment.Attachment.user as #com.inovamed.clinical_study_system.model.patient.Patient).signature.user as #com.inovamed.clinical_study_system.model.patient.Patient).signature) {
                        }
                      }
                    }
                  }
                }
              }
            }
          }
        }
      }
    }

2024-11-19T16:56:13.159-03:00 DEBUG 11752 --- [clinical-study-system] [           main] o.h.p.entity.AbstractEntityPersister     : Static SQL for entity: com.inovamed.clinical_study_system.model.attachment.Attachment
2024-11-19T16:56:13.159-03:00 DEBUG 11752 --- [clinical-study-system] [           main] o.h.p.entity.AbstractEntityPersister     :  Version select: select id from tb_attachment where id=?
2024-11-19T16:56:13.159-03:00 DEBUG 11752 --- [clinical-study-system] [           main] o.h.p.entity.AbstractEntityPersister     :  Insert (0): insert into tb_attachment (archive,name,notification_id,research_id,user_id) values (?,?,?,?,?) returning id
2024-11-19T16:56:13.159-03:00 DEBUG 11752 --- [clinical-study-system] [           main] o.h.p.entity.AbstractEntityPersister     :  Update (0): update tb_attachment set archive=?,name=?,notification_id=?,research_id=?,user_id=? where id=?
2024-11-19T16:56:13.159-03:00 DEBUG 11752 --- [clinical-study-system] [           main] o.h.p.entity.AbstractEntityPersister     :  Delete (0): delete from tb_attachment where id=?
2024-11-19T16:56:13.159-03:00 DEBUG 11752 --- [clinical-study-system] [           main] org.hibernate.orm.sql.ast.create         : Created new SQL alias : mh1_0
2024-11-19T16:56:13.159-03:00 DEBUG 11752 --- [clinical-study-system] [           main] org.hibernate.orm.sql.ast.create         : Registration of TableGroup [StandardTableGroup(com.inovamed.clinical_study_system.model.medical_history.MedicalHistory)] with identifierForTableGroup [com.inovamed.clinical_study_system.model.medical_history.MedicalHistory] for NavigablePath [com.inovamed.clinical_study_system.model.medical_history.MedicalHistory] 
2024-11-19T16:56:13.159-03:00 DEBUG 11752 --- [clinical-study-system] [           main] org.hibernate.orm.sql.ast.create         : Registration of TableGroup [org.hibernate.sql.ast.tree.from.LazyTableGroup@3f0b5619] with identifierForTableGroup [com.inovamed.clinical_study_system.model.medical_history.MedicalHistory.patient] for NavigablePath [com.inovamed.clinical_study_system.model.medical_history.MedicalHistory.patient] 
2024-11-19T16:56:13.159-03:00 DEBUG 11752 --- [clinical-study-system] [           main] org.hibernate.orm.sql.ast.create         : Created new SQL alias : p1_0
2024-11-19T16:56:13.159-03:00 DEBUG 11752 --- [clinical-study-system] [           main] org.hibernate.orm.sql.ast.create         : Created new SQL alias : p1_1
2024-11-19T16:56:13.159-03:00 DEBUG 11752 --- [clinical-study-system] [           main] org.hibernate.orm.sql.ast.create         : Registration of TableGroup [org.hibernate.sql.ast.tree.from.LazyTableGroup@67afc9b6] with identifierForTableGroup [com.inovamed.clinical_study_system.model.medical_history.MedicalHistory.patient.doctor] for NavigablePath [com.inovamed.clinical_study_system.model.medical_history.MedicalHistory.patient.doctor] 
2024-11-19T16:56:13.159-03:00 DEBUG 11752 --- [clinical-study-system] [           main] org.hibernate.orm.sql.ast.create         : Created new SQL alias : d1_0
2024-11-19T16:56:13.159-03:00 DEBUG 11752 --- [clinical-study-system] [           main] org.hibernate.orm.sql.ast.create         : Created new SQL alias : d1_1
2024-11-19T16:56:13.159-03:00 DEBUG 11752 --- [clinical-study-system] [           main] org.hibernate.orm.sql.ast.create         : Registration of TableGroup [org.hibernate.sql.ast.tree.from.LazyTableGroup@36ce9eaf] with identifierForTableGroup [com.inovamed.clinical_study_system.model.medical_history.MedicalHistory.patient.signature] for NavigablePath [com.inovamed.clinical_study_system.model.medical_history.MedicalHistory.patient.signature] 
2024-11-19T16:56:13.159-03:00 DEBUG 11752 --- [clinical-study-system] [           main] org.hibernate.orm.sql.ast.create         : Created new SQL alias : s1_0
2024-11-19T16:56:13.159-03:00 DEBUG 11752 --- [clinical-study-system] [           main] org.hibernate.orm.sql.ast.create         : Registration of TableGroup [org.hibernate.sql.ast.tree.from.LazyTableGroup@7a79d99c] with identifierForTableGroup [com.inovamed.clinical_study_system.model.medical_history.MedicalHistory.patient.signature.user] for NavigablePath [com.inovamed.clinical_study_system.model.medical_history.MedicalHistory.patient.signature.user] 
2024-11-19T16:56:13.159-03:00 DEBUG 11752 --- [clinical-study-system] [           main] org.hibernate.orm.sql.ast.create         : Created new SQL alias : u1_0
2024-11-19T16:56:13.160-03:00 DEBUG 11752 --- [clinical-study-system] [           main] org.hibernate.orm.sql.ast.create         : Created new SQL alias : u1_1
2024-11-19T16:56:13.160-03:00 DEBUG 11752 --- [clinical-study-system] [           main] org.hibernate.orm.sql.ast.create         : Created new SQL alias : u1_2
2024-11-19T16:56:13.160-03:00 DEBUG 11752 --- [clinical-study-system] [           main] org.hibernate.orm.sql.ast.create         : Created new SQL alias : u1_3
2024-11-19T16:56:13.160-03:00 DEBUG 11752 --- [clinical-study-system] [           main] org.hibernate.orm.sql.ast.create         : Registration of TableGroup [org.hibernate.sql.ast.tree.from.LazyTableGroup@6dc7b7f] with identifierForTableGroup [treat(com.inovamed.clinical_study_system.model.medical_history.MedicalHistory.patient.signature.user as com.inovamed.clinical_study_system.model.patient.Patient).doctor] for NavigablePath [treat(com.inovamed.clinical_study_system.model.medical_history.MedicalHistory.patient.signature.user as com.inovamed.clinical_study_system.model.patient.Patient).doctor] 
2024-11-19T16:56:13.160-03:00 DEBUG 11752 --- [clinical-study-system] [           main] org.hibernate.orm.sql.ast.create         : Created new SQL alias : d2_0
2024-11-19T16:56:13.160-03:00 DEBUG 11752 --- [clinical-study-system] [           main] org.hibernate.orm.sql.ast.create         : Created new SQL alias : d2_1
2024-11-19T16:56:13.160-03:00 DEBUG 11752 --- [clinical-study-system] [           main] org.hibernate.orm.sql.ast.create         : Registration of TableGroup [org.hibernate.sql.ast.tree.from.LazyTableGroup@4425b6ed] with identifierForTableGroup [treat(com.inovamed.clinical_study_system.model.medical_history.MedicalHistory.patient.signature.user as com.inovamed.clinical_study_system.model.patient.Patient).medicalHistory] for NavigablePath [treat(com.inovamed.clinical_study_system.model.medical_history.MedicalHistory.patient.signature.user as com.inovamed.clinical_study_system.model.patient.Patient).medicalHistory] 
2024-11-19T16:56:13.160-03:00 DEBUG 11752 --- [clinical-study-system] [           main] org.hibernate.orm.sql.ast.create         : Registration of TableGroup [org.hibernate.sql.ast.tree.from.LazyTableGroup@702432cc] with identifierForTableGroup [treat(com.inovamed.clinical_study_system.model.medical_history.MedicalHistory.patient.signature.user as com.inovamed.clinical_study_system.model.patient.Patient).signature] for NavigablePath [treat(com.inovamed.clinical_study_system.model.medical_history.MedicalHistory.patient.signature.user as com.inovamed.clinical_study_system.model.patient.Patient).signature] 
2024-11-19T16:56:13.161-03:00 DEBUG 11752 --- [clinical-study-system] [           main] org.hibernate.orm.results.graph.AST      : DomainResult Graph:
 \-EntityResultImpl [com.inovamed.clinical_study_system.model.medical_history.MedicalHistory]
 |  +-EntityFetchJoinedImpl [com.inovamed.clinical_study_system.model.medical_history.MedicalHistory.patient]
 |  \-BasicFetch [com.inovamed.clinical_study_system.model.medical_history.MedicalHistory.text]

2024-11-19T16:56:13.161-03:00 DEBUG 11752 --- [clinical-study-system] [           main] org.hibernate.orm.sql.ast.tree           : SQL AST Tree:
    SelectStatement {
      FromClause {
        StandardTableGroup (mh1 : com.inovamed.clinical_study_system.model.medical_history.MedicalHistory) {
          primaryTableReference : tb_medical_history as mh1_0
          TableGroupJoins {
            left  join LazyTableGroup (p1 : com.inovamed.clinical_study_system.model.medical_history.MedicalHistory.patient) {
              primaryTableReference : tb_patient as p1_0
              TableReferenceJoins {
                 join tb_user as p1_1
              }
              TableGroupJoins {
                left  join LazyTableGroup (d1 : com.inovamed.clinical_study_system.model.medical_history.MedicalHistory.patient.doctor) {
                  primaryTableReference : tb_doctor as d1_0
                  TableReferenceJoins {
                     join tb_user as d1_1
                  }
                }
                left  join LazyTableGroup (s1 : com.inovamed.clinical_study_system.model.medical_history.MedicalHistory.patient.signature) {
                  primaryTableReference : tb_digital_signature as s1_0
                  TableGroupJoins {
                    left  join LazyTableGroup (u1 : com.inovamed.clinical_study_system.model.medical_history.MedicalHistory.patient.signature.user) {
                      primaryTableReference : tb_user as u1_0
                      TableReferenceJoins {
                        left  join tb_clinical_study_representative as u1_1
                        left  join tb_doctor as u1_2
                        left  join tb_patient as u1_3
                      }
                      TableGroupJoins {
                        left  join LazyTableGroup (d2 : treat(com.inovamed.clinical_study_system.model.medical_history.MedicalHistory.patient.signature.user as #com.inovamed.clinical_study_system.model.patient.Patient).doctor) {
                          primaryTableReference : tb_doctor as d2_0
                          TableReferenceJoins {
                             join tb_user as d2_1
                          }
                        }
                        left  join LazyTableGroup (mh2 : treat(com.inovamed.clinical_study_system.model.medical_history.MedicalHistory.patient.signature.user as #com.inovamed.clinical_study_system.model.patient.Patient).medicalHistory) {
                        }
                        left  join LazyTableGroup (s2 : treat(com.inovamed.clinical_study_system.model.medical_history.MedicalHistory.patient.signature.user as #com.inovamed.clinical_study_system.model.patient.Patient).signature) {
                        }
                      }
                    }
                  }
                }
              }
            }
          }
        }
      }
    }

2024-11-19T16:56:13.161-03:00 DEBUG 11752 --- [clinical-study-system] [           main] o.h.p.entity.AbstractEntityPersister     : Static SQL for entity: com.inovamed.clinical_study_system.model.medical_history.MedicalHistory
2024-11-19T16:56:13.162-03:00 DEBUG 11752 --- [clinical-study-system] [           main] o.h.p.entity.AbstractEntityPersister     :  Version select: select id from tb_medical_history where id=?
2024-11-19T16:56:13.162-03:00 DEBUG 11752 --- [clinical-study-system] [           main] o.h.p.entity.AbstractEntityPersister     :  Insert (0): insert into tb_medical_history (text) values (?) returning id
2024-11-19T16:56:13.162-03:00 DEBUG 11752 --- [clinical-study-system] [           main] o.h.p.entity.AbstractEntityPersister     :  Update (0): update tb_medical_history set text=? where id=?
2024-11-19T16:56:13.162-03:00 DEBUG 11752 --- [clinical-study-system] [           main] o.h.p.entity.AbstractEntityPersister     :  Delete (0): delete from tb_medical_history where id=?
2024-11-19T16:56:13.162-03:00 DEBUG 11752 --- [clinical-study-system] [           main] org.hibernate.orm.sql.ast.create         : Created new SQL alias : ds1_0
2024-11-19T16:56:13.162-03:00 DEBUG 11752 --- [clinical-study-system] [           main] org.hibernate.orm.sql.ast.create         : Registration of TableGroup [StandardTableGroup(com.inovamed.clinical_study_system.model.digital_signature.DigitalSignature)] with identifierForTableGroup [com.inovamed.clinical_study_system.model.digital_signature.DigitalSignature] for NavigablePath [com.inovamed.clinical_study_system.model.digital_signature.DigitalSignature] 
2024-11-19T16:56:13.162-03:00 DEBUG 11752 --- [clinical-study-system] [           main] org.hibernate.orm.sql.ast.create         : Registration of TableGroup [org.hibernate.sql.ast.tree.from.LazyTableGroup@355b4c34] with identifierForTableGroup [com.inovamed.clinical_study_system.model.digital_signature.DigitalSignature.user] for NavigablePath [com.inovamed.clinical_study_system.model.digital_signature.DigitalSignature.user] 
2024-11-19T16:56:13.162-03:00 DEBUG 11752 --- [clinical-study-system] [           main] org.hibernate.orm.sql.ast.create         : Created new SQL alias : u1_0
2024-11-19T16:56:13.162-03:00 DEBUG 11752 --- [clinical-study-system] [           main] org.hibernate.orm.sql.ast.create         : Created new SQL alias : u1_1
2024-11-19T16:56:13.162-03:00 DEBUG 11752 --- [clinical-study-system] [           main] org.hibernate.orm.sql.ast.create         : Created new SQL alias : u1_2
2024-11-19T16:56:13.162-03:00 DEBUG 11752 --- [clinical-study-system] [           main] org.hibernate.orm.sql.ast.create         : Created new SQL alias : u1_3
2024-11-19T16:56:13.162-03:00 DEBUG 11752 --- [clinical-study-system] [           main] org.hibernate.orm.sql.ast.create         : Registration of TableGroup [org.hibernate.sql.ast.tree.from.LazyTableGroup@dc3eda6] with identifierForTableGroup [treat(com.inovamed.clinical_study_system.model.digital_signature.DigitalSignature.user as com.inovamed.clinical_study_system.model.patient.Patient).doctor] for NavigablePath [treat(com.inovamed.clinical_study_system.model.digital_signature.DigitalSignature.user as com.inovamed.clinical_study_system.model.patient.Patient).doctor] 
2024-11-19T16:56:13.162-03:00 DEBUG 11752 --- [clinical-study-system] [           main] org.hibernate.orm.sql.ast.create         : Created new SQL alias : d1_0
2024-11-19T16:56:13.162-03:00 DEBUG 11752 --- [clinical-study-system] [           main] org.hibernate.orm.sql.ast.create         : Created new SQL alias : d1_1
2024-11-19T16:56:13.163-03:00 DEBUG 11752 --- [clinical-study-system] [           main] org.hibernate.orm.sql.ast.create         : Registration of TableGroup [org.hibernate.sql.ast.tree.from.LazyTableGroup@1372696b] with identifierForTableGroup [treat(com.inovamed.clinical_study_system.model.digital_signature.DigitalSignature.user as com.inovamed.clinical_study_system.model.patient.Patient).medicalHistory] for NavigablePath [treat(com.inovamed.clinical_study_system.model.digital_signature.DigitalSignature.user as com.inovamed.clinical_study_system.model.patient.Patient).medicalHistory] 
2024-11-19T16:56:13.163-03:00 DEBUG 11752 --- [clinical-study-system] [           main] org.hibernate.orm.sql.ast.create         : Created new SQL alias : mh1_0
2024-11-19T16:56:13.163-03:00 DEBUG 11752 --- [clinical-study-system] [           main] org.hibernate.orm.sql.ast.create         : Registration of TableGroup [org.hibernate.sql.ast.tree.from.LazyTableGroup@7ca7bddd] with identifierForTableGroup [treat(com.inovamed.clinical_study_system.model.digital_signature.DigitalSignature.user as com.inovamed.clinical_study_system.model.patient.Patient).signature] for NavigablePath [treat(com.inovamed.clinical_study_system.model.digital_signature.DigitalSignature.user as com.inovamed.clinical_study_system.model.patient.Patient).signature] 
2024-11-19T16:56:13.163-03:00 DEBUG 11752 --- [clinical-study-system] [           main] org.hibernate.orm.sql.ast.create         : Created new SQL alias : s1_0
2024-11-19T16:56:13.163-03:00 DEBUG 11752 --- [clinical-study-system] [           main] org.hibernate.orm.sql.ast.create         : Registration of TableGroup [org.hibernate.sql.ast.tree.from.LazyTableGroup@206e5183] with identifierForTableGroup [treat(com.inovamed.clinical_study_system.model.digital_signature.DigitalSignature.user as com.inovamed.clinical_study_system.model.patient.Patient).signature.user] for NavigablePath [treat(com.inovamed.clinical_study_system.model.digital_signature.DigitalSignature.user as com.inovamed.clinical_study_system.model.patient.Patient).signature.user] 
2024-11-19T16:56:13.163-03:00 DEBUG 11752 --- [clinical-study-system] [           main] org.hibernate.orm.results.graph.AST      : DomainResult Graph:
 \-EntityResultImpl [com.inovamed.clinical_study_system.model.digital_signature.DigitalSignature]
 |  +-DelayedCollectionFetch [com.inovamed.clinical_study_system.model.digital_signature.DigitalSignature.consents]
 |  +-BasicFetch [com.inovamed.clinical_study_system.model.digital_signature.DigitalSignature.documentContent]
 |  +-BasicFetch [com.inovamed.clinical_study_system.model.digital_signature.DigitalSignature.documentName]
 |  +-BasicFetch [com.inovamed.clinical_study_system.model.digital_signature.DigitalSignature.isActive]
 |  +-BasicFetch [com.inovamed.clinical_study_system.model.digital_signature.DigitalSignature.signature]
 |  +-BasicFetch [com.inovamed.clinical_study_system.model.digital_signature.DigitalSignature.timestamp]
 |  +-EntityFetchJoinedImpl [com.inovamed.clinical_study_system.model.digital_signature.DigitalSignature.user]
 |  +-BasicFetch [com.inovamed.clinical_study_system.model.digital_signature.DigitalSignature.validFrom]
 |  \-BasicFetch [com.inovamed.clinical_study_system.model.digital_signature.DigitalSignature.validUntil]

2024-11-19T16:56:13.163-03:00 DEBUG 11752 --- [clinical-study-system] [           main] org.hibernate.orm.sql.ast.tree           : SQL AST Tree:
    SelectStatement {
      FromClause {
        StandardTableGroup (ds1 : com.inovamed.clinical_study_system.model.digital_signature.DigitalSignature) {
          primaryTableReference : tb_digital_signature as ds1_0
          TableGroupJoins {
            left  join LazyTableGroup (u1 : com.inovamed.clinical_study_system.model.digital_signature.DigitalSignature.user) {
              primaryTableReference : tb_user as u1_0
              TableReferenceJoins {
                left  join tb_clinical_study_representative as u1_1
                left  join tb_doctor as u1_2
                left  join tb_patient as u1_3
              }
              TableGroupJoins {
                left  join LazyTableGroup (d1 : treat(com.inovamed.clinical_study_system.model.digital_signature.DigitalSignature.user as #com.inovamed.clinical_study_system.model.patient.Patient).doctor) {
                  primaryTableReference : tb_doctor as d1_0
                  TableReferenceJoins {
                     join tb_user as d1_1
                  }
                }
                left  join LazyTableGroup (mh1 : treat(com.inovamed.clinical_study_system.model.digital_signature.DigitalSignature.user as #com.inovamed.clinical_study_system.model.patient.Patient).medicalHistory) {
                  primaryTableReference : tb_medical_history as mh1_0
                }
                left  join LazyTableGroup (s1 : treat(com.inovamed.clinical_study_system.model.digital_signature.DigitalSignature.user as #com.inovamed.clinical_study_system.model.patient.Patient).signature) {
                  primaryTableReference : tb_digital_signature as s1_0
                  TableGroupJoins {
                    left  join LazyTableGroup (u2 : treat(com.inovamed.clinical_study_system.model.digital_signature.DigitalSignature.user as #com.inovamed.clinical_study_system.model.patient.Patient).signature.user) {
                    }
                  }
                }
              }
            }
          }
        }
      }
    }

2024-11-19T16:56:13.164-03:00 DEBUG 11752 --- [clinical-study-system] [           main] o.h.p.entity.AbstractEntityPersister     : Static SQL for entity: com.inovamed.clinical_study_system.model.digital_signature.DigitalSignature
2024-11-19T16:56:13.164-03:00 DEBUG 11752 --- [clinical-study-system] [           main] o.h.p.entity.AbstractEntityPersister     :  Version select: select id from tb_digital_signature where id=?
2024-11-19T16:56:13.164-03:00 DEBUG 11752 --- [clinical-study-system] [           main] o.h.p.entity.AbstractEntityPersister     :  Insert (0): insert into tb_digital_signature (document_content,document_name,is_active,signature,timestamp,user_id,valid_from,valid_until) values (?,?,?,?,?,?,?,?) returning id
2024-11-19T16:56:13.164-03:00 DEBUG 11752 --- [clinical-study-system] [           main] o.h.p.entity.AbstractEntityPersister     :  Update (0): update tb_digital_signature set document_content=?,document_name=?,is_active=?,signature=?,timestamp=?,user_id=?,valid_from=?,valid_until=? where id=?
2024-11-19T16:56:13.164-03:00 DEBUG 11752 --- [clinical-study-system] [           main] o.h.p.entity.AbstractEntityPersister     :  Delete (0): delete from tb_digital_signature where id=?
2024-11-19T16:56:13.164-03:00 DEBUG 11752 --- [clinical-study-system] [           main] org.hibernate.orm.sql.ast.create         : Created new SQL alias : n1_0
2024-11-19T16:56:13.164-03:00 DEBUG 11752 --- [clinical-study-system] [           main] org.hibernate.orm.sql.ast.create         : Registration of TableGroup [StandardTableGroup(com.inovamed.clinical_study_system.model.notification.Notification)] with identifierForTableGroup [com.inovamed.clinical_study_system.model.notification.Notification] for NavigablePath [com.inovamed.clinical_study_system.model.notification.Notification] 
2024-11-19T16:56:13.164-03:00 DEBUG 11752 --- [clinical-study-system] [           main] org.hibernate.orm.sql.ast.create         : Registration of TableGroup [org.hibernate.sql.ast.tree.from.LazyTableGroup@32eb38e5] with identifierForTableGroup [com.inovamed.clinical_study_system.model.notification.Notification.studyRepresentative] for NavigablePath [com.inovamed.clinical_study_system.model.notification.Notification.studyRepresentative] 
2024-11-19T16:56:13.164-03:00 DEBUG 11752 --- [clinical-study-system] [           main] org.hibernate.orm.sql.ast.create         : Created new SQL alias : sr1_0
2024-11-19T16:56:13.164-03:00 DEBUG 11752 --- [clinical-study-system] [           main] org.hibernate.orm.sql.ast.create         : Created new SQL alias : sr1_1
2024-11-19T16:56:13.164-03:00 DEBUG 11752 --- [clinical-study-system] [           main] org.hibernate.orm.results.graph.AST      : DomainResult Graph:
 \-EntityResultImpl [com.inovamed.clinical_study_system.model.notification.Notification]
 |  +-DelayedCollectionFetch [com.inovamed.clinical_study_system.model.notification.Notification.attachment]
 |  +-BasicFetch [com.inovamed.clinical_study_system.model.notification.Notification.message]
 |  +-DelayedCollectionFetch [com.inovamed.clinical_study_system.model.notification.Notification.recipientsDoctors]
 |  +-DelayedCollectionFetch [com.inovamed.clinical_study_system.model.notification.Notification.recipientsPatients]
 |  +-BasicFetch [com.inovamed.clinical_study_system.model.notification.Notification.sender]
 |  +-BasicFetch [com.inovamed.clinical_study_system.model.notification.Notification.senderCode]
 |  +-EntityFetchJoinedImpl [com.inovamed.clinical_study_system.model.notification.Notification.studyRepresentative]
 |  \-BasicFetch [com.inovamed.clinical_study_system.model.notification.Notification.title]

2024-11-19T16:56:13.164-03:00 DEBUG 11752 --- [clinical-study-system] [           main] org.hibernate.orm.sql.ast.tree           : SQL AST Tree:
    SelectStatement {
      FromClause {
        StandardTableGroup (n1 : com.inovamed.clinical_study_system.model.notification.Notification) {
          primaryTableReference : tb_notification as n1_0
          TableGroupJoins {
            left  join LazyTableGroup (sr1 : com.inovamed.clinical_study_system.model.notification.Notification.studyRepresentative) {
              primaryTableReference : tb_clinical_study_representative as sr1_0
              TableReferenceJoins {
                 join tb_user as sr1_1
              }
            }
          }
        }
      }
    }

2024-11-19T16:56:13.165-03:00 DEBUG 11752 --- [clinical-study-system] [           main] o.h.p.entity.AbstractEntityPersister     : Static SQL for entity: com.inovamed.clinical_study_system.model.notification.Notification
2024-11-19T16:56:13.165-03:00 DEBUG 11752 --- [clinical-study-system] [           main] o.h.p.entity.AbstractEntityPersister     :  Version select: select id from tb_notification where id=?
2024-11-19T16:56:13.165-03:00 DEBUG 11752 --- [clinical-study-system] [           main] o.h.p.entity.AbstractEntityPersister     :  Insert (0): insert into tb_notification (message,sender,sender_code,clinical_study_representative_id,title) values (?,?,?,?,?) returning id
2024-11-19T16:56:13.165-03:00 DEBUG 11752 --- [clinical-study-system] [           main] o.h.p.entity.AbstractEntityPersister     :  Update (0): update tb_notification set message=?,sender=?,sender_code=?,clinical_study_representative_id=?,title=? where id=?
2024-11-19T16:56:13.165-03:00 DEBUG 11752 --- [clinical-study-system] [           main] o.h.p.entity.AbstractEntityPersister     :  Delete (0): delete from tb_notification where id=?
2024-11-19T16:56:13.165-03:00 DEBUG 11752 --- [clinical-study-system] [           main] org.hibernate.orm.sql.ast.create         : Created new SQL alias : p1_0
2024-11-19T16:56:13.165-03:00 DEBUG 11752 --- [clinical-study-system] [           main] org.hibernate.orm.sql.ast.create         : Registration of TableGroup [StandardTableGroup(com.inovamed.clinical_study_system.model.patient.Patient)] with identifierForTableGroup [com.inovamed.clinical_study_system.model.patient.Patient] for NavigablePath [com.inovamed.clinical_study_system.model.patient.Patient] 
2024-11-19T16:56:13.165-03:00 DEBUG 11752 --- [clinical-study-system] [           main] org.hibernate.orm.sql.ast.create         : Created new SQL alias : p1_1
2024-11-19T16:56:13.165-03:00 DEBUG 11752 --- [clinical-study-system] [           main] org.hibernate.orm.sql.ast.create         : Registration of TableGroup [org.hibernate.sql.ast.tree.from.LazyTableGroup@21539796] with identifierForTableGroup [com.inovamed.clinical_study_system.model.patient.Patient.doctor] for NavigablePath [com.inovamed.clinical_study_system.model.patient.Patient.doctor] 
2024-11-19T16:56:13.165-03:00 DEBUG 11752 --- [clinical-study-system] [           main] org.hibernate.orm.sql.ast.create         : Created new SQL alias : d1_0
2024-11-19T16:56:13.165-03:00 DEBUG 11752 --- [clinical-study-system] [           main] org.hibernate.orm.sql.ast.create         : Created new SQL alias : d1_1
2024-11-19T16:56:13.165-03:00 DEBUG 11752 --- [clinical-study-system] [           main] org.hibernate.orm.sql.ast.create         : Registration of TableGroup [org.hibernate.sql.ast.tree.from.LazyTableGroup@215f8d7] with identifierForTableGroup [com.inovamed.clinical_study_system.model.patient.Patient.medicalHistory] for NavigablePath [com.inovamed.clinical_study_system.model.patient.Patient.medicalHistory] 
2024-11-19T16:56:13.165-03:00 DEBUG 11752 --- [clinical-study-system] [           main] org.hibernate.orm.sql.ast.create         : Created new SQL alias : mh1_0
2024-11-19T16:56:13.166-03:00 DEBUG 11752 --- [clinical-study-system] [           main] org.hibernate.orm.sql.ast.create         : Registration of TableGroup [org.hibernate.sql.ast.tree.from.LazyTableGroup@69d2c460] with identifierForTableGroup [com.inovamed.clinical_study_system.model.patient.Patient.signature] for NavigablePath [com.inovamed.clinical_study_system.model.patient.Patient.signature] 
2024-11-19T16:56:13.166-03:00 DEBUG 11752 --- [clinical-study-system] [           main] org.hibernate.orm.sql.ast.create         : Created new SQL alias : s1_0
2024-11-19T16:56:13.166-03:00 DEBUG 11752 --- [clinical-study-system] [           main] org.hibernate.orm.sql.ast.create         : Registration of TableGroup [org.hibernate.sql.ast.tree.from.LazyTableGroup@34a99d8] with identifierForTableGroup [com.inovamed.clinical_study_system.model.patient.Patient.signature.user] for NavigablePath [com.inovamed.clinical_study_system.model.patient.Patient.signature.user] 
2024-11-19T16:56:13.166-03:00 DEBUG 11752 --- [clinical-study-system] [           main] org.hibernate.orm.sql.ast.create         : Created new SQL alias : u1_0
2024-11-19T16:56:13.166-03:00 DEBUG 11752 --- [clinical-study-system] [           main] org.hibernate.orm.sql.ast.create         : Created new SQL alias : u1_1
2024-11-19T16:56:13.166-03:00 DEBUG 11752 --- [clinical-study-system] [           main] org.hibernate.orm.sql.ast.create         : Created new SQL alias : u1_2
2024-11-19T16:56:13.166-03:00 DEBUG 11752 --- [clinical-study-system] [           main] org.hibernate.orm.sql.ast.create         : Created new SQL alias : u1_3
2024-11-19T16:56:13.167-03:00 DEBUG 11752 --- [clinical-study-system] [           main] org.hibernate.orm.sql.ast.create         : Registration of TableGroup [org.hibernate.sql.ast.tree.from.LazyTableGroup@13e6c544] with identifierForTableGroup [treat(com.inovamed.clinical_study_system.model.patient.Patient.signature.user as com.inovamed.clinical_study_system.model.patient.Patient).doctor] for NavigablePath [treat(com.inovamed.clinical_study_system.model.patient.Patient.signature.user as com.inovamed.clinical_study_system.model.patient.Patient).doctor] 
2024-11-19T16:56:13.167-03:00 DEBUG 11752 --- [clinical-study-system] [           main] org.hibernate.orm.sql.ast.create         : Created new SQL alias : d2_0
2024-11-19T16:56:13.167-03:00 DEBUG 11752 --- [clinical-study-system] [           main] org.hibernate.orm.sql.ast.create         : Created new SQL alias : d2_1
2024-11-19T16:56:13.167-03:00 DEBUG 11752 --- [clinical-study-system] [           main] org.hibernate.orm.sql.ast.create         : Registration of TableGroup [org.hibernate.sql.ast.tree.from.LazyTableGroup@6c68f29c] with identifierForTableGroup [treat(com.inovamed.clinical_study_system.model.patient.Patient.signature.user as com.inovamed.clinical_study_system.model.patient.Patient).medicalHistory] for NavigablePath [treat(com.inovamed.clinical_study_system.model.patient.Patient.signature.user as com.inovamed.clinical_study_system.model.patient.Patient).medicalHistory] 
2024-11-19T16:56:13.167-03:00 DEBUG 11752 --- [clinical-study-system] [           main] org.hibernate.orm.sql.ast.create         : Created new SQL alias : mh2_0
2024-11-19T16:56:13.167-03:00 DEBUG 11752 --- [clinical-study-system] [           main] org.hibernate.orm.sql.ast.create         : Registration of TableGroup [org.hibernate.sql.ast.tree.from.LazyTableGroup@3b3b2290] with identifierForTableGroup [treat(com.inovamed.clinical_study_system.model.patient.Patient.signature.user as com.inovamed.clinical_study_system.model.patient.Patient).signature] for NavigablePath [treat(com.inovamed.clinical_study_system.model.patient.Patient.signature.user as com.inovamed.clinical_study_system.model.patient.Patient).signature] 
2024-11-19T16:56:13.168-03:00 DEBUG 11752 --- [clinical-study-system] [           main] org.hibernate.orm.results.graph.AST      : DomainResult Graph:
 \-EntityResultImpl [com.inovamed.clinical_study_system.model.patient.Patient]
 |  +-DelayedCollectionFetch [com.inovamed.clinical_study_system.model.patient.Patient.digitalSignatures]
 |  +-BasicFetch [com.inovamed.clinical_study_system.model.patient.Patient.email]
 |  +-BasicFetch [com.inovamed.clinical_study_system.model.patient.Patient.password]
 |  +-BasicFetch [com.inovamed.clinical_study_system.model.patient.Patient.publicKey]
 |  +-BasicFetch [com.inovamed.clinical_study_system.model.patient.Patient.roles]
 |  +-DelayedCollectionFetch [com.inovamed.clinical_study_system.model.patient.Patient.authorizations]
 |  +-BasicFetch [com.inovamed.clinical_study_system.model.patient.Patient.birth]
 |  +-BasicFetch [com.inovamed.clinical_study_system.model.patient.Patient.code]
 |  +-BasicFetch [com.inovamed.clinical_study_system.model.patient.Patient.digitalSignatureConsent]
 |  +-EntityFetchJoinedImpl [com.inovamed.clinical_study_system.model.patient.Patient.doctor]
 |  +-BasicFetch [com.inovamed.clinical_study_system.model.patient.Patient.gender]
 |  +-EntityFetchJoinedImpl [com.inovamed.clinical_study_system.model.patient.Patient.medicalHistory]
 |  +-BasicFetch [com.inovamed.clinical_study_system.model.patient.Patient.name]
 |  +-DelayedCollectionFetch [com.inovamed.clinical_study_system.model.patient.Patient.notifications]
 |  +-BasicFetch [com.inovamed.clinical_study_system.model.patient.Patient.phone]
 |  +-DelayedCollectionFetch [com.inovamed.clinical_study_system.model.patient.Patient.researches]
 |  +-BasicFetch [com.inovamed.clinical_study_system.model.patient.Patient.responsibleDoctor]
 |  \-EntityFetchJoinedImpl [com.inovamed.clinical_study_system.model.patient.Patient.signature]

2024-11-19T16:56:13.168-03:00 DEBUG 11752 --- [clinical-study-system] [           main] org.hibernate.orm.sql.ast.tree           : SQL AST Tree:
    SelectStatement {
      FromClause {
        StandardTableGroup (p1 : com.inovamed.clinical_study_system.model.patient.Patient) {
          primaryTableReference : tb_patient as p1_0
          TableReferenceJoins {
             join tb_user as p1_1
          }
          TableGroupJoins {
            left  join LazyTableGroup (d1 : com.inovamed.clinical_study_system.model.patient.Patient.doctor) {
              primaryTableReference : tb_doctor as d1_0
              TableReferenceJoins {
                 join tb_user as d1_1
              }
            }
            left  join LazyTableGroup (mh1 : com.inovamed.clinical_study_system.model.patient.Patient.medicalHistory) {
              primaryTableReference : tb_medical_history as mh1_0
            }
            left  join LazyTableGroup (s1 : com.inovamed.clinical_study_system.model.patient.Patient.signature) {
              primaryTableReference : tb_digital_signature as s1_0
              TableGroupJoins {
                left  join LazyTableGroup (u1 : com.inovamed.clinical_study_system.model.patient.Patient.signature.user) {
                  primaryTableReference : tb_user as u1_0
                  TableReferenceJoins {
                    left  join tb_clinical_study_representative as u1_1
                    left  join tb_doctor as u1_2
                    left  join tb_patient as u1_3
                  }
                  TableGroupJoins {
                    left  join LazyTableGroup (d2 : treat(com.inovamed.clinical_study_system.model.patient.Patient.signature.user as #com.inovamed.clinical_study_system.model.patient.Patient).doctor) {
                      primaryTableReference : tb_doctor as d2_0
                      TableReferenceJoins {
                         join tb_user as d2_1
                      }
                    }
                    left  join LazyTableGroup (mh2 : treat(com.inovamed.clinical_study_system.model.patient.Patient.signature.user as #com.inovamed.clinical_study_system.model.patient.Patient).medicalHistory) {
                      primaryTableReference : tb_medical_history as mh2_0
                    }
                    left  join LazyTableGroup (s2 : treat(com.inovamed.clinical_study_system.model.patient.Patient.signature.user as #com.inovamed.clinical_study_system.model.patient.Patient).signature) {
                    }
                  }
                }
              }
            }
          }
        }
      }
    }

2024-11-19T16:56:13.168-03:00 DEBUG 11752 --- [clinical-study-system] [           main] o.h.p.entity.AbstractEntityPersister     : Static SQL for entity: com.inovamed.clinical_study_system.model.patient.Patient
2024-11-19T16:56:13.168-03:00 DEBUG 11752 --- [clinical-study-system] [           main] o.h.p.entity.AbstractEntityPersister     :  Version select: select id from tb_user where id=?
2024-11-19T16:56:13.168-03:00 DEBUG 11752 --- [clinical-study-system] [           main] o.h.p.entity.AbstractEntityPersister     :  Insert (0): insert into tb_user (email,password,public_key,roles) values (?,?,?,?) returning id
2024-11-19T16:56:13.168-03:00 DEBUG 11752 --- [clinical-study-system] [           main] o.h.p.entity.AbstractEntityPersister     :  Insert (1): insert into tb_patient (birth,code,digital_signature_consent,doctor_id,gender,medical_history_id,name,phone,responsible_doctor,signature_id,id) values (?,?,?,?,?,?,?,?,?,?,?)
2024-11-19T16:56:13.168-03:00 DEBUG 11752 --- [clinical-study-system] [           main] o.h.p.entity.AbstractEntityPersister     :  Update (0): update tb_user set email=?,password=?,public_key=?,roles=? where id=?
2024-11-19T16:56:13.168-03:00 DEBUG 11752 --- [clinical-study-system] [           main] o.h.p.entity.AbstractEntityPersister     :  Update (1): update tb_patient set birth=?,code=?,digital_signature_consent=?,doctor_id=?,gender=?,medical_history_id=?,name=?,phone=?,responsible_doctor=?,signature_id=? where id=?
2024-11-19T16:56:13.168-03:00 DEBUG 11752 --- [clinical-study-system] [           main] o.h.p.entity.AbstractEntityPersister     :  Delete (0): delete from tb_patient where id=?
2024-11-19T16:56:13.168-03:00 DEBUG 11752 --- [clinical-study-system] [           main] o.h.p.entity.AbstractEntityPersister     :  Delete (1): delete from tb_user where id=?
2024-11-19T16:56:13.170-03:00 DEBUG 11752 --- [clinical-study-system] [           main] org.hibernate.orm.sql.ast.create         : Created new SQL alias : a1_0
2024-11-19T16:56:13.171-03:00 DEBUG 11752 --- [clinical-study-system] [           main] org.hibernate.orm.sql.ast.create         : Registration of TableGroup [org.hibernate.sql.ast.tree.from.OneToManyTableGroup@6413eeb7] with identifierForTableGroup [com.inovamed.clinical_study_system.model.notification.Notification.attachment] for NavigablePath [com.inovamed.clinical_study_system.model.notification.Notification.attachment] 
2024-11-19T16:56:13.171-03:00 DEBUG 11752 --- [clinical-study-system] [           main] org.hibernate.orm.sql.ast.create         : Registration of TableGroup [StandardTableGroup(com.inovamed.clinical_study_system.model.notification.Notification.attachment.{element})] with identifierForTableGroup [com.inovamed.clinical_study_system.model.notification.Notification.attachment.{element}] for NavigablePath [com.inovamed.clinical_study_system.model.notification.Notification.attachment.{element}] 
2024-11-19T16:56:13.174-03:00 DEBUG 11752 --- [clinical-study-system] [           main] org.hibernate.orm.sql.ast.create         : Registration of TableGroup [org.hibernate.sql.ast.tree.from.LazyTableGroup@217009bd] with identifierForTableGroup [com.inovamed.clinical_study_system.model.notification.Notification.attachment.{element}.notification] for NavigablePath [com.inovamed.clinical_study_system.model.notification.Notification.attachment.{element}.notification] 
2024-11-19T16:56:13.174-03:00 DEBUG 11752 --- [clinical-study-system] [           main] org.hibernate.orm.sql.ast.create         : Registration of TableGroup [org.hibernate.sql.ast.tree.from.LazyTableGroup@6046fba0] with identifierForTableGroup [com.inovamed.clinical_study_system.model.notification.Notification.attachment.{element}.research] for NavigablePath [com.inovamed.clinical_study_system.model.notification.Notification.attachment.{element}.research] 
2024-11-19T16:56:13.174-03:00 DEBUG 11752 --- [clinical-study-system] [           main] org.hibernate.orm.sql.ast.create         : Created new SQL alias : r1_0
2024-11-19T16:56:13.174-03:00 DEBUG 11752 --- [clinical-study-system] [           main] org.hibernate.orm.sql.ast.create         : Registration of TableGroup [org.hibernate.sql.ast.tree.from.LazyTableGroup@248ba4fc] with identifierForTableGroup [com.inovamed.clinical_study_system.model.notification.Notification.attachment.{element}.research.clinicalRepresentative] for NavigablePath [com.inovamed.clinical_study_system.model.notification.Notification.attachment.{element}.research.clinicalRepresentative] 
2024-11-19T16:56:13.174-03:00 DEBUG 11752 --- [clinical-study-system] [           main] org.hibernate.orm.sql.ast.create         : Created new SQL alias : cr1_0
2024-11-19T16:56:13.174-03:00 DEBUG 11752 --- [clinical-study-system] [           main] org.hibernate.orm.sql.ast.create         : Created new SQL alias : cr1_1
2024-11-19T16:56:13.174-03:00 DEBUG 11752 --- [clinical-study-system] [           main] org.hibernate.orm.sql.ast.create         : Registration of TableGroup [StandardVirtualTableGroup(com.inovamed.clinical_study_system.model.notification.Notification.attachment.{element}.research.criteria)] with identifierForTableGroup [com.inovamed.clinical_study_system.model.notification.Notification.attachment.{element}.research.criteria] for NavigablePath [com.inovamed.clinical_study_system.model.notification.Notification.attachment.{element}.research.criteria] 
2024-11-19T16:56:13.174-03:00 DEBUG 11752 --- [clinical-study-system] [           main] org.hibernate.orm.sql.ast.create         : Registration of TableGroup [StandardVirtualTableGroup(com.inovamed.clinical_study_system.model.notification.Notification.attachment.{element}.research.studyDuration)] with identifierForTableGroup [com.inovamed.clinical_study_system.model.notification.Notification.attachment.{element}.research.studyDuration] for NavigablePath [com.inovamed.clinical_study_system.model.notification.Notification.attachment.{element}.research.studyDuration] 
2024-11-19T16:56:13.175-03:00 DEBUG 11752 --- [clinical-study-system] [           main] org.hibernate.orm.sql.ast.create         : Registration of TableGroup [org.hibernate.sql.ast.tree.from.LazyTableGroup@54cce500] with identifierForTableGroup [com.inovamed.clinical_study_system.model.notification.Notification.attachment.{element}.user] for NavigablePath [com.inovamed.clinical_study_system.model.notification.Notification.attachment.{element}.user] 
2024-11-19T16:56:13.175-03:00 DEBUG 11752 --- [clinical-study-system] [           main] org.hibernate.orm.sql.ast.create         : Created new SQL alias : u1_0
2024-11-19T16:56:13.175-03:00 DEBUG 11752 --- [clinical-study-system] [           main] org.hibernate.orm.sql.ast.create         : Created new SQL alias : u1_1
2024-11-19T16:56:13.175-03:00 DEBUG 11752 --- [clinical-study-system] [           main] org.hibernate.orm.sql.ast.create         : Created new SQL alias : u1_2
2024-11-19T16:56:13.175-03:00 DEBUG 11752 --- [clinical-study-system] [           main] org.hibernate.orm.sql.ast.create         : Created new SQL alias : u1_3
2024-11-19T16:56:13.175-03:00 DEBUG 11752 --- [clinical-study-system] [           main] org.hibernate.orm.sql.ast.create         : Registration of TableGroup [org.hibernate.sql.ast.tree.from.LazyTableGroup@229c4d34] with identifierForTableGroup [treat(com.inovamed.clinical_study_system.model.notification.Notification.attachment.{element}.user as com.inovamed.clinical_study_system.model.patient.Patient).doctor] for NavigablePath [treat(com.inovamed.clinical_study_system.model.notification.Notification.attachment.{element}.user as com.inovamed.clinical_study_system.model.patient.Patient).doctor] 
2024-11-19T16:56:13.175-03:00 DEBUG 11752 --- [clinical-study-system] [           main] org.hibernate.orm.sql.ast.create         : Created new SQL alias : d1_0
2024-11-19T16:56:13.175-03:00 DEBUG 11752 --- [clinical-study-system] [           main] org.hibernate.orm.sql.ast.create         : Created new SQL alias : d1_1
2024-11-19T16:56:13.175-03:00 DEBUG 11752 --- [clinical-study-system] [           main] org.hibernate.orm.sql.ast.create         : Registration of TableGroup [org.hibernate.sql.ast.tree.from.LazyTableGroup@5b49b1df] with identifierForTableGroup [treat(com.inovamed.clinical_study_system.model.notification.Notification.attachment.{element}.user as com.inovamed.clinical_study_system.model.patient.Patient).medicalHistory] for NavigablePath [treat(com.inovamed.clinical_study_system.model.notification.Notification.attachment.{element}.user as com.inovamed.clinical_study_system.model.patient.Patient).medicalHistory] 
2024-11-19T16:56:13.175-03:00 DEBUG 11752 --- [clinical-study-system] [           main] org.hibernate.orm.sql.ast.create         : Created new SQL alias : mh1_0
2024-11-19T16:56:13.176-03:00 DEBUG 11752 --- [clinical-study-system] [           main] org.hibernate.orm.sql.ast.create         : Registration of TableGroup [org.hibernate.sql.ast.tree.from.LazyTableGroup@689eab53] with identifierForTableGroup [treat(com.inovamed.clinical_study_system.model.notification.Notification.attachment.{element}.user as com.inovamed.clinical_study_system.model.patient.Patient).signature] for NavigablePath [treat(com.inovamed.clinical_study_system.model.notification.Notification.attachment.{element}.user as com.inovamed.clinical_study_system.model.patient.Patient).signature] 
2024-11-19T16:56:13.176-03:00 DEBUG 11752 --- [clinical-study-system] [           main] org.hibernate.orm.sql.ast.create         : Created new SQL alias : s1_0
2024-11-19T16:56:13.176-03:00 DEBUG 11752 --- [clinical-study-system] [           main] org.hibernate.orm.sql.ast.create         : Registration of TableGroup [org.hibernate.sql.ast.tree.from.LazyTableGroup@1c24639e] with identifierForTableGroup [treat(com.inovamed.clinical_study_system.model.notification.Notification.attachment.{element}.user as com.inovamed.clinical_study_system.model.patient.Patient).signature.user] for NavigablePath [treat(com.inovamed.clinical_study_system.model.notification.Notification.attachment.{element}.user as com.inovamed.clinical_study_system.model.patient.Patient).signature.user] 
2024-11-19T16:56:13.176-03:00 DEBUG 11752 --- [clinical-study-system] [           main] org.hibernate.orm.sql.ast.create         : Created new SQL alias : u2_0
2024-11-19T16:56:13.176-03:00 DEBUG 11752 --- [clinical-study-system] [           main] org.hibernate.orm.sql.ast.create         : Created new SQL alias : u2_1
2024-11-19T16:56:13.176-03:00 DEBUG 11752 --- [clinical-study-system] [           main] org.hibernate.orm.sql.ast.create         : Created new SQL alias : u2_2
2024-11-19T16:56:13.176-03:00 DEBUG 11752 --- [clinical-study-system] [           main] org.hibernate.orm.sql.ast.create         : Created new SQL alias : u2_3
2024-11-19T16:56:13.176-03:00 DEBUG 11752 --- [clinical-study-system] [           main] org.hibernate.orm.sql.ast.create         : Registration of TableGroup [org.hibernate.sql.ast.tree.from.LazyTableGroup@4ac0fdc7] with identifierForTableGroup [treat(treat(com.inovamed.clinical_study_system.model.notification.Notification.attachment.{element}.user as #com.inovamed.clinical_study_system.model.patient.Patient).signature.user as com.inovamed.clinical_study_system.model.patient.Patient).doctor] for NavigablePath [treat(treat(com.inovamed.clinical_study_system.model.notification.Notification.attachment.{element}.user as #com.inovamed.clinical_study_system.model.patient.Patient).signature.user as com.inovamed.clinical_study_system.model.patient.Patient).doctor] 
2024-11-19T16:56:13.176-03:00 DEBUG 11752 --- [clinical-study-system] [           main] org.hibernate.orm.sql.ast.create         : Created new SQL alias : d2_0
2024-11-19T16:56:13.176-03:00 DEBUG 11752 --- [clinical-study-system] [           main] org.hibernate.orm.sql.ast.create         : Created new SQL alias : d2_1
2024-11-19T16:56:13.176-03:00 DEBUG 11752 --- [clinical-study-system] [           main] org.hibernate.orm.sql.ast.create         : Registration of TableGroup [org.hibernate.sql.ast.tree.from.LazyTableGroup@571903ff] with identifierForTableGroup [treat(treat(com.inovamed.clinical_study_system.model.notification.Notification.attachment.{element}.user as #com.inovamed.clinical_study_system.model.patient.Patient).signature.user as com.inovamed.clinical_study_system.model.patient.Patient).medicalHistory] for NavigablePath [treat(treat(com.inovamed.clinical_study_system.model.notification.Notification.attachment.{element}.user as #com.inovamed.clinical_study_system.model.patient.Patient).signature.user as com.inovamed.clinical_study_system.model.patient.Patient).medicalHistory] 
2024-11-19T16:56:13.176-03:00 DEBUG 11752 --- [clinical-study-system] [           main] org.hibernate.orm.sql.ast.create         : Created new SQL alias : mh2_0
2024-11-19T16:56:13.177-03:00 DEBUG 11752 --- [clinical-study-system] [           main] org.hibernate.orm.sql.ast.create         : Registration of TableGroup [org.hibernate.sql.ast.tree.from.LazyTableGroup@689ea211] with identifierForTableGroup [treat(treat(com.inovamed.clinical_study_system.model.notification.Notification.attachment.{element}.user as #com.inovamed.clinical_study_system.model.patient.Patient).signature.user as com.inovamed.clinical_study_system.model.patient.Patient).signature] for NavigablePath [treat(treat(com.inovamed.clinical_study_system.model.notification.Notification.attachment.{element}.user as #com.inovamed.clinical_study_system.model.patient.Patient).signature.user as com.inovamed.clinical_study_system.model.patient.Patient).signature] 
2024-11-19T16:56:13.179-03:00 DEBUG 11752 --- [clinical-study-system] [           main] org.hibernate.orm.results.graph.AST      : DomainResult Graph:
 \-CollectionDomainResult [com.inovamed.clinical_study_system.model.notification.Notification.attachment]

2024-11-19T16:56:13.179-03:00 DEBUG 11752 --- [clinical-study-system] [           main] org.hibernate.orm.sql.ast.tree           : SQL AST Tree:
    SelectStatement {
      FromClause {
        OneToManyTableGroup (a1 : com.inovamed.clinical_study_system.model.notification.Notification.attachment) {
          primaryTableReference : tb_attachment as a1_0
          TableGroupJoins {
            left  join LazyTableGroup (n1 : com.inovamed.clinical_study_system.model.notification.Notification.attachment.{element}.notification) {
            }
            left  join LazyTableGroup (r1 : com.inovamed.clinical_study_system.model.notification.Notification.attachment.{element}.research) {
              primaryTableReference : tb_research as r1_0
              TableGroupJoins {
                left  join LazyTableGroup (cr1 : com.inovamed.clinical_study_system.model.notification.Notification.attachment.{element}.research.clinicalRepresentative) {
                  primaryTableReference : tb_clinical_study_representative as cr1_0
                  TableReferenceJoins {
                     join tb_user as cr1_1
                  }
                }
                 join StandardVirtualTableGroup (null : com.inovamed.clinical_study_system.model.notification.Notification.attachment.{element}.research.criteria) {
                  primaryTableReference : tb_research as r1_0
                }
                 join StandardVirtualTableGroup (null : com.inovamed.clinical_study_system.model.notification.Notification.attachment.{element}.research.studyDuration) {
                  primaryTableReference : tb_research as r1_0
                }
              }
            }
            left  join LazyTableGroup (u1 : com.inovamed.clinical_study_system.model.notification.Notification.attachment.{element}.user) {
              primaryTableReference : tb_user as u1_0
              TableReferenceJoins {
                left  join tb_clinical_study_representative as u1_1
                left  join tb_doctor as u1_2
                left  join tb_patient as u1_3
              }
              TableGroupJoins {
                left  join LazyTableGroup (d1 : treat(com.inovamed.clinical_study_system.model.notification.Notification.attachment.{element}.user as #com.inovamed.clinical_study_system.model.patient.Patient).doctor) {
                  primaryTableReference : tb_doctor as d1_0
                  TableReferenceJoins {
                     join tb_user as d1_1
                  }
                }
                left  join LazyTableGroup (mh1 : treat(com.inovamed.clinical_study_system.model.notification.Notification.attachment.{element}.user as #com.inovamed.clinical_study_system.model.patient.Patient).medicalHistory) {
                  primaryTableReference : tb_medical_history as mh1_0
                }
                left  join LazyTableGroup (s1 : treat(com.inovamed.clinical_study_system.model.notification.Notification.attachment.{element}.user as #com.inovamed.clinical_study_system.model.patient.Patient).signature) {
                  primaryTableReference : tb_digital_signature as s1_0
                  TableGroupJoins {
                    left  join LazyTableGroup (u2 : treat(com.inovamed.clinical_study_system.model.notification.Notification.attachment.{element}.user as #com.inovamed.clinical_study_system.model.patient.Patient).signature.user) {
                      primaryTableReference : tb_user as u2_0
                      TableReferenceJoins {
                        left  join tb_clinical_study_representative as u2_1
                        left  join tb_doctor as u2_2
                        left  join tb_patient as u2_3
                      }
                      TableGroupJoins {
                        left  join LazyTableGroup (d2 : treat(treat(com.inovamed.clinical_study_system.model.notification.Notification.attachment.{element}.user as #com.inovamed.clinical_study_system.model.patient.Patient).signature.user as #com.inovamed.clinical_study_system.model.patient.Patient).doctor) {
                          primaryTableReference : tb_doctor as d2_0
                          TableReferenceJoins {
                             join tb_user as d2_1
                          }
                        }
                        left  join LazyTableGroup (mh2 : treat(treat(com.inovamed.clinical_study_system.model.notification.Notification.attachment.{element}.user as #com.inovamed.clinical_study_system.model.patient.Patient).signature.user as #com.inovamed.clinical_study_system.model.patient.Patient).medicalHistory) {
                          primaryTableReference : tb_medical_history as mh2_0
                        }
                        left  join LazyTableGroup (s2 : treat(treat(com.inovamed.clinical_study_system.model.notification.Notification.attachment.{element}.user as #com.inovamed.clinical_study_system.model.patient.Patient).signature.user as #com.inovamed.clinical_study_system.model.patient.Patient).signature) {
                        }
                      }
                    }
                  }
                }
              }
            }
          }
        }
      }
    }

2024-11-19T16:56:13.180-03:00 DEBUG 11752 --- [clinical-study-system] [           main] org.hibernate.orm.jdbc.mutation          : Static SQL for collection: com.inovamed.clinical_study_system.model.notification.Notification.attachment
2024-11-19T16:56:13.180-03:00 DEBUG 11752 --- [clinical-study-system] [           main] org.hibernate.orm.sql.ast.create         : Created new SQL alias : rd1_0
2024-11-19T16:56:13.182-03:00 DEBUG 11752 --- [clinical-study-system] [           main] org.hibernate.orm.sql.ast.create         : Registration of TableGroup [CollectionTableGroup(com.inovamed.clinical_study_system.model.research.Research.responsibleDoctors)] with identifierForTableGroup [com.inovamed.clinical_study_system.model.research.Research.responsibleDoctors] for NavigablePath [com.inovamed.clinical_study_system.model.research.Research.responsibleDoctors] 
2024-11-19T16:56:13.183-03:00 DEBUG 11752 --- [clinical-study-system] [           main] org.hibernate.orm.results                : Generating Fetch for collection-part : `com.inovamed.clinical_study_system.model.research.Research.responsibleDoctors` -> `{element}`
2024-11-19T16:56:13.183-03:00 DEBUG 11752 --- [clinical-study-system] [           main] org.hibernate.orm.results.graph.AST      : DomainResult Graph:
 \-CollectionDomainResult [com.inovamed.clinical_study_system.model.research.Research.responsibleDoctors]

2024-11-19T16:56:13.183-03:00 DEBUG 11752 --- [clinical-study-system] [           main] org.hibernate.orm.sql.ast.tree           : SQL AST Tree:
    SelectStatement {
      FromClause {
        CollectionTableGroup (rd1 : com.inovamed.clinical_study_system.model.research.Research.responsibleDoctors) {
          primaryTableReference : tb_research_responsible_doctors as rd1_0
        }
      }
    }

2024-11-19T16:56:13.183-03:00 DEBUG 11752 --- [clinical-study-system] [           main] org.hibernate.orm.jdbc.mutation          : Static SQL for collection: com.inovamed.clinical_study_system.model.research.Research.responsibleDoctors
2024-11-19T16:56:13.184-03:00 DEBUG 11752 --- [clinical-study-system] [           main] org.hibernate.orm.jdbc.mutation          :  Row insert: insert into tb_research_responsible_doctors (tb_research_research_id,responsible_doctors) values (?,?)
2024-11-19T16:56:13.184-03:00 DEBUG 11752 --- [clinical-study-system] [           main] org.hibernate.orm.jdbc.mutation          :  Row delete: delete from tb_research_responsible_doctors where tb_research_research_id=? and responsible_doctors=?
2024-11-19T16:56:13.185-03:00 DEBUG 11752 --- [clinical-study-system] [           main] org.hibernate.orm.jdbc.mutation          :  One-shot delete: delete from tb_research_responsible_doctors where tb_research_research_id=?
2024-11-19T16:56:13.185-03:00 DEBUG 11752 --- [clinical-study-system] [           main] org.hibernate.orm.sql.ast.create         : Created new SQL alias : as1_0
2024-11-19T16:56:13.185-03:00 DEBUG 11752 --- [clinical-study-system] [           main] org.hibernate.orm.sql.ast.create         : Registration of TableGroup [org.hibernate.sql.ast.tree.from.OneToManyTableGroup@33986be7] with identifierForTableGroup [com.inovamed.clinical_study_system.model.doctor.Doctor.applicationsSubmitted] for NavigablePath [com.inovamed.clinical_study_system.model.doctor.Doctor.applicationsSubmitted] 
2024-11-19T16:56:13.185-03:00 DEBUG 11752 --- [clinical-study-system] [           main] org.hibernate.orm.sql.ast.create         : Registration of TableGroup [StandardTableGroup(com.inovamed.clinical_study_system.model.doctor.Doctor.applicationsSubmitted.{element})] with identifierForTableGroup [com.inovamed.clinical_study_system.model.doctor.Doctor.applicationsSubmitted.{element}] for NavigablePath [com.inovamed.clinical_study_system.model.doctor.Doctor.applicationsSubmitted.{element}] 
2024-11-19T16:56:13.185-03:00 DEBUG 11752 --- [clinical-study-system] [           main] org.hibernate.orm.sql.ast.create         : Registration of TableGroup [org.hibernate.sql.ast.tree.from.LazyTableGroup@748fa354] with identifierForTableGroup [com.inovamed.clinical_study_system.model.doctor.Doctor.applicationsSubmitted.{element}.doctor] for NavigablePath [com.inovamed.clinical_study_system.model.doctor.Doctor.applicationsSubmitted.{element}.doctor] 
2024-11-19T16:56:13.185-03:00 DEBUG 11752 --- [clinical-study-system] [           main] org.hibernate.orm.sql.ast.create         : Registration of TableGroup [org.hibernate.sql.ast.tree.from.LazyTableGroup@78e59b04] with identifierForTableGroup [com.inovamed.clinical_study_system.model.doctor.Doctor.applicationsSubmitted.{element}.patient] for NavigablePath [com.inovamed.clinical_study_system.model.doctor.Doctor.applicationsSubmitted.{element}.patient] 
2024-11-19T16:56:13.185-03:00 DEBUG 11752 --- [clinical-study-system] [           main] org.hibernate.orm.sql.ast.create         : Created new SQL alias : p1_0
2024-11-19T16:56:13.185-03:00 DEBUG 11752 --- [clinical-study-system] [           main] org.hibernate.orm.sql.ast.create         : Created new SQL alias : p1_1
2024-11-19T16:56:13.185-03:00 DEBUG 11752 --- [clinical-study-system] [           main] org.hibernate.orm.sql.ast.create         : Registration of TableGroup [org.hibernate.sql.ast.tree.from.LazyTableGroup@2e6f1f48] with identifierForTableGroup [com.inovamed.clinical_study_system.model.doctor.Doctor.applicationsSubmitted.{element}.patient.doctor] for NavigablePath [com.inovamed.clinical_study_system.model.doctor.Doctor.applicationsSubmitted.{element}.patient.doctor] 
2024-11-19T16:56:13.185-03:00 DEBUG 11752 --- [clinical-study-system] [           main] org.hibernate.orm.sql.ast.create         : Created new SQL alias : d2_0
2024-11-19T16:56:13.185-03:00 DEBUG 11752 --- [clinical-study-system] [           main] org.hibernate.orm.sql.ast.create         : Created new SQL alias : d2_1
2024-11-19T16:56:13.186-03:00 DEBUG 11752 --- [clinical-study-system] [           main] org.hibernate.orm.sql.ast.create         : Registration of TableGroup [org.hibernate.sql.ast.tree.from.LazyTableGroup@5ed88e31] with identifierForTableGroup [com.inovamed.clinical_study_system.model.doctor.Doctor.applicationsSubmitted.{element}.patient.medicalHistory] for NavigablePath [com.inovamed.clinical_study_system.model.doctor.Doctor.applicationsSubmitted.{element}.patient.medicalHistory] 
2024-11-19T16:56:13.186-03:00 DEBUG 11752 --- [clinical-study-system] [           main] org.hibernate.orm.sql.ast.create         : Created new SQL alias : mh1_0
2024-11-19T16:56:13.186-03:00 DEBUG 11752 --- [clinical-study-system] [           main] org.hibernate.orm.sql.ast.create         : Registration of TableGroup [org.hibernate.sql.ast.tree.from.LazyTableGroup@574413bd] with identifierForTableGroup [com.inovamed.clinical_study_system.model.doctor.Doctor.applicationsSubmitted.{element}.patient.signature] for NavigablePath [com.inovamed.clinical_study_system.model.doctor.Doctor.applicationsSubmitted.{element}.patient.signature] 
2024-11-19T16:56:13.186-03:00 DEBUG 11752 --- [clinical-study-system] [           main] org.hibernate.orm.sql.ast.create         : Created new SQL alias : s1_0
2024-11-19T16:56:13.186-03:00 DEBUG 11752 --- [clinical-study-system] [           main] org.hibernate.orm.sql.ast.create         : Registration of TableGroup [org.hibernate.sql.ast.tree.from.LazyTableGroup@3ad9fea] with identifierForTableGroup [com.inovamed.clinical_study_system.model.doctor.Doctor.applicationsSubmitted.{element}.patient.signature.user] for NavigablePath [com.inovamed.clinical_study_system.model.doctor.Doctor.applicationsSubmitted.{element}.patient.signature.user] 
2024-11-19T16:56:13.186-03:00 DEBUG 11752 --- [clinical-study-system] [           main] org.hibernate.orm.sql.ast.create         : Created new SQL alias : u1_0
2024-11-19T16:56:13.186-03:00 DEBUG 11752 --- [clinical-study-system] [           main] org.hibernate.orm.sql.ast.create         : Created new SQL alias : u1_1
2024-11-19T16:56:13.186-03:00 DEBUG 11752 --- [clinical-study-system] [           main] org.hibernate.orm.sql.ast.create         : Created new SQL alias : u1_2
2024-11-19T16:56:13.186-03:00 DEBUG 11752 --- [clinical-study-system] [           main] org.hibernate.orm.sql.ast.create         : Created new SQL alias : u1_3
2024-11-19T16:56:13.186-03:00 DEBUG 11752 --- [clinical-study-system] [           main] org.hibernate.orm.sql.ast.create         : Registration of TableGroup [org.hibernate.sql.ast.tree.from.LazyTableGroup@4f5df012] with identifierForTableGroup [treat(com.inovamed.clinical_study_system.model.doctor.Doctor.applicationsSubmitted.{element}.patient.signature.user as com.inovamed.clinical_study_system.model.patient.Patient).doctor] for NavigablePath [treat(com.inovamed.clinical_study_system.model.doctor.Doctor.applicationsSubmitted.{element}.patient.signature.user as com.inovamed.clinical_study_system.model.patient.Patient).doctor] 
2024-11-19T16:56:13.186-03:00 DEBUG 11752 --- [clinical-study-system] [           main] org.hibernate.orm.sql.ast.create         : Created new SQL alias : d3_0
2024-11-19T16:56:13.186-03:00 DEBUG 11752 --- [clinical-study-system] [           main] org.hibernate.orm.sql.ast.create         : Created new SQL alias : d3_1
2024-11-19T16:56:13.187-03:00 DEBUG 11752 --- [clinical-study-system] [           main] org.hibernate.orm.sql.ast.create         : Registration of TableGroup [org.hibernate.sql.ast.tree.from.LazyTableGroup@38f3dbbf] with identifierForTableGroup [treat(com.inovamed.clinical_study_system.model.doctor.Doctor.applicationsSubmitted.{element}.patient.signature.user as com.inovamed.clinical_study_system.model.patient.Patient).medicalHistory] for NavigablePath [treat(com.inovamed.clinical_study_system.model.doctor.Doctor.applicationsSubmitted.{element}.patient.signature.user as com.inovamed.clinical_study_system.model.patient.Patient).medicalHistory] 
2024-11-19T16:56:13.187-03:00 DEBUG 11752 --- [clinical-study-system] [           main] org.hibernate.orm.sql.ast.create         : Created new SQL alias : mh2_0
2024-11-19T16:56:13.187-03:00 DEBUG 11752 --- [clinical-study-system] [           main] org.hibernate.orm.sql.ast.create         : Registration of TableGroup [org.hibernate.sql.ast.tree.from.LazyTableGroup@574e4184] with identifierForTableGroup [treat(com.inovamed.clinical_study_system.model.doctor.Doctor.applicationsSubmitted.{element}.patient.signature.user as com.inovamed.clinical_study_system.model.patient.Patient).signature] for NavigablePath [treat(com.inovamed.clinical_study_system.model.doctor.Doctor.applicationsSubmitted.{element}.patient.signature.user as com.inovamed.clinical_study_system.model.patient.Patient).signature] 
2024-11-19T16:56:13.187-03:00 DEBUG 11752 --- [clinical-study-system] [           main] org.hibernate.orm.sql.ast.create         : Registration of TableGroup [org.hibernate.sql.ast.tree.from.LazyTableGroup@70ab1ce0] with identifierForTableGroup [com.inovamed.clinical_study_system.model.doctor.Doctor.applicationsSubmitted.{element}.research] for NavigablePath [com.inovamed.clinical_study_system.model.doctor.Doctor.applicationsSubmitted.{element}.research] 
2024-11-19T16:56:13.187-03:00 DEBUG 11752 --- [clinical-study-system] [           main] org.hibernate.orm.sql.ast.create         : Created new SQL alias : r1_0
2024-11-19T16:56:13.187-03:00 DEBUG 11752 --- [clinical-study-system] [           main] org.hibernate.orm.sql.ast.create         : Registration of TableGroup [org.hibernate.sql.ast.tree.from.LazyTableGroup@50d6af87] with identifierForTableGroup [com.inovamed.clinical_study_system.model.doctor.Doctor.applicationsSubmitted.{element}.research.clinicalRepresentative] for NavigablePath [com.inovamed.clinical_study_system.model.doctor.Doctor.applicationsSubmitted.{element}.research.clinicalRepresentative] 
2024-11-19T16:56:13.187-03:00 DEBUG 11752 --- [clinical-study-system] [           main] org.hibernate.orm.sql.ast.create         : Created new SQL alias : cr1_0
2024-11-19T16:56:13.187-03:00 DEBUG 11752 --- [clinical-study-system] [           main] org.hibernate.orm.sql.ast.create         : Created new SQL alias : cr1_1
2024-11-19T16:56:13.187-03:00 DEBUG 11752 --- [clinical-study-system] [           main] org.hibernate.orm.sql.ast.create         : Registration of TableGroup [StandardVirtualTableGroup(com.inovamed.clinical_study_system.model.doctor.Doctor.applicationsSubmitted.{element}.research.criteria)] with identifierForTableGroup [com.inovamed.clinical_study_system.model.doctor.Doctor.applicationsSubmitted.{element}.research.criteria] for NavigablePath [com.inovamed.clinical_study_system.model.doctor.Doctor.applicationsSubmitted.{element}.research.criteria] 
2024-11-19T16:56:13.188-03:00 DEBUG 11752 --- [clinical-study-system] [           main] org.hibernate.orm.sql.ast.create         : Registration of TableGroup [StandardVirtualTableGroup(com.inovamed.clinical_study_system.model.doctor.Doctor.applicationsSubmitted.{element}.research.studyDuration)] with identifierForTableGroup [com.inovamed.clinical_study_system.model.doctor.Doctor.applicationsSubmitted.{element}.research.studyDuration] for NavigablePath [com.inovamed.clinical_study_system.model.doctor.Doctor.applicationsSubmitted.{element}.research.studyDuration] 
2024-11-19T16:56:13.188-03:00 DEBUG 11752 --- [clinical-study-system] [           main] org.hibernate.orm.results.graph.AST      : DomainResult Graph:
 \-CollectionDomainResult [com.inovamed.clinical_study_system.model.doctor.Doctor.applicationsSubmitted]

2024-11-19T16:56:13.188-03:00 DEBUG 11752 --- [clinical-study-system] [           main] org.hibernate.orm.sql.ast.tree           : SQL AST Tree:
    SelectStatement {
      FromClause {
        OneToManyTableGroup (as1 : com.inovamed.clinical_study_system.model.doctor.Doctor.applicationsSubmitted) {
          primaryTableReference : tb_application as as1_0
          TableGroupJoins {
            left  join LazyTableGroup (d1 : com.inovamed.clinical_study_system.model.doctor.Doctor.applicationsSubmitted.{element}.doctor) {
            }
            left  join LazyTableGroup (p1 : com.inovamed.clinical_study_system.model.doctor.Doctor.applicationsSubmitted.{element}.patient) {
              primaryTableReference : tb_patient as p1_0
              TableReferenceJoins {
                 join tb_user as p1_1
              }
              TableGroupJoins {
                left  join LazyTableGroup (d2 : com.inovamed.clinical_study_system.model.doctor.Doctor.applicationsSubmitted.{element}.patient.doctor) {
                  primaryTableReference : tb_doctor as d2_0
                  TableReferenceJoins {
                     join tb_user as d2_1
                  }
                }
                left  join LazyTableGroup (mh1 : com.inovamed.clinical_study_system.model.doctor.Doctor.applicationsSubmitted.{element}.patient.medicalHistory) {
                  primaryTableReference : tb_medical_history as mh1_0
                }
                left  join LazyTableGroup (s1 : com.inovamed.clinical_study_system.model.doctor.Doctor.applicationsSubmitted.{element}.patient.signature) {
                  primaryTableReference : tb_digital_signature as s1_0
                  TableGroupJoins {
                    left  join LazyTableGroup (u1 : com.inovamed.clinical_study_system.model.doctor.Doctor.applicationsSubmitted.{element}.patient.signature.user) {
                      primaryTableReference : tb_user as u1_0
                      TableReferenceJoins {
                        left  join tb_clinical_study_representative as u1_1
                        left  join tb_doctor as u1_2
                        left  join tb_patient as u1_3
                      }
                      TableGroupJoins {
                        left  join LazyTableGroup (d3 : treat(com.inovamed.clinical_study_system.model.doctor.Doctor.applicationsSubmitted.{element}.patient.signature.user as #com.inovamed.clinical_study_system.model.patient.Patient).doctor) {
                          primaryTableReference : tb_doctor as d3_0
                          TableReferenceJoins {
                             join tb_user as d3_1
                          }
                        }
                        left  join LazyTableGroup (mh2 : treat(com.inovamed.clinical_study_system.model.doctor.Doctor.applicationsSubmitted.{element}.patient.signature.user as #com.inovamed.clinical_study_system.model.patient.Patient).medicalHistory) {
                          primaryTableReference : tb_medical_history as mh2_0
                        }
                        left  join LazyTableGroup (s2 : treat(com.inovamed.clinical_study_system.model.doctor.Doctor.applicationsSubmitted.{element}.patient.signature.user as #com.inovamed.clinical_study_system.model.patient.Patient).signature) {
                        }
                      }
                    }
                  }
                }
              }
            }
            left  join LazyTableGroup (r1 : com.inovamed.clinical_study_system.model.doctor.Doctor.applicationsSubmitted.{element}.research) {
              primaryTableReference : tb_research as r1_0
              TableGroupJoins {
                left  join LazyTableGroup (cr1 : com.inovamed.clinical_study_system.model.doctor.Doctor.applicationsSubmitted.{element}.research.clinicalRepresentative) {
                  primaryTableReference : tb_clinical_study_representative as cr1_0
                  TableReferenceJoins {
                     join tb_user as cr1_1
                  }
                }
                 join StandardVirtualTableGroup (null : com.inovamed.clinical_study_system.model.doctor.Doctor.applicationsSubmitted.{element}.research.criteria) {
                  primaryTableReference : tb_research as r1_0
                }
                 join StandardVirtualTableGroup (null : com.inovamed.clinical_study_system.model.doctor.Doctor.applicationsSubmitted.{element}.research.studyDuration) {
                  primaryTableReference : tb_research as r1_0
                }
              }
            }
          }
        }
      }
    }

2024-11-19T16:56:13.189-03:00 DEBUG 11752 --- [clinical-study-system] [           main] org.hibernate.orm.jdbc.mutation          : Static SQL for collection: com.inovamed.clinical_study_system.model.doctor.Doctor.applicationsSubmitted
2024-11-19T16:56:13.189-03:00 DEBUG 11752 --- [clinical-study-system] [           main] org.hibernate.orm.sql.ast.create         : Created new SQL alias : n1_0
2024-11-19T16:56:13.190-03:00 DEBUG 11752 --- [clinical-study-system] [           main] org.hibernate.orm.sql.ast.create         : Registration of TableGroup [CollectionTableGroup(com.inovamed.clinical_study_system.model.clinical_study_representative.ClinicalStudyRepresentative.notifications)] with identifierForTableGroup [com.inovamed.clinical_study_system.model.clinical_study_representative.ClinicalStudyRepresentative.notifications] for NavigablePath [com.inovamed.clinical_study_system.model.clinical_study_representative.ClinicalStudyRepresentative.notifications] 
2024-11-19T16:56:13.191-03:00 DEBUG 11752 --- [clinical-study-system] [           main] org.hibernate.orm.sql.ast.create         : Registration of TableGroup [org.hibernate.sql.ast.tree.from.LazyTableGroup@1e12fdcf] with identifierForTableGroup [com.inovamed.clinical_study_system.model.clinical_study_representative.ClinicalStudyRepresentative.notifications.{element}] for NavigablePath [com.inovamed.clinical_study_system.model.clinical_study_representative.ClinicalStudyRepresentative.notifications.{element}] 
2024-11-19T16:56:13.191-03:00 DEBUG 11752 --- [clinical-study-system] [           main] org.hibernate.orm.sql.ast.create         : Created new SQL alias : n1_1
2024-11-19T16:56:13.191-03:00 DEBUG 11752 --- [clinical-study-system] [           main] org.hibernate.orm.sql.ast.create         : Registration of TableGroup [org.hibernate.sql.ast.tree.from.LazyTableGroup@1d0fc0bc] with identifierForTableGroup [com.inovamed.clinical_study_system.model.clinical_study_representative.ClinicalStudyRepresentative.notifications.{element}.studyRepresentative] for NavigablePath [com.inovamed.clinical_study_system.model.clinical_study_representative.ClinicalStudyRepresentative.notifications.{element}.studyRepresentative] 
2024-11-19T16:56:13.191-03:00 DEBUG 11752 --- [clinical-study-system] [           main] org.hibernate.orm.sql.ast.create         : Created new SQL alias : sr1_0
2024-11-19T16:56:13.191-03:00 DEBUG 11752 --- [clinical-study-system] [           main] org.hibernate.orm.sql.ast.create         : Created new SQL alias : sr1_1
2024-11-19T16:56:13.192-03:00 DEBUG 11752 --- [clinical-study-system] [           main] org.hibernate.orm.results.graph.AST      : DomainResult Graph:
 \-CollectionDomainResult [com.inovamed.clinical_study_system.model.clinical_study_representative.ClinicalStudyRepresentative.notifications]

2024-11-19T16:56:13.192-03:00 DEBUG 11752 --- [clinical-study-system] [           main] org.hibernate.orm.sql.ast.tree           : SQL AST Tree:
    SelectStatement {
      FromClause {
        CollectionTableGroup (n1 : com.inovamed.clinical_study_system.model.clinical_study_representative.ClinicalStudyRepresentative.notifications) {
          primaryTableReference : tb_clinical_study_representative_notifications as n1_0
          TableGroupJoins {
             join LazyTableGroup (n1 : com.inovamed.clinical_study_system.model.clinical_study_representative.ClinicalStudyRepresentative.notifications.{element}) {
              primaryTableReference : tb_notification as n1_1
              TableGroupJoins {
                left  join LazyTableGroup (sr1 : com.inovamed.clinical_study_system.model.clinical_study_representative.ClinicalStudyRepresentative.notifications.{element}.studyRepresentative) {
                  primaryTableReference : tb_clinical_study_representative as sr1_0
                  TableReferenceJoins {
                     join tb_user as sr1_1
                  }
                }
              }
            }
          }
        }
      }
    }

2024-11-19T16:56:13.192-03:00 DEBUG 11752 --- [clinical-study-system] [           main] org.hibernate.orm.jdbc.mutation          : Static SQL for collection: com.inovamed.clinical_study_system.model.clinical_study_representative.ClinicalStudyRepresentative.notifications
2024-11-19T16:56:13.193-03:00 DEBUG 11752 --- [clinical-study-system] [           main] org.hibernate.orm.jdbc.mutation          :  Row insert: insert into tb_clinical_study_representative_notifications (tb_clinical_study_representative_id,notifications_id) values (?,?)
2024-11-19T16:56:13.193-03:00 DEBUG 11752 --- [clinical-study-system] [           main] org.hibernate.orm.jdbc.mutation          :  Row delete: delete from tb_clinical_study_representative_notifications where tb_clinical_study_representative_id=? and notifications_id=?
2024-11-19T16:56:13.193-03:00 DEBUG 11752 --- [clinical-study-system] [           main] org.hibernate.orm.jdbc.mutation          :  One-shot delete: delete from tb_clinical_study_representative_notifications where tb_clinical_study_representative_id=?
2024-11-19T16:56:13.193-03:00 DEBUG 11752 --- [clinical-study-system] [           main] org.hibernate.orm.sql.ast.create         : Created new SQL alias : a1_0
2024-11-19T16:56:13.193-03:00 DEBUG 11752 --- [clinical-study-system] [           main] org.hibernate.orm.sql.ast.create         : Registration of TableGroup [org.hibernate.sql.ast.tree.from.OneToManyTableGroup@4b5ceb5d] with identifierForTableGroup [com.inovamed.clinical_study_system.model.research.Research.attachments] for NavigablePath [com.inovamed.clinical_study_system.model.research.Research.attachments] 
2024-11-19T16:56:13.193-03:00 DEBUG 11752 --- [clinical-study-system] [           main] org.hibernate.orm.sql.ast.create         : Registration of TableGroup [StandardTableGroup(com.inovamed.clinical_study_system.model.research.Research.attachments.{element})] with identifierForTableGroup [com.inovamed.clinical_study_system.model.research.Research.attachments.{element}] for NavigablePath [com.inovamed.clinical_study_system.model.research.Research.attachments.{element}] 
2024-11-19T16:56:13.194-03:00 DEBUG 11752 --- [clinical-study-system] [           main] org.hibernate.orm.sql.ast.create         : Registration of TableGroup [org.hibernate.sql.ast.tree.from.LazyTableGroup@22a2e581] with identifierForTableGroup [com.inovamed.clinical_study_system.model.research.Research.attachments.{element}.notification] for NavigablePath [com.inovamed.clinical_study_system.model.research.Research.attachments.{element}.notification] 
2024-11-19T16:56:13.194-03:00 DEBUG 11752 --- [clinical-study-system] [           main] org.hibernate.orm.sql.ast.create         : Created new SQL alias : n1_0
2024-11-19T16:56:13.194-03:00 DEBUG 11752 --- [clinical-study-system] [           main] org.hibernate.orm.sql.ast.create         : Registration of TableGroup [org.hibernate.sql.ast.tree.from.LazyTableGroup@7ca8f5d7] with identifierForTableGroup [com.inovamed.clinical_study_system.model.research.Research.attachments.{element}.notification.studyRepresentative] for NavigablePath [com.inovamed.clinical_study_system.model.research.Research.attachments.{element}.notification.studyRepresentative] 
2024-11-19T16:56:13.194-03:00 DEBUG 11752 --- [clinical-study-system] [           main] org.hibernate.orm.sql.ast.create         : Created new SQL alias : sr1_0
2024-11-19T16:56:13.194-03:00 DEBUG 11752 --- [clinical-study-system] [           main] org.hibernate.orm.sql.ast.create         : Created new SQL alias : sr1_1
2024-11-19T16:56:13.194-03:00 DEBUG 11752 --- [clinical-study-system] [           main] org.hibernate.orm.sql.ast.create         : Registration of TableGroup [org.hibernate.sql.ast.tree.from.LazyTableGroup@2dc319cf] with identifierForTableGroup [com.inovamed.clinical_study_system.model.research.Research.attachments.{element}.research] for NavigablePath [com.inovamed.clinical_study_system.model.research.Research.attachments.{element}.research] 
2024-11-19T16:56:13.194-03:00 DEBUG 11752 --- [clinical-study-system] [           main] org.hibernate.orm.sql.ast.create         : Registration of TableGroup [org.hibernate.sql.ast.tree.from.LazyTableGroup@1690929] with identifierForTableGroup [com.inovamed.clinical_study_system.model.research.Research.attachments.{element}.user] for NavigablePath [com.inovamed.clinical_study_system.model.research.Research.attachments.{element}.user] 
2024-11-19T16:56:13.194-03:00 DEBUG 11752 --- [clinical-study-system] [           main] org.hibernate.orm.sql.ast.create         : Created new SQL alias : u1_0
2024-11-19T16:56:13.194-03:00 DEBUG 11752 --- [clinical-study-system] [           main] org.hibernate.orm.sql.ast.create         : Created new SQL alias : u1_1
2024-11-19T16:56:13.194-03:00 DEBUG 11752 --- [clinical-study-system] [           main] org.hibernate.orm.sql.ast.create         : Created new SQL alias : u1_2
2024-11-19T16:56:13.194-03:00 DEBUG 11752 --- [clinical-study-system] [           main] org.hibernate.orm.sql.ast.create         : Created new SQL alias : u1_3
2024-11-19T16:56:13.194-03:00 DEBUG 11752 --- [clinical-study-system] [           main] org.hibernate.orm.sql.ast.create         : Registration of TableGroup [org.hibernate.sql.ast.tree.from.LazyTableGroup@fef2768] with identifierForTableGroup [treat(com.inovamed.clinical_study_system.model.research.Research.attachments.{element}.user as com.inovamed.clinical_study_system.model.patient.Patient).doctor] for NavigablePath [treat(com.inovamed.clinical_study_system.model.research.Research.attachments.{element}.user as com.inovamed.clinical_study_system.model.patient.Patient).doctor] 
2024-11-19T16:56:13.195-03:00 DEBUG 11752 --- [clinical-study-system] [           main] org.hibernate.orm.sql.ast.create         : Created new SQL alias : d1_0
2024-11-19T16:56:13.195-03:00 DEBUG 11752 --- [clinical-study-system] [           main] org.hibernate.orm.sql.ast.create         : Created new SQL alias : d1_1
2024-11-19T16:56:13.195-03:00 DEBUG 11752 --- [clinical-study-system] [           main] org.hibernate.orm.sql.ast.create         : Registration of TableGroup [org.hibernate.sql.ast.tree.from.LazyTableGroup@3a574a3b] with identifierForTableGroup [treat(com.inovamed.clinical_study_system.model.research.Research.attachments.{element}.user as com.inovamed.clinical_study_system.model.patient.Patient).medicalHistory] for NavigablePath [treat(com.inovamed.clinical_study_system.model.research.Research.attachments.{element}.user as com.inovamed.clinical_study_system.model.patient.Patient).medicalHistory] 
2024-11-19T16:56:13.195-03:00 DEBUG 11752 --- [clinical-study-system] [           main] org.hibernate.orm.sql.ast.create         : Created new SQL alias : mh1_0
2024-11-19T16:56:13.195-03:00 DEBUG 11752 --- [clinical-study-system] [           main] org.hibernate.orm.sql.ast.create         : Registration of TableGroup [org.hibernate.sql.ast.tree.from.LazyTableGroup@733e3c19] with identifierForTableGroup [treat(com.inovamed.clinical_study_system.model.research.Research.attachments.{element}.user as com.inovamed.clinical_study_system.model.patient.Patient).signature] for NavigablePath [treat(com.inovamed.clinical_study_system.model.research.Research.attachments.{element}.user as com.inovamed.clinical_study_system.model.patient.Patient).signature] 
2024-11-19T16:56:13.195-03:00 DEBUG 11752 --- [clinical-study-system] [           main] org.hibernate.orm.sql.ast.create         : Created new SQL alias : s1_0
2024-11-19T16:56:13.195-03:00 DEBUG 11752 --- [clinical-study-system] [           main] org.hibernate.orm.sql.ast.create         : Registration of TableGroup [org.hibernate.sql.ast.tree.from.LazyTableGroup@5418893c] with identifierForTableGroup [treat(com.inovamed.clinical_study_system.model.research.Research.attachments.{element}.user as com.inovamed.clinical_study_system.model.patient.Patient).signature.user] for NavigablePath [treat(com.inovamed.clinical_study_system.model.research.Research.attachments.{element}.user as com.inovamed.clinical_study_system.model.patient.Patient).signature.user] 
2024-11-19T16:56:13.195-03:00 DEBUG 11752 --- [clinical-study-system] [           main] org.hibernate.orm.sql.ast.create         : Created new SQL alias : u2_0
2024-11-19T16:56:13.195-03:00 DEBUG 11752 --- [clinical-study-system] [           main] org.hibernate.orm.sql.ast.create         : Created new SQL alias : u2_1
2024-11-19T16:56:13.195-03:00 DEBUG 11752 --- [clinical-study-system] [           main] org.hibernate.orm.sql.ast.create         : Created new SQL alias : u2_2
2024-11-19T16:56:13.195-03:00 DEBUG 11752 --- [clinical-study-system] [           main] org.hibernate.orm.sql.ast.create         : Created new SQL alias : u2_3
2024-11-19T16:56:13.195-03:00 DEBUG 11752 --- [clinical-study-system] [           main] org.hibernate.orm.sql.ast.create         : Registration of TableGroup [org.hibernate.sql.ast.tree.from.LazyTableGroup@22bca04e] with identifierForTableGroup [treat(treat(com.inovamed.clinical_study_system.model.research.Research.attachments.{element}.user as #com.inovamed.clinical_study_system.model.patient.Patient).signature.user as com.inovamed.clinical_study_system.model.patient.Patient).doctor] for NavigablePath [treat(treat(com.inovamed.clinical_study_system.model.research.Research.attachments.{element}.user as #com.inovamed.clinical_study_system.model.patient.Patient).signature.user as com.inovamed.clinical_study_system.model.patient.Patient).doctor] 
2024-11-19T16:56:13.195-03:00 DEBUG 11752 --- [clinical-study-system] [           main] org.hibernate.orm.sql.ast.create         : Created new SQL alias : d2_0
2024-11-19T16:56:13.196-03:00 DEBUG 11752 --- [clinical-study-system] [           main] org.hibernate.orm.sql.ast.create         : Created new SQL alias : d2_1
2024-11-19T16:56:13.196-03:00 DEBUG 11752 --- [clinical-study-system] [           main] org.hibernate.orm.sql.ast.create         : Registration of TableGroup [org.hibernate.sql.ast.tree.from.LazyTableGroup@20608ef4] with identifierForTableGroup [treat(treat(com.inovamed.clinical_study_system.model.research.Research.attachments.{element}.user as #com.inovamed.clinical_study_system.model.patient.Patient).signature.user as com.inovamed.clinical_study_system.model.patient.Patient).medicalHistory] for NavigablePath [treat(treat(com.inovamed.clinical_study_system.model.research.Research.attachments.{element}.user as #com.inovamed.clinical_study_system.model.patient.Patient).signature.user as com.inovamed.clinical_study_system.model.patient.Patient).medicalHistory] 
2024-11-19T16:56:13.196-03:00 DEBUG 11752 --- [clinical-study-system] [           main] org.hibernate.orm.sql.ast.create         : Created new SQL alias : mh2_0
2024-11-19T16:56:13.196-03:00 DEBUG 11752 --- [clinical-study-system] [           main] org.hibernate.orm.sql.ast.create         : Registration of TableGroup [org.hibernate.sql.ast.tree.from.LazyTableGroup@30a1b2ad] with identifierForTableGroup [treat(treat(com.inovamed.clinical_study_system.model.research.Research.attachments.{element}.user as #com.inovamed.clinical_study_system.model.patient.Patient).signature.user as com.inovamed.clinical_study_system.model.patient.Patient).signature] for NavigablePath [treat(treat(com.inovamed.clinical_study_system.model.research.Research.attachments.{element}.user as #com.inovamed.clinical_study_system.model.patient.Patient).signature.user as com.inovamed.clinical_study_system.model.patient.Patient).signature] 
2024-11-19T16:56:13.196-03:00 DEBUG 11752 --- [clinical-study-system] [           main] org.hibernate.orm.results.graph.AST      : DomainResult Graph:
 \-CollectionDomainResult [com.inovamed.clinical_study_system.model.research.Research.attachments]

2024-11-19T16:56:13.197-03:00 DEBUG 11752 --- [clinical-study-system] [           main] org.hibernate.orm.sql.ast.tree           : SQL AST Tree:
    SelectStatement {
      FromClause {
        OneToManyTableGroup (a1 : com.inovamed.clinical_study_system.model.research.Research.attachments) {
          primaryTableReference : tb_attachment as a1_0
          TableGroupJoins {
            left  join LazyTableGroup (n1 : com.inovamed.clinical_study_system.model.research.Research.attachments.{element}.notification) {
              primaryTableReference : tb_notification as n1_0
              TableGroupJoins {
                left  join LazyTableGroup (sr1 : com.inovamed.clinical_study_system.model.research.Research.attachments.{element}.notification.studyRepresentative) {
                  primaryTableReference : tb_clinical_study_representative as sr1_0
                  TableReferenceJoins {
                     join tb_user as sr1_1
                  }
                }
              }
            }
            left  join LazyTableGroup (r1 : com.inovamed.clinical_study_system.model.research.Research.attachments.{element}.research) {
            }
            left  join LazyTableGroup (u1 : com.inovamed.clinical_study_system.model.research.Research.attachments.{element}.user) {
              primaryTableReference : tb_user as u1_0
              TableReferenceJoins {
                left  join tb_clinical_study_representative as u1_1
                left  join tb_doctor as u1_2
                left  join tb_patient as u1_3
              }
              TableGroupJoins {
                left  join LazyTableGroup (d1 : treat(com.inovamed.clinical_study_system.model.research.Research.attachments.{element}.user as #com.inovamed.clinical_study_system.model.patient.Patient).doctor) {
                  primaryTableReference : tb_doctor as d1_0
                  TableReferenceJoins {
                     join tb_user as d1_1
                  }
                }
                left  join LazyTableGroup (mh1 : treat(com.inovamed.clinical_study_system.model.research.Research.attachments.{element}.user as #com.inovamed.clinical_study_system.model.patient.Patient).medicalHistory) {
                  primaryTableReference : tb_medical_history as mh1_0
                }
                left  join LazyTableGroup (s1 : treat(com.inovamed.clinical_study_system.model.research.Research.attachments.{element}.user as #com.inovamed.clinical_study_system.model.patient.Patient).signature) {
                  primaryTableReference : tb_digital_signature as s1_0
                  TableGroupJoins {
                    left  join LazyTableGroup (u2 : treat(com.inovamed.clinical_study_system.model.research.Research.attachments.{element}.user as #com.inovamed.clinical_study_system.model.patient.Patient).signature.user) {
                      primaryTableReference : tb_user as u2_0
                      TableReferenceJoins {
                        left  join tb_clinical_study_representative as u2_1
                        left  join tb_doctor as u2_2
                        left  join tb_patient as u2_3
                      }
                      TableGroupJoins {
                        left  join LazyTableGroup (d2 : treat(treat(com.inovamed.clinical_study_system.model.research.Research.attachments.{element}.user as #com.inovamed.clinical_study_system.model.patient.Patient).signature.user as #com.inovamed.clinical_study_system.model.patient.Patient).doctor) {
                          primaryTableReference : tb_doctor as d2_0
                          TableReferenceJoins {
                             join tb_user as d2_1
                          }
                        }
                        left  join LazyTableGroup (mh2 : treat(treat(com.inovamed.clinical_study_system.model.research.Research.attachments.{element}.user as #com.inovamed.clinical_study_system.model.patient.Patient).signature.user as #com.inovamed.clinical_study_system.model.patient.Patient).medicalHistory) {
                          primaryTableReference : tb_medical_history as mh2_0
                        }
                        left  join LazyTableGroup (s2 : treat(treat(com.inovamed.clinical_study_system.model.research.Research.attachments.{element}.user as #com.inovamed.clinical_study_system.model.patient.Patient).signature.user as #com.inovamed.clinical_study_system.model.patient.Patient).signature) {
                        }
                      }
                    }
                  }
                }
              }
            }
          }
        }
      }
    }

2024-11-19T16:56:13.197-03:00 DEBUG 11752 --- [clinical-study-system] [           main] org.hibernate.orm.jdbc.mutation          : Static SQL for collection: com.inovamed.clinical_study_system.model.research.Research.attachments
2024-11-19T16:56:13.198-03:00 DEBUG 11752 --- [clinical-study-system] [           main] org.hibernate.orm.sql.ast.create         : Created new SQL alias : r1_0
2024-11-19T16:56:13.198-03:00 DEBUG 11752 --- [clinical-study-system] [           main] org.hibernate.orm.sql.ast.create         : Registration of TableGroup [CollectionTableGroup(com.inovamed.clinical_study_system.model.patient.Patient.researches)] with identifierForTableGroup [com.inovamed.clinical_study_system.model.patient.Patient.researches] for NavigablePath [com.inovamed.clinical_study_system.model.patient.Patient.researches] 
2024-11-19T16:56:13.198-03:00 DEBUG 11752 --- [clinical-study-system] [           main] org.hibernate.orm.sql.ast.create         : Registration of TableGroup [org.hibernate.sql.ast.tree.from.LazyTableGroup@4144d4a] with identifierForTableGroup [com.inovamed.clinical_study_system.model.patient.Patient.researches.{element}] for NavigablePath [com.inovamed.clinical_study_system.model.patient.Patient.researches.{element}] 
2024-11-19T16:56:13.198-03:00 DEBUG 11752 --- [clinical-study-system] [           main] org.hibernate.orm.sql.ast.create         : Created new SQL alias : r1_1
2024-11-19T16:56:13.198-03:00 DEBUG 11752 --- [clinical-study-system] [           main] org.hibernate.orm.sql.ast.create         : Registration of TableGroup [org.hibernate.sql.ast.tree.from.LazyTableGroup@20276412] with identifierForTableGroup [com.inovamed.clinical_study_system.model.patient.Patient.researches.{element}.clinicalRepresentative] for NavigablePath [com.inovamed.clinical_study_system.model.patient.Patient.researches.{element}.clinicalRepresentative] 
2024-11-19T16:56:13.198-03:00 DEBUG 11752 --- [clinical-study-system] [           main] org.hibernate.orm.sql.ast.create         : Created new SQL alias : cr1_0
2024-11-19T16:56:13.198-03:00 DEBUG 11752 --- [clinical-study-system] [           main] org.hibernate.orm.sql.ast.create         : Created new SQL alias : cr1_1
2024-11-19T16:56:13.198-03:00 DEBUG 11752 --- [clinical-study-system] [           main] org.hibernate.orm.sql.ast.create         : Registration of TableGroup [StandardVirtualTableGroup(com.inovamed.clinical_study_system.model.patient.Patient.researches.{element}.criteria)] with identifierForTableGroup [com.inovamed.clinical_study_system.model.patient.Patient.researches.{element}.criteria] for NavigablePath [com.inovamed.clinical_study_system.model.patient.Patient.researches.{element}.criteria] 
2024-11-19T16:56:13.198-03:00 DEBUG 11752 --- [clinical-study-system] [           main] org.hibernate.orm.sql.ast.create         : Registration of TableGroup [StandardVirtualTableGroup(com.inovamed.clinical_study_system.model.patient.Patient.researches.{element}.studyDuration)] with identifierForTableGroup [com.inovamed.clinical_study_system.model.patient.Patient.researches.{element}.studyDuration] for NavigablePath [com.inovamed.clinical_study_system.model.patient.Patient.researches.{element}.studyDuration] 
2024-11-19T16:56:13.199-03:00 DEBUG 11752 --- [clinical-study-system] [           main] org.hibernate.orm.results.graph.AST      : DomainResult Graph:
 \-CollectionDomainResult [com.inovamed.clinical_study_system.model.patient.Patient.researches]

2024-11-19T16:56:13.199-03:00 DEBUG 11752 --- [clinical-study-system] [           main] org.hibernate.orm.sql.ast.tree           : SQL AST Tree:
    SelectStatement {
      FromClause {
        CollectionTableGroup (r1 : com.inovamed.clinical_study_system.model.patient.Patient.researches) {
          primaryTableReference : tb_patient_research as r1_0
          TableGroupJoins {
             join LazyTableGroup (r1 : com.inovamed.clinical_study_system.model.patient.Patient.researches.{element}) {
              primaryTableReference : tb_research as r1_1
              TableGroupJoins {
                left  join LazyTableGroup (cr1 : com.inovamed.clinical_study_system.model.patient.Patient.researches.{element}.clinicalRepresentative) {
                  primaryTableReference : tb_clinical_study_representative as cr1_0
                  TableReferenceJoins {
                     join tb_user as cr1_1
                  }
                }
                 join StandardVirtualTableGroup (null : com.inovamed.clinical_study_system.model.patient.Patient.researches.{element}.criteria) {
                  primaryTableReference : tb_research as r1_1
                }
                 join StandardVirtualTableGroup (null : com.inovamed.clinical_study_system.model.patient.Patient.researches.{element}.studyDuration) {
                  primaryTableReference : tb_research as r1_1
                }
              }
            }
          }
        }
      }
    }

2024-11-19T16:56:13.199-03:00 DEBUG 11752 --- [clinical-study-system] [           main] org.hibernate.orm.jdbc.mutation          : Static SQL for collection: com.inovamed.clinical_study_system.model.patient.Patient.researches
2024-11-19T16:56:13.199-03:00 DEBUG 11752 --- [clinical-study-system] [           main] org.hibernate.orm.jdbc.mutation          :  Row insert: insert into tb_patient_research (patient_id,research_id) values (?,?)
2024-11-19T16:56:13.199-03:00 DEBUG 11752 --- [clinical-study-system] [           main] org.hibernate.orm.jdbc.mutation          :  Row delete: delete from tb_patient_research where patient_id=? and research_id=?
2024-11-19T16:56:13.199-03:00 DEBUG 11752 --- [clinical-study-system] [           main] org.hibernate.orm.jdbc.mutation          :  One-shot delete: delete from tb_patient_research where patient_id=?
2024-11-19T16:56:13.199-03:00 DEBUG 11752 --- [clinical-study-system] [           main] org.hibernate.orm.sql.ast.create         : Created new SQL alias : rd1_0
2024-11-19T16:56:13.199-03:00 DEBUG 11752 --- [clinical-study-system] [           main] org.hibernate.orm.sql.ast.create         : Registration of TableGroup [CollectionTableGroup(com.inovamed.clinical_study_system.model.notification.Notification.recipientsDoctors)] with identifierForTableGroup [com.inovamed.clinical_study_system.model.notification.Notification.recipientsDoctors] for NavigablePath [com.inovamed.clinical_study_system.model.notification.Notification.recipientsDoctors] 
2024-11-19T16:56:13.199-03:00 DEBUG 11752 --- [clinical-study-system] [           main] org.hibernate.orm.sql.ast.create         : Registration of TableGroup [org.hibernate.sql.ast.tree.from.LazyTableGroup@6d40a2b] with identifierForTableGroup [com.inovamed.clinical_study_system.model.notification.Notification.recipientsDoctors.{element}] for NavigablePath [com.inovamed.clinical_study_system.model.notification.Notification.recipientsDoctors.{element}] 
2024-11-19T16:56:13.200-03:00 DEBUG 11752 --- [clinical-study-system] [           main] org.hibernate.orm.sql.ast.create         : Created new SQL alias : rd1_1
2024-11-19T16:56:13.200-03:00 DEBUG 11752 --- [clinical-study-system] [           main] org.hibernate.orm.sql.ast.create         : Created new SQL alias : rd1_2
2024-11-19T16:56:13.200-03:00 DEBUG 11752 --- [clinical-study-system] [           main] org.hibernate.orm.results.graph.AST      : DomainResult Graph:
 \-CollectionDomainResult [com.inovamed.clinical_study_system.model.notification.Notification.recipientsDoctors]

2024-11-19T16:56:13.200-03:00 DEBUG 11752 --- [clinical-study-system] [           main] org.hibernate.orm.sql.ast.tree           : SQL AST Tree:
    SelectStatement {
      FromClause {
        CollectionTableGroup (rd1 : com.inovamed.clinical_study_system.model.notification.Notification.recipientsDoctors) {
          primaryTableReference : notification_recipients_doctors as rd1_0
          TableGroupJoins {
             join LazyTableGroup (rd1 : com.inovamed.clinical_study_system.model.notification.Notification.recipientsDoctors.{element}) {
              primaryTableReference : tb_doctor as rd1_1
              TableReferenceJoins {
                 join tb_user as rd1_2
              }
            }
          }
        }
      }
    }

2024-11-19T16:56:13.200-03:00 DEBUG 11752 --- [clinical-study-system] [           main] org.hibernate.orm.jdbc.mutation          : Static SQL for collection: com.inovamed.clinical_study_system.model.notification.Notification.recipientsDoctors
2024-11-19T16:56:13.200-03:00 DEBUG 11752 --- [clinical-study-system] [           main] org.hibernate.orm.jdbc.mutation          :  Row insert: insert into notification_recipients_doctors (notification_id,doctor_id) values (?,?)
2024-11-19T16:56:13.201-03:00 DEBUG 11752 --- [clinical-study-system] [           main] org.hibernate.orm.jdbc.mutation          :  Row delete: delete from notification_recipients_doctors where notification_id=? and doctor_id=?
2024-11-19T16:56:13.201-03:00 DEBUG 11752 --- [clinical-study-system] [           main] org.hibernate.orm.jdbc.mutation          :  One-shot delete: delete from notification_recipients_doctors where notification_id=?
2024-11-19T16:56:13.201-03:00 DEBUG 11752 --- [clinical-study-system] [           main] org.hibernate.orm.sql.ast.create         : Created new SQL alias : ds1_0
2024-11-19T16:56:13.201-03:00 DEBUG 11752 --- [clinical-study-system] [           main] org.hibernate.orm.sql.ast.create         : Registration of TableGroup [org.hibernate.sql.ast.tree.from.OneToManyTableGroup@7945986a] with identifierForTableGroup [com.inovamed.clinical_study_system.model.user.User.digitalSignatures] for NavigablePath [com.inovamed.clinical_study_system.model.user.User.digitalSignatures] 
2024-11-19T16:56:13.201-03:00 DEBUG 11752 --- [clinical-study-system] [           main] org.hibernate.orm.sql.ast.create         : Registration of TableGroup [StandardTableGroup(com.inovamed.clinical_study_system.model.user.User.digitalSignatures.{element})] with identifierForTableGroup [com.inovamed.clinical_study_system.model.user.User.digitalSignatures.{element}] for NavigablePath [com.inovamed.clinical_study_system.model.user.User.digitalSignatures.{element}] 
2024-11-19T16:56:13.201-03:00 DEBUG 11752 --- [clinical-study-system] [           main] org.hibernate.orm.sql.ast.create         : Registration of TableGroup [org.hibernate.sql.ast.tree.from.LazyTableGroup@442151d1] with identifierForTableGroup [com.inovamed.clinical_study_system.model.user.User.digitalSignatures.{element}.user] for NavigablePath [com.inovamed.clinical_study_system.model.user.User.digitalSignatures.{element}.user] 
2024-11-19T16:56:13.201-03:00 DEBUG 11752 --- [clinical-study-system] [           main] org.hibernate.orm.results.graph.AST      : DomainResult Graph:
 \-CollectionDomainResult [com.inovamed.clinical_study_system.model.user.User.digitalSignatures]

2024-11-19T16:56:13.201-03:00 DEBUG 11752 --- [clinical-study-system] [           main] org.hibernate.orm.sql.ast.tree           : SQL AST Tree:
    SelectStatement {
      FromClause {
        OneToManyTableGroup (ds1 : com.inovamed.clinical_study_system.model.user.User.digitalSignatures) {
          primaryTableReference : tb_digital_signature as ds1_0
          TableGroupJoins {
            left  join LazyTableGroup (u1 : com.inovamed.clinical_study_system.model.user.User.digitalSignatures.{element}.user) {
            }
          }
        }
      }
    }

2024-11-19T16:56:13.201-03:00 DEBUG 11752 --- [clinical-study-system] [           main] org.hibernate.orm.jdbc.mutation          : Static SQL for collection: com.inovamed.clinical_study_system.model.user.User.digitalSignatures
2024-11-19T16:56:13.201-03:00 DEBUG 11752 --- [clinical-study-system] [           main] org.hibernate.orm.sql.ast.create         : Created new SQL alias : p1_0
2024-11-19T16:56:13.201-03:00 DEBUG 11752 --- [clinical-study-system] [           main] org.hibernate.orm.sql.ast.create         : Registration of TableGroup [CollectionTableGroup(com.inovamed.clinical_study_system.model.research.Research.patients)] with identifierForTableGroup [com.inovamed.clinical_study_system.model.research.Research.patients] for NavigablePath [com.inovamed.clinical_study_system.model.research.Research.patients] 
2024-11-19T16:56:13.201-03:00 DEBUG 11752 --- [clinical-study-system] [           main] org.hibernate.orm.sql.ast.create         : Registration of TableGroup [org.hibernate.sql.ast.tree.from.LazyTableGroup@79080255] with identifierForTableGroup [com.inovamed.clinical_study_system.model.research.Research.patients.{element}] for NavigablePath [com.inovamed.clinical_study_system.model.research.Research.patients.{element}] 
2024-11-19T16:56:13.201-03:00 DEBUG 11752 --- [clinical-study-system] [           main] org.hibernate.orm.sql.ast.create         : Created new SQL alias : p1_1
2024-11-19T16:56:13.201-03:00 DEBUG 11752 --- [clinical-study-system] [           main] org.hibernate.orm.sql.ast.create         : Created new SQL alias : p1_2
2024-11-19T16:56:13.201-03:00 DEBUG 11752 --- [clinical-study-system] [           main] org.hibernate.orm.sql.ast.create         : Registration of TableGroup [org.hibernate.sql.ast.tree.from.LazyTableGroup@2cdb53d6] with identifierForTableGroup [com.inovamed.clinical_study_system.model.research.Research.patients.{element}.doctor] for NavigablePath [com.inovamed.clinical_study_system.model.research.Research.patients.{element}.doctor] 
2024-11-19T16:56:13.201-03:00 DEBUG 11752 --- [clinical-study-system] [           main] org.hibernate.orm.sql.ast.create         : Created new SQL alias : d1_0
2024-11-19T16:56:13.201-03:00 DEBUG 11752 --- [clinical-study-system] [           main] org.hibernate.orm.sql.ast.create         : Created new SQL alias : d1_1
2024-11-19T16:56:13.202-03:00 DEBUG 11752 --- [clinical-study-system] [           main] org.hibernate.orm.sql.ast.create         : Registration of TableGroup [org.hibernate.sql.ast.tree.from.LazyTableGroup@62ba3045] with identifierForTableGroup [com.inovamed.clinical_study_system.model.research.Research.patients.{element}.medicalHistory] for NavigablePath [com.inovamed.clinical_study_system.model.research.Research.patients.{element}.medicalHistory] 
2024-11-19T16:56:13.202-03:00 DEBUG 11752 --- [clinical-study-system] [           main] org.hibernate.orm.sql.ast.create         : Created new SQL alias : mh1_0
2024-11-19T16:56:13.202-03:00 DEBUG 11752 --- [clinical-study-system] [           main] org.hibernate.orm.sql.ast.create         : Registration of TableGroup [org.hibernate.sql.ast.tree.from.LazyTableGroup@397bd46b] with identifierForTableGroup [com.inovamed.clinical_study_system.model.research.Research.patients.{element}.signature] for NavigablePath [com.inovamed.clinical_study_system.model.research.Research.patients.{element}.signature] 
2024-11-19T16:56:13.202-03:00 DEBUG 11752 --- [clinical-study-system] [           main] org.hibernate.orm.sql.ast.create         : Created new SQL alias : s1_0
2024-11-19T16:56:13.202-03:00 DEBUG 11752 --- [clinical-study-system] [           main] org.hibernate.orm.sql.ast.create         : Registration of TableGroup [org.hibernate.sql.ast.tree.from.LazyTableGroup@d863bb] with identifierForTableGroup [com.inovamed.clinical_study_system.model.research.Research.patients.{element}.signature.user] for NavigablePath [com.inovamed.clinical_study_system.model.research.Research.patients.{element}.signature.user] 
2024-11-19T16:56:13.202-03:00 DEBUG 11752 --- [clinical-study-system] [           main] org.hibernate.orm.sql.ast.create         : Created new SQL alias : u1_0
2024-11-19T16:56:13.202-03:00 DEBUG 11752 --- [clinical-study-system] [           main] org.hibernate.orm.sql.ast.create         : Created new SQL alias : u1_1
2024-11-19T16:56:13.202-03:00 DEBUG 11752 --- [clinical-study-system] [           main] org.hibernate.orm.sql.ast.create         : Created new SQL alias : u1_2
2024-11-19T16:56:13.202-03:00 DEBUG 11752 --- [clinical-study-system] [           main] org.hibernate.orm.sql.ast.create         : Created new SQL alias : u1_3
2024-11-19T16:56:13.202-03:00 DEBUG 11752 --- [clinical-study-system] [           main] org.hibernate.orm.sql.ast.create         : Registration of TableGroup [org.hibernate.sql.ast.tree.from.LazyTableGroup@4560eb15] with identifierForTableGroup [treat(com.inovamed.clinical_study_system.model.research.Research.patients.{element}.signature.user as com.inovamed.clinical_study_system.model.patient.Patient).doctor] for NavigablePath [treat(com.inovamed.clinical_study_system.model.research.Research.patients.{element}.signature.user as com.inovamed.clinical_study_system.model.patient.Patient).doctor] 
2024-11-19T16:56:13.202-03:00 DEBUG 11752 --- [clinical-study-system] [           main] org.hibernate.orm.sql.ast.create         : Created new SQL alias : d2_0
2024-11-19T16:56:13.202-03:00 DEBUG 11752 --- [clinical-study-system] [           main] org.hibernate.orm.sql.ast.create         : Created new SQL alias : d2_1
2024-11-19T16:56:13.202-03:00 DEBUG 11752 --- [clinical-study-system] [           main] org.hibernate.orm.sql.ast.create         : Registration of TableGroup [org.hibernate.sql.ast.tree.from.LazyTableGroup@225fb75e] with identifierForTableGroup [treat(com.inovamed.clinical_study_system.model.research.Research.patients.{element}.signature.user as com.inovamed.clinical_study_system.model.patient.Patient).medicalHistory] for NavigablePath [treat(com.inovamed.clinical_study_system.model.research.Research.patients.{element}.signature.user as com.inovamed.clinical_study_system.model.patient.Patient).medicalHistory] 
2024-11-19T16:56:13.202-03:00 DEBUG 11752 --- [clinical-study-system] [           main] org.hibernate.orm.sql.ast.create         : Created new SQL alias : mh2_0
2024-11-19T16:56:13.203-03:00 DEBUG 11752 --- [clinical-study-system] [           main] org.hibernate.orm.sql.ast.create         : Registration of TableGroup [org.hibernate.sql.ast.tree.from.LazyTableGroup@61d9dd15] with identifierForTableGroup [treat(com.inovamed.clinical_study_system.model.research.Research.patients.{element}.signature.user as com.inovamed.clinical_study_system.model.patient.Patient).signature] for NavigablePath [treat(com.inovamed.clinical_study_system.model.research.Research.patients.{element}.signature.user as com.inovamed.clinical_study_system.model.patient.Patient).signature] 
2024-11-19T16:56:13.203-03:00 DEBUG 11752 --- [clinical-study-system] [           main] org.hibernate.orm.results.graph.AST      : DomainResult Graph:
 \-CollectionDomainResult [com.inovamed.clinical_study_system.model.research.Research.patients]

2024-11-19T16:56:13.203-03:00 DEBUG 11752 --- [clinical-study-system] [           main] org.hibernate.orm.sql.ast.tree           : SQL AST Tree:
    SelectStatement {
      FromClause {
        CollectionTableGroup (p1 : com.inovamed.clinical_study_system.model.research.Research.patients) {
          primaryTableReference : tb_patient_research as p1_0
          TableGroupJoins {
             join LazyTableGroup (p1 : com.inovamed.clinical_study_system.model.research.Research.patients.{element}) {
              primaryTableReference : tb_patient as p1_1
              TableReferenceJoins {
                 join tb_user as p1_2
              }
              TableGroupJoins {
                left  join LazyTableGroup (d1 : com.inovamed.clinical_study_system.model.research.Research.patients.{element}.doctor) {
                  primaryTableReference : tb_doctor as d1_0
                  TableReferenceJoins {
                     join tb_user as d1_1
                  }
                }
                left  join LazyTableGroup (mh1 : com.inovamed.clinical_study_system.model.research.Research.patients.{element}.medicalHistory) {
                  primaryTableReference : tb_medical_history as mh1_0
                }
                left  join LazyTableGroup (s1 : com.inovamed.clinical_study_system.model.research.Research.patients.{element}.signature) {
                  primaryTableReference : tb_digital_signature as s1_0
                  TableGroupJoins {
                    left  join LazyTableGroup (u1 : com.inovamed.clinical_study_system.model.research.Research.patients.{element}.signature.user) {
                      primaryTableReference : tb_user as u1_0
                      TableReferenceJoins {
                        left  join tb_clinical_study_representative as u1_1
                        left  join tb_doctor as u1_2
                        left  join tb_patient as u1_3
                      }
                      TableGroupJoins {
                        left  join LazyTableGroup (d2 : treat(com.inovamed.clinical_study_system.model.research.Research.patients.{element}.signature.user as #com.inovamed.clinical_study_system.model.patient.Patient).doctor) {
                          primaryTableReference : tb_doctor as d2_0
                          TableReferenceJoins {
                             join tb_user as d2_1
                          }
                        }
                        left  join LazyTableGroup (mh2 : treat(com.inovamed.clinical_study_system.model.research.Research.patients.{element}.signature.user as #com.inovamed.clinical_study_system.model.patient.Patient).medicalHistory) {
                          primaryTableReference : tb_medical_history as mh2_0
                        }
                        left  join LazyTableGroup (s2 : treat(com.inovamed.clinical_study_system.model.research.Research.patients.{element}.signature.user as #com.inovamed.clinical_study_system.model.patient.Patient).signature) {
                        }
                      }
                    }
                  }
                }
              }
            }
          }
        }
      }
    }

2024-11-19T16:56:13.203-03:00 DEBUG 11752 --- [clinical-study-system] [           main] org.hibernate.orm.jdbc.mutation          : Static SQL for collection: com.inovamed.clinical_study_system.model.research.Research.patients
2024-11-19T16:56:13.203-03:00 DEBUG 11752 --- [clinical-study-system] [           main] org.hibernate.orm.sql.ast.create         : Created new SQL alias : p1_0
2024-11-19T16:56:13.203-03:00 DEBUG 11752 --- [clinical-study-system] [           main] org.hibernate.orm.sql.ast.create         : Registration of TableGroup [org.hibernate.sql.ast.tree.from.OneToManyTableGroup@b4c89b6] with identifierForTableGroup [com.inovamed.clinical_study_system.model.doctor.Doctor.patients] for NavigablePath [com.inovamed.clinical_study_system.model.doctor.Doctor.patients] 
2024-11-19T16:56:13.203-03:00 DEBUG 11752 --- [clinical-study-system] [           main] org.hibernate.orm.sql.ast.create         : Registration of TableGroup [StandardTableGroup(com.inovamed.clinical_study_system.model.doctor.Doctor.patients.{element})] with identifierForTableGroup [com.inovamed.clinical_study_system.model.doctor.Doctor.patients.{element}] for NavigablePath [com.inovamed.clinical_study_system.model.doctor.Doctor.patients.{element}] 
2024-11-19T16:56:13.203-03:00 DEBUG 11752 --- [clinical-study-system] [           main] org.hibernate.orm.sql.ast.create         : Created new SQL alias : p1_1
2024-11-19T16:56:13.203-03:00 DEBUG 11752 --- [clinical-study-system] [           main] org.hibernate.orm.sql.ast.create         : Registration of TableGroup [org.hibernate.sql.ast.tree.from.LazyTableGroup@54f62ac6] with identifierForTableGroup [com.inovamed.clinical_study_system.model.doctor.Doctor.patients.{element}.doctor] for NavigablePath [com.inovamed.clinical_study_system.model.doctor.Doctor.patients.{element}.doctor] 
2024-11-19T16:56:13.204-03:00 DEBUG 11752 --- [clinical-study-system] [           main] org.hibernate.orm.sql.ast.create         : Registration of TableGroup [org.hibernate.sql.ast.tree.from.LazyTableGroup@7be86438] with identifierForTableGroup [com.inovamed.clinical_study_system.model.doctor.Doctor.patients.{element}.medicalHistory] for NavigablePath [com.inovamed.clinical_study_system.model.doctor.Doctor.patients.{element}.medicalHistory] 
2024-11-19T16:56:13.204-03:00 DEBUG 11752 --- [clinical-study-system] [           main] org.hibernate.orm.sql.ast.create         : Created new SQL alias : mh1_0
2024-11-19T16:56:13.204-03:00 DEBUG 11752 --- [clinical-study-system] [           main] org.hibernate.orm.sql.ast.create         : Registration of TableGroup [org.hibernate.sql.ast.tree.from.LazyTableGroup@5fe4848] with identifierForTableGroup [com.inovamed.clinical_study_system.model.doctor.Doctor.patients.{element}.signature] for NavigablePath [com.inovamed.clinical_study_system.model.doctor.Doctor.patients.{element}.signature] 
2024-11-19T16:56:13.204-03:00 DEBUG 11752 --- [clinical-study-system] [           main] org.hibernate.orm.sql.ast.create         : Created new SQL alias : s1_0
2024-11-19T16:56:13.204-03:00 DEBUG 11752 --- [clinical-study-system] [           main] org.hibernate.orm.sql.ast.create         : Registration of TableGroup [org.hibernate.sql.ast.tree.from.LazyTableGroup@6a906078] with identifierForTableGroup [com.inovamed.clinical_study_system.model.doctor.Doctor.patients.{element}.signature.user] for NavigablePath [com.inovamed.clinical_study_system.model.doctor.Doctor.patients.{element}.signature.user] 
2024-11-19T16:56:13.204-03:00 DEBUG 11752 --- [clinical-study-system] [           main] org.hibernate.orm.sql.ast.create         : Created new SQL alias : u1_0
2024-11-19T16:56:13.204-03:00 DEBUG 11752 --- [clinical-study-system] [           main] org.hibernate.orm.sql.ast.create         : Created new SQL alias : u1_1
2024-11-19T16:56:13.204-03:00 DEBUG 11752 --- [clinical-study-system] [           main] org.hibernate.orm.sql.ast.create         : Created new SQL alias : u1_2
2024-11-19T16:56:13.204-03:00 DEBUG 11752 --- [clinical-study-system] [           main] org.hibernate.orm.sql.ast.create         : Created new SQL alias : u1_3
2024-11-19T16:56:13.204-03:00 DEBUG 11752 --- [clinical-study-system] [           main] org.hibernate.orm.sql.ast.create         : Registration of TableGroup [org.hibernate.sql.ast.tree.from.LazyTableGroup@3724ab90] with identifierForTableGroup [treat(com.inovamed.clinical_study_system.model.doctor.Doctor.patients.{element}.signature.user as com.inovamed.clinical_study_system.model.patient.Patient).doctor] for NavigablePath [treat(com.inovamed.clinical_study_system.model.doctor.Doctor.patients.{element}.signature.user as com.inovamed.clinical_study_system.model.patient.Patient).doctor] 
2024-11-19T16:56:13.204-03:00 DEBUG 11752 --- [clinical-study-system] [           main] org.hibernate.orm.sql.ast.create         : Registration of TableGroup [org.hibernate.sql.ast.tree.from.LazyTableGroup@40ef1934] with identifierForTableGroup [treat(com.inovamed.clinical_study_system.model.doctor.Doctor.patients.{element}.signature.user as com.inovamed.clinical_study_system.model.patient.Patient).medicalHistory] for NavigablePath [treat(com.inovamed.clinical_study_system.model.doctor.Doctor.patients.{element}.signature.user as com.inovamed.clinical_study_system.model.patient.Patient).medicalHistory] 
2024-11-19T16:56:13.204-03:00 DEBUG 11752 --- [clinical-study-system] [           main] org.hibernate.orm.sql.ast.create         : Created new SQL alias : mh2_0
2024-11-19T16:56:13.204-03:00 DEBUG 11752 --- [clinical-study-system] [           main] org.hibernate.orm.sql.ast.create         : Registration of TableGroup [org.hibernate.sql.ast.tree.from.LazyTableGroup@291522f1] with identifierForTableGroup [treat(com.inovamed.clinical_study_system.model.doctor.Doctor.patients.{element}.signature.user as com.inovamed.clinical_study_system.model.patient.Patient).signature] for NavigablePath [treat(com.inovamed.clinical_study_system.model.doctor.Doctor.patients.{element}.signature.user as com.inovamed.clinical_study_system.model.patient.Patient).signature] 
2024-11-19T16:56:13.205-03:00 DEBUG 11752 --- [clinical-study-system] [           main] org.hibernate.orm.results.graph.AST      : DomainResult Graph:
 \-CollectionDomainResult [com.inovamed.clinical_study_system.model.doctor.Doctor.patients]

2024-11-19T16:56:13.205-03:00 DEBUG 11752 --- [clinical-study-system] [           main] org.hibernate.orm.sql.ast.tree           : SQL AST Tree:
    SelectStatement {
      FromClause {
        OneToManyTableGroup (p1 : com.inovamed.clinical_study_system.model.doctor.Doctor.patients) {
          primaryTableReference : tb_patient as p1_0
          TableReferenceJoins {
             join tb_user as p1_1
          }
          TableGroupJoins {
            left  join LazyTableGroup (d1 : com.inovamed.clinical_study_system.model.doctor.Doctor.patients.{element}.doctor) {
            }
            left  join LazyTableGroup (mh1 : com.inovamed.clinical_study_system.model.doctor.Doctor.patients.{element}.medicalHistory) {
              primaryTableReference : tb_medical_history as mh1_0
            }
            left  join LazyTableGroup (s1 : com.inovamed.clinical_study_system.model.doctor.Doctor.patients.{element}.signature) {
              primaryTableReference : tb_digital_signature as s1_0
              TableGroupJoins {
                left  join LazyTableGroup (u1 : com.inovamed.clinical_study_system.model.doctor.Doctor.patients.{element}.signature.user) {
                  primaryTableReference : tb_user as u1_0
                  TableReferenceJoins {
                    left  join tb_clinical_study_representative as u1_1
                    left  join tb_doctor as u1_2
                    left  join tb_patient as u1_3
                  }
                  TableGroupJoins {
                    left  join LazyTableGroup (d2 : treat(com.inovamed.clinical_study_system.model.doctor.Doctor.patients.{element}.signature.user as #com.inovamed.clinical_study_system.model.patient.Patient).doctor) {
                    }
                    left  join LazyTableGroup (mh2 : treat(com.inovamed.clinical_study_system.model.doctor.Doctor.patients.{element}.signature.user as #com.inovamed.clinical_study_system.model.patient.Patient).medicalHistory) {
                      primaryTableReference : tb_medical_history as mh2_0
                    }
                    left  join LazyTableGroup (s2 : treat(com.inovamed.clinical_study_system.model.doctor.Doctor.patients.{element}.signature.user as #com.inovamed.clinical_study_system.model.patient.Patient).signature) {
                    }
                  }
                }
              }
            }
          }
        }
      }
    }

2024-11-19T16:56:13.205-03:00 DEBUG 11752 --- [clinical-study-system] [           main] org.hibernate.orm.jdbc.mutation          : Static SQL for collection: com.inovamed.clinical_study_system.model.doctor.Doctor.patients
2024-11-19T16:56:13.205-03:00 DEBUG 11752 --- [clinical-study-system] [           main] org.hibernate.orm.sql.ast.create         : Created new SQL alias : rp1_0
2024-11-19T16:56:13.205-03:00 DEBUG 11752 --- [clinical-study-system] [           main] org.hibernate.orm.sql.ast.create         : Registration of TableGroup [CollectionTableGroup(com.inovamed.clinical_study_system.model.notification.Notification.recipientsPatients)] with identifierForTableGroup [com.inovamed.clinical_study_system.model.notification.Notification.recipientsPatients] for NavigablePath [com.inovamed.clinical_study_system.model.notification.Notification.recipientsPatients] 
2024-11-19T16:56:13.205-03:00 DEBUG 11752 --- [clinical-study-system] [           main] org.hibernate.orm.sql.ast.create         : Registration of TableGroup [org.hibernate.sql.ast.tree.from.LazyTableGroup@1a34f8e2] with identifierForTableGroup [com.inovamed.clinical_study_system.model.notification.Notification.recipientsPatients.{element}] for NavigablePath [com.inovamed.clinical_study_system.model.notification.Notification.recipientsPatients.{element}] 
2024-11-19T16:56:13.205-03:00 DEBUG 11752 --- [clinical-study-system] [           main] org.hibernate.orm.sql.ast.create         : Created new SQL alias : rp1_1
2024-11-19T16:56:13.206-03:00 DEBUG 11752 --- [clinical-study-system] [           main] org.hibernate.orm.sql.ast.create         : Created new SQL alias : rp1_2
2024-11-19T16:56:13.206-03:00 DEBUG 11752 --- [clinical-study-system] [           main] org.hibernate.orm.sql.ast.create         : Registration of TableGroup [org.hibernate.sql.ast.tree.from.LazyTableGroup@222a7429] with identifierForTableGroup [com.inovamed.clinical_study_system.model.notification.Notification.recipientsPatients.{element}.doctor] for NavigablePath [com.inovamed.clinical_study_system.model.notification.Notification.recipientsPatients.{element}.doctor] 
2024-11-19T16:56:13.206-03:00 DEBUG 11752 --- [clinical-study-system] [           main] org.hibernate.orm.sql.ast.create         : Created new SQL alias : d1_0
2024-11-19T16:56:13.206-03:00 DEBUG 11752 --- [clinical-study-system] [           main] org.hibernate.orm.sql.ast.create         : Created new SQL alias : d1_1
2024-11-19T16:56:13.206-03:00 DEBUG 11752 --- [clinical-study-system] [           main] org.hibernate.orm.sql.ast.create         : Registration of TableGroup [org.hibernate.sql.ast.tree.from.LazyTableGroup@22a8c837] with identifierForTableGroup [com.inovamed.clinical_study_system.model.notification.Notification.recipientsPatients.{element}.medicalHistory] for NavigablePath [com.inovamed.clinical_study_system.model.notification.Notification.recipientsPatients.{element}.medicalHistory] 
2024-11-19T16:56:13.206-03:00 DEBUG 11752 --- [clinical-study-system] [           main] org.hibernate.orm.sql.ast.create         : Created new SQL alias : mh1_0
2024-11-19T16:56:13.206-03:00 DEBUG 11752 --- [clinical-study-system] [           main] org.hibernate.orm.sql.ast.create         : Registration of TableGroup [org.hibernate.sql.ast.tree.from.LazyTableGroup@5f596a1a] with identifierForTableGroup [com.inovamed.clinical_study_system.model.notification.Notification.recipientsPatients.{element}.signature] for NavigablePath [com.inovamed.clinical_study_system.model.notification.Notification.recipientsPatients.{element}.signature] 
2024-11-19T16:56:13.206-03:00 DEBUG 11752 --- [clinical-study-system] [           main] org.hibernate.orm.sql.ast.create         : Created new SQL alias : s1_0
2024-11-19T16:56:13.206-03:00 DEBUG 11752 --- [clinical-study-system] [           main] org.hibernate.orm.sql.ast.create         : Registration of TableGroup [org.hibernate.sql.ast.tree.from.LazyTableGroup@62977afb] with identifierForTableGroup [com.inovamed.clinical_study_system.model.notification.Notification.recipientsPatients.{element}.signature.user] for NavigablePath [com.inovamed.clinical_study_system.model.notification.Notification.recipientsPatients.{element}.signature.user] 
2024-11-19T16:56:13.206-03:00 DEBUG 11752 --- [clinical-study-system] [           main] org.hibernate.orm.sql.ast.create         : Created new SQL alias : u1_0
2024-11-19T16:56:13.207-03:00 DEBUG 11752 --- [clinical-study-system] [           main] org.hibernate.orm.sql.ast.create         : Created new SQL alias : u1_1
2024-11-19T16:56:13.207-03:00 DEBUG 11752 --- [clinical-study-system] [           main] org.hibernate.orm.sql.ast.create         : Created new SQL alias : u1_2
2024-11-19T16:56:13.207-03:00 DEBUG 11752 --- [clinical-study-system] [           main] org.hibernate.orm.sql.ast.create         : Created new SQL alias : u1_3
2024-11-19T16:56:13.207-03:00 DEBUG 11752 --- [clinical-study-system] [           main] org.hibernate.orm.sql.ast.create         : Registration of TableGroup [org.hibernate.sql.ast.tree.from.LazyTableGroup@77604a86] with identifierForTableGroup [treat(com.inovamed.clinical_study_system.model.notification.Notification.recipientsPatients.{element}.signature.user as com.inovamed.clinical_study_system.model.patient.Patient).doctor] for NavigablePath [treat(com.inovamed.clinical_study_system.model.notification.Notification.recipientsPatients.{element}.signature.user as com.inovamed.clinical_study_system.model.patient.Patient).doctor] 
2024-11-19T16:56:13.207-03:00 DEBUG 11752 --- [clinical-study-system] [           main] org.hibernate.orm.sql.ast.create         : Created new SQL alias : d2_0
2024-11-19T16:56:13.207-03:00 DEBUG 11752 --- [clinical-study-system] [           main] org.hibernate.orm.sql.ast.create         : Created new SQL alias : d2_1
2024-11-19T16:56:13.207-03:00 DEBUG 11752 --- [clinical-study-system] [           main] org.hibernate.orm.sql.ast.create         : Registration of TableGroup [org.hibernate.sql.ast.tree.from.LazyTableGroup@63fde7ca] with identifierForTableGroup [treat(com.inovamed.clinical_study_system.model.notification.Notification.recipientsPatients.{element}.signature.user as com.inovamed.clinical_study_system.model.patient.Patient).medicalHistory] for NavigablePath [treat(com.inovamed.clinical_study_system.model.notification.Notification.recipientsPatients.{element}.signature.user as com.inovamed.clinical_study_system.model.patient.Patient).medicalHistory] 
2024-11-19T16:56:13.207-03:00 DEBUG 11752 --- [clinical-study-system] [           main] org.hibernate.orm.sql.ast.create         : Created new SQL alias : mh2_0
2024-11-19T16:56:13.207-03:00 DEBUG 11752 --- [clinical-study-system] [           main] org.hibernate.orm.sql.ast.create         : Registration of TableGroup [org.hibernate.sql.ast.tree.from.LazyTableGroup@3a6409ec] with identifierForTableGroup [treat(com.inovamed.clinical_study_system.model.notification.Notification.recipientsPatients.{element}.signature.user as com.inovamed.clinical_study_system.model.patient.Patient).signature] for NavigablePath [treat(com.inovamed.clinical_study_system.model.notification.Notification.recipientsPatients.{element}.signature.user as com.inovamed.clinical_study_system.model.patient.Patient).signature] 
2024-11-19T16:56:13.207-03:00 DEBUG 11752 --- [clinical-study-system] [           main] org.hibernate.orm.results.graph.AST      : DomainResult Graph:
 \-CollectionDomainResult [com.inovamed.clinical_study_system.model.notification.Notification.recipientsPatients]

2024-11-19T16:56:13.208-03:00 DEBUG 11752 --- [clinical-study-system] [           main] org.hibernate.orm.sql.ast.tree           : SQL AST Tree:
    SelectStatement {
      FromClause {
        CollectionTableGroup (rp1 : com.inovamed.clinical_study_system.model.notification.Notification.recipientsPatients) {
          primaryTableReference : notification_recipients_patients as rp1_0
          TableGroupJoins {
             join LazyTableGroup (rp1 : com.inovamed.clinical_study_system.model.notification.Notification.recipientsPatients.{element}) {
              primaryTableReference : tb_patient as rp1_1
              TableReferenceJoins {
                 join tb_user as rp1_2
              }
              TableGroupJoins {
                left  join LazyTableGroup (d1 : com.inovamed.clinical_study_system.model.notification.Notification.recipientsPatients.{element}.doctor) {
                  primaryTableReference : tb_doctor as d1_0
                  TableReferenceJoins {
                     join tb_user as d1_1
                  }
                }
                left  join LazyTableGroup (mh1 : com.inovamed.clinical_study_system.model.notification.Notification.recipientsPatients.{element}.medicalHistory) {
                  primaryTableReference : tb_medical_history as mh1_0
                }
                left  join LazyTableGroup (s1 : com.inovamed.clinical_study_system.model.notification.Notification.recipientsPatients.{element}.signature) {
                  primaryTableReference : tb_digital_signature as s1_0
                  TableGroupJoins {
                    left  join LazyTableGroup (u1 : com.inovamed.clinical_study_system.model.notification.Notification.recipientsPatients.{element}.signature.user) {
                      primaryTableReference : tb_user as u1_0
                      TableReferenceJoins {
                        left  join tb_clinical_study_representative as u1_1
                        left  join tb_doctor as u1_2
                        left  join tb_patient as u1_3
                      }
                      TableGroupJoins {
                        left  join LazyTableGroup (d2 : treat(com.inovamed.clinical_study_system.model.notification.Notification.recipientsPatients.{element}.signature.user as #com.inovamed.clinical_study_system.model.patient.Patient).doctor) {
                          primaryTableReference : tb_doctor as d2_0
                          TableReferenceJoins {
                             join tb_user as d2_1
                          }
                        }
                        left  join LazyTableGroup (mh2 : treat(com.inovamed.clinical_study_system.model.notification.Notification.recipientsPatients.{element}.signature.user as #com.inovamed.clinical_study_system.model.patient.Patient).medicalHistory) {
                          primaryTableReference : tb_medical_history as mh2_0
                        }
                        left  join LazyTableGroup (s2 : treat(com.inovamed.clinical_study_system.model.notification.Notification.recipientsPatients.{element}.signature.user as #com.inovamed.clinical_study_system.model.patient.Patient).signature) {
                        }
                      }
                    }
                  }
                }
              }
            }
          }
        }
      }
    }

2024-11-19T16:56:13.208-03:00 DEBUG 11752 --- [clinical-study-system] [           main] org.hibernate.orm.jdbc.mutation          : Static SQL for collection: com.inovamed.clinical_study_system.model.notification.Notification.recipientsPatients
2024-11-19T16:56:13.209-03:00 DEBUG 11752 --- [clinical-study-system] [           main] org.hibernate.orm.jdbc.mutation          :  Row insert: insert into notification_recipients_patients (notification_id,patient_id) values (?,?)
2024-11-19T16:56:13.209-03:00 DEBUG 11752 --- [clinical-study-system] [           main] org.hibernate.orm.jdbc.mutation          :  Row delete: delete from notification_recipients_patients where notification_id=? and patient_id=?
2024-11-19T16:56:13.209-03:00 DEBUG 11752 --- [clinical-study-system] [           main] org.hibernate.orm.jdbc.mutation          :  One-shot delete: delete from notification_recipients_patients where notification_id=?
2024-11-19T16:56:13.209-03:00 DEBUG 11752 --- [clinical-study-system] [           main] org.hibernate.orm.sql.ast.create         : Created new SQL alias : p1_0
2024-11-19T16:56:13.209-03:00 DEBUG 11752 --- [clinical-study-system] [           main] org.hibernate.orm.sql.ast.create         : Registration of TableGroup [CollectionTableGroup(com.inovamed.clinical_study_system.model.research.Research.phases)] with identifierForTableGroup [com.inovamed.clinical_study_system.model.research.Research.phases] for NavigablePath [com.inovamed.clinical_study_system.model.research.Research.phases] 
2024-11-19T16:56:13.209-03:00 DEBUG 11752 --- [clinical-study-system] [           main] org.hibernate.orm.sql.ast.create         : Registration of TableGroup [StandardVirtualTableGroup(com.inovamed.clinical_study_system.model.research.Research.phases.{element})] with identifierForTableGroup [com.inovamed.clinical_study_system.model.research.Research.phases.{element}] for NavigablePath [com.inovamed.clinical_study_system.model.research.Research.phases.{element}] 
2024-11-19T16:56:13.209-03:00 DEBUG 11752 --- [clinical-study-system] [           main] org.hibernate.orm.results.graph.AST      : DomainResult Graph:
 \-CollectionDomainResult [com.inovamed.clinical_study_system.model.research.Research.phases]

2024-11-19T16:56:13.210-03:00 DEBUG 11752 --- [clinical-study-system] [           main] org.hibernate.orm.sql.ast.tree           : SQL AST Tree:
    SelectStatement {
      FromClause {
        CollectionTableGroup (p1 : com.inovamed.clinical_study_system.model.research.Research.phases) {
          primaryTableReference : research_phases as p1_0
          TableGroupJoins {
             join StandardVirtualTableGroup (null : com.inovamed.clinical_study_system.model.research.Research.phases.{element}) {
              primaryTableReference : research_phases as p1_0
            }
          }
        }
      }
    }

2024-11-19T16:56:13.210-03:00 DEBUG 11752 --- [clinical-study-system] [           main] org.hibernate.orm.jdbc.mutation          : Static SQL for collection: com.inovamed.clinical_study_system.model.research.Research.phases
2024-11-19T16:56:13.210-03:00 DEBUG 11752 --- [clinical-study-system] [           main] org.hibernate.orm.jdbc.mutation          :  Row insert: insert into research_phases (research_id,description,number,title) values (?,?,?,?)
2024-11-19T16:56:13.210-03:00 DEBUG 11752 --- [clinical-study-system] [           main] org.hibernate.orm.jdbc.mutation          :  Row delete: delete from research_phases where research_id=?
2024-11-19T16:56:13.210-03:00 DEBUG 11752 --- [clinical-study-system] [           main] org.hibernate.orm.jdbc.mutation          :  One-shot delete: delete from research_phases where research_id=?
2024-11-19T16:56:13.210-03:00 DEBUG 11752 --- [clinical-study-system] [           main] org.hibernate.orm.sql.ast.create         : Created new SQL alias : a1_0
2024-11-19T16:56:13.210-03:00 DEBUG 11752 --- [clinical-study-system] [           main] org.hibernate.orm.sql.ast.create         : Registration of TableGroup [CollectionTableGroup(com.inovamed.clinical_study_system.model.patient.Patient.authorizations)] with identifierForTableGroup [com.inovamed.clinical_study_system.model.patient.Patient.authorizations] for NavigablePath [com.inovamed.clinical_study_system.model.patient.Patient.authorizations] 
2024-11-19T16:56:13.210-03:00 DEBUG 11752 --- [clinical-study-system] [           main] org.hibernate.orm.results                : Generating Fetch for collection-part : `com.inovamed.clinical_study_system.model.patient.Patient.authorizations` -> `{element}`
2024-11-19T16:56:13.210-03:00 DEBUG 11752 --- [clinical-study-system] [           main] org.hibernate.orm.results.graph.AST      : DomainResult Graph:
 \-CollectionDomainResult [com.inovamed.clinical_study_system.model.patient.Patient.authorizations]

2024-11-19T16:56:13.210-03:00 DEBUG 11752 --- [clinical-study-system] [           main] org.hibernate.orm.sql.ast.tree           : SQL AST Tree:
    SelectStatement {
      FromClause {
        CollectionTableGroup (a1 : com.inovamed.clinical_study_system.model.patient.Patient.authorizations) {
          primaryTableReference : tb_patient_authorizations as a1_0
        }
      }
    }

2024-11-19T16:56:13.210-03:00 DEBUG 11752 --- [clinical-study-system] [           main] org.hibernate.orm.jdbc.mutation          : Static SQL for collection: com.inovamed.clinical_study_system.model.patient.Patient.authorizations
2024-11-19T16:56:13.210-03:00 DEBUG 11752 --- [clinical-study-system] [           main] org.hibernate.orm.jdbc.mutation          :  Row insert: insert into tb_patient_authorizations (tb_patient_id,authorizations) values (?,?)
2024-11-19T16:56:13.210-03:00 DEBUG 11752 --- [clinical-study-system] [           main] org.hibernate.orm.jdbc.mutation          :  Row delete: delete from tb_patient_authorizations where tb_patient_id=? and authorizations=?
2024-11-19T16:56:13.210-03:00 DEBUG 11752 --- [clinical-study-system] [           main] org.hibernate.orm.jdbc.mutation          :  One-shot delete: delete from tb_patient_authorizations where tb_patient_id=?
2024-11-19T16:56:13.210-03:00 DEBUG 11752 --- [clinical-study-system] [           main] org.hibernate.orm.sql.ast.create         : Created new SQL alias : n1_0
2024-11-19T16:56:13.210-03:00 DEBUG 11752 --- [clinical-study-system] [           main] org.hibernate.orm.sql.ast.create         : Registration of TableGroup [CollectionTableGroup(com.inovamed.clinical_study_system.model.patient.Patient.notifications)] with identifierForTableGroup [com.inovamed.clinical_study_system.model.patient.Patient.notifications] for NavigablePath [com.inovamed.clinical_study_system.model.patient.Patient.notifications] 
2024-11-19T16:56:13.210-03:00 DEBUG 11752 --- [clinical-study-system] [           main] org.hibernate.orm.sql.ast.create         : Registration of TableGroup [org.hibernate.sql.ast.tree.from.LazyTableGroup@751b901a] with identifierForTableGroup [com.inovamed.clinical_study_system.model.patient.Patient.notifications.{element}] for NavigablePath [com.inovamed.clinical_study_system.model.patient.Patient.notifications.{element}] 
2024-11-19T16:56:13.210-03:00 DEBUG 11752 --- [clinical-study-system] [           main] org.hibernate.orm.sql.ast.create         : Created new SQL alias : n1_1
2024-11-19T16:56:13.211-03:00 DEBUG 11752 --- [clinical-study-system] [           main] org.hibernate.orm.sql.ast.create         : Registration of TableGroup [org.hibernate.sql.ast.tree.from.LazyTableGroup@6672b0ea] with identifierForTableGroup [com.inovamed.clinical_study_system.model.patient.Patient.notifications.{element}.studyRepresentative] for NavigablePath [com.inovamed.clinical_study_system.model.patient.Patient.notifications.{element}.studyRepresentative] 
2024-11-19T16:56:13.211-03:00 DEBUG 11752 --- [clinical-study-system] [           main] org.hibernate.orm.sql.ast.create         : Created new SQL alias : sr1_0
2024-11-19T16:56:13.211-03:00 DEBUG 11752 --- [clinical-study-system] [           main] org.hibernate.orm.sql.ast.create         : Created new SQL alias : sr1_1
2024-11-19T16:56:13.211-03:00 DEBUG 11752 --- [clinical-study-system] [           main] org.hibernate.orm.results.graph.AST      : DomainResult Graph:
 \-CollectionDomainResult [com.inovamed.clinical_study_system.model.patient.Patient.notifications]

2024-11-19T16:56:13.211-03:00 DEBUG 11752 --- [clinical-study-system] [           main] org.hibernate.orm.sql.ast.tree           : SQL AST Tree:
    SelectStatement {
      FromClause {
        CollectionTableGroup (n1 : com.inovamed.clinical_study_system.model.patient.Patient.notifications) {
          primaryTableReference : notification_recipients_patients as n1_0
          TableGroupJoins {
             join LazyTableGroup (n1 : com.inovamed.clinical_study_system.model.patient.Patient.notifications.{element}) {
              primaryTableReference : tb_notification as n1_1
              TableGroupJoins {
                left  join LazyTableGroup (sr1 : com.inovamed.clinical_study_system.model.patient.Patient.notifications.{element}.studyRepresentative) {
                  primaryTableReference : tb_clinical_study_representative as sr1_0
                  TableReferenceJoins {
                     join tb_user as sr1_1
                  }
                }
              }
            }
          }
        }
      }
    }

2024-11-19T16:56:13.211-03:00 DEBUG 11752 --- [clinical-study-system] [           main] org.hibernate.orm.jdbc.mutation          : Static SQL for collection: com.inovamed.clinical_study_system.model.patient.Patient.notifications
2024-11-19T16:56:13.211-03:00 DEBUG 11752 --- [clinical-study-system] [           main] org.hibernate.orm.sql.ast.create         : Created new SQL alias : i1_0
2024-11-19T16:56:13.211-03:00 DEBUG 11752 --- [clinical-study-system] [           main] org.hibernate.orm.sql.ast.create         : Registration of TableGroup [CollectionTableGroup(com.inovamed.clinical_study_system.model.research.Research.institutions)] with identifierForTableGroup [com.inovamed.clinical_study_system.model.research.Research.institutions] for NavigablePath [com.inovamed.clinical_study_system.model.research.Research.institutions] 
2024-11-19T16:56:13.211-03:00 DEBUG 11752 --- [clinical-study-system] [           main] org.hibernate.orm.results                : Generating Fetch for collection-part : `com.inovamed.clinical_study_system.model.research.Research.institutions` -> `{element}`
2024-11-19T16:56:13.211-03:00 DEBUG 11752 --- [clinical-study-system] [           main] org.hibernate.orm.results.graph.AST      : DomainResult Graph:
 \-CollectionDomainResult [com.inovamed.clinical_study_system.model.research.Research.institutions]

2024-11-19T16:56:13.211-03:00 DEBUG 11752 --- [clinical-study-system] [           main] org.hibernate.orm.sql.ast.tree           : SQL AST Tree:
    SelectStatement {
      FromClause {
        CollectionTableGroup (i1 : com.inovamed.clinical_study_system.model.research.Research.institutions) {
          primaryTableReference : tb_research_institutions as i1_0
        }
      }
    }

2024-11-19T16:56:13.212-03:00 DEBUG 11752 --- [clinical-study-system] [           main] org.hibernate.orm.jdbc.mutation          : Static SQL for collection: com.inovamed.clinical_study_system.model.research.Research.institutions
2024-11-19T16:56:13.212-03:00 DEBUG 11752 --- [clinical-study-system] [           main] org.hibernate.orm.jdbc.mutation          :  Row insert: insert into tb_research_institutions (tb_research_research_id,institutions) values (?,?)
2024-11-19T16:56:13.212-03:00 DEBUG 11752 --- [clinical-study-system] [           main] org.hibernate.orm.jdbc.mutation          :  Row delete: delete from tb_research_institutions where tb_research_research_id=? and institutions=?
2024-11-19T16:56:13.212-03:00 DEBUG 11752 --- [clinical-study-system] [           main] org.hibernate.orm.jdbc.mutation          :  One-shot delete: delete from tb_research_institutions where tb_research_research_id=?
2024-11-19T16:56:13.212-03:00 DEBUG 11752 --- [clinical-study-system] [           main] org.hibernate.orm.sql.ast.create         : Created new SQL alias : c1_0
2024-11-19T16:56:13.212-03:00 DEBUG 11752 --- [clinical-study-system] [           main] org.hibernate.orm.sql.ast.create         : Registration of TableGroup [CollectionTableGroup(com.inovamed.clinical_study_system.model.digital_signature.DigitalSignature.consents)] with identifierForTableGroup [com.inovamed.clinical_study_system.model.digital_signature.DigitalSignature.consents] for NavigablePath [com.inovamed.clinical_study_system.model.digital_signature.DigitalSignature.consents] 
2024-11-19T16:56:13.212-03:00 DEBUG 11752 --- [clinical-study-system] [           main] org.hibernate.orm.sql.ast.create         : Registration of TableGroup [org.hibernate.sql.ast.tree.from.LazyTableGroup@438a65a7] with identifierForTableGroup [com.inovamed.clinical_study_system.model.digital_signature.DigitalSignature.consents.{element}] for NavigablePath [com.inovamed.clinical_study_system.model.digital_signature.DigitalSignature.consents.{element}] 
2024-11-19T16:56:13.212-03:00 DEBUG 11752 --- [clinical-study-system] [           main] org.hibernate.orm.sql.ast.create         : Created new SQL alias : c1_1
2024-11-19T16:56:13.212-03:00 DEBUG 11752 --- [clinical-study-system] [           main] org.hibernate.orm.results.graph.AST      : DomainResult Graph:
 \-CollectionDomainResult [com.inovamed.clinical_study_system.model.digital_signature.DigitalSignature.consents]

2024-11-19T16:56:13.212-03:00 DEBUG 11752 --- [clinical-study-system] [           main] org.hibernate.orm.sql.ast.tree           : SQL AST Tree:
    SelectStatement {
      FromClause {
        CollectionTableGroup (c1 : com.inovamed.clinical_study_system.model.digital_signature.DigitalSignature.consents) {
          primaryTableReference : signature_consents as c1_0
          TableGroupJoins {
             join LazyTableGroup (c1 : com.inovamed.clinical_study_system.model.digital_signature.DigitalSignature.consents.{element}) {
              primaryTableReference : tb_consent as c1_1
            }
          }
        }
      }
    }

2024-11-19T16:56:13.212-03:00 DEBUG 11752 --- [clinical-study-system] [           main] org.hibernate.orm.jdbc.mutation          : Static SQL for collection: com.inovamed.clinical_study_system.model.digital_signature.DigitalSignature.consents
2024-11-19T16:56:13.212-03:00 DEBUG 11752 --- [clinical-study-system] [           main] org.hibernate.orm.jdbc.mutation          :  Row insert: insert into signature_consents (signature_id,consent_id) values (?,?)
2024-11-19T16:56:13.212-03:00 DEBUG 11752 --- [clinical-study-system] [           main] org.hibernate.orm.jdbc.mutation          :  Row delete: delete from signature_consents where signature_id=? and consent_id=?
2024-11-19T16:56:13.213-03:00 DEBUG 11752 --- [clinical-study-system] [           main] org.hibernate.orm.jdbc.mutation          :  One-shot delete: delete from signature_consents where signature_id=?
2024-11-19T16:56:13.213-03:00 DEBUG 11752 --- [clinical-study-system] [           main] org.hibernate.orm.sql.ast.create         : Created new SQL alias : r1_0
2024-11-19T16:56:13.213-03:00 DEBUG 11752 --- [clinical-study-system] [           main] org.hibernate.orm.sql.ast.create         : Registration of TableGroup [CollectionTableGroup(com.inovamed.clinical_study_system.model.clinical_study_representative.ClinicalStudyRepresentative.research)] with identifierForTableGroup [com.inovamed.clinical_study_system.model.clinical_study_representative.ClinicalStudyRepresentative.research] for NavigablePath [com.inovamed.clinical_study_system.model.clinical_study_representative.ClinicalStudyRepresentative.research] 
2024-11-19T16:56:13.213-03:00 DEBUG 11752 --- [clinical-study-system] [           main] org.hibernate.orm.sql.ast.create         : Registration of TableGroup [org.hibernate.sql.ast.tree.from.LazyTableGroup@51d34f02] with identifierForTableGroup [com.inovamed.clinical_study_system.model.clinical_study_representative.ClinicalStudyRepresentative.research.{element}] for NavigablePath [com.inovamed.clinical_study_system.model.clinical_study_representative.ClinicalStudyRepresentative.research.{element}] 
2024-11-19T16:56:13.213-03:00 DEBUG 11752 --- [clinical-study-system] [           main] org.hibernate.orm.sql.ast.create         : Created new SQL alias : r1_1
2024-11-19T16:56:13.213-03:00 DEBUG 11752 --- [clinical-study-system] [           main] org.hibernate.orm.sql.ast.create         : Registration of TableGroup [org.hibernate.sql.ast.tree.from.LazyTableGroup@441762b8] with identifierForTableGroup [com.inovamed.clinical_study_system.model.clinical_study_representative.ClinicalStudyRepresentative.research.{element}.clinicalRepresentative] for NavigablePath [com.inovamed.clinical_study_system.model.clinical_study_representative.ClinicalStudyRepresentative.research.{element}.clinicalRepresentative] 
2024-11-19T16:56:13.213-03:00 DEBUG 11752 --- [clinical-study-system] [           main] org.hibernate.orm.sql.ast.create         : Created new SQL alias : cr1_0
2024-11-19T16:56:13.213-03:00 DEBUG 11752 --- [clinical-study-system] [           main] org.hibernate.orm.sql.ast.create         : Created new SQL alias : cr1_1
2024-11-19T16:56:13.213-03:00 DEBUG 11752 --- [clinical-study-system] [           main] org.hibernate.orm.sql.ast.create         : Registration of TableGroup [StandardVirtualTableGroup(com.inovamed.clinical_study_system.model.clinical_study_representative.ClinicalStudyRepresentative.research.{element}.criteria)] with identifierForTableGroup [com.inovamed.clinical_study_system.model.clinical_study_representative.ClinicalStudyRepresentative.research.{element}.criteria] for NavigablePath [com.inovamed.clinical_study_system.model.clinical_study_representative.ClinicalStudyRepresentative.research.{element}.criteria] 
2024-11-19T16:56:13.213-03:00 DEBUG 11752 --- [clinical-study-system] [           main] org.hibernate.orm.sql.ast.create         : Registration of TableGroup [StandardVirtualTableGroup(com.inovamed.clinical_study_system.model.clinical_study_representative.ClinicalStudyRepresentative.research.{element}.studyDuration)] with identifierForTableGroup [com.inovamed.clinical_study_system.model.clinical_study_representative.ClinicalStudyRepresentative.research.{element}.studyDuration] for NavigablePath [com.inovamed.clinical_study_system.model.clinical_study_representative.ClinicalStudyRepresentative.research.{element}.studyDuration] 
2024-11-19T16:56:13.213-03:00 DEBUG 11752 --- [clinical-study-system] [           main] org.hibernate.orm.results.graph.AST      : DomainResult Graph:
 \-CollectionDomainResult [com.inovamed.clinical_study_system.model.clinical_study_representative.ClinicalStudyRepresentative.research]

2024-11-19T16:56:13.213-03:00 DEBUG 11752 --- [clinical-study-system] [           main] org.hibernate.orm.sql.ast.tree           : SQL AST Tree:
    SelectStatement {
      FromClause {
        CollectionTableGroup (r1 : com.inovamed.clinical_study_system.model.clinical_study_representative.ClinicalStudyRepresentative.research) {
          primaryTableReference : tb_clinical_study_representative_research as r1_0
          TableGroupJoins {
             join LazyTableGroup (r1 : com.inovamed.clinical_study_system.model.clinical_study_representative.ClinicalStudyRepresentative.research.{element}) {
              primaryTableReference : tb_research as r1_1
              TableGroupJoins {
                left  join LazyTableGroup (cr1 : com.inovamed.clinical_study_system.model.clinical_study_representative.ClinicalStudyRepresentative.research.{element}.clinicalRepresentative) {
                  primaryTableReference : tb_clinical_study_representative as cr1_0
                  TableReferenceJoins {
                     join tb_user as cr1_1
                  }
                }
                 join StandardVirtualTableGroup (null : com.inovamed.clinical_study_system.model.clinical_study_representative.ClinicalStudyRepresentative.research.{element}.criteria) {
                  primaryTableReference : tb_research as r1_1
                }
                 join StandardVirtualTableGroup (null : com.inovamed.clinical_study_system.model.clinical_study_representative.ClinicalStudyRepresentative.research.{element}.studyDuration) {
                  primaryTableReference : tb_research as r1_1
                }
              }
            }
          }
        }
      }
    }

2024-11-19T16:56:13.214-03:00 DEBUG 11752 --- [clinical-study-system] [           main] org.hibernate.orm.jdbc.mutation          : Static SQL for collection: com.inovamed.clinical_study_system.model.clinical_study_representative.ClinicalStudyRepresentative.research
2024-11-19T16:56:13.214-03:00 DEBUG 11752 --- [clinical-study-system] [           main] org.hibernate.orm.jdbc.mutation          :  Row insert: insert into tb_clinical_study_representative_research (tb_clinical_study_representative_id,research_research_id) values (?,?)
2024-11-19T16:56:13.214-03:00 DEBUG 11752 --- [clinical-study-system] [           main] org.hibernate.orm.jdbc.mutation          :  Row delete: delete from tb_clinical_study_representative_research where tb_clinical_study_representative_id=? and research_research_id=?
2024-11-19T16:56:13.214-03:00 DEBUG 11752 --- [clinical-study-system] [           main] org.hibernate.orm.jdbc.mutation          :  One-shot delete: delete from tb_clinical_study_representative_research where tb_clinical_study_representative_id=?
2024-11-19T16:56:13.214-03:00 DEBUG 11752 --- [clinical-study-system] [           main] org.hibernate.orm.sql.ast.create         : Created new SQL alias : n1_0
2024-11-19T16:56:13.214-03:00 DEBUG 11752 --- [clinical-study-system] [           main] org.hibernate.orm.sql.ast.create         : Registration of TableGroup [CollectionTableGroup(com.inovamed.clinical_study_system.model.doctor.Doctor.notifications)] with identifierForTableGroup [com.inovamed.clinical_study_system.model.doctor.Doctor.notifications] for NavigablePath [com.inovamed.clinical_study_system.model.doctor.Doctor.notifications] 
2024-11-19T16:56:13.214-03:00 DEBUG 11752 --- [clinical-study-system] [           main] org.hibernate.orm.sql.ast.create         : Registration of TableGroup [org.hibernate.sql.ast.tree.from.LazyTableGroup@12c30824] with identifierForTableGroup [com.inovamed.clinical_study_system.model.doctor.Doctor.notifications.{element}] for NavigablePath [com.inovamed.clinical_study_system.model.doctor.Doctor.notifications.{element}] 
2024-11-19T16:56:13.214-03:00 DEBUG 11752 --- [clinical-study-system] [           main] org.hibernate.orm.sql.ast.create         : Created new SQL alias : n1_1
2024-11-19T16:56:13.214-03:00 DEBUG 11752 --- [clinical-study-system] [           main] org.hibernate.orm.sql.ast.create         : Registration of TableGroup [org.hibernate.sql.ast.tree.from.LazyTableGroup@7d0e43d6] with identifierForTableGroup [com.inovamed.clinical_study_system.model.doctor.Doctor.notifications.{element}.studyRepresentative] for NavigablePath [com.inovamed.clinical_study_system.model.doctor.Doctor.notifications.{element}.studyRepresentative] 
2024-11-19T16:56:13.214-03:00 DEBUG 11752 --- [clinical-study-system] [           main] org.hibernate.orm.sql.ast.create         : Created new SQL alias : sr1_0
2024-11-19T16:56:13.214-03:00 DEBUG 11752 --- [clinical-study-system] [           main] org.hibernate.orm.sql.ast.create         : Created new SQL alias : sr1_1
2024-11-19T16:56:13.214-03:00 DEBUG 11752 --- [clinical-study-system] [           main] org.hibernate.orm.results.graph.AST      : DomainResult Graph:
 \-CollectionDomainResult [com.inovamed.clinical_study_system.model.doctor.Doctor.notifications]

2024-11-19T16:56:13.214-03:00 DEBUG 11752 --- [clinical-study-system] [           main] org.hibernate.orm.sql.ast.tree           : SQL AST Tree:
    SelectStatement {
      FromClause {
        CollectionTableGroup (n1 : com.inovamed.clinical_study_system.model.doctor.Doctor.notifications) {
          primaryTableReference : notification_recipients_doctors as n1_0
          TableGroupJoins {
             join LazyTableGroup (n1 : com.inovamed.clinical_study_system.model.doctor.Doctor.notifications.{element}) {
              primaryTableReference : tb_notification as n1_1
              TableGroupJoins {
                left  join LazyTableGroup (sr1 : com.inovamed.clinical_study_system.model.doctor.Doctor.notifications.{element}.studyRepresentative) {
                  primaryTableReference : tb_clinical_study_representative as sr1_0
                  TableReferenceJoins {
                     join tb_user as sr1_1
                  }
                }
              }
            }
          }
        }
      }
    }

2024-11-19T16:56:13.215-03:00 DEBUG 11752 --- [clinical-study-system] [           main] org.hibernate.orm.jdbc.mutation          : Static SQL for collection: com.inovamed.clinical_study_system.model.doctor.Doctor.notifications
2024-11-19T16:56:13.250-03:00  INFO 11752 --- [clinical-study-system] [           main] o.h.e.t.j.p.i.JtaPlatformInitiator       : HHH000489: No JTA platform available (set 'hibernate.transaction.jta.platform' to enable JTA platform integration)
2024-11-19T16:56:13.251-03:00 DEBUG 11752 --- [clinical-study-system] [           main] o.h.type.spi.TypeConfiguration$Scope     : Scoping TypeConfiguration [org.hibernate.type.spi.TypeConfiguration@b841713] to SessionFactoryImplementor [org.hibernate.internal.SessionFactoryImpl@6447dc25]
2024-11-19T16:56:13.252-03:00 DEBUG 11752 --- [clinical-study-system] [           main] o.h.query.named.NamedObjectRepository    : Checking 0 named HQL queries
2024-11-19T16:56:13.252-03:00 DEBUG 11752 --- [clinical-study-system] [           main] o.h.query.named.NamedObjectRepository    : Checking 0 named SQL queries
2024-11-19T16:56:13.275-03:00  INFO 11752 --- [clinical-study-system] [           main] com.zaxxer.hikari.HikariDataSource       : HikariPool-1 - Starting...
2024-11-19T16:56:14.289-03:00 DEBUG 11752 --- [clinical-study-system] [           main] o.h.engine.jdbc.spi.SqlExceptionHelper   : Unable to open JDBC Connection for DDL execution [n/a]

org.postgresql.util.PSQLException: Connection to localhost:5432 refused. Check that the hostname and port are correct and that the postmaster is accepting TCP/IP connections.
	at org.postgresql.core.v3.ConnectionFactoryImpl.openConnectionImpl(ConnectionFactoryImpl.java:352) ~[postgresql-42.7.4.jar:42.7.4]
	at org.postgresql.core.ConnectionFactory.openConnection(ConnectionFactory.java:54) ~[postgresql-42.7.4.jar:42.7.4]
	at org.postgresql.jdbc.PgConnection.<init>(PgConnection.java:273) ~[postgresql-42.7.4.jar:42.7.4]
	at org.postgresql.Driver.makeConnection(Driver.java:446) ~[postgresql-42.7.4.jar:42.7.4]
	at org.postgresql.Driver.connect(Driver.java:298) ~[postgresql-42.7.4.jar:42.7.4]
	at com.zaxxer.hikari.util.DriverDataSource.getConnection(DriverDataSource.java:137) ~[HikariCP-5.1.0.jar:na]
	at com.zaxxer.hikari.pool.PoolBase.newConnection(PoolBase.java:360) ~[HikariCP-5.1.0.jar:na]
	at com.zaxxer.hikari.pool.PoolBase.newPoolEntry(PoolBase.java:202) ~[HikariCP-5.1.0.jar:na]
	at com.zaxxer.hikari.pool.HikariPool.createPoolEntry(HikariPool.java:461) ~[HikariCP-5.1.0.jar:na]
	at com.zaxxer.hikari.pool.HikariPool.checkFailFast(HikariPool.java:550) ~[HikariCP-5.1.0.jar:na]
	at com.zaxxer.hikari.pool.HikariPool.<init>(HikariPool.java:98) ~[HikariCP-5.1.0.jar:na]
	at com.zaxxer.hikari.HikariDataSource.getConnection(HikariDataSource.java:111) ~[HikariCP-5.1.0.jar:na]
	at org.hibernate.engine.jdbc.connections.internal.DatasourceConnectionProviderImpl.getConnection(DatasourceConnectionProviderImpl.java:122) ~[hibernate-core-6.5.3.Final.jar:6.5.3.Final]
	at org.hibernate.engine.jdbc.env.internal.JdbcEnvironmentInitiator$ConnectionProviderJdbcConnectionAccess.obtainConnection(JdbcEnvironmentInitiator.java:439) ~[hibernate-core-6.5.3.Final.jar:6.5.3.Final]
	at org.hibernate.resource.transaction.backend.jdbc.internal.DdlTransactionIsolatorNonJtaImpl.getIsolatedConnection(DdlTransactionIsolatorNonJtaImpl.java:46) ~[hibernate-core-6.5.3.Final.jar:6.5.3.Final]
	at org.hibernate.resource.transaction.backend.jdbc.internal.DdlTransactionIsolatorNonJtaImpl.getIsolatedConnection(DdlTransactionIsolatorNonJtaImpl.java:39) ~[hibernate-core-6.5.3.Final.jar:6.5.3.Final]
	at org.hibernate.tool.schema.internal.exec.ImprovedExtractionContextImpl.getJdbcConnection(ImprovedExtractionContextImpl.java:63) ~[hibernate-core-6.5.3.Final.jar:6.5.3.Final]
	at org.hibernate.tool.schema.extract.spi.ExtractionContext.getQueryResults(ExtractionContext.java:43) ~[hibernate-core-6.5.3.Final.jar:6.5.3.Final]
	at org.hibernate.tool.schema.extract.internal.SequenceInformationExtractorLegacyImpl.extractMetadata(SequenceInformationExtractorLegacyImpl.java:39) ~[hibernate-core-6.5.3.Final.jar:6.5.3.Final]
	at org.hibernate.tool.schema.extract.internal.DatabaseInformationImpl.initializeSequences(DatabaseInformationImpl.java:66) ~[hibernate-core-6.5.3.Final.jar:6.5.3.Final]
	at org.hibernate.tool.schema.extract.internal.DatabaseInformationImpl.<init>(DatabaseInformationImpl.java:60) ~[hibernate-core-6.5.3.Final.jar:6.5.3.Final]
	at org.hibernate.tool.schema.internal.Helper.buildDatabaseInformation(Helper.java:185) ~[hibernate-core-6.5.3.Final.jar:6.5.3.Final]
	at org.hibernate.tool.schema.internal.AbstractSchemaMigrator.doMigration(AbstractSchemaMigrator.java:100) ~[hibernate-core-6.5.3.Final.jar:6.5.3.Final]
	at org.hibernate.tool.schema.spi.SchemaManagementToolCoordinator.performDatabaseAction(SchemaManagementToolCoordinator.java:280) ~[hibernate-core-6.5.3.Final.jar:6.5.3.Final]
	at org.hibernate.tool.schema.spi.SchemaManagementToolCoordinator.lambda$process$5(SchemaManagementToolCoordinator.java:144) ~[hibernate-core-6.5.3.Final.jar:6.5.3.Final]
	at java.base/java.util.HashMap.forEach(HashMap.java:1429) ~[na:na]
	at org.hibernate.tool.schema.spi.SchemaManagementToolCoordinator.process(SchemaManagementToolCoordinator.java:141) ~[hibernate-core-6.5.3.Final.jar:6.5.3.Final]
	at org.hibernate.boot.internal.SessionFactoryObserverForSchemaExport.sessionFactoryCreated(SessionFactoryObserverForSchemaExport.java:37) ~[hibernate-core-6.5.3.Final.jar:6.5.3.Final]
	at org.hibernate.internal.SessionFactoryObserverChain.sessionFactoryCreated(SessionFactoryObserverChain.java:35) ~[hibernate-core-6.5.3.Final.jar:6.5.3.Final]
	at org.hibernate.internal.SessionFactoryImpl.<init>(SessionFactoryImpl.java:322) ~[hibernate-core-6.5.3.Final.jar:6.5.3.Final]
	at org.hibernate.boot.internal.SessionFactoryBuilderImpl.build(SessionFactoryBuilderImpl.java:457) ~[hibernate-core-6.5.3.Final.jar:6.5.3.Final]
	at org.hibernate.jpa.boot.internal.EntityManagerFactoryBuilderImpl.build(EntityManagerFactoryBuilderImpl.java:1506) ~[hibernate-core-6.5.3.Final.jar:6.5.3.Final]
	at org.springframework.orm.jpa.vendor.SpringHibernateJpaPersistenceProvider.createContainerEntityManagerFactory(SpringHibernateJpaPersistenceProvider.java:75) ~[spring-orm-6.1.14.jar:6.1.14]
	at org.springframework.orm.jpa.LocalContainerEntityManagerFactoryBean.createNativeEntityManagerFactory(LocalContainerEntityManagerFactoryBean.java:390) ~[spring-orm-6.1.14.jar:6.1.14]
	at org.springframework.orm.jpa.AbstractEntityManagerFactoryBean.buildNativeEntityManagerFactory(AbstractEntityManagerFactoryBean.java:409) ~[spring-orm-6.1.14.jar:6.1.14]
	at org.springframework.orm.jpa.AbstractEntityManagerFactoryBean.afterPropertiesSet(AbstractEntityManagerFactoryBean.java:396) ~[spring-orm-6.1.14.jar:6.1.14]
	at org.springframework.orm.jpa.LocalContainerEntityManagerFactoryBean.afterPropertiesSet(LocalContainerEntityManagerFactoryBean.java:366) ~[spring-orm-6.1.14.jar:6.1.14]
	at org.springframework.beans.factory.support.AbstractAutowireCapableBeanFactory.invokeInitMethods(AbstractAutowireCapableBeanFactory.java:1853) ~[spring-beans-6.1.14.jar:6.1.14]
	at org.springframework.beans.factory.support.AbstractAutowireCapableBeanFactory.initializeBean(AbstractAutowireCapableBeanFactory.java:1802) ~[spring-beans-6.1.14.jar:6.1.14]
	at org.springframework.beans.factory.support.AbstractAutowireCapableBeanFactory.doCreateBean(AbstractAutowireCapableBeanFactory.java:600) ~[spring-beans-6.1.14.jar:6.1.14]
	at org.springframework.beans.factory.support.AbstractAutowireCapableBeanFactory.createBean(AbstractAutowireCapableBeanFactory.java:522) ~[spring-beans-6.1.14.jar:6.1.14]
	at org.springframework.beans.factory.support.AbstractBeanFactory.lambda$doGetBean$0(AbstractBeanFactory.java:337) ~[spring-beans-6.1.14.jar:6.1.14]
	at org.springframework.beans.factory.support.DefaultSingletonBeanRegistry.getSingleton(DefaultSingletonBeanRegistry.java:234) ~[spring-beans-6.1.14.jar:6.1.14]
	at org.springframework.beans.factory.support.AbstractBeanFactory.doGetBean(AbstractBeanFactory.java:335) ~[spring-beans-6.1.14.jar:6.1.14]
	at org.springframework.beans.factory.support.AbstractBeanFactory.getBean(AbstractBeanFactory.java:205) ~[spring-beans-6.1.14.jar:6.1.14]
	at org.springframework.context.support.AbstractApplicationContext.finishBeanFactoryInitialization(AbstractApplicationContext.java:954) ~[spring-context-6.1.14.jar:6.1.14]
	at org.springframework.context.support.AbstractApplicationContext.refresh(AbstractApplicationContext.java:625) ~[spring-context-6.1.14.jar:6.1.14]
	at org.springframework.boot.SpringApplication.refresh(SpringApplication.java:754) ~[spring-boot-3.3.5.jar:3.3.5]
	at org.springframework.boot.SpringApplication.refreshContext(SpringApplication.java:456) ~[spring-boot-3.3.5.jar:3.3.5]
	at org.springframework.boot.SpringApplication.run(SpringApplication.java:335) ~[spring-boot-3.3.5.jar:3.3.5]
	at org.springframework.boot.test.context.SpringBootContextLoader.lambda$loadContext$3(SpringBootContextLoader.java:137) ~[spring-boot-test-3.3.5.jar:3.3.5]
	at org.springframework.util.function.ThrowingSupplier.get(ThrowingSupplier.java:58) ~[spring-core-6.1.14.jar:6.1.14]
	at org.springframework.util.function.ThrowingSupplier.get(ThrowingSupplier.java:46) ~[spring-core-6.1.14.jar:6.1.14]
	at org.springframework.boot.SpringApplication.withHook(SpringApplication.java:1463) ~[spring-boot-3.3.5.jar:3.3.5]
	at org.springframework.boot.test.context.SpringBootContextLoader$ContextLoaderHook.run(SpringBootContextLoader.java:553) ~[spring-boot-test-3.3.5.jar:3.3.5]
	at org.springframework.boot.test.context.SpringBootContextLoader.loadContext(SpringBootContextLoader.java:137) ~[spring-boot-test-3.3.5.jar:3.3.5]
	at org.springframework.boot.test.context.SpringBootContextLoader.loadContext(SpringBootContextLoader.java:108) ~[spring-boot-test-3.3.5.jar:3.3.5]
	at org.springframework.test.context.cache.DefaultCacheAwareContextLoaderDelegate.loadContextInternal(DefaultCacheAwareContextLoaderDelegate.java:225) ~[spring-test-6.1.14.jar:6.1.14]
	at org.springframework.test.context.cache.DefaultCacheAwareContextLoaderDelegate.loadContext(DefaultCacheAwareContextLoaderDelegate.java:152) ~[spring-test-6.1.14.jar:6.1.14]
	at org.springframework.test.context.support.DefaultTestContext.getApplicationContext(DefaultTestContext.java:130) ~[spring-test-6.1.14.jar:6.1.14]
	at org.springframework.test.context.web.ServletTestExecutionListener.setUpRequestContextIfNecessary(ServletTestExecutionListener.java:191) ~[spring-test-6.1.14.jar:6.1.14]
	at org.springframework.test.context.web.ServletTestExecutionListener.prepareTestInstance(ServletTestExecutionListener.java:130) ~[spring-test-6.1.14.jar:6.1.14]
	at org.springframework.test.context.TestContextManager.prepareTestInstance(TestContextManager.java:260) ~[spring-test-6.1.14.jar:6.1.14]
	at org.springframework.test.context.junit.jupiter.SpringExtension.postProcessTestInstance(SpringExtension.java:163) ~[spring-test-6.1.14.jar:6.1.14]
	at org.junit.jupiter.engine.descriptor.ClassBasedTestDescriptor.lambda$invokeTestInstancePostProcessors$10(ClassBasedTestDescriptor.java:378) ~[junit-jupiter-engine-5.10.5.jar:5.10.5]
	at org.junit.jupiter.engine.descriptor.ClassBasedTestDescriptor.executeAndMaskThrowable(ClassBasedTestDescriptor.java:383) ~[junit-jupiter-engine-5.10.5.jar:5.10.5]
	at org.junit.jupiter.engine.descriptor.ClassBasedTestDescriptor.lambda$invokeTestInstancePostProcessors$11(ClassBasedTestDescriptor.java:378) ~[junit-jupiter-engine-5.10.5.jar:5.10.5]
	at java.base/java.util.stream.ReferencePipeline$3$1.accept(ReferencePipeline.java:212) ~[na:na]
	at java.base/java.util.stream.ReferencePipeline$2$1.accept(ReferencePipeline.java:194) ~[na:na]
	at java.base/java.util.ArrayList$ArrayListSpliterator.forEachRemaining(ArrayList.java:1709) ~[na:na]
	at java.base/java.util.stream.AbstractPipeline.copyInto(AbstractPipeline.java:556) ~[na:na]
	at java.base/java.util.stream.AbstractPipeline.wrapAndCopyInto(AbstractPipeline.java:546) ~[na:na]
	at java.base/java.util.stream.StreamSpliterators$WrappingSpliterator.forEachRemaining(StreamSpliterators.java:310) ~[na:na]
	at java.base/java.util.stream.Streams$ConcatSpliterator.forEachRemaining(Streams.java:735) ~[na:na]
	at java.base/java.util.stream.Streams$ConcatSpliterator.forEachRemaining(Streams.java:734) ~[na:na]
	at java.base/java.util.stream.ReferencePipeline$Head.forEach(ReferencePipeline.java:782) ~[na:na]
	at org.junit.jupiter.engine.descriptor.ClassBasedTestDescriptor.invokeTestInstancePostProcessors(ClassBasedTestDescriptor.java:377) ~[junit-jupiter-engine-5.10.5.jar:5.10.5]
	at org.junit.jupiter.engine.descriptor.ClassBasedTestDescriptor.lambda$instantiateAndPostProcessTestInstance$6(ClassBasedTestDescriptor.java:290) ~[junit-jupiter-engine-5.10.5.jar:5.10.5]
	at org.junit.platform.engine.support.hierarchical.ThrowableCollector.execute(ThrowableCollector.java:73) ~[junit-platform-engine-1.10.5.jar:1.10.5]
	at org.junit.jupiter.engine.descriptor.ClassBasedTestDescriptor.instantiateAndPostProcessTestInstance(ClassBasedTestDescriptor.java:289) ~[junit-jupiter-engine-5.10.5.jar:5.10.5]
	at org.junit.jupiter.engine.descriptor.ClassBasedTestDescriptor.lambda$testInstancesProvider$4(ClassBasedTestDescriptor.java:279) ~[junit-jupiter-engine-5.10.5.jar:5.10.5]
	at java.base/java.util.Optional.orElseGet(Optional.java:364) ~[na:na]
	at org.junit.jupiter.engine.descriptor.ClassBasedTestDescriptor.lambda$testInstancesProvider$5(ClassBasedTestDescriptor.java:278) ~[junit-jupiter-engine-5.10.5.jar:5.10.5]
	at org.junit.jupiter.engine.execution.TestInstancesProvider.getTestInstances(TestInstancesProvider.java:31) ~[junit-jupiter-engine-5.10.5.jar:5.10.5]
	at org.junit.jupiter.engine.descriptor.TestMethodTestDescriptor.lambda$prepare$0(TestMethodTestDescriptor.java:106) ~[junit-jupiter-engine-5.10.5.jar:5.10.5]
	at org.junit.platform.engine.support.hierarchical.ThrowableCollector.execute(ThrowableCollector.java:73) ~[junit-platform-engine-1.10.5.jar:1.10.5]
	at org.junit.jupiter.engine.descriptor.TestMethodTestDescriptor.prepare(TestMethodTestDescriptor.java:105) ~[junit-jupiter-engine-5.10.5.jar:5.10.5]
	at org.junit.jupiter.engine.descriptor.TestMethodTestDescriptor.prepare(TestMethodTestDescriptor.java:69) ~[junit-jupiter-engine-5.10.5.jar:5.10.5]
	at org.junit.platform.engine.support.hierarchical.NodeTestTask.lambda$prepare$2(NodeTestTask.java:128) ~[junit-platform-engine-1.10.5.jar:1.10.5]
	at org.junit.platform.engine.support.hierarchical.ThrowableCollector.execute(ThrowableCollector.java:73) ~[junit-platform-engine-1.10.5.jar:1.10.5]
	at org.junit.platform.engine.support.hierarchical.NodeTestTask.prepare(NodeTestTask.java:128) ~[junit-platform-engine-1.10.5.jar:1.10.5]
	at org.junit.platform.engine.support.hierarchical.NodeTestTask.execute(NodeTestTask.java:95) ~[junit-platform-engine-1.10.5.jar:1.10.5]
	at java.base/java.util.ArrayList.forEach(ArrayList.java:1597) ~[na:na]
	at org.junit.platform.engine.support.hierarchical.SameThreadHierarchicalTestExecutorService.invokeAll(SameThreadHierarchicalTestExecutorService.java:41) ~[junit-platform-engine-1.10.5.jar:1.10.5]
	at org.junit.platform.engine.support.hierarchical.NodeTestTask.lambda$executeRecursively$6(NodeTestTask.java:160) ~[junit-platform-engine-1.10.5.jar:1.10.5]
	at org.junit.platform.engine.support.hierarchical.ThrowableCollector.execute(ThrowableCollector.java:73) ~[junit-platform-engine-1.10.5.jar:1.10.5]
	at org.junit.platform.engine.support.hierarchical.NodeTestTask.lambda$executeRecursively$8(NodeTestTask.java:146) ~[junit-platform-engine-1.10.5.jar:1.10.5]
	at org.junit.platform.engine.support.hierarchical.Node.around(Node.java:137) ~[junit-platform-engine-1.10.5.jar:1.10.5]
	at org.junit.platform.engine.support.hierarchical.NodeTestTask.lambda$executeRecursively$9(NodeTestTask.java:144) ~[junit-platform-engine-1.10.5.jar:1.10.5]
	at org.junit.platform.engine.support.hierarchical.ThrowableCollector.execute(ThrowableCollector.java:73) ~[junit-platform-engine-1.10.5.jar:1.10.5]
	at org.junit.platform.engine.support.hierarchical.NodeTestTask.executeRecursively(NodeTestTask.java:143) ~[junit-platform-engine-1.10.5.jar:1.10.5]
	at org.junit.platform.engine.support.hierarchical.NodeTestTask.execute(NodeTestTask.java:100) ~[junit-platform-engine-1.10.5.jar:1.10.5]
	at java.base/java.util.ArrayList.forEach(ArrayList.java:1597) ~[na:na]
	at org.junit.platform.engine.support.hierarchical.SameThreadHierarchicalTestExecutorService.invokeAll(SameThreadHierarchicalTestExecutorService.java:41) ~[junit-platform-engine-1.10.5.jar:1.10.5]
	at org.junit.platform.engine.support.hierarchical.NodeTestTask.lambda$executeRecursively$6(NodeTestTask.java:160) ~[junit-platform-engine-1.10.5.jar:1.10.5]
	at org.junit.platform.engine.support.hierarchical.ThrowableCollector.execute(ThrowableCollector.java:73) ~[junit-platform-engine-1.10.5.jar:1.10.5]
	at org.junit.platform.engine.support.hierarchical.NodeTestTask.lambda$executeRecursively$8(NodeTestTask.java:146) ~[junit-platform-engine-1.10.5.jar:1.10.5]
	at org.junit.platform.engine.support.hierarchical.Node.around(Node.java:137) ~[junit-platform-engine-1.10.5.jar:1.10.5]
	at org.junit.platform.engine.support.hierarchical.NodeTestTask.lambda$executeRecursively$9(NodeTestTask.java:144) ~[junit-platform-engine-1.10.5.jar:1.10.5]
	at org.junit.platform.engine.support.hierarchical.ThrowableCollector.execute(ThrowableCollector.java:73) ~[junit-platform-engine-1.10.5.jar:1.10.5]
	at org.junit.platform.engine.support.hierarchical.NodeTestTask.executeRecursively(NodeTestTask.java:143) ~[junit-platform-engine-1.10.5.jar:1.10.5]
	at org.junit.platform.engine.support.hierarchical.NodeTestTask.execute(NodeTestTask.java:100) ~[junit-platform-engine-1.10.5.jar:1.10.5]
	at org.junit.platform.engine.support.hierarchical.SameThreadHierarchicalTestExecutorService.submit(SameThreadHierarchicalTestExecutorService.java:35) ~[junit-platform-engine-1.10.5.jar:1.10.5]
	at org.junit.platform.engine.support.hierarchical.HierarchicalTestExecutor.execute(HierarchicalTestExecutor.java:57) ~[junit-platform-engine-1.10.5.jar:1.10.5]
	at org.junit.platform.engine.support.hierarchical.HierarchicalTestEngine.execute(HierarchicalTestEngine.java:54) ~[junit-platform-engine-1.10.5.jar:1.10.5]
	at org.junit.platform.launcher.core.EngineExecutionOrchestrator.execute(EngineExecutionOrchestrator.java:198) ~[junit-platform-launcher-1.10.5.jar:1.10.5]
	at org.junit.platform.launcher.core.EngineExecutionOrchestrator.execute(EngineExecutionOrchestrator.java:169) ~[junit-platform-launcher-1.10.5.jar:1.10.5]
	at org.junit.platform.launcher.core.EngineExecutionOrchestrator.execute(EngineExecutionOrchestrator.java:93) ~[junit-platform-launcher-1.10.5.jar:1.10.5]
	at org.junit.platform.launcher.core.EngineExecutionOrchestrator.lambda$execute$0(EngineExecutionOrchestrator.java:58) ~[junit-platform-launcher-1.10.5.jar:1.10.5]
	at org.junit.platform.launcher.core.EngineExecutionOrchestrator.withInterceptedStreams(EngineExecutionOrchestrator.java:141) ~[junit-platform-launcher-1.10.5.jar:1.10.5]
	at org.junit.platform.launcher.core.EngineExecutionOrchestrator.execute(EngineExecutionOrchestrator.java:57) ~[junit-platform-launcher-1.10.5.jar:1.10.5]
	at org.junit.platform.launcher.core.DefaultLauncher.execute(DefaultLauncher.java:103) ~[junit-platform-launcher-1.10.5.jar:1.10.5]
	at org.junit.platform.launcher.core.DefaultLauncher.execute(DefaultLauncher.java:85) ~[junit-platform-launcher-1.10.5.jar:1.10.5]
	at org.junit.platform.launcher.core.DelegatingLauncher.execute(DelegatingLauncher.java:47) ~[junit-platform-launcher-1.10.5.jar:1.10.5]
	at org.apache.maven.surefire.junitplatform.LazyLauncher.execute(LazyLauncher.java:56) ~[surefire-junit-platform-3.2.5.jar:3.2.5]
	at org.apache.maven.surefire.junitplatform.JUnitPlatformProvider.execute(JUnitPlatformProvider.java:184) ~[surefire-junit-platform-3.2.5.jar:3.2.5]
	at org.apache.maven.surefire.junitplatform.JUnitPlatformProvider.invokeAllTests(JUnitPlatformProvider.java:148) ~[surefire-junit-platform-3.2.5.jar:3.2.5]
	at org.apache.maven.surefire.junitplatform.JUnitPlatformProvider.invoke(JUnitPlatformProvider.java:122) ~[surefire-junit-platform-3.2.5.jar:3.2.5]
	at org.apache.maven.surefire.booter.ForkedBooter.runSuitesInProcess(ForkedBooter.java:385) ~[surefire-booter-3.2.5.jar:3.2.5]
	at org.apache.maven.surefire.booter.ForkedBooter.execute(ForkedBooter.java:162) ~[surefire-booter-3.2.5.jar:3.2.5]
	at org.apache.maven.surefire.booter.ForkedBooter.run(ForkedBooter.java:507) ~[surefire-booter-3.2.5.jar:3.2.5]
	at org.apache.maven.surefire.booter.ForkedBooter.main(ForkedBooter.java:495) ~[surefire-booter-3.2.5.jar:3.2.5]
Caused by: java.net.ConnectException: Connection refused: getsockopt
	at java.base/sun.nio.ch.Net.pollConnect(Native Method) ~[na:na]
	at java.base/sun.nio.ch.Net.pollConnectNow(Net.java:682) ~[na:na]
	at java.base/sun.nio.ch.NioSocketImpl.timedFinishConnect(NioSocketImpl.java:542) ~[na:na]
	at java.base/sun.nio.ch.NioSocketImpl.connect(NioSocketImpl.java:592) ~[na:na]
	at java.base/java.net.SocksSocketImpl.connect(SocksSocketImpl.java:327) ~[na:na]
	at java.base/java.net.Socket.connect(Socket.java:752) ~[na:na]
	at org.postgresql.core.PGStream.createSocket(PGStream.java:260) ~[postgresql-42.7.4.jar:42.7.4]
	at org.postgresql.core.PGStream.<init>(PGStream.java:121) ~[postgresql-42.7.4.jar:42.7.4]
	at org.postgresql.core.v3.ConnectionFactoryImpl.tryConnect(ConnectionFactoryImpl.java:140) ~[postgresql-42.7.4.jar:42.7.4]
	at org.postgresql.core.v3.ConnectionFactoryImpl.openConnectionImpl(ConnectionFactoryImpl.java:268) ~[postgresql-42.7.4.jar:42.7.4]
	... 131 common frames omitted

2024-11-19T16:56:14.290-03:00  WARN 11752 --- [clinical-study-system] [           main] o.h.engine.jdbc.spi.SqlExceptionHelper   : SQL Error: 0, SQLState: 08001
2024-11-19T16:56:14.290-03:00 ERROR 11752 --- [clinical-study-system] [           main] o.h.engine.jdbc.spi.SqlExceptionHelper   : Connection to localhost:5432 refused. Check that the hostname and port are correct and that the postmaster is accepting TCP/IP connections.
2024-11-19T16:56:14.293-03:00 DEBUG 11752 --- [clinical-study-system] [           main] o.hibernate.internal.SessionFactoryImpl  : HHH000031: Closing
2024-11-19T16:56:14.294-03:00 DEBUG 11752 --- [clinical-study-system] [           main] o.h.type.spi.TypeConfiguration$Scope     : Un-scoping TypeConfiguration [org.hibernate.type.spi.TypeConfiguration$Scope@22f0e329] from SessionFactory [org.hibernate.internal.SessionFactoryImpl@6447dc25]
2024-11-19T16:56:14.294-03:00 DEBUG 11752 --- [clinical-study-system] [           main] o.h.s.i.AbstractServiceRegistryImpl      : Implicitly destroying ServiceRegistry on de-registration of all child ServiceRegistries
2024-11-19T16:56:14.295-03:00 DEBUG 11752 --- [clinical-study-system] [           main] o.h.b.r.i.BootstrapServiceRegistryImpl   : Implicitly destroying Boot-strap registry on de-registration of all child ServiceRegistries
2024-11-19T16:56:14.296-03:00 DEBUG 11752 --- [clinical-study-system] [           main] o.h.internal.SessionFactoryRegistry      : Initializing SessionFactoryRegistry : org.hibernate.internal.SessionFactoryRegistry@399a5a52
2024-11-19T16:56:14.296-03:00 ERROR 11752 --- [clinical-study-system] [           main] j.LocalContainerEntityManagerFactoryBean : Failed to initialize JPA EntityManagerFactory: [PersistenceUnit: default] Unable to build Hibernate SessionFactory; nested exception is org.hibernate.exception.JDBCConnectionException: Unable to open JDBC Connection for DDL execution [Connection to localhost:5432 refused. Check that the hostname and port are correct and that the postmaster is accepting TCP/IP connections.] [n/a]
2024-11-19T16:56:14.298-03:00  WARN 11752 --- [clinical-study-system] [           main] o.s.w.c.s.GenericWebApplicationContext   : Exception encountered during context initialization - cancelling refresh attempt: org.springframework.beans.factory.BeanCreationException: Error creating bean with name 'entityManagerFactory' defined in class path resource [org/springframework/boot/autoconfigure/orm/jpa/HibernateJpaConfiguration.class]: [PersistenceUnit: default] Unable to build Hibernate SessionFactory; nested exception is org.hibernate.exception.JDBCConnectionException: Unable to open JDBC Connection for DDL execution [Connection to localhost:5432 refused. Check that the hostname and port are correct and that the postmaster is accepting TCP/IP connections.] [n/a]
2024-11-19T16:56:14.300-03:00 DEBUG 11752 --- [clinical-study-system] [           main] o.s.boot.devtools.restart.Restarter      : Creating new Restarter for thread Thread[#1,main,5,main]
2024-11-19T16:56:14.315-03:00 DEBUG 11752 --- [clinical-study-system] [           main] .s.b.a.l.ConditionEvaluationReportLogger : 


============================
CONDITIONS EVALUATION REPORT
============================


Positive matches:
-----------------

   AopAutoConfiguration matched:
      - @ConditionalOnProperty (spring.aop.auto=true) matched (OnPropertyCondition)

   AopAutoConfiguration.AspectJAutoProxyingConfiguration matched:
      - @ConditionalOnClass found required class 'org.aspectj.weaver.Advice' (OnClassCondition)

   AopAutoConfiguration.AspectJAutoProxyingConfiguration.CglibAutoProxyConfiguration matched:
      - @ConditionalOnProperty (spring.aop.proxy-target-class=true) matched (OnPropertyCondition)

   ApplicationAvailabilityAutoConfiguration#applicationAvailability matched:
      - @ConditionalOnMissingBean (types: org.springframework.boot.availability.ApplicationAvailability; SearchStrategy: all) did not find any beans (OnBeanCondition)

   DataSourceAutoConfiguration matched:
      - @ConditionalOnClass found required classes 'javax.sql.DataSource', 'org.springframework.jdbc.datasource.embedded.EmbeddedDatabaseType' (OnClassCondition)
      - @ConditionalOnMissingBean (types: io.r2dbc.spi.ConnectionFactory; SearchStrategy: all) did not find any beans (OnBeanCondition)

   DataSourceAutoConfiguration.PooledDataSourceConfiguration matched:
      - AnyNestedCondition 1 matched 1 did not; NestedCondition on DataSourceAutoConfiguration.PooledDataSourceCondition.PooledDataSourceAvailable PooledDataSource found supported DataSource; NestedCondition on DataSourceAutoConfiguration.PooledDataSourceCondition.ExplicitType @ConditionalOnProperty (spring.datasource.type) did not find property 'type' (DataSourceAutoConfiguration.PooledDataSourceCondition)
      - @ConditionalOnMissingBean (types: javax.sql.DataSource,javax.sql.XADataSource; SearchStrategy: all) did not find any beans (OnBeanCondition)

   DataSourceAutoConfiguration.PooledDataSourceConfiguration#jdbcConnectionDetails matched:
      - @ConditionalOnMissingBean (types: org.springframework.boot.autoconfigure.jdbc.JdbcConnectionDetails; SearchStrategy: all) did not find any beans (OnBeanCondition)

   DataSourceConfiguration.Hikari matched:
      - @ConditionalOnClass found required class 'com.zaxxer.hikari.HikariDataSource' (OnClassCondition)
      - @ConditionalOnProperty (spring.datasource.type=com.zaxxer.hikari.HikariDataSource) matched (OnPropertyCondition)
      - @ConditionalOnMissingBean (types: javax.sql.DataSource; SearchStrategy: all) did not find any beans (OnBeanCondition)

   DataSourceInitializationConfiguration matched:
      - @ConditionalOnClass found required class 'org.springframework.jdbc.datasource.init.DatabasePopulator' (OnClassCondition)
      - @ConditionalOnSingleCandidate (types: javax.sql.DataSource; SearchStrategy: all) found a single bean 'dataSource'; @ConditionalOnMissingBean (types: org.springframework.boot.autoconfigure.sql.init.SqlDataSourceScriptDatabaseInitializer,org.springframework.boot.autoconfigure.sql.init.SqlR2dbcScriptDatabaseInitializer; SearchStrategy: all) did not find any beans (OnBeanCondition)

   DataSourcePoolMetadataProvidersConfiguration.HikariPoolDataSourceMetadataProviderConfiguration matched:
      - @ConditionalOnClass found required class 'com.zaxxer.hikari.HikariDataSource' (OnClassCondition)

   DataSourceTransactionManagerAutoConfiguration matched:
      - @ConditionalOnClass found required classes 'javax.sql.DataSource', 'org.springframework.jdbc.core.JdbcTemplate', 'org.springframework.transaction.TransactionManager' (OnClassCondition)

   DataSourceTransactionManagerAutoConfiguration.JdbcTransactionManagerConfiguration matched:
      - @ConditionalOnSingleCandidate (types: javax.sql.DataSource; SearchStrategy: all) found a single bean 'dataSource' (OnBeanCondition)

   DispatcherServletAutoConfiguration matched:
      - @ConditionalOnClass found required class 'org.springframework.web.servlet.DispatcherServlet' (OnClassCondition)
      - found 'session' scope (OnWebApplicationCondition)

   DispatcherServletAutoConfiguration.DispatcherServletConfiguration matched:
      - @ConditionalOnClass found required class 'jakarta.servlet.ServletRegistration' (OnClassCondition)
      - Default DispatcherServlet did not find dispatcher servlet beans (DispatcherServletAutoConfiguration.DefaultDispatcherServletCondition)

   DispatcherServletAutoConfiguration.DispatcherServletRegistrationConfiguration matched:
      - @ConditionalOnClass found required class 'jakarta.servlet.ServletRegistration' (OnClassCondition)
      - DispatcherServlet Registration did not find servlet registration bean (DispatcherServletAutoConfiguration.DispatcherServletRegistrationCondition)

   DispatcherServletAutoConfiguration.DispatcherServletRegistrationConfiguration#dispatcherServletRegistration matched:
      - @ConditionalOnBean (names: dispatcherServlet types: org.springframework.web.servlet.DispatcherServlet; SearchStrategy: all) found bean 'dispatcherServlet' (OnBeanCondition)

   ErrorMvcAutoConfiguration matched:
      - @ConditionalOnClass found required classes 'jakarta.servlet.Servlet', 'org.springframework.web.servlet.DispatcherServlet' (OnClassCondition)
      - found 'session' scope (OnWebApplicationCondition)

   ErrorMvcAutoConfiguration#basicErrorController matched:
      - @ConditionalOnMissingBean (types: org.springframework.boot.web.servlet.error.ErrorController; SearchStrategy: current) did not find any beans (OnBeanCondition)

   ErrorMvcAutoConfiguration#errorAttributes matched:
      - @ConditionalOnMissingBean (types: org.springframework.boot.web.servlet.error.ErrorAttributes; SearchStrategy: current) did not find any beans (OnBeanCondition)

   ErrorMvcAutoConfiguration.DefaultErrorViewResolverConfiguration#conventionErrorViewResolver matched:
      - @ConditionalOnBean (types: org.springframework.web.servlet.DispatcherServlet; SearchStrategy: all) found bean 'dispatcherServlet'; @ConditionalOnMissingBean (types: org.springframework.boot.autoconfigure.web.servlet.error.ErrorViewResolver; SearchStrategy: all) did not find any beans (OnBeanCondition)

   ErrorMvcAutoConfiguration.WhitelabelErrorViewConfiguration matched:
      - @ConditionalOnProperty (server.error.whitelabel.enabled) matched (OnPropertyCondition)
      - ErrorTemplate Missing did not find error template view (ErrorMvcAutoConfiguration.ErrorTemplateMissingCondition)

   ErrorMvcAutoConfiguration.WhitelabelErrorViewConfiguration#beanNameViewResolver matched:
      - @ConditionalOnMissingBean (types: org.springframework.web.servlet.view.BeanNameViewResolver; SearchStrategy: all) did not find any beans (OnBeanCondition)

   ErrorMvcAutoConfiguration.WhitelabelErrorViewConfiguration#defaultErrorView matched:
      - @ConditionalOnMissingBean (names: error; SearchStrategy: all) did not find any beans (OnBeanCondition)

   GenericCacheConfiguration matched:
      - Cache org.springframework.boot.autoconfigure.cache.GenericCacheConfiguration automatic cache type (CacheCondition)

   HibernateJpaAutoConfiguration matched:
      - @ConditionalOnClass found required classes 'org.springframework.orm.jpa.LocalContainerEntityManagerFactoryBean', 'jakarta.persistence.EntityManager', 'org.hibernate.engine.spi.SessionImplementor' (OnClassCondition)

   HibernateJpaConfiguration matched:
      - @ConditionalOnSingleCandidate (types: javax.sql.DataSource; SearchStrategy: all) found a single bean 'dataSource' (OnBeanCondition)

   HttpEncodingAutoConfiguration matched:
      - @ConditionalOnClass found required class 'org.springframework.web.filter.CharacterEncodingFilter' (OnClassCondition)
      - found 'session' scope (OnWebApplicationCondition)
      - @ConditionalOnProperty (server.servlet.encoding.enabled) matched (OnPropertyCondition)

   HttpEncodingAutoConfiguration#characterEncodingFilter matched:
      - @ConditionalOnMissingBean (types: org.springframework.web.filter.CharacterEncodingFilter; SearchStrategy: all) did not find any beans (OnBeanCondition)

   HttpMessageConvertersAutoConfiguration matched:
      - @ConditionalOnClass found required class 'org.springframework.http.converter.HttpMessageConverter' (OnClassCondition)
      - NoneNestedConditions 0 matched 1 did not; NestedCondition on HttpMessageConvertersAutoConfiguration.NotReactiveWebApplicationCondition.ReactiveWebApplication did not find reactive web application classes (HttpMessageConvertersAutoConfiguration.NotReactiveWebApplicationCondition)

   HttpMessageConvertersAutoConfiguration#messageConverters matched:
      - @ConditionalOnMissingBean (types: org.springframework.boot.autoconfigure.http.HttpMessageConverters; SearchStrategy: all) did not find any beans (OnBeanCondition)

   HttpMessageConvertersAutoConfiguration.StringHttpMessageConverterConfiguration matched:
      - @ConditionalOnClass found required class 'org.springframework.http.converter.StringHttpMessageConverter' (OnClassCondition)

   HttpMessageConvertersAutoConfiguration.StringHttpMessageConverterConfiguration#stringHttpMessageConverter matched:
      - @ConditionalOnMissingBean (types: org.springframework.http.converter.StringHttpMessageConverter; SearchStrategy: all) did not find any beans (OnBeanCondition)

   JacksonAutoConfiguration matched:
      - @ConditionalOnClass found required class 'com.fasterxml.jackson.databind.ObjectMapper' (OnClassCondition)

   JacksonAutoConfiguration.Jackson2ObjectMapperBuilderCustomizerConfiguration matched:
      - @ConditionalOnClass found required class 'org.springframework.http.converter.json.Jackson2ObjectMapperBuilder' (OnClassCondition)

   JacksonAutoConfiguration.JacksonObjectMapperBuilderConfiguration matched:
      - @ConditionalOnClass found required class 'org.springframework.http.converter.json.Jackson2ObjectMapperBuilder' (OnClassCondition)

   JacksonAutoConfiguration.JacksonObjectMapperBuilderConfiguration#jacksonObjectMapperBuilder matched:
      - @ConditionalOnMissingBean (types: org.springframework.http.converter.json.Jackson2ObjectMapperBuilder; SearchStrategy: all) did not find any beans (OnBeanCondition)

   JacksonAutoConfiguration.JacksonObjectMapperConfiguration matched:
      - @ConditionalOnClass found required class 'org.springframework.http.converter.json.Jackson2ObjectMapperBuilder' (OnClassCondition)

   JacksonAutoConfiguration.ParameterNamesModuleConfiguration matched:
      - @ConditionalOnClass found required class 'com.fasterxml.jackson.module.paramnames.ParameterNamesModule' (OnClassCondition)

   JacksonAutoConfiguration.ParameterNamesModuleConfiguration#parameterNamesModule matched:
      - @ConditionalOnMissingBean (types: com.fasterxml.jackson.module.paramnames.ParameterNamesModule; SearchStrategy: all) did not find any beans (OnBeanCondition)

   JacksonHttpMessageConvertersConfiguration.MappingJackson2HttpMessageConverterConfiguration matched:
      - @ConditionalOnClass found required class 'com.fasterxml.jackson.databind.ObjectMapper' (OnClassCondition)
      - @ConditionalOnProperty (spring.mvc.converters.preferred-json-mapper=jackson) matched (OnPropertyCondition)
      - @ConditionalOnBean (types: com.fasterxml.jackson.databind.ObjectMapper; SearchStrategy: all) found bean 'objectMapper' (OnBeanCondition)

   JacksonHttpMessageConvertersConfiguration.MappingJackson2HttpMessageConverterConfiguration#mappingJackson2HttpMessageConverter matched:
      - @ConditionalOnMissingBean (types: org.springframework.http.converter.json.MappingJackson2HttpMessageConverter ignored: org.springframework.hateoas.server.mvc.TypeConstrainedMappingJackson2HttpMessageConverter,org.springframework.data.rest.webmvc.alps.AlpsJsonHttpMessageConverter; SearchStrategy: all) did not find any beans (OnBeanCondition)

   JdbcClientAutoConfiguration matched:
      - @ConditionalOnSingleCandidate (types: org.springframework.jdbc.core.namedparam.NamedParameterJdbcTemplate; SearchStrategy: all) found a single bean 'namedParameterJdbcTemplate'; @ConditionalOnMissingBean (types: org.springframework.jdbc.core.simple.JdbcClient; SearchStrategy: all) did not find any beans (OnBeanCondition)

   JdbcTemplateAutoConfiguration matched:
      - @ConditionalOnClass found required classes 'javax.sql.DataSource', 'org.springframework.jdbc.core.JdbcTemplate' (OnClassCondition)
      - @ConditionalOnSingleCandidate (types: javax.sql.DataSource; SearchStrategy: all) found a single bean 'dataSource' (OnBeanCondition)

   JdbcTemplateConfiguration matched:
      - @ConditionalOnMissingBean (types: org.springframework.jdbc.core.JdbcOperations; SearchStrategy: all) did not find any beans (OnBeanCondition)

   JpaBaseConfiguration#entityManagerFactory matched:
      - @ConditionalOnMissingBean (types: org.springframework.orm.jpa.LocalContainerEntityManagerFactoryBean,jakarta.persistence.EntityManagerFactory; SearchStrategy: all) did not find any beans (OnBeanCondition)

   JpaBaseConfiguration#entityManagerFactoryBuilder matched:
      - @ConditionalOnMissingBean (types: org.springframework.boot.orm.jpa.EntityManagerFactoryBuilder; SearchStrategy: all) did not find any beans (OnBeanCondition)

   JpaBaseConfiguration#jpaVendorAdapter matched:
      - @ConditionalOnMissingBean (types: org.springframework.orm.jpa.JpaVendorAdapter; SearchStrategy: all) did not find any beans (OnBeanCondition)

   JpaBaseConfiguration#transactionManager matched:
      - @ConditionalOnMissingBean (types: org.springframework.transaction.TransactionManager; SearchStrategy: all) did not find any beans (OnBeanCondition)

   JpaBaseConfiguration.JpaWebConfiguration matched:
      - @ConditionalOnClass found required class 'org.springframework.web.servlet.config.annotation.WebMvcConfigurer' (OnClassCondition)
      - found 'session' scope (OnWebApplicationCondition)
      - @ConditionalOnProperty (spring.jpa.open-in-view=true) matched (OnPropertyCondition)
      - @ConditionalOnMissingBean (types: org.springframework.orm.jpa.support.OpenEntityManagerInViewInterceptor,org.springframework.orm.jpa.support.OpenEntityManagerInViewFilter; SearchStrategy: all) did not find any beans (OnBeanCondition)

   JpaBaseConfiguration.PersistenceManagedTypesConfiguration matched:
      - @ConditionalOnMissingBean (types: org.springframework.orm.jpa.LocalContainerEntityManagerFactoryBean,jakarta.persistence.EntityManagerFactory; SearchStrategy: all) did not find any beans (OnBeanCondition)

   JpaBaseConfiguration.PersistenceManagedTypesConfiguration#persistenceManagedTypes matched:
      - @ConditionalOnMissingBean (types: org.springframework.orm.jpa.persistenceunit.PersistenceManagedTypes; SearchStrategy: all) did not find any beans (OnBeanCondition)

   JtaAutoConfiguration matched:
      - @ConditionalOnClass found required class 'jakarta.transaction.Transaction' (OnClassCondition)
      - @ConditionalOnProperty (spring.jta.enabled) matched (OnPropertyCondition)

   LifecycleAutoConfiguration#defaultLifecycleProcessor matched:
      - @ConditionalOnMissingBean (names: lifecycleProcessor; SearchStrategy: current) did not find any beans (OnBeanCondition)

   MultipartAutoConfiguration matched:
      - @ConditionalOnClass found required classes 'jakarta.servlet.Servlet', 'org.springframework.web.multipart.support.StandardServletMultipartResolver', 'jakarta.servlet.MultipartConfigElement' (OnClassCondition)
      - found 'session' scope (OnWebApplicationCondition)
      - @ConditionalOnProperty (spring.servlet.multipart.enabled) matched (OnPropertyCondition)

   MultipartAutoConfiguration#multipartConfigElement matched:
      - @ConditionalOnMissingBean (types: jakarta.servlet.MultipartConfigElement; SearchStrategy: all) did not find any beans (OnBeanCondition)

   MultipartAutoConfiguration#multipartResolver matched:
      - @ConditionalOnMissingBean (types: org.springframework.web.multipart.MultipartResolver; SearchStrategy: all) did not find any beans (OnBeanCondition)

   NamedParameterJdbcTemplateConfiguration matched:
      - @ConditionalOnSingleCandidate (types: org.springframework.jdbc.core.JdbcTemplate; SearchStrategy: all) found a single bean 'jdbcTemplate'; @ConditionalOnMissingBean (types: org.springframework.jdbc.core.namedparam.NamedParameterJdbcOperations; SearchStrategy: all) did not find any beans (OnBeanCondition)

   NoOpCacheConfiguration matched:
      - Cache org.springframework.boot.autoconfigure.cache.NoOpCacheConfiguration automatic cache type (CacheCondition)

   PersistenceExceptionTranslationAutoConfiguration matched:
      - @ConditionalOnClass found required class 'org.springframework.dao.annotation.PersistenceExceptionTranslationPostProcessor' (OnClassCondition)

   PersistenceExceptionTranslationAutoConfiguration#persistenceExceptionTranslationPostProcessor matched:
      - @ConditionalOnProperty (spring.dao.exceptiontranslation.enabled) matched (OnPropertyCondition)
      - @ConditionalOnMissingBean (types: org.springframework.dao.annotation.PersistenceExceptionTranslationPostProcessor; SearchStrategy: all) did not find any beans (OnBeanCondition)

   PropertyPlaceholderAutoConfiguration#propertySourcesPlaceholderConfigurer matched:
      - @ConditionalOnMissingBean (types: org.springframework.context.support.PropertySourcesPlaceholderConfigurer; SearchStrategy: current) did not find any beans (OnBeanCondition)

   RestClientAutoConfiguration matched:
      - @ConditionalOnClass found required class 'org.springframework.web.client.RestClient' (OnClassCondition)
      - NoneNestedConditions 0 matched 1 did not; NestedCondition on NotReactiveWebApplicationCondition.ReactiveWebApplication did not find reactive web application classes (NotReactiveWebApplicationCondition)

   RestClientAutoConfiguration#httpMessageConvertersRestClientCustomizer matched:
      - @ConditionalOnMissingBean (types: org.springframework.boot.autoconfigure.web.client.HttpMessageConvertersRestClientCustomizer; SearchStrategy: all) did not find any beans (OnBeanCondition)

   RestClientAutoConfiguration#restClientBuilder matched:
      - @ConditionalOnMissingBean (types: org.springframework.web.client.RestClient$Builder; SearchStrategy: all) did not find any beans (OnBeanCondition)

   RestClientAutoConfiguration#restClientBuilderConfigurer matched:
      - @ConditionalOnMissingBean (types: org.springframework.boot.autoconfigure.web.client.RestClientBuilderConfigurer; SearchStrategy: all) did not find any beans (OnBeanCondition)

   RestClientAutoConfiguration#restClientSsl matched:
      - @ConditionalOnBean (types: org.springframework.boot.ssl.SslBundles; SearchStrategy: all) found bean 'sslBundleRegistry'; @ConditionalOnMissingBean (types: org.springframework.boot.autoconfigure.web.client.RestClientSsl; SearchStrategy: all) did not find any beans (OnBeanCondition)

   RestTemplateAutoConfiguration matched:
      - @ConditionalOnClass found required class 'org.springframework.web.client.RestTemplate' (OnClassCondition)
      - NoneNestedConditions 0 matched 1 did not; NestedCondition on NotReactiveWebApplicationCondition.ReactiveWebApplication did not find reactive web application classes (NotReactiveWebApplicationCondition)

   RestTemplateAutoConfiguration#restTemplateBuilder matched:
      - @ConditionalOnMissingBean (types: org.springframework.boot.web.client.RestTemplateBuilder; SearchStrategy: all) did not find any beans (OnBeanCondition)

   SecurityAutoConfiguration matched:
      - @ConditionalOnClass found required class 'org.springframework.security.authentication.DefaultAuthenticationEventPublisher' (OnClassCondition)

   SecurityAutoConfiguration#authenticationEventPublisher matched:
      - @ConditionalOnMissingBean (types: org.springframework.security.authentication.AuthenticationEventPublisher; SearchStrategy: all) did not find any beans (OnBeanCondition)

   SecurityFilterAutoConfiguration matched:
      - @ConditionalOnClass found required classes 'org.springframework.security.web.context.AbstractSecurityWebApplicationInitializer', 'org.springframework.security.config.http.SessionCreationPolicy' (OnClassCondition)
      - found 'session' scope (OnWebApplicationCondition)

   SecurityFilterAutoConfiguration#securityFilterChainRegistration matched:
      - @ConditionalOnBean (names: springSecurityFilterChain; SearchStrategy: all) found bean 'springSecurityFilterChain' (OnBeanCondition)

   ServletWebServerFactoryAutoConfiguration matched:
      - @ConditionalOnClass found required class 'jakarta.servlet.ServletRequest' (OnClassCondition)
      - found 'session' scope (OnWebApplicationCondition)

   ServletWebServerFactoryAutoConfiguration#tomcatServletWebServerFactoryCustomizer matched:
      - @ConditionalOnClass found required class 'org.apache.catalina.startup.Tomcat' (OnClassCondition)

   ServletWebServerFactoryConfiguration.EmbeddedTomcat matched:
      - @ConditionalOnClass found required classes 'jakarta.servlet.Servlet', 'org.apache.catalina.startup.Tomcat', 'org.apache.coyote.UpgradeProtocol' (OnClassCondition)
      - @ConditionalOnMissingBean (types: org.springframework.boot.web.servlet.server.ServletWebServerFactory; SearchStrategy: current) did not find any beans (OnBeanCondition)

   SimpleCacheConfiguration matched:
      - Cache org.springframework.boot.autoconfigure.cache.SimpleCacheConfiguration automatic cache type (CacheCondition)

   SpringBootWebSecurityConfiguration matched:
      - found 'session' scope (OnWebApplicationCondition)

   SpringDataWebAutoConfiguration matched:
      - @ConditionalOnClass found required classes 'org.springframework.data.web.PageableHandlerMethodArgumentResolver', 'org.springframework.web.servlet.config.annotation.WebMvcConfigurer' (OnClassCondition)
      - found 'session' scope (OnWebApplicationCondition)
      - @ConditionalOnMissingBean (types: org.springframework.data.web.PageableHandlerMethodArgumentResolver; SearchStrategy: all) did not find any beans (OnBeanCondition)

   SpringDataWebAutoConfiguration#pageableCustomizer matched:
      - @ConditionalOnMissingBean (types: org.springframework.data.web.config.PageableHandlerMethodArgumentResolverCustomizer; SearchStrategy: all) did not find any beans (OnBeanCondition)

   SpringDataWebAutoConfiguration#sortCustomizer matched:
      - @ConditionalOnMissingBean (types: org.springframework.data.web.config.SortHandlerMethodArgumentResolverCustomizer; SearchStrategy: all) did not find any beans (OnBeanCondition)

   SpringDocConfigProperties matched:
      - @ConditionalOnProperty (springdoc.api-docs.enabled) matched (OnPropertyCondition)
      - @ConditionalOnBean (types: org.springdoc.core.configuration.SpringDocConfiguration; SearchStrategy: all) found bean 'org.springdoc.core.configuration.SpringDocConfiguration' (OnBeanCondition)

   SpringDocConfiguration matched:
      - @ConditionalOnWebApplication (required) found 'session' scope (OnWebApplicationCondition)
      - @ConditionalOnProperty (springdoc.api-docs.enabled) matched (OnPropertyCondition)

   SpringDocConfiguration#fileSupportConverter matched:
      - @ConditionalOnMissingBean (types: org.springdoc.core.converters.FileSupportConverter; SearchStrategy: all) did not find any beans (OnBeanCondition)

   SpringDocConfiguration#objectMapperProvider matched:
      - @ConditionalOnMissingBean (types: org.springdoc.core.providers.ObjectMapperProvider; SearchStrategy: all) did not find any beans (OnBeanCondition)

   SpringDocConfiguration#openAPIBuilder matched:
      - @ConditionalOnMissingBean (types: org.springdoc.core.service.OpenAPIService; SearchStrategy: all) did not find any beans (OnBeanCondition)

   SpringDocConfiguration#operationBuilder matched:
      - @ConditionalOnMissingBean (types: org.springdoc.core.service.OperationService; SearchStrategy: all) did not find any beans (OnBeanCondition)

   SpringDocConfiguration#parameterBuilder matched:
      - @ConditionalOnMissingBean (types: org.springdoc.core.service.GenericParameterService; SearchStrategy: all) did not find any beans (OnBeanCondition)

   SpringDocConfiguration#polymorphicModelConverter matched:
      - @ConditionalOnProperty (springdoc.model-converters.polymorphic-converter.enabled) matched (OnPropertyCondition)
      - @ConditionalOnMissingBean (types: org.springdoc.core.converters.PolymorphicModelConverter; SearchStrategy: all) did not find any beans (OnBeanCondition)

   SpringDocConfiguration#requestBodyBuilder matched:
      - @ConditionalOnMissingBean (types: org.springdoc.core.service.RequestBodyService; SearchStrategy: all) did not find any beans (OnBeanCondition)

   SpringDocConfiguration#responseSupportConverter matched:
      - @ConditionalOnMissingBean (types: org.springdoc.core.converters.ResponseSupportConverter; SearchStrategy: all) did not find any beans (OnBeanCondition)

   SpringDocConfiguration#schemaPropertyDeprecatingConverter matched:
      - @ConditionalOnProperty (springdoc.model-converters.deprecating-converter.enabled) matched (OnPropertyCondition)
      - @ConditionalOnMissingBean (types: org.springdoc.core.converters.SchemaPropertyDeprecatingConverter; SearchStrategy: all) did not find any beans (OnBeanCondition)

   SpringDocConfiguration#securityParser matched:
      - @ConditionalOnMissingBean (types: org.springdoc.core.service.SecurityService; SearchStrategy: all) did not find any beans (OnBeanCondition)

   SpringDocConfiguration#springDocCustomizers matched:
      - @ConditionalOnMissingBean (types: org.springdoc.core.customizers.SpringDocCustomizers; SearchStrategy: all) did not find any beans (OnBeanCondition)

   SpringDocConfiguration#springDocProviders matched:
      - @ConditionalOnMissingBean (types: org.springdoc.core.providers.SpringDocProviders; SearchStrategy: all) did not find any beans (OnBeanCondition)

   SpringDocConfiguration.SpringDocSpringDataWebPropertiesProvider matched:
      - @ConditionalOnClass found required class 'org.springframework.boot.autoconfigure.data.web.SpringDataWebProperties' (OnClassCondition)

   SpringDocConfiguration.SpringDocSpringDataWebPropertiesProvider#springDataWebPropertiesProvider matched:
      - @ConditionalOnMissingBean (types: org.springdoc.core.providers.SpringDataWebPropertiesProvider; SearchStrategy: all) did not find any beans (OnBeanCondition)

   SpringDocConfiguration.WebConversionServiceConfiguration matched:
      - @ConditionalOnClass found required class 'org.springframework.boot.autoconfigure.web.format.WebConversionService' (OnClassCondition)

   SpringDocPageableConfiguration matched:
      - @ConditionalOnClass found required class 'org.springframework.data.domain.Pageable' (OnClassCondition)
      - @ConditionalOnWebApplication (required) found 'session' scope (OnWebApplicationCondition)
      - @ConditionalOnProperty (springdoc.api-docs.enabled) matched (OnPropertyCondition)
      - @ConditionalOnBean (types: org.springdoc.core.configuration.SpringDocConfiguration; SearchStrategy: all) found bean 'org.springdoc.core.configuration.SpringDocConfiguration' (OnBeanCondition)

   SpringDocPageableConfiguration#delegatingMethodParameterCustomizer matched:
      - @ConditionalOnMissingBean (types: org.springdoc.core.customizers.DelegatingMethodParameterCustomizer; SearchStrategy: all) did not find any beans (OnBeanCondition)

   SpringDocPageableConfiguration#pageableOpenAPIConverter matched:
      - @ConditionalOnProperty (springdoc.model-converters.pageable-converter.enabled) matched (OnPropertyCondition)
      - @ConditionalOnMissingBean (types: org.springdoc.core.converters.PageableOpenAPIConverter; SearchStrategy: all) did not find any beans (OnBeanCondition)

   SpringDocSecurityConfiguration matched:
      - @ConditionalOnClass found required class 'org.springframework.security.web.SecurityFilterChain' (OnClassCondition)
      - @ConditionalOnWebApplication (required) found 'session' scope (OnWebApplicationCondition)
      - @ConditionalOnExpression (#{${springdoc.api-docs.enabled:true} and ${springdoc.enable-spring-security:true}}) resulted in true (OnExpressionCondition)
      - @ConditionalOnBean (types: org.springdoc.core.configuration.SpringDocConfiguration; SearchStrategy: all) found bean 'org.springdoc.core.configuration.SpringDocConfiguration' (OnBeanCondition)

   SpringDocSecurityConfiguration.SpringSecurityLoginEndpointConfiguration matched:
      - @ConditionalOnClass found required class 'jakarta.servlet.Filter' (OnClassCondition)

   SpringDocSortConfiguration matched:
      - @ConditionalOnClass found required class 'org.springframework.data.domain.Sort' (OnClassCondition)
      - @ConditionalOnWebApplication (required) found 'session' scope (OnWebApplicationCondition)
      - @ConditionalOnProperty (springdoc.api-docs.enabled) matched (OnPropertyCondition)
      - @ConditionalOnBean (types: org.springdoc.core.configuration.SpringDocConfiguration; SearchStrategy: all) found bean 'org.springdoc.core.configuration.SpringDocConfiguration' (OnBeanCondition)

   SpringDocSortConfiguration#sortOpenAPIConverter matched:
      - @ConditionalOnProperty (springdoc.model-converters.sort-converter.enabled) matched (OnPropertyCondition)
      - @ConditionalOnMissingBean (types: org.springdoc.core.converters.SortOpenAPIConverter; SearchStrategy: all) did not find any beans (OnBeanCondition)

   SpringDocUIConfiguration matched:
      - @ConditionalOnWebApplication (required) found 'session' scope (OnWebApplicationCondition)
      - @ConditionalOnExpression (#{${springdoc.api-docs.enabled:true}}) resulted in true (OnExpressionCondition)
      - @ConditionalOnBean (types: org.springdoc.core.configuration.SpringDocConfiguration; SearchStrategy: all) found bean 'org.springdoc.core.configuration.SpringDocConfiguration' (OnBeanCondition)

   SpringDocWebMvcConfiguration matched:
      - found 'session' scope (OnWebApplicationCondition)
      - @ConditionalOnProperty (springdoc.api-docs.enabled) matched (OnPropertyCondition)
      - @ConditionalOnBean (types: org.springdoc.core.configuration.SpringDocConfiguration; SearchStrategy: all) found bean 'org.springdoc.core.configuration.SpringDocConfiguration' (OnBeanCondition)

   SpringDocWebMvcConfiguration#openApiResource matched:
      - @ConditionalOnProperty (springdoc.use-management-port=false) matched (OnPropertyCondition)
      - @ConditionalOnMissingBean (types: org.springdoc.webmvc.api.OpenApiWebMvcResource; SearchStrategy: all) did not find any beans (OnBeanCondition)

   SpringDocWebMvcConfiguration#requestBuilder matched:
      - @ConditionalOnMissingBean (types: org.springdoc.webmvc.core.service.RequestService; SearchStrategy: all) did not find any beans (OnBeanCondition)

   SpringDocWebMvcConfiguration#responseBuilder matched:
      - @ConditionalOnMissingBean (types: org.springdoc.core.service.GenericResponseService; SearchStrategy: all) did not find any beans (OnBeanCondition)

   SpringDocWebMvcConfiguration#springWebProvider matched:
      - @ConditionalOnMissingBean (types: org.springdoc.core.providers.SpringWebProvider; SearchStrategy: all) did not find any beans (OnBeanCondition)

   SpringDocWebMvcConfiguration.SpringDocWebMvcRouterConfiguration matched:
      - @ConditionalOnClass found required class 'org.springframework.web.servlet.function.RouterFunction' (OnClassCondition)

   SpringDocWebMvcConfiguration.SpringDocWebMvcRouterConfiguration#routerFunctionProvider matched:
      - @ConditionalOnMissingBean (types: org.springdoc.webmvc.core.providers.RouterFunctionWebMvcProvider; SearchStrategy: all) did not find any beans (OnBeanCondition)

   SqlInitializationAutoConfiguration matched:
      - @ConditionalOnProperty (spring.sql.init.enabled) matched (OnPropertyCondition)
      - NoneNestedConditions 0 matched 1 did not; NestedCondition on SqlInitializationAutoConfiguration.SqlInitializationModeCondition.ModeIsNever @ConditionalOnProperty (spring.sql.init.mode=never) did not find property 'mode' (SqlInitializationAutoConfiguration.SqlInitializationModeCondition)

   SslAutoConfiguration#sslBundleRegistry matched:
      - @ConditionalOnMissingBean (types: org.springframework.boot.ssl.SslBundleRegistry,org.springframework.boot.ssl.SslBundles; SearchStrategy: all) did not find any beans (OnBeanCondition)

   SwaggerConfig matched:
      - found 'session' scope (OnWebApplicationCondition)
      - @ConditionalOnProperty (springdoc.swagger-ui.enabled) matched (OnPropertyCondition)
      - @ConditionalOnBean (types: org.springdoc.core.configuration.SpringDocConfiguration; SearchStrategy: all) found bean 'org.springdoc.core.configuration.SpringDocConfiguration' (OnBeanCondition)

   SwaggerConfig#indexPageTransformer matched:
      - @ConditionalOnMissingBean (types: org.springdoc.webmvc.ui.SwaggerIndexTransformer; SearchStrategy: all) did not find any beans (OnBeanCondition)

   SwaggerConfig#swaggerConfigResource matched:
      - @ConditionalOnProperty (springdoc.use-management-port=false) matched (OnPropertyCondition)
      - @ConditionalOnMissingBean (types: org.springdoc.webmvc.ui.SwaggerConfigResource; SearchStrategy: all) did not find any beans (OnBeanCondition)

   SwaggerConfig#swaggerResourceResolver matched:
      - @ConditionalOnMissingBean (types: org.springdoc.webmvc.ui.SwaggerResourceResolver; SearchStrategy: all) did not find any beans (OnBeanCondition)

   SwaggerConfig#swaggerWebMvcConfigurer matched:
      - @ConditionalOnMissingBean (types: org.springdoc.webmvc.ui.SwaggerWebMvcConfigurer; SearchStrategy: all) did not find any beans (OnBeanCondition)

   SwaggerConfig#swaggerWelcome matched:
      - @ConditionalOnProperty (springdoc.use-management-port=false) matched (OnPropertyCondition)
      - @ConditionalOnMissingBean (types: org.springdoc.webmvc.ui.SwaggerWelcomeWebMvc; SearchStrategy: all) did not find any beans (OnBeanCondition)

   SwaggerUiConfigParameters matched:
      - @ConditionalOnProperty (springdoc.swagger-ui.enabled) matched (OnPropertyCondition)
      - @ConditionalOnBean (types: org.springdoc.core.configuration.SpringDocConfiguration; SearchStrategy: all) found bean 'org.springdoc.core.configuration.SpringDocConfiguration' (OnBeanCondition)

   SwaggerUiConfigProperties matched:
      - @ConditionalOnProperty (springdoc.swagger-ui.enabled) matched (OnPropertyCondition)
      - @ConditionalOnBean (types: org.springdoc.core.configuration.SpringDocConfiguration; SearchStrategy: all) found bean 'org.springdoc.core.configuration.SpringDocConfiguration' (OnBeanCondition)

   SwaggerUiOAuthProperties matched:
      - @ConditionalOnProperty (springdoc.swagger-ui.enabled) matched (OnPropertyCondition)
      - @ConditionalOnBean (types: org.springdoc.core.configuration.SpringDocConfiguration; SearchStrategy: all) found bean 'org.springdoc.core.configuration.SpringDocConfiguration' (OnBeanCondition)

   TaskExecutionAutoConfiguration matched:
      - @ConditionalOnClass found required class 'org.springframework.scheduling.concurrent.ThreadPoolTaskExecutor' (OnClassCondition)

   TaskExecutorConfigurations.SimpleAsyncTaskExecutorBuilderConfiguration#simpleAsyncTaskExecutorBuilder matched:
      - @ConditionalOnMissingBean (types: org.springframework.boot.task.SimpleAsyncTaskExecutorBuilder; SearchStrategy: all) did not find any beans (OnBeanCondition)
      - @ConditionalOnThreading found PLATFORM (OnThreadingCondition)

   TaskExecutorConfigurations.TaskExecutorBuilderConfiguration#taskExecutorBuilder matched:
      - @ConditionalOnMissingBean (types: org.springframework.boot.task.TaskExecutorBuilder; SearchStrategy: all) did not find any beans (OnBeanCondition)

   TaskExecutorConfigurations.TaskExecutorConfiguration matched:
      - @ConditionalOnMissingBean (types: java.util.concurrent.Executor; SearchStrategy: all) did not find any beans (OnBeanCondition)

   TaskExecutorConfigurations.TaskExecutorConfiguration#applicationTaskExecutor matched:
      - @ConditionalOnThreading found PLATFORM (OnThreadingCondition)

   TaskExecutorConfigurations.ThreadPoolTaskExecutorBuilderConfiguration#threadPoolTaskExecutorBuilder matched:
      - @ConditionalOnMissingBean (types: org.springframework.boot.task.TaskExecutorBuilder,org.springframework.boot.task.ThreadPoolTaskExecutorBuilder; SearchStrategy: all) did not find any beans (OnBeanCondition)

   TaskSchedulingAutoConfiguration matched:
      - @ConditionalOnClass found required class 'org.springframework.scheduling.concurrent.ThreadPoolTaskScheduler' (OnClassCondition)

   TaskSchedulingConfigurations.SimpleAsyncTaskSchedulerBuilderConfiguration#simpleAsyncTaskSchedulerBuilder matched:
      - @ConditionalOnMissingBean (types: org.springframework.boot.task.SimpleAsyncTaskSchedulerBuilder; SearchStrategy: all) did not find any beans (OnBeanCondition)
      - @ConditionalOnThreading found PLATFORM (OnThreadingCondition)

   TaskSchedulingConfigurations.TaskSchedulerBuilderConfiguration#taskSchedulerBuilder matched:
      - @ConditionalOnMissingBean (types: org.springframework.boot.task.TaskSchedulerBuilder; SearchStrategy: all) did not find any beans (OnBeanCondition)

   TaskSchedulingConfigurations.ThreadPoolTaskSchedulerBuilderConfiguration#threadPoolTaskSchedulerBuilder matched:
      - @ConditionalOnMissingBean (types: org.springframework.boot.task.TaskSchedulerBuilder,org.springframework.boot.task.ThreadPoolTaskSchedulerBuilder; SearchStrategy: all) did not find any beans (OnBeanCondition)

   TransactionAutoConfiguration matched:
      - @ConditionalOnClass found required class 'org.springframework.transaction.PlatformTransactionManager' (OnClassCondition)

   TransactionAutoConfiguration.EnableTransactionManagementConfiguration matched:
      - @ConditionalOnBean (types: org.springframework.transaction.TransactionManager; SearchStrategy: all) found bean 'transactionManager'; @ConditionalOnMissingBean (types: org.springframework.transaction.annotation.AbstractTransactionManagementConfiguration; SearchStrategy: all) did not find any beans (OnBeanCondition)

   TransactionAutoConfiguration.EnableTransactionManagementConfiguration.CglibAutoProxyConfiguration matched:
      - @ConditionalOnProperty (spring.aop.proxy-target-class=true) matched (OnPropertyCondition)

   TransactionAutoConfiguration.TransactionTemplateConfiguration matched:
      - @ConditionalOnSingleCandidate (types: org.springframework.transaction.PlatformTransactionManager; SearchStrategy: all) found a single bean 'transactionManager' (OnBeanCondition)

   TransactionAutoConfiguration.TransactionTemplateConfiguration#transactionTemplate matched:
      - @ConditionalOnMissingBean (types: org.springframework.transaction.support.TransactionOperations; SearchStrategy: all) did not find any beans (OnBeanCondition)

   TransactionManagerCustomizationAutoConfiguration matched:
      - @ConditionalOnClass found required class 'org.springframework.transaction.PlatformTransactionManager' (OnClassCondition)

   TransactionManagerCustomizationAutoConfiguration#platformTransactionManagerCustomizers matched:
      - @ConditionalOnMissingBean (types: org.springframework.boot.autoconfigure.transaction.TransactionManagerCustomizers; SearchStrategy: all) did not find any beans (OnBeanCondition)

   WebMvcAutoConfiguration matched:
      - @ConditionalOnClass found required classes 'jakarta.servlet.Servlet', 'org.springframework.web.servlet.DispatcherServlet', 'org.springframework.web.servlet.config.annotation.WebMvcConfigurer' (OnClassCondition)
      - found 'session' scope (OnWebApplicationCondition)
      - @ConditionalOnMissingBean (types: org.springframework.web.servlet.config.annotation.WebMvcConfigurationSupport; SearchStrategy: all) did not find any beans (OnBeanCondition)

   WebMvcAutoConfiguration#formContentFilter matched:
      - @ConditionalOnProperty (spring.mvc.formcontent.filter.enabled) matched (OnPropertyCondition)
      - @ConditionalOnMissingBean (types: org.springframework.web.filter.FormContentFilter; SearchStrategy: all) did not find any beans (OnBeanCondition)

   WebMvcAutoConfiguration.EnableWebMvcConfiguration#flashMapManager matched:
      - @ConditionalOnMissingBean (names: flashMapManager; SearchStrategy: all) did not find any beans (OnBeanCondition)

   WebMvcAutoConfiguration.EnableWebMvcConfiguration#localeResolver matched:
      - @ConditionalOnMissingBean (names: localeResolver; SearchStrategy: all) did not find any beans (OnBeanCondition)

   WebMvcAutoConfiguration.EnableWebMvcConfiguration#themeResolver matched:
      - @ConditionalOnMissingBean (names: themeResolver; SearchStrategy: all) did not find any beans (OnBeanCondition)

   WebMvcAutoConfiguration.WebMvcAutoConfigurationAdapter#defaultViewResolver matched:
      - @ConditionalOnMissingBean (types: org.springframework.web.servlet.view.InternalResourceViewResolver; SearchStrategy: all) did not find any beans (OnBeanCondition)

   WebMvcAutoConfiguration.WebMvcAutoConfigurationAdapter#requestContextFilter matched:
      - @ConditionalOnMissingBean (types: org.springframework.web.context.request.RequestContextListener,org.springframework.web.filter.RequestContextFilter; SearchStrategy: all) did not find any beans (OnBeanCondition)

   WebMvcAutoConfiguration.WebMvcAutoConfigurationAdapter#viewResolver matched:
      - @ConditionalOnBean (types: org.springframework.web.servlet.ViewResolver; SearchStrategy: all) found beans 'defaultViewResolver', 'beanNameViewResolver', 'mvcViewResolver'; @ConditionalOnMissingBean (names: viewResolver types: org.springframework.web.servlet.view.ContentNegotiatingViewResolver; SearchStrategy: all) did not find any beans (OnBeanCondition)

   WebSocketServletAutoConfiguration matched:
      - @ConditionalOnClass found required classes 'jakarta.servlet.Servlet', 'jakarta.websocket.server.ServerContainer' (OnClassCondition)
      - found 'session' scope (OnWebApplicationCondition)

   WebSocketServletAutoConfiguration.TomcatWebSocketConfiguration matched:
      - @ConditionalOnClass found required classes 'org.apache.catalina.startup.Tomcat', 'org.apache.tomcat.websocket.server.WsSci' (OnClassCondition)

   WebSocketServletAutoConfiguration.TomcatWebSocketConfiguration#websocketServletWebServerCustomizer matched:
      - @ConditionalOnMissingBean (names: websocketServletWebServerCustomizer; SearchStrategy: all) did not find any beans (OnBeanCondition)


Negative matches:
-----------------

   ActiveMQAutoConfiguration:
      Did not match:
         - @ConditionalOnClass did not find required class 'jakarta.jms.ConnectionFactory' (OnClassCondition)

   AopAutoConfiguration.AspectJAutoProxyingConfiguration.JdkDynamicAutoProxyConfiguration:
      Did not match:
         - @ConditionalOnProperty (spring.aop.proxy-target-class=false) did not find property 'proxy-target-class' (OnPropertyCondition)

   AopAutoConfiguration.ClassProxyingConfiguration:
      Did not match:
         - @ConditionalOnMissingClass found unwanted class 'org.aspectj.weaver.Advice' (OnClassCondition)

   ArtemisAutoConfiguration:
      Did not match:
         - @ConditionalOnClass did not find required class 'jakarta.jms.ConnectionFactory' (OnClassCondition)

   BatchAutoConfiguration:
      Did not match:
         - @ConditionalOnClass did not find required class 'org.springframework.batch.core.launch.JobLauncher' (OnClassCondition)

   Cache2kCacheConfiguration:
      Did not match:
         - @ConditionalOnClass did not find required class 'org.cache2k.Cache2kBuilder' (OnClassCondition)

   CacheAutoConfiguration:
      Did not match:
         - @ConditionalOnBean (types: org.springframework.cache.interceptor.CacheAspectSupport; SearchStrategy: all) did not find any beans of type org.springframework.cache.interceptor.CacheAspectSupport (OnBeanCondition)
      Matched:
         - @ConditionalOnClass found required class 'org.springframework.cache.CacheManager' (OnClassCondition)

   CacheAutoConfiguration.CacheManagerEntityManagerFactoryDependsOnPostProcessor:
      Did not match:
         - Ancestor org.springframework.boot.autoconfigure.cache.CacheAutoConfiguration did not match (ConditionEvaluationReport.AncestorsMatchedCondition)
      Matched:
         - @ConditionalOnClass found required class 'org.springframework.orm.jpa.LocalContainerEntityManagerFactoryBean' (OnClassCondition)

   CaffeineCacheConfiguration:
      Did not match:
         - @ConditionalOnClass did not find required class 'com.github.benmanes.caffeine.cache.Caffeine' (OnClassCondition)

   CassandraAutoConfiguration:
      Did not match:
         - @ConditionalOnClass did not find required class 'com.datastax.oss.driver.api.core.CqlSession' (OnClassCondition)

   CassandraDataAutoConfiguration:
      Did not match:
         - @ConditionalOnClass did not find required class 'com.datastax.oss.driver.api.core.CqlSession' (OnClassCondition)

   CassandraReactiveDataAutoConfiguration:
      Did not match:
         - @ConditionalOnClass did not find required class 'com.datastax.oss.driver.api.core.CqlSession' (OnClassCondition)

   CassandraReactiveRepositoriesAutoConfiguration:
      Did not match:
         - @ConditionalOnClass did not find required class 'org.springframework.data.cassandra.ReactiveSession' (OnClassCondition)

   CassandraRepositoriesAutoConfiguration:
      Did not match:
         - @ConditionalOnClass did not find required class 'com.datastax.oss.driver.api.core.CqlSession' (OnClassCondition)

   ClientHttpConnectorAutoConfiguration:
      Did not match:
         - @ConditionalOnClass did not find required class 'org.springframework.web.reactive.function.client.WebClient' (OnClassCondition)

   CodecsAutoConfiguration:
      Did not match:
         - @ConditionalOnClass did not find required class 'org.springframework.web.reactive.function.client.WebClient' (OnClassCondition)

   CouchbaseAutoConfiguration:
      Did not match:
         - @ConditionalOnClass did not find required class 'com.couchbase.client.java.Cluster' (OnClassCondition)

   CouchbaseCacheConfiguration:
      Did not match:
         - @ConditionalOnClass did not find required class 'com.couchbase.client.java.Cluster' (OnClassCondition)

   CouchbaseDataAutoConfiguration:
      Did not match:
         - @ConditionalOnClass did not find required class 'com.couchbase.client.java.Bucket' (OnClassCondition)

   CouchbaseReactiveDataAutoConfiguration:
      Did not match:
         - @ConditionalOnClass did not find required class 'com.couchbase.client.java.Cluster' (OnClassCondition)

   CouchbaseReactiveRepositoriesAutoConfiguration:
      Did not match:
         - @ConditionalOnClass did not find required class 'com.couchbase.client.java.Cluster' (OnClassCondition)

   CouchbaseRepositoriesAutoConfiguration:
      Did not match:
         - @ConditionalOnClass did not find required class 'com.couchbase.client.java.Bucket' (OnClassCondition)

   DataSourceAutoConfiguration.EmbeddedDatabaseConfiguration:
      Did not match:
         - EmbeddedDataSource spring.datasource.url is set (DataSourceAutoConfiguration.EmbeddedDatabaseCondition)

   DataSourceCheckpointRestoreConfiguration:
      Did not match:
         - @ConditionalOnClass did not find required class 'org.crac.Resource' (OnClassCondition)

   DataSourceConfiguration.Dbcp2:
      Did not match:
         - @ConditionalOnClass did not find required class 'org.apache.commons.dbcp2.BasicDataSource' (OnClassCondition)

   DataSourceConfiguration.Generic:
      Did not match:
         - @ConditionalOnProperty (spring.datasource.type) did not find property 'spring.datasource.type' (OnPropertyCondition)

   DataSourceConfiguration.OracleUcp:
      Did not match:
         - @ConditionalOnClass did not find required classes 'oracle.ucp.jdbc.PoolDataSourceImpl', 'oracle.jdbc.OracleConnection' (OnClassCondition)

   DataSourceConfiguration.Tomcat:
      Did not match:
         - @ConditionalOnClass did not find required class 'org.apache.tomcat.jdbc.pool.DataSource' (OnClassCondition)

   DataSourceJmxConfiguration:
      Did not match:
         - @ConditionalOnProperty (spring.jmx.enabled=true) found different value in property 'enabled' (OnPropertyCondition)

   DataSourcePoolMetadataProvidersConfiguration.CommonsDbcp2PoolDataSourceMetadataProviderConfiguration:
      Did not match:
         - @ConditionalOnClass did not find required class 'org.apache.commons.dbcp2.BasicDataSource' (OnClassCondition)

   DataSourcePoolMetadataProvidersConfiguration.OracleUcpPoolDataSourceMetadataProviderConfiguration:
      Did not match:
         - @ConditionalOnClass did not find required classes 'oracle.ucp.jdbc.PoolDataSource', 'oracle.jdbc.OracleConnection' (OnClassCondition)

   DataSourcePoolMetadataProvidersConfiguration.TomcatDataSourcePoolMetadataProviderConfiguration:
      Did not match:
         - @ConditionalOnClass did not find required class 'org.apache.tomcat.jdbc.pool.DataSource' (OnClassCondition)

   DataSourceTransactionManagerAutoConfiguration.JdbcTransactionManagerConfiguration#transactionManager:
      Did not match:
         - @ConditionalOnMissingBean (types: org.springframework.transaction.TransactionManager; SearchStrategy: all) found beans of type 'org.springframework.transaction.TransactionManager' transactionManager (OnBeanCondition)

   DevToolsDataSourceAutoConfiguration:
      Did not match:
         - Devtools devtools is disabled for current context. (OnEnabledDevToolsCondition)
      Matched:
         - @ConditionalOnClass found required class 'javax.sql.DataSource' (OnClassCondition)

   DevToolsR2dbcAutoConfiguration:
      Did not match:
         - @ConditionalOnClass did not find required class 'io.r2dbc.spi.ConnectionFactory' (OnClassCondition)

   DispatcherServletAutoConfiguration.DispatcherServletConfiguration#multipartResolver:
      Did not match:
         - @ConditionalOnBean (types: org.springframework.web.multipart.MultipartResolver; SearchStrategy: all) did not find any beans of type org.springframework.web.multipart.MultipartResolver (OnBeanCondition)

   ElasticsearchClientAutoConfiguration:
      Did not match:
         - @ConditionalOnClass did not find required class 'co.elastic.clients.elasticsearch.ElasticsearchClient' (OnClassCondition)

   ElasticsearchDataAutoConfiguration:
      Did not match:
         - @ConditionalOnClass did not find required class 'org.springframework.data.elasticsearch.client.elc.ElasticsearchTemplate' (OnClassCondition)

   ElasticsearchRepositoriesAutoConfiguration:
      Did not match:
         - @ConditionalOnClass did not find required class 'org.springframework.data.elasticsearch.repository.ElasticsearchRepository' (OnClassCondition)

   ElasticsearchRestClientAutoConfiguration:
      Did not match:
         - @ConditionalOnClass did not find required class 'org.elasticsearch.client.RestClientBuilder' (OnClassCondition)

   EmbeddedLdapAutoConfiguration:
      Did not match:
         - @ConditionalOnClass did not find required class 'com.unboundid.ldap.listener.InMemoryDirectoryServer' (OnClassCondition)

   EmbeddedWebServerFactoryCustomizerAutoConfiguration:
      Did not match:
         - Application is deployed as a WAR file. (OnWarDeploymentCondition)
      Matched:
         - @ConditionalOnWebApplication (required) found 'session' scope (OnWebApplicationCondition)

   ErrorWebFluxAutoConfiguration:
      Did not match:
         - @ConditionalOnClass did not find required class 'org.springframework.web.reactive.config.WebFluxConfigurer' (OnClassCondition)

   FlywayAutoConfiguration:
      Did not match:
         - @ConditionalOnClass did not find required class 'org.flywaydb.core.Flyway' (OnClassCondition)

   FreeMarkerAutoConfiguration:
      Did not match:
         - @ConditionalOnClass did not find required class 'freemarker.template.Configuration' (OnClassCondition)

   GraphQlAutoConfiguration:
      Did not match:
         - @ConditionalOnClass did not find required class 'graphql.GraphQL' (OnClassCondition)

   GraphQlQueryByExampleAutoConfiguration:
      Did not match:
         - @ConditionalOnClass did not find required class 'graphql.GraphQL' (OnClassCondition)

   GraphQlQuerydslAutoConfiguration:
      Did not match:
         - @ConditionalOnClass did not find required class 'com.querydsl.core.Query' (OnClassCondition)

   GraphQlRSocketAutoConfiguration:
      Did not match:
         - @ConditionalOnClass did not find required class 'graphql.GraphQL' (OnClassCondition)

   GraphQlReactiveQueryByExampleAutoConfiguration:
      Did not match:
         - @ConditionalOnClass did not find required class 'graphql.GraphQL' (OnClassCondition)

   GraphQlReactiveQuerydslAutoConfiguration:
      Did not match:
         - @ConditionalOnClass did not find required class 'com.querydsl.core.Query' (OnClassCondition)

   GraphQlWebFluxAutoConfiguration:
      Did not match:
         - @ConditionalOnClass did not find required class 'graphql.GraphQL' (OnClassCondition)

   GraphQlWebFluxSecurityAutoConfiguration:
      Did not match:
         - @ConditionalOnClass did not find required class 'graphql.GraphQL' (OnClassCondition)

   GraphQlWebMvcAutoConfiguration:
      Did not match:
         - @ConditionalOnClass did not find required class 'graphql.GraphQL' (OnClassCondition)

   GraphQlWebMvcSecurityAutoConfiguration:
      Did not match:
         - @ConditionalOnClass did not find required class 'graphql.GraphQL' (OnClassCondition)

   GroovyTemplateAutoConfiguration:
      Did not match:
         - @ConditionalOnClass did not find required class 'groovy.text.markup.MarkupTemplateEngine' (OnClassCondition)

   GsonAutoConfiguration:
      Did not match:
         - @ConditionalOnClass did not find required class 'com.google.gson.Gson' (OnClassCondition)

   GsonHttpMessageConvertersConfiguration:
      Did not match:
         - @ConditionalOnClass did not find required class 'com.google.gson.Gson' (OnClassCondition)

   H2ConsoleAutoConfiguration:
      Did not match:
         - @ConditionalOnProperty (spring.h2.console.enabled=true) did not find property 'enabled' (OnPropertyCondition)
      Matched:
         - @ConditionalOnClass found required class 'org.h2.server.web.JakartaWebServlet' (OnClassCondition)
         - found 'session' scope (OnWebApplicationCondition)

   HazelcastAutoConfiguration:
      Did not match:
         - @ConditionalOnClass did not find required class 'com.hazelcast.core.HazelcastInstance' (OnClassCondition)

   HazelcastCacheConfiguration:
      Did not match:
         - @ConditionalOnClass did not find required class 'com.hazelcast.core.HazelcastInstance' (OnClassCondition)

   HazelcastJpaDependencyAutoConfiguration:
      Did not match:
         - @ConditionalOnClass did not find required class 'com.hazelcast.core.HazelcastInstance' (OnClassCondition)

   HttpHandlerAutoConfiguration:
      Did not match:
         - @ConditionalOnClass did not find required class 'org.springframework.web.reactive.DispatcherHandler' (OnClassCondition)

   HypermediaAutoConfiguration:
      Did not match:
         - @ConditionalOnClass did not find required class 'org.springframework.hateoas.EntityModel' (OnClassCondition)

   InfinispanCacheConfiguration:
      Did not match:
         - @ConditionalOnClass did not find required class 'org.infinispan.spring.embedded.provider.SpringEmbeddedCacheManager' (OnClassCondition)

   InfluxDbAutoConfiguration:
      Did not match:
         - @ConditionalOnClass did not find required class 'org.influxdb.InfluxDB' (OnClassCondition)

   IntegrationAutoConfiguration:
      Did not match:
         - @ConditionalOnClass did not find required class 'org.springframework.integration.config.EnableIntegration' (OnClassCondition)

   JCacheCacheConfiguration:
      Did not match:
         - @ConditionalOnClass did not find required class 'javax.cache.Caching' (OnClassCondition)

   JacksonAutoConfiguration.JacksonObjectMapperConfiguration#jacksonObjectMapper:
      Did not match:
         - @ConditionalOnMissingBean (types: com.fasterxml.jackson.databind.ObjectMapper; SearchStrategy: all) found beans of type 'com.fasterxml.jackson.databind.ObjectMapper' objectMapper (OnBeanCondition)

   JacksonHttpMessageConvertersConfiguration.MappingJackson2XmlHttpMessageConverterConfiguration:
      Did not match:
         - @ConditionalOnClass did not find required class 'com.fasterxml.jackson.dataformat.xml.XmlMapper' (OnClassCondition)

   JdbcRepositoriesAutoConfiguration:
      Did not match:
         - @ConditionalOnClass did not find required class 'org.springframework.data.jdbc.repository.config.AbstractJdbcConfiguration' (OnClassCondition)

   JerseyAutoConfiguration:
      Did not match:
         - @ConditionalOnClass did not find required class 'org.glassfish.jersey.server.spring.SpringComponentProvider' (OnClassCondition)

   JmsAutoConfiguration:
      Did not match:
         - @ConditionalOnClass did not find required class 'jakarta.jms.Message' (OnClassCondition)

   JmxAutoConfiguration:
      Did not match:
         - @ConditionalOnProperty (spring.jmx.enabled=true) found different value in property 'enabled' (OnPropertyCondition)
      Matched:
         - @ConditionalOnClass found required class 'org.springframework.jmx.export.MBeanExporter' (OnClassCondition)

   JndiConnectionFactoryAutoConfiguration:
      Did not match:
         - @ConditionalOnClass did not find required class 'org.springframework.jms.core.JmsTemplate' (OnClassCondition)

   JndiDataSourceAutoConfiguration:
      Did not match:
         - @ConditionalOnProperty (spring.datasource.jndi-name) did not find property 'jndi-name' (OnPropertyCondition)
      Matched:
         - @ConditionalOnClass found required classes 'javax.sql.DataSource', 'org.springframework.jdbc.datasource.embedded.EmbeddedDatabaseType' (OnClassCondition)

   JndiJtaConfiguration:
      Did not match:
         - @ConditionalOnJndi JNDI environment is not available (OnJndiCondition)
      Matched:
         - @ConditionalOnClass found required class 'org.springframework.transaction.jta.JtaTransactionManager' (OnClassCondition)

   JooqAutoConfiguration:
      Did not match:
         - @ConditionalOnClass did not find required class 'org.jooq.DSLContext' (OnClassCondition)

   JpaRepositoriesAutoConfiguration:
      Did not match:
         - @ConditionalOnMissingBean (types: org.springframework.data.jpa.repository.support.JpaRepositoryFactoryBean,org.springframework.data.jpa.repository.config.JpaRepositoryConfigExtension; SearchStrategy: all) found beans of type 'org.springframework.data.jpa.repository.support.JpaRepositoryFactoryBean' &doctorRepository, &attachmentRepository, &patientRepository, &applicationRepository, &researchRepository, &digitalSignatureRepository, &clinicalStudyRepresentiveRepository, &userRepository, &notificationRepository and found beans of type 'org.springframework.data.jpa.repository.config.JpaRepositoryConfigExtension' org.springframework.data.jpa.repository.config.JpaRepositoryConfigExtension#0 (OnBeanCondition)
      Matched:
         - @ConditionalOnClass found required class 'org.springframework.data.jpa.repository.JpaRepository' (OnClassCondition)
         - @ConditionalOnProperty (spring.data.jpa.repositories.enabled=true) matched (OnPropertyCondition)

   JsonbAutoConfiguration:
      Did not match:
         - @ConditionalOnClass did not find required class 'jakarta.json.bind.Jsonb' (OnClassCondition)

   JsonbHttpMessageConvertersConfiguration:
      Did not match:
         - @ConditionalOnClass did not find required class 'jakarta.json.bind.Jsonb' (OnClassCondition)

   KafkaAutoConfiguration:
      Did not match:
         - @ConditionalOnClass did not find required class 'org.springframework.kafka.core.KafkaTemplate' (OnClassCondition)

   LdapAutoConfiguration:
      Did not match:
         - @ConditionalOnClass did not find required class 'org.springframework.ldap.core.ContextSource' (OnClassCondition)

   LdapRepositoriesAutoConfiguration:
      Did not match:
         - @ConditionalOnClass did not find required class 'org.springframework.data.ldap.repository.LdapRepository' (OnClassCondition)

   LiquibaseAutoConfiguration:
      Did not match:
         - @ConditionalOnClass did not find required class 'liquibase.change.DatabaseChange' (OnClassCondition)

   LocalDevToolsAutoConfiguration:
      Did not match:
         - Initialized Restarter Condition initialized without URLs (OnInitializedRestarterCondition)

   MailSenderAutoConfiguration:
      Did not match:
         - AnyNestedCondition 0 matched 2 did not; NestedCondition on MailSenderAutoConfiguration.MailSenderCondition.JndiNameProperty @ConditionalOnProperty (spring.mail.jndi-name) did not find property 'jndi-name'; NestedCondition on MailSenderAutoConfiguration.MailSenderCondition.HostProperty @ConditionalOnProperty (spring.mail.host) did not find property 'host' (MailSenderAutoConfiguration.MailSenderCondition)
      Matched:
         - @ConditionalOnClass found required classes 'jakarta.mail.internet.MimeMessage', 'jakarta.activation.MimeType', 'org.springframework.mail.MailSender' (OnClassCondition)

   MailSenderValidatorAutoConfiguration:
      Did not match:
         - @ConditionalOnProperty (spring.mail.test-connection) did not find property 'test-connection' (OnPropertyCondition)

   MessageSourceAutoConfiguration:
      Did not match:
         - ResourceBundle did not find bundle with basename messages (MessageSourceAutoConfiguration.ResourceBundleCondition)

   MongoAutoConfiguration:
      Did not match:
         - @ConditionalOnClass did not find required class 'com.mongodb.client.MongoClient' (OnClassCondition)

   MongoDataAutoConfiguration:
      Did not match:
         - @ConditionalOnClass did not find required class 'com.mongodb.client.MongoClient' (OnClassCondition)

   MongoReactiveAutoConfiguration:
      Did not match:
         - @ConditionalOnClass did not find required class 'com.mongodb.reactivestreams.client.MongoClient' (OnClassCondition)

   MongoReactiveDataAutoConfiguration:
      Did not match:
         - @ConditionalOnClass did not find required class 'com.mongodb.reactivestreams.client.MongoClient' (OnClassCondition)

   MongoReactiveRepositoriesAutoConfiguration:
      Did not match:
         - @ConditionalOnClass did not find required class 'com.mongodb.reactivestreams.client.MongoClient' (OnClassCondition)

   MongoRepositoriesAutoConfiguration:
      Did not match:
         - @ConditionalOnClass did not find required class 'com.mongodb.client.MongoClient' (OnClassCondition)

   MultipleOpenApiSupportConfiguration:
      Did not match:
         - AnyNestedCondition 0 matched 2 did not; NestedCondition on MultipleOpenApiSupportCondition.OnActuatorDifferentPort @ConditionalOnProperty (springdoc.show-actuator) did not find property 'springdoc.show-actuator'; NestedCondition on MultipleOpenApiSupportCondition.OnMultipleOpenApiSupportCondition AnyNestedCondition 0 matched 2 did not; NestedCondition on MultipleOpenApiGroupsCondition.OnGroupConfigProperty @ConditionalOnProperty (springdoc.group-configs[0].group) did not find property 'springdoc.group-configs[0].group'; NestedCondition on MultipleOpenApiGroupsCondition.OnGroupedOpenApiBean @ConditionalOnBean (types: org.springdoc.core.models.GroupedOpenApi; SearchStrategy: all) did not find any beans of type org.springdoc.core.models.GroupedOpenApi (MultipleOpenApiSupportCondition)
      Matched:
         - found 'session' scope (OnWebApplicationCondition)
         - @ConditionalOnProperty (springdoc.api-docs.enabled) matched (OnPropertyCondition)

   MultipleOpenApiSupportConfiguration.SpringDocWebMvcActuatorDifferentConfiguration:
      Did not match:
         - @ConditionalOnClass did not find required class 'org.springframework.boot.actuate.endpoint.web.servlet.WebMvcEndpointHandlerMapping' (OnClassCondition)
         - Ancestor org.springdoc.webmvc.core.configuration.MultipleOpenApiSupportConfiguration did not match (ConditionEvaluationReport.AncestorsMatchedCondition)

   MustacheAutoConfiguration:
      Did not match:
         - @ConditionalOnClass did not find required class 'com.samskivert.mustache.Mustache' (OnClassCondition)

   Neo4jAutoConfiguration:
      Did not match:
         - @ConditionalOnClass did not find required class 'org.neo4j.driver.Driver' (OnClassCondition)

   Neo4jDataAutoConfiguration:
      Did not match:
         - @ConditionalOnClass did not find required class 'org.neo4j.driver.Driver' (OnClassCondition)

   Neo4jReactiveDataAutoConfiguration:
      Did not match:
         - @ConditionalOnClass did not find required class 'org.neo4j.driver.Driver' (OnClassCondition)

   Neo4jReactiveRepositoriesAutoConfiguration:
      Did not match:
         - @ConditionalOnClass did not find required class 'org.neo4j.driver.Driver' (OnClassCondition)

   Neo4jRepositoriesAutoConfiguration:
      Did not match:
         - @ConditionalOnClass did not find required class 'org.neo4j.driver.Driver' (OnClassCondition)

   NettyAutoConfiguration:
      Did not match:
         - @ConditionalOnClass did not find required class 'io.netty.util.NettyRuntime' (OnClassCondition)

   OAuth2AuthorizationServerAutoConfiguration:
      Did not match:
         - @ConditionalOnClass did not find required class 'org.springframework.security.oauth2.server.authorization.OAuth2Authorization' (OnClassCondition)

   OAuth2AuthorizationServerJwtAutoConfiguration:
      Did not match:
         - @ConditionalOnClass did not find required class 'org.springframework.security.oauth2.server.authorization.OAuth2Authorization' (OnClassCondition)

   OAuth2ClientAutoConfiguration:
      Did not match:
         - @ConditionalOnClass did not find required class 'org.springframework.security.oauth2.client.registration.ClientRegistration' (OnClassCondition)

   OAuth2ResourceServerAutoConfiguration:
      Did not match:
         - @ConditionalOnClass did not find required class 'org.springframework.security.oauth2.server.resource.authentication.BearerTokenAuthenticationToken' (OnClassCondition)

   ProjectInfoAutoConfiguration#buildProperties:
      Did not match:
         - @ConditionalOnResource did not find resource '${spring.info.build.location:classpath:META-INF/build-info.properties}' (OnResourceCondition)

   ProjectInfoAutoConfiguration#gitProperties:
      Did not match:
         - GitResource did not find git info at classpath:git.properties (ProjectInfoAutoConfiguration.GitResourceAvailableCondition)

   PulsarAutoConfiguration:
      Did not match:
         - @ConditionalOnClass did not find required class 'org.apache.pulsar.client.api.PulsarClient' (OnClassCondition)

   PulsarReactiveAutoConfiguration:
      Did not match:
         - @ConditionalOnClass did not find required class 'org.apache.pulsar.client.api.PulsarClient' (OnClassCondition)

   QuartzAutoConfiguration:
      Did not match:
         - @ConditionalOnClass did not find required class 'org.quartz.Scheduler' (OnClassCondition)

   R2dbcAutoConfiguration:
      Did not match:
         - @ConditionalOnClass did not find required class 'io.r2dbc.spi.ConnectionFactory' (OnClassCondition)

   R2dbcDataAutoConfiguration:
      Did not match:
         - @ConditionalOnClass did not find required class 'org.springframework.data.r2dbc.core.R2dbcEntityTemplate' (OnClassCondition)

   R2dbcInitializationConfiguration:
      Did not match:
         - @ConditionalOnClass did not find required classes 'io.r2dbc.spi.ConnectionFactory', 'org.springframework.r2dbc.connection.init.DatabasePopulator' (OnClassCondition)

   R2dbcRepositoriesAutoConfiguration:
      Did not match:
         - @ConditionalOnClass did not find required class 'io.r2dbc.spi.ConnectionFactory' (OnClassCondition)

   R2dbcTransactionManagerAutoConfiguration:
      Did not match:
         - @ConditionalOnClass did not find required class 'org.springframework.r2dbc.connection.R2dbcTransactionManager' (OnClassCondition)

   RSocketGraphQlClientAutoConfiguration:
      Did not match:
         - @ConditionalOnClass did not find required class 'graphql.GraphQL' (OnClassCondition)

   RSocketMessagingAutoConfiguration:
      Did not match:
         - @ConditionalOnClass did not find required class 'io.rsocket.RSocket' (OnClassCondition)

   RSocketRequesterAutoConfiguration:
      Did not match:
         - @ConditionalOnClass did not find required class 'io.rsocket.RSocket' (OnClassCondition)

   RSocketSecurityAutoConfiguration:
      Did not match:
         - @ConditionalOnClass did not find required class 'org.springframework.security.rsocket.core.SecuritySocketAcceptorInterceptor' (OnClassCondition)

   RSocketServerAutoConfiguration:
      Did not match:
         - @ConditionalOnClass did not find required class 'io.rsocket.core.RSocketServer' (OnClassCondition)

   RSocketStrategiesAutoConfiguration:
      Did not match:
         - @ConditionalOnClass did not find required class 'io.netty.buffer.PooledByteBufAllocator' (OnClassCondition)

   RabbitAutoConfiguration:
      Did not match:
         - @ConditionalOnClass did not find required class 'com.rabbitmq.client.Channel' (OnClassCondition)

   ReactiveElasticsearchClientAutoConfiguration:
      Did not match:
         - @ConditionalOnClass did not find required class 'co.elastic.clients.transport.ElasticsearchTransport' (OnClassCondition)

   ReactiveElasticsearchRepositoriesAutoConfiguration:
      Did not match:
         - @ConditionalOnClass did not find required class 'reactor.core.publisher.Mono' (OnClassCondition)

   ReactiveMultipartAutoConfiguration:
      Did not match:
         - @ConditionalOnClass did not find required class 'org.springframework.web.reactive.config.WebFluxConfigurer' (OnClassCondition)

   ReactiveOAuth2ClientAutoConfiguration:
      Did not match:
         - @ConditionalOnClass did not find required class 'reactor.core.publisher.Flux' (OnClassCondition)

   ReactiveOAuth2ResourceServerAutoConfiguration:
      Did not match:
         - @ConditionalOnWebApplication did not find reactive web application classes (OnWebApplicationCondition)

   ReactiveSecurityAutoConfiguration:
      Did not match:
         - @ConditionalOnClass did not find required class 'reactor.core.publisher.Flux' (OnClassCondition)

   ReactiveUserDetailsServiceAutoConfiguration:
      Did not match:
         - AnyNestedCondition 0 matched 2 did not; NestedCondition on ReactiveUserDetailsServiceAutoConfiguration.RSocketEnabledOrReactiveWebApplication.ReactiveWebApplicationCondition did not find reactive web application classes; NestedCondition on ReactiveUserDetailsServiceAutoConfiguration.RSocketEnabledOrReactiveWebApplication.RSocketSecurityEnabledCondition @ConditionalOnBean (types: org.springframework.messaging.rsocket.annotation.support.RSocketMessageHandler; SearchStrategy: all) did not find any beans of type org.springframework.messaging.rsocket.annotation.support.RSocketMessageHandler (ReactiveUserDetailsServiceAutoConfiguration.RSocketEnabledOrReactiveWebApplication)
      Matched:
         - @ConditionalOnClass found required class 'org.springframework.security.authentication.ReactiveAuthenticationManager' (OnClassCondition)
         - AnyNestedCondition 1 matched 2 did not; NestedCondition on ReactiveUserDetailsServiceAutoConfiguration.MissingAlternativeOrUserPropertiesConfigured.PasswordConfigured @ConditionalOnProperty (spring.security.user.password) did not find property 'password'; NestedCondition on ReactiveUserDetailsServiceAutoConfiguration.MissingAlternativeOrUserPropertiesConfigured.NameConfigured @ConditionalOnProperty (spring.security.user.name) did not find property 'name'; NestedCondition on ReactiveUserDetailsServiceAutoConfiguration.MissingAlternativeOrUserPropertiesConfigured.MissingAlternative @ConditionalOnMissingClass did not find unwanted classes 'org.springframework.security.oauth2.client.registration.ClientRegistrationRepository', 'org.springframework.security.oauth2.server.resource.introspection.ReactiveOpaqueTokenIntrospector' (ReactiveUserDetailsServiceAutoConfiguration.MissingAlternativeOrUserPropertiesConfigured)

   ReactiveWebServerFactoryAutoConfiguration:
      Did not match:
         - @ConditionalOnWebApplication did not find reactive web application classes (OnWebApplicationCondition)

   ReactorAutoConfiguration:
      Did not match:
         - @ConditionalOnClass did not find required class 'reactor.core.publisher.Hooks' (OnClassCondition)

   RedisAutoConfiguration:
      Did not match:
         - @ConditionalOnClass did not find required class 'org.springframework.data.redis.core.RedisOperations' (OnClassCondition)

   RedisCacheConfiguration:
      Did not match:
         - @ConditionalOnClass did not find required class 'org.springframework.data.redis.connection.RedisConnectionFactory' (OnClassCondition)

   RedisReactiveAutoConfiguration:
      Did not match:
         - @ConditionalOnClass did not find required class 'reactor.core.publisher.Flux' (OnClassCondition)

   RedisRepositoriesAutoConfiguration:
      Did not match:
         - @ConditionalOnClass did not find required class 'org.springframework.data.redis.repository.configuration.EnableRedisRepositories' (OnClassCondition)

   RemoteDevToolsAutoConfiguration:
      Did not match:
         - @ConditionalOnProperty (spring.devtools.remote.secret) did not find property 'secret' (OnPropertyCondition)
      Matched:
         - @ConditionalOnClass found required classes 'jakarta.servlet.Filter', 'org.springframework.http.server.ServerHttpRequest' (OnClassCondition)

   RepositoryRestMvcAutoConfiguration:
      Did not match:
         - @ConditionalOnClass did not find required class 'org.springframework.data.rest.webmvc.config.RepositoryRestMvcConfiguration' (OnClassCondition)

   Saml2RelyingPartyAutoConfiguration:
      Did not match:
         - @ConditionalOnClass did not find required class 'org.springframework.security.saml2.provider.service.registration.RelyingPartyRegistrationRepository' (OnClassCondition)

   SecurityDataConfiguration:
      Did not match:
         - @ConditionalOnClass did not find required class 'org.springframework.security.data.repository.query.SecurityEvaluationContextExtension' (OnClassCondition)

   SendGridAutoConfiguration:
      Did not match:
         - @ConditionalOnClass did not find required class 'com.sendgrid.SendGrid' (OnClassCondition)

   ServletWebServerFactoryAutoConfiguration.ForwardedHeaderFilterConfiguration:
      Did not match:
         - @ConditionalOnProperty (server.forward-headers-strategy=framework) did not find property 'server.forward-headers-strategy' (OnPropertyCondition)

   ServletWebServerFactoryConfiguration.EmbeddedJetty:
      Did not match:
         - @ConditionalOnClass did not find required classes 'org.eclipse.jetty.server.Server', 'org.eclipse.jetty.util.Loader', 'org.eclipse.jetty.ee10.webapp.WebAppContext' (OnClassCondition)

   ServletWebServerFactoryConfiguration.EmbeddedUndertow:
      Did not match:
         - @ConditionalOnClass did not find required classes 'io.undertow.Undertow', 'org.xnio.SslClientAuthMode' (OnClassCondition)

   SessionAutoConfiguration:
      Did not match:
         - @ConditionalOnClass did not find required class 'org.springframework.session.Session' (OnClassCondition)

   SpringApplicationAdminJmxAutoConfiguration:
      Did not match:
         - @ConditionalOnProperty (spring.application.admin.enabled=true) did not find property 'enabled' (OnPropertyCondition)

   SpringBootWebSecurityConfiguration.SecurityFilterChainConfiguration:
      Did not match:
         - AllNestedConditions 1 matched 1 did not; NestedCondition on DefaultWebSecurityCondition.Beans @ConditionalOnMissingBean (types: org.springframework.security.web.SecurityFilterChain; SearchStrategy: all) found beans of type 'org.springframework.security.web.SecurityFilterChain' securityFilterChain; NestedCondition on DefaultWebSecurityCondition.Classes @ConditionalOnClass found required classes 'org.springframework.security.web.SecurityFilterChain', 'org.springframework.security.config.annotation.web.builders.HttpSecurity' (DefaultWebSecurityCondition)

   SpringBootWebSecurityConfiguration.WebSecurityEnablerConfiguration:
      Did not match:
         - @ConditionalOnMissingBean (names: springSecurityFilterChain; SearchStrategy: all) found beans named springSecurityFilterChain (OnBeanCondition)
      Matched:
         - @ConditionalOnClass found required class 'org.springframework.security.config.annotation.web.configuration.EnableWebSecurity' (OnClassCondition)

   SpringDocConfiguration#propertiesResolverForSchema:
      Did not match:
         - @ConditionalOnProperty (springdoc.api-docs.resolve-schema-properties) did not find property 'springdoc.api-docs.resolve-schema-properties' (OnPropertyCondition)

   SpringDocConfiguration#propertyCustomizingConverter:
      Did not match:
         - @ConditionalOnBean (types: org.springdoc.core.customizers.PropertyCustomizer; SearchStrategy: all) did not find any beans of type org.springdoc.core.customizers.PropertyCustomizer (OnBeanCondition)

   SpringDocConfiguration#springdocBeanFactoryPostProcessor:
      Did not match:
         - AnyNestedCondition 0 matched 2 did not; NestedCondition on CacheOrGroupedOpenApiCondition.OnCacheDisabled found non-matching nested conditions @ConditionalOnProperty (springdoc.cache.disabled) did not find property 'springdoc.cache.disabled'; NestedCondition on CacheOrGroupedOpenApiCondition.OnMultipleOpenApiSupportCondition AnyNestedCondition 0 matched 2 did not; NestedCondition on MultipleOpenApiSupportCondition.OnActuatorDifferentPort @ConditionalOnProperty (springdoc.show-actuator) did not find property 'springdoc.show-actuator'; NestedCondition on MultipleOpenApiSupportCondition.OnMultipleOpenApiSupportCondition AnyNestedCondition 0 matched 2 did not; NestedCondition on MultipleOpenApiGroupsCondition.OnGroupConfigProperty @ConditionalOnProperty (springdoc.group-configs[0].group) did not find property 'springdoc.group-configs[0].group'; NestedCondition on MultipleOpenApiGroupsCondition.OnGroupedOpenApiBean @ConditionalOnBean (types: org.springdoc.core.models.GroupedOpenApi; SearchStrategy: all) did not find any beans of type org.springdoc.core.models.GroupedOpenApi (CacheOrGroupedOpenApiCondition)
      Matched:
         - @ConditionalOnClass found required class 'org.springframework.boot.context.properties.bind.BindResult' (OnClassCondition)

   SpringDocConfiguration#springdocBeanFactoryPostProcessor2:
      Did not match:
         - @ConditionalOnMissingClass found unwanted class 'org.springframework.boot.context.properties.bind.BindResult' (OnClassCondition)

   SpringDocConfiguration.SpringDocActuatorConfiguration:
      Did not match:
         - @ConditionalOnClass did not find required class 'org.springframework.boot.actuate.autoconfigure.endpoint.web.WebEndpointProperties' (OnClassCondition)

   SpringDocConfiguration.SpringDocRepositoryRestConfiguration:
      Did not match:
         - @ConditionalOnClass did not find required class 'org.springframework.data.rest.core.config.RepositoryRestConfiguration' (OnClassCondition)

   SpringDocConfiguration.SpringDocWebFluxSupportConfiguration:
      Did not match:
         - @ConditionalOnClass did not find required class 'reactor.core.publisher.Flux' (OnClassCondition)

   SpringDocDataRestConfiguration:
      Did not match:
         - @ConditionalOnClass did not find required class 'org.springframework.data.rest.core.config.RepositoryRestConfiguration' (OnClassCondition)

   SpringDocFunctionCatalogConfiguration:
      Did not match:
         - @ConditionalOnClass did not find required class 'org.springframework.cloud.function.web.function.FunctionEndpointInitializer' (OnClassCondition)

   SpringDocGroovyConfiguration:
      Did not match:
         - @ConditionalOnClass did not find required class 'groovy.lang.MetaClass' (OnClassCondition)

   SpringDocHateoasConfiguration:
      Did not match:
         - @ConditionalOnClass did not find required class 'org.springframework.hateoas.server.LinkRelationProvider' (OnClassCondition)

   SpringDocJacksonKotlinModuleConfiguration:
      Did not match:
         - @ConditionalOnClass did not find required class 'com.fasterxml.jackson.module.kotlin.KotlinModule' (OnClassCondition)

   SpringDocJavadocConfiguration:
      Did not match:
         - @ConditionalOnClass did not find required class 'com.github.therapi.runtimejavadoc.CommentFormatter' (OnClassCondition)

   SpringDocKotlinConfiguration:
      Did not match:
         - @ConditionalOnClass did not find required class 'kotlin.coroutines.Continuation' (OnClassCondition)

   SpringDocKotlinxConfiguration:
      Did not match:
         - @ConditionalOnClass did not find required class 'kotlinx.coroutines.flow.Flow' (OnClassCondition)

   SpringDocSecurityConfiguration.SpringDocSecurityOAuth2Configuration:
      Did not match:
         - @ConditionalOnClass did not find required class 'org.springframework.security.oauth2.server.authorization.OAuth2AuthorizationService' (OnClassCondition)

   SpringDocSecurityConfiguration.SpringSecurityLoginEndpointConfiguration#springSecurityLoginEndpointCustomiser:
      Did not match:
         - @ConditionalOnProperty (springdoc.show-login-endpoint) did not find property 'springdoc.show-login-endpoint' (OnPropertyCondition)

   SpringDocSortConfiguration#delegatingMethodParameterCustomizer:
      Did not match:
         - @ConditionalOnMissingBean (types: org.springdoc.core.customizers.DelegatingMethodParameterCustomizer; SearchStrategy: all) found beans of type 'org.springdoc.core.customizers.DelegatingMethodParameterCustomizer' delegatingMethodParameterCustomizer (OnBeanCondition)

   SpringDocWebMvcConfiguration.SpringDocWebMvcActuatorConfiguration:
      Did not match:
         - @ConditionalOnClass did not find required class 'org.springframework.boot.actuate.endpoint.web.servlet.WebMvcEndpointHandlerMapping' (OnClassCondition)

   SwaggerConfig#springWebProvider:
      Did not match:
         - @ConditionalOnMissingBean (types: org.springdoc.core.providers.SpringWebProvider; SearchStrategy: all) found beans of type 'org.springdoc.core.providers.SpringWebProvider' springWebProvider (OnBeanCondition)

   SwaggerConfig#swaggerUiConfigParameters:
      Did not match:
         - @ConditionalOnMissingBean (types: org.springdoc.core.properties.SwaggerUiConfigParameters; SearchStrategy: all) found beans of type 'org.springdoc.core.properties.SwaggerUiConfigParameters' org.springdoc.core.properties.SwaggerUiConfigParameters (OnBeanCondition)

   SwaggerConfig#swaggerUiHome:
      Did not match:
         - @ConditionalOnProperty (springdoc.swagger-ui.use-root-path=true) did not find property 'springdoc.swagger-ui.use-root-path' (OnPropertyCondition)

   SwaggerConfig.SwaggerActuatorWelcomeConfiguration:
      Did not match:
         - @ConditionalOnClass did not find required class 'org.springframework.boot.actuate.endpoint.web.servlet.WebMvcEndpointHandlerMapping' (OnClassCondition)

   TaskExecutorConfigurations.SimpleAsyncTaskExecutorBuilderConfiguration#simpleAsyncTaskExecutorBuilderVirtualThreads:
      Did not match:
         - @ConditionalOnMissingBean (types: org.springframework.boot.task.SimpleAsyncTaskExecutorBuilder; SearchStrategy: all) found beans of type 'org.springframework.boot.task.SimpleAsyncTaskExecutorBuilder' simpleAsyncTaskExecutorBuilder (OnBeanCondition)

   TaskExecutorConfigurations.TaskExecutorConfiguration#applicationTaskExecutorVirtualThreads:
      Did not match:
         - @ConditionalOnThreading did not find VIRTUAL (OnThreadingCondition)

   TaskSchedulingAutoConfiguration#scheduledBeanLazyInitializationExcludeFilter:
      Did not match:
         - @ConditionalOnBean (names: org.springframework.context.annotation.internalScheduledAnnotationProcessor; SearchStrategy: all) did not find any beans named org.springframework.context.annotation.internalScheduledAnnotationProcessor (OnBeanCondition)

   TaskSchedulingConfigurations.SimpleAsyncTaskSchedulerBuilderConfiguration#simpleAsyncTaskSchedulerBuilderVirtualThreads:
      Did not match:
         - @ConditionalOnMissingBean (types: org.springframework.boot.task.SimpleAsyncTaskSchedulerBuilder; SearchStrategy: all) found beans of type 'org.springframework.boot.task.SimpleAsyncTaskSchedulerBuilder' simpleAsyncTaskSchedulerBuilder (OnBeanCondition)

   TaskSchedulingConfigurations.TaskSchedulerConfiguration:
      Did not match:
         - @ConditionalOnBean (names: org.springframework.context.annotation.internalScheduledAnnotationProcessor; SearchStrategy: all) did not find any beans named org.springframework.context.annotation.internalScheduledAnnotationProcessor (OnBeanCondition)

   ThymeleafAutoConfiguration:
      Did not match:
         - @ConditionalOnClass did not find required class 'org.thymeleaf.spring6.SpringTemplateEngine' (OnClassCondition)

   TransactionAutoConfiguration#transactionalOperator:
      Did not match:
         - @ConditionalOnSingleCandidate (types: org.springframework.transaction.ReactiveTransactionManager; SearchStrategy: all) did not find any beans (OnBeanCondition)

   TransactionAutoConfiguration.AspectJTransactionManagementConfiguration:
      Did not match:
         - @ConditionalOnBean (types: org.springframework.transaction.aspectj.AbstractTransactionAspect; SearchStrategy: all) did not find any beans of type org.springframework.transaction.aspectj.AbstractTransactionAspect (OnBeanCondition)

   TransactionAutoConfiguration.EnableTransactionManagementConfiguration.JdkDynamicAutoProxyConfiguration:
      Did not match:
         - @ConditionalOnProperty (spring.aop.proxy-target-class=false) did not find property 'proxy-target-class' (OnPropertyCondition)

   UserDetailsServiceAutoConfiguration:
      Did not match:
         - @ConditionalOnMissingBean (types: org.springframework.security.authentication.AuthenticationManager,org.springframework.security.authentication.AuthenticationProvider,org.springframework.security.core.userdetails.UserDetailsService,org.springframework.security.authentication.AuthenticationManagerResolver,org.springframework.security.oauth2.jwt.JwtDecoder; SearchStrategy: all) found beans of type 'org.springframework.security.authentication.AuthenticationManager' authenticationManager and found beans of type 'org.springframework.security.core.userdetails.UserDetailsService' authorizationService (OnBeanCondition)
      Matched:
         - @ConditionalOnClass found required class 'org.springframework.security.authentication.AuthenticationManager' (OnClassCondition)
         - AnyNestedCondition 1 matched 2 did not; NestedCondition on UserDetailsServiceAutoConfiguration.MissingAlternativeOrUserPropertiesConfigured.PasswordConfigured @ConditionalOnProperty (spring.security.user.password) did not find property 'password'; NestedCondition on UserDetailsServiceAutoConfiguration.MissingAlternativeOrUserPropertiesConfigured.NameConfigured @ConditionalOnProperty (spring.security.user.name) did not find property 'name'; NestedCondition on UserDetailsServiceAutoConfiguration.MissingAlternativeOrUserPropertiesConfigured.MissingAlternative @ConditionalOnMissingClass did not find unwanted classes 'org.springframework.security.oauth2.client.registration.ClientRegistrationRepository', 'org.springframework.security.oauth2.server.resource.introspection.OpaqueTokenIntrospector', 'org.springframework.security.saml2.provider.service.registration.RelyingPartyRegistrationRepository' (UserDetailsServiceAutoConfiguration.MissingAlternativeOrUserPropertiesConfigured)

   ValidationAutoConfiguration:
      Did not match:
         - @ConditionalOnResource did not find resource 'classpath:META-INF/services/jakarta.validation.spi.ValidationProvider' (OnResourceCondition)
      Matched:
         - @ConditionalOnClass found required class 'jakarta.validation.executable.ExecutableValidator' (OnClassCondition)

   WebClientAutoConfiguration:
      Did not match:
         - @ConditionalOnClass did not find required class 'org.springframework.web.reactive.function.client.WebClient' (OnClassCondition)

   WebFluxAutoConfiguration:
      Did not match:
         - @ConditionalOnClass did not find required class 'org.springframework.web.reactive.config.WebFluxConfigurer' (OnClassCondition)

   WebMvcAutoConfiguration#hiddenHttpMethodFilter:
      Did not match:
         - @ConditionalOnProperty (spring.mvc.hiddenmethod.filter.enabled) did not find property 'enabled' (OnPropertyCondition)

   WebMvcAutoConfiguration.ProblemDetailsErrorHandlingConfiguration:
      Did not match:
         - @ConditionalOnProperty (spring.mvc.problemdetails.enabled=true) did not find property 'enabled' (OnPropertyCondition)

   WebMvcAutoConfiguration.ResourceChainCustomizerConfiguration:
      Did not match:
         - @ConditionalOnEnabledResourceChain did not find class org.webjars.WebJarAssetLocator (OnEnabledResourceChainCondition)

   WebMvcAutoConfiguration.WebMvcAutoConfigurationAdapter#beanNameViewResolver:
      Did not match:
         - @ConditionalOnMissingBean (types: org.springframework.web.servlet.view.BeanNameViewResolver; SearchStrategy: all) found beans of type 'org.springframework.web.servlet.view.BeanNameViewResolver' beanNameViewResolver (OnBeanCondition)

   WebServiceTemplateAutoConfiguration:
      Did not match:
         - @ConditionalOnClass did not find required class 'org.springframework.oxm.Marshaller' (OnClassCondition)

   WebServicesAutoConfiguration:
      Did not match:
         - @ConditionalOnClass did not find required class 'org.springframework.ws.transport.http.MessageDispatcherServlet' (OnClassCondition)

   WebSessionIdResolverAutoConfiguration:
      Did not match:
         - @ConditionalOnClass did not find required class 'reactor.core.publisher.Mono' (OnClassCondition)

   WebSocketMessagingAutoConfiguration:
      Did not match:
         - @ConditionalOnClass did not find required class 'org.springframework.web.socket.config.annotation.WebSocketMessageBrokerConfigurer' (OnClassCondition)

   WebSocketReactiveAutoConfiguration:
      Did not match:
         - @ConditionalOnWebApplication did not find reactive web application classes (OnWebApplicationCondition)

   WebSocketServletAutoConfiguration.JettyWebSocketConfiguration:
      Did not match:
         - @ConditionalOnClass did not find required class 'org.eclipse.jetty.ee10.websocket.jakarta.server.config.JakartaWebSocketServletContainerInitializer' (OnClassCondition)

   WebSocketServletAutoConfiguration.UndertowWebSocketConfiguration:
      Did not match:
         - @ConditionalOnClass did not find required class 'io.undertow.websockets.jsr.Bootstrap' (OnClassCondition)

   XADataSourceAutoConfiguration:
      Did not match:
         - @ConditionalOnBean (types: org.springframework.boot.jdbc.XADataSourceWrapper; SearchStrategy: all) did not find any beans of type org.springframework.boot.jdbc.XADataSourceWrapper (OnBeanCondition)
      Matched:
         - @ConditionalOnClass found required classes 'javax.sql.DataSource', 'jakarta.transaction.TransactionManager', 'org.springframework.jdbc.datasource.embedded.EmbeddedDatabaseType' (OnClassCondition)


Exclusions:
-----------

    None


Unconditional classes:
----------------------

    org.springframework.boot.autoconfigure.context.ConfigurationPropertiesAutoConfiguration

    org.springframework.boot.autoconfigure.ssl.SslAutoConfiguration

    org.springframework.boot.autoconfigure.context.PropertyPlaceholderAutoConfiguration

    org.springframework.boot.autoconfigure.context.LifecycleAutoConfiguration

    org.springframework.boot.autoconfigure.availability.ApplicationAvailabilityAutoConfiguration

    org.springframework.boot.autoconfigure.info.ProjectInfoAutoConfiguration



2024-11-19T16:56:14.345-03:00 ERROR 11752 --- [clinical-study-system] [           main] o.s.boot.SpringApplication               : Application run failed

org.springframework.beans.factory.BeanCreationException: Error creating bean with name 'entityManagerFactory' defined in class path resource [org/springframework/boot/autoconfigure/orm/jpa/HibernateJpaConfiguration.class]: [PersistenceUnit: default] Unable to build Hibernate SessionFactory; nested exception is org.hibernate.exception.JDBCConnectionException: Unable to open JDBC Connection for DDL execution [Connection to localhost:5432 refused. Check that the hostname and port are correct and that the postmaster is accepting TCP/IP connections.] [n/a]
	at org.springframework.beans.factory.support.AbstractAutowireCapableBeanFactory.initializeBean(AbstractAutowireCapableBeanFactory.java:1806) ~[spring-beans-6.1.14.jar:6.1.14]
	at org.springframework.beans.factory.support.AbstractAutowireCapableBeanFactory.doCreateBean(AbstractAutowireCapableBeanFactory.java:600) ~[spring-beans-6.1.14.jar:6.1.14]
	at org.springframework.beans.factory.support.AbstractAutowireCapableBeanFactory.createBean(AbstractAutowireCapableBeanFactory.java:522) ~[spring-beans-6.1.14.jar:6.1.14]
	at org.springframework.beans.factory.support.AbstractBeanFactory.lambda$doGetBean$0(AbstractBeanFactory.java:337) ~[spring-beans-6.1.14.jar:6.1.14]
	at org.springframework.beans.factory.support.DefaultSingletonBeanRegistry.getSingleton(DefaultSingletonBeanRegistry.java:234) ~[spring-beans-6.1.14.jar:6.1.14]
	at org.springframework.beans.factory.support.AbstractBeanFactory.doGetBean(AbstractBeanFactory.java:335) ~[spring-beans-6.1.14.jar:6.1.14]
	at org.springframework.beans.factory.support.AbstractBeanFactory.getBean(AbstractBeanFactory.java:205) ~[spring-beans-6.1.14.jar:6.1.14]
	at org.springframework.context.support.AbstractApplicationContext.finishBeanFactoryInitialization(AbstractApplicationContext.java:954) ~[spring-context-6.1.14.jar:6.1.14]
	at org.springframework.context.support.AbstractApplicationContext.refresh(AbstractApplicationContext.java:625) ~[spring-context-6.1.14.jar:6.1.14]
	at org.springframework.boot.SpringApplication.refresh(SpringApplication.java:754) ~[spring-boot-3.3.5.jar:3.3.5]
	at org.springframework.boot.SpringApplication.refreshContext(SpringApplication.java:456) ~[spring-boot-3.3.5.jar:3.3.5]
	at org.springframework.boot.SpringApplication.run(SpringApplication.java:335) ~[spring-boot-3.3.5.jar:3.3.5]
	at org.springframework.boot.test.context.SpringBootContextLoader.lambda$loadContext$3(SpringBootContextLoader.java:137) ~[spring-boot-test-3.3.5.jar:3.3.5]
	at org.springframework.util.function.ThrowingSupplier.get(ThrowingSupplier.java:58) ~[spring-core-6.1.14.jar:6.1.14]
	at org.springframework.util.function.ThrowingSupplier.get(ThrowingSupplier.java:46) ~[spring-core-6.1.14.jar:6.1.14]
	at org.springframework.boot.SpringApplication.withHook(SpringApplication.java:1463) ~[spring-boot-3.3.5.jar:3.3.5]
	at org.springframework.boot.test.context.SpringBootContextLoader$ContextLoaderHook.run(SpringBootContextLoader.java:553) ~[spring-boot-test-3.3.5.jar:3.3.5]
	at org.springframework.boot.test.context.SpringBootContextLoader.loadContext(SpringBootContextLoader.java:137) ~[spring-boot-test-3.3.5.jar:3.3.5]
	at org.springframework.boot.test.context.SpringBootContextLoader.loadContext(SpringBootContextLoader.java:108) ~[spring-boot-test-3.3.5.jar:3.3.5]
	at org.springframework.test.context.cache.DefaultCacheAwareContextLoaderDelegate.loadContextInternal(DefaultCacheAwareContextLoaderDelegate.java:225) ~[spring-test-6.1.14.jar:6.1.14]
	at org.springframework.test.context.cache.DefaultCacheAwareContextLoaderDelegate.loadContext(DefaultCacheAwareContextLoaderDelegate.java:152) ~[spring-test-6.1.14.jar:6.1.14]
	at org.springframework.test.context.support.DefaultTestContext.getApplicationContext(DefaultTestContext.java:130) ~[spring-test-6.1.14.jar:6.1.14]
	at org.springframework.test.context.web.ServletTestExecutionListener.setUpRequestContextIfNecessary(ServletTestExecutionListener.java:191) ~[spring-test-6.1.14.jar:6.1.14]
	at org.springframework.test.context.web.ServletTestExecutionListener.prepareTestInstance(ServletTestExecutionListener.java:130) ~[spring-test-6.1.14.jar:6.1.14]
	at org.springframework.test.context.TestContextManager.prepareTestInstance(TestContextManager.java:260) ~[spring-test-6.1.14.jar:6.1.14]
	at org.springframework.test.context.junit.jupiter.SpringExtension.postProcessTestInstance(SpringExtension.java:163) ~[spring-test-6.1.14.jar:6.1.14]
	at org.junit.jupiter.engine.descriptor.ClassBasedTestDescriptor.lambda$invokeTestInstancePostProcessors$10(ClassBasedTestDescriptor.java:378) ~[junit-jupiter-engine-5.10.5.jar:5.10.5]
	at org.junit.jupiter.engine.descriptor.ClassBasedTestDescriptor.executeAndMaskThrowable(ClassBasedTestDescriptor.java:383) ~[junit-jupiter-engine-5.10.5.jar:5.10.5]
	at org.junit.jupiter.engine.descriptor.ClassBasedTestDescriptor.lambda$invokeTestInstancePostProcessors$11(ClassBasedTestDescriptor.java:378) ~[junit-jupiter-engine-5.10.5.jar:5.10.5]
	at java.base/java.util.stream.ReferencePipeline$3$1.accept(ReferencePipeline.java:212) ~[na:na]
	at java.base/java.util.stream.ReferencePipeline$2$1.accept(ReferencePipeline.java:194) ~[na:na]
	at java.base/java.util.ArrayList$ArrayListSpliterator.forEachRemaining(ArrayList.java:1709) ~[na:na]
	at java.base/java.util.stream.AbstractPipeline.copyInto(AbstractPipeline.java:556) ~[na:na]
	at java.base/java.util.stream.AbstractPipeline.wrapAndCopyInto(AbstractPipeline.java:546) ~[na:na]
	at java.base/java.util.stream.StreamSpliterators$WrappingSpliterator.forEachRemaining(StreamSpliterators.java:310) ~[na:na]
	at java.base/java.util.stream.Streams$ConcatSpliterator.forEachRemaining(Streams.java:735) ~[na:na]
	at java.base/java.util.stream.Streams$ConcatSpliterator.forEachRemaining(Streams.java:734) ~[na:na]
	at java.base/java.util.stream.ReferencePipeline$Head.forEach(ReferencePipeline.java:782) ~[na:na]
	at org.junit.jupiter.engine.descriptor.ClassBasedTestDescriptor.invokeTestInstancePostProcessors(ClassBasedTestDescriptor.java:377) ~[junit-jupiter-engine-5.10.5.jar:5.10.5]
	at org.junit.jupiter.engine.descriptor.ClassBasedTestDescriptor.lambda$instantiateAndPostProcessTestInstance$6(ClassBasedTestDescriptor.java:290) ~[junit-jupiter-engine-5.10.5.jar:5.10.5]
	at org.junit.platform.engine.support.hierarchical.ThrowableCollector.execute(ThrowableCollector.java:73) ~[junit-platform-engine-1.10.5.jar:1.10.5]
	at org.junit.jupiter.engine.descriptor.ClassBasedTestDescriptor.instantiateAndPostProcessTestInstance(ClassBasedTestDescriptor.java:289) ~[junit-jupiter-engine-5.10.5.jar:5.10.5]
	at org.junit.jupiter.engine.descriptor.ClassBasedTestDescriptor.lambda$testInstancesProvider$4(ClassBasedTestDescriptor.java:279) ~[junit-jupiter-engine-5.10.5.jar:5.10.5]
	at java.base/java.util.Optional.orElseGet(Optional.java:364) ~[na:na]
	at org.junit.jupiter.engine.descriptor.ClassBasedTestDescriptor.lambda$testInstancesProvider$5(ClassBasedTestDescriptor.java:278) ~[junit-jupiter-engine-5.10.5.jar:5.10.5]
	at org.junit.jupiter.engine.execution.TestInstancesProvider.getTestInstances(TestInstancesProvider.java:31) ~[junit-jupiter-engine-5.10.5.jar:5.10.5]
	at org.junit.jupiter.engine.descriptor.TestMethodTestDescriptor.lambda$prepare$0(TestMethodTestDescriptor.java:106) ~[junit-jupiter-engine-5.10.5.jar:5.10.5]
	at org.junit.platform.engine.support.hierarchical.ThrowableCollector.execute(ThrowableCollector.java:73) ~[junit-platform-engine-1.10.5.jar:1.10.5]
	at org.junit.jupiter.engine.descriptor.TestMethodTestDescriptor.prepare(TestMethodTestDescriptor.java:105) ~[junit-jupiter-engine-5.10.5.jar:5.10.5]
	at org.junit.jupiter.engine.descriptor.TestMethodTestDescriptor.prepare(TestMethodTestDescriptor.java:69) ~[junit-jupiter-engine-5.10.5.jar:5.10.5]
	at org.junit.platform.engine.support.hierarchical.NodeTestTask.lambda$prepare$2(NodeTestTask.java:128) ~[junit-platform-engine-1.10.5.jar:1.10.5]
	at org.junit.platform.engine.support.hierarchical.ThrowableCollector.execute(ThrowableCollector.java:73) ~[junit-platform-engine-1.10.5.jar:1.10.5]
	at org.junit.platform.engine.support.hierarchical.NodeTestTask.prepare(NodeTestTask.java:128) ~[junit-platform-engine-1.10.5.jar:1.10.5]
	at org.junit.platform.engine.support.hierarchical.NodeTestTask.execute(NodeTestTask.java:95) ~[junit-platform-engine-1.10.5.jar:1.10.5]
	at java.base/java.util.ArrayList.forEach(ArrayList.java:1597) ~[na:na]
	at org.junit.platform.engine.support.hierarchical.SameThreadHierarchicalTestExecutorService.invokeAll(SameThreadHierarchicalTestExecutorService.java:41) ~[junit-platform-engine-1.10.5.jar:1.10.5]
	at org.junit.platform.engine.support.hierarchical.NodeTestTask.lambda$executeRecursively$6(NodeTestTask.java:160) ~[junit-platform-engine-1.10.5.jar:1.10.5]
	at org.junit.platform.engine.support.hierarchical.ThrowableCollector.execute(ThrowableCollector.java:73) ~[junit-platform-engine-1.10.5.jar:1.10.5]
	at org.junit.platform.engine.support.hierarchical.NodeTestTask.lambda$executeRecursively$8(NodeTestTask.java:146) ~[junit-platform-engine-1.10.5.jar:1.10.5]
	at org.junit.platform.engine.support.hierarchical.Node.around(Node.java:137) ~[junit-platform-engine-1.10.5.jar:1.10.5]
	at org.junit.platform.engine.support.hierarchical.NodeTestTask.lambda$executeRecursively$9(NodeTestTask.java:144) ~[junit-platform-engine-1.10.5.jar:1.10.5]
	at org.junit.platform.engine.support.hierarchical.ThrowableCollector.execute(ThrowableCollector.java:73) ~[junit-platform-engine-1.10.5.jar:1.10.5]
	at org.junit.platform.engine.support.hierarchical.NodeTestTask.executeRecursively(NodeTestTask.java:143) ~[junit-platform-engine-1.10.5.jar:1.10.5]
	at org.junit.platform.engine.support.hierarchical.NodeTestTask.execute(NodeTestTask.java:100) ~[junit-platform-engine-1.10.5.jar:1.10.5]
	at java.base/java.util.ArrayList.forEach(ArrayList.java:1597) ~[na:na]
	at org.junit.platform.engine.support.hierarchical.SameThreadHierarchicalTestExecutorService.invokeAll(SameThreadHierarchicalTestExecutorService.java:41) ~[junit-platform-engine-1.10.5.jar:1.10.5]
	at org.junit.platform.engine.support.hierarchical.NodeTestTask.lambda$executeRecursively$6(NodeTestTask.java:160) ~[junit-platform-engine-1.10.5.jar:1.10.5]
	at org.junit.platform.engine.support.hierarchical.ThrowableCollector.execute(ThrowableCollector.java:73) ~[junit-platform-engine-1.10.5.jar:1.10.5]
	at org.junit.platform.engine.support.hierarchical.NodeTestTask.lambda$executeRecursively$8(NodeTestTask.java:146) ~[junit-platform-engine-1.10.5.jar:1.10.5]
	at org.junit.platform.engine.support.hierarchical.Node.around(Node.java:137) ~[junit-platform-engine-1.10.5.jar:1.10.5]
	at org.junit.platform.engine.support.hierarchical.NodeTestTask.lambda$executeRecursively$9(NodeTestTask.java:144) ~[junit-platform-engine-1.10.5.jar:1.10.5]
	at org.junit.platform.engine.support.hierarchical.ThrowableCollector.execute(ThrowableCollector.java:73) ~[junit-platform-engine-1.10.5.jar:1.10.5]
	at org.junit.platform.engine.support.hierarchical.NodeTestTask.executeRecursively(NodeTestTask.java:143) ~[junit-platform-engine-1.10.5.jar:1.10.5]
	at org.junit.platform.engine.support.hierarchical.NodeTestTask.execute(NodeTestTask.java:100) ~[junit-platform-engine-1.10.5.jar:1.10.5]
	at org.junit.platform.engine.support.hierarchical.SameThreadHierarchicalTestExecutorService.submit(SameThreadHierarchicalTestExecutorService.java:35) ~[junit-platform-engine-1.10.5.jar:1.10.5]
	at org.junit.platform.engine.support.hierarchical.HierarchicalTestExecutor.execute(HierarchicalTestExecutor.java:57) ~[junit-platform-engine-1.10.5.jar:1.10.5]
	at org.junit.platform.engine.support.hierarchical.HierarchicalTestEngine.execute(HierarchicalTestEngine.java:54) ~[junit-platform-engine-1.10.5.jar:1.10.5]
	at org.junit.platform.launcher.core.EngineExecutionOrchestrator.execute(EngineExecutionOrchestrator.java:198) ~[junit-platform-launcher-1.10.5.jar:1.10.5]
	at org.junit.platform.launcher.core.EngineExecutionOrchestrator.execute(EngineExecutionOrchestrator.java:169) ~[junit-platform-launcher-1.10.5.jar:1.10.5]
	at org.junit.platform.launcher.core.EngineExecutionOrchestrator.execute(EngineExecutionOrchestrator.java:93) ~[junit-platform-launcher-1.10.5.jar:1.10.5]
	at org.junit.platform.launcher.core.EngineExecutionOrchestrator.lambda$execute$0(EngineExecutionOrchestrator.java:58) ~[junit-platform-launcher-1.10.5.jar:1.10.5]
	at org.junit.platform.launcher.core.EngineExecutionOrchestrator.withInterceptedStreams(EngineExecutionOrchestrator.java:141) ~[junit-platform-launcher-1.10.5.jar:1.10.5]
	at org.junit.platform.launcher.core.EngineExecutionOrchestrator.execute(EngineExecutionOrchestrator.java:57) ~[junit-platform-launcher-1.10.5.jar:1.10.5]
	at org.junit.platform.launcher.core.DefaultLauncher.execute(DefaultLauncher.java:103) ~[junit-platform-launcher-1.10.5.jar:1.10.5]
	at org.junit.platform.launcher.core.DefaultLauncher.execute(DefaultLauncher.java:85) ~[junit-platform-launcher-1.10.5.jar:1.10.5]
	at org.junit.platform.launcher.core.DelegatingLauncher.execute(DelegatingLauncher.java:47) ~[junit-platform-launcher-1.10.5.jar:1.10.5]
	at org.apache.maven.surefire.junitplatform.LazyLauncher.execute(LazyLauncher.java:56) ~[surefire-junit-platform-3.2.5.jar:3.2.5]
	at org.apache.maven.surefire.junitplatform.JUnitPlatformProvider.execute(JUnitPlatformProvider.java:184) ~[surefire-junit-platform-3.2.5.jar:3.2.5]
	at org.apache.maven.surefire.junitplatform.JUnitPlatformProvider.invokeAllTests(JUnitPlatformProvider.java:148) ~[surefire-junit-platform-3.2.5.jar:3.2.5]
	at org.apache.maven.surefire.junitplatform.JUnitPlatformProvider.invoke(JUnitPlatformProvider.java:122) ~[surefire-junit-platform-3.2.5.jar:3.2.5]
	at org.apache.maven.surefire.booter.ForkedBooter.runSuitesInProcess(ForkedBooter.java:385) ~[surefire-booter-3.2.5.jar:3.2.5]
	at org.apache.maven.surefire.booter.ForkedBooter.execute(ForkedBooter.java:162) ~[surefire-booter-3.2.5.jar:3.2.5]
	at org.apache.maven.surefire.booter.ForkedBooter.run(ForkedBooter.java:507) ~[surefire-booter-3.2.5.jar:3.2.5]
	at org.apache.maven.surefire.booter.ForkedBooter.main(ForkedBooter.java:495) ~[surefire-booter-3.2.5.jar:3.2.5]
Caused by: jakarta.persistence.PersistenceException: [PersistenceUnit: default] Unable to build Hibernate SessionFactory; nested exception is org.hibernate.exception.JDBCConnectionException: Unable to open JDBC Connection for DDL execution [Connection to localhost:5432 refused. Check that the hostname and port are correct and that the postmaster is accepting TCP/IP connections.] [n/a]
	at org.springframework.orm.jpa.AbstractEntityManagerFactoryBean.buildNativeEntityManagerFactory(AbstractEntityManagerFactoryBean.java:421) ~[spring-orm-6.1.14.jar:6.1.14]
	at org.springframework.orm.jpa.AbstractEntityManagerFactoryBean.afterPropertiesSet(AbstractEntityManagerFactoryBean.java:396) ~[spring-orm-6.1.14.jar:6.1.14]
	at org.springframework.orm.jpa.LocalContainerEntityManagerFactoryBean.afterPropertiesSet(LocalContainerEntityManagerFactoryBean.java:366) ~[spring-orm-6.1.14.jar:6.1.14]
	at org.springframework.beans.factory.support.AbstractAutowireCapableBeanFactory.invokeInitMethods(AbstractAutowireCapableBeanFactory.java:1853) ~[spring-beans-6.1.14.jar:6.1.14]
	at org.springframework.beans.factory.support.AbstractAutowireCapableBeanFactory.initializeBean(AbstractAutowireCapableBeanFactory.java:1802) ~[spring-beans-6.1.14.jar:6.1.14]
	... 93 common frames omitted
Caused by: org.hibernate.exception.JDBCConnectionException: Unable to open JDBC Connection for DDL execution [Connection to localhost:5432 refused. Check that the hostname and port are correct and that the postmaster is accepting TCP/IP connections.] [n/a]
	at org.hibernate.exception.internal.SQLStateConversionDelegate.convert(SQLStateConversionDelegate.java:100) ~[hibernate-core-6.5.3.Final.jar:6.5.3.Final]
	at org.hibernate.exception.internal.StandardSQLExceptionConverter.convert(StandardSQLExceptionConverter.java:58) ~[hibernate-core-6.5.3.Final.jar:6.5.3.Final]
	at org.hibernate.engine.jdbc.spi.SqlExceptionHelper.convert(SqlExceptionHelper.java:108) ~[hibernate-core-6.5.3.Final.jar:6.5.3.Final]
	at org.hibernate.engine.jdbc.spi.SqlExceptionHelper.convert(SqlExceptionHelper.java:94) ~[hibernate-core-6.5.3.Final.jar:6.5.3.Final]
	at org.hibernate.resource.transaction.backend.jdbc.internal.DdlTransactionIsolatorNonJtaImpl.getIsolatedConnection(DdlTransactionIsolatorNonJtaImpl.java:74) ~[hibernate-core-6.5.3.Final.jar:6.5.3.Final]
	at org.hibernate.resource.transaction.backend.jdbc.internal.DdlTransactionIsolatorNonJtaImpl.getIsolatedConnection(DdlTransactionIsolatorNonJtaImpl.java:39) ~[hibernate-core-6.5.3.Final.jar:6.5.3.Final]
	at org.hibernate.tool.schema.internal.exec.ImprovedExtractionContextImpl.getJdbcConnection(ImprovedExtractionContextImpl.java:63) ~[hibernate-core-6.5.3.Final.jar:6.5.3.Final]
	at org.hibernate.tool.schema.extract.spi.ExtractionContext.getQueryResults(ExtractionContext.java:43) ~[hibernate-core-6.5.3.Final.jar:6.5.3.Final]
	at org.hibernate.tool.schema.extract.internal.SequenceInformationExtractorLegacyImpl.extractMetadata(SequenceInformationExtractorLegacyImpl.java:39) ~[hibernate-core-6.5.3.Final.jar:6.5.3.Final]
	at org.hibernate.tool.schema.extract.internal.DatabaseInformationImpl.initializeSequences(DatabaseInformationImpl.java:66) ~[hibernate-core-6.5.3.Final.jar:6.5.3.Final]
	at org.hibernate.tool.schema.extract.internal.DatabaseInformationImpl.<init>(DatabaseInformationImpl.java:60) ~[hibernate-core-6.5.3.Final.jar:6.5.3.Final]
	at org.hibernate.tool.schema.internal.Helper.buildDatabaseInformation(Helper.java:185) ~[hibernate-core-6.5.3.Final.jar:6.5.3.Final]
	at org.hibernate.tool.schema.internal.AbstractSchemaMigrator.doMigration(AbstractSchemaMigrator.java:100) ~[hibernate-core-6.5.3.Final.jar:6.5.3.Final]
	at org.hibernate.tool.schema.spi.SchemaManagementToolCoordinator.performDatabaseAction(SchemaManagementToolCoordinator.java:280) ~[hibernate-core-6.5.3.Final.jar:6.5.3.Final]
	at org.hibernate.tool.schema.spi.SchemaManagementToolCoordinator.lambda$process$5(SchemaManagementToolCoordinator.java:144) ~[hibernate-core-6.5.3.Final.jar:6.5.3.Final]
	at java.base/java.util.HashMap.forEach(HashMap.java:1429) ~[na:na]
	at org.hibernate.tool.schema.spi.SchemaManagementToolCoordinator.process(SchemaManagementToolCoordinator.java:141) ~[hibernate-core-6.5.3.Final.jar:6.5.3.Final]
	at org.hibernate.boot.internal.SessionFactoryObserverForSchemaExport.sessionFactoryCreated(SessionFactoryObserverForSchemaExport.java:37) ~[hibernate-core-6.5.3.Final.jar:6.5.3.Final]
	at org.hibernate.internal.SessionFactoryObserverChain.sessionFactoryCreated(SessionFactoryObserverChain.java:35) ~[hibernate-core-6.5.3.Final.jar:6.5.3.Final]
	at org.hibernate.internal.SessionFactoryImpl.<init>(SessionFactoryImpl.java:322) ~[hibernate-core-6.5.3.Final.jar:6.5.3.Final]
	at org.hibernate.boot.internal.SessionFactoryBuilderImpl.build(SessionFactoryBuilderImpl.java:457) ~[hibernate-core-6.5.3.Final.jar:6.5.3.Final]
	at org.hibernate.jpa.boot.internal.EntityManagerFactoryBuilderImpl.build(EntityManagerFactoryBuilderImpl.java:1506) ~[hibernate-core-6.5.3.Final.jar:6.5.3.Final]
	at org.springframework.orm.jpa.vendor.SpringHibernateJpaPersistenceProvider.createContainerEntityManagerFactory(SpringHibernateJpaPersistenceProvider.java:75) ~[spring-orm-6.1.14.jar:6.1.14]
	at org.springframework.orm.jpa.LocalContainerEntityManagerFactoryBean.createNativeEntityManagerFactory(LocalContainerEntityManagerFactoryBean.java:390) ~[spring-orm-6.1.14.jar:6.1.14]
	at org.springframework.orm.jpa.AbstractEntityManagerFactoryBean.buildNativeEntityManagerFactory(AbstractEntityManagerFactoryBean.java:409) ~[spring-orm-6.1.14.jar:6.1.14]
	... 97 common frames omitted
Caused by: org.postgresql.util.PSQLException: Connection to localhost:5432 refused. Check that the hostname and port are correct and that the postmaster is accepting TCP/IP connections.
	at org.postgresql.core.v3.ConnectionFactoryImpl.openConnectionImpl(ConnectionFactoryImpl.java:352) ~[postgresql-42.7.4.jar:42.7.4]
	at org.postgresql.core.ConnectionFactory.openConnection(ConnectionFactory.java:54) ~[postgresql-42.7.4.jar:42.7.4]
	at org.postgresql.jdbc.PgConnection.<init>(PgConnection.java:273) ~[postgresql-42.7.4.jar:42.7.4]
	at org.postgresql.Driver.makeConnection(Driver.java:446) ~[postgresql-42.7.4.jar:42.7.4]
	at org.postgresql.Driver.connect(Driver.java:298) ~[postgresql-42.7.4.jar:42.7.4]
	at com.zaxxer.hikari.util.DriverDataSource.getConnection(DriverDataSource.java:137) ~[HikariCP-5.1.0.jar:na]
	at com.zaxxer.hikari.pool.PoolBase.newConnection(PoolBase.java:360) ~[HikariCP-5.1.0.jar:na]
	at com.zaxxer.hikari.pool.PoolBase.newPoolEntry(PoolBase.java:202) ~[HikariCP-5.1.0.jar:na]
	at com.zaxxer.hikari.pool.HikariPool.createPoolEntry(HikariPool.java:461) ~[HikariCP-5.1.0.jar:na]
	at com.zaxxer.hikari.pool.HikariPool.checkFailFast(HikariPool.java:550) ~[HikariCP-5.1.0.jar:na]
	at com.zaxxer.hikari.pool.HikariPool.<init>(HikariPool.java:98) ~[HikariCP-5.1.0.jar:na]
	at com.zaxxer.hikari.HikariDataSource.getConnection(HikariDataSource.java:111) ~[HikariCP-5.1.0.jar:na]
	at org.hibernate.engine.jdbc.connections.internal.DatasourceConnectionProviderImpl.getConnection(DatasourceConnectionProviderImpl.java:122) ~[hibernate-core-6.5.3.Final.jar:6.5.3.Final]
	at org.hibernate.engine.jdbc.env.internal.JdbcEnvironmentInitiator$ConnectionProviderJdbcConnectionAccess.obtainConnection(JdbcEnvironmentInitiator.java:439) ~[hibernate-core-6.5.3.Final.jar:6.5.3.Final]
	at org.hibernate.resource.transaction.backend.jdbc.internal.DdlTransactionIsolatorNonJtaImpl.getIsolatedConnection(DdlTransactionIsolatorNonJtaImpl.java:46) ~[hibernate-core-6.5.3.Final.jar:6.5.3.Final]
	... 117 common frames omitted
Caused by: java.net.ConnectException: Connection refused: getsockopt
	at java.base/sun.nio.ch.Net.pollConnect(Native Method) ~[na:na]
	at java.base/sun.nio.ch.Net.pollConnectNow(Net.java:682) ~[na:na]
	at java.base/sun.nio.ch.NioSocketImpl.timedFinishConnect(NioSocketImpl.java:542) ~[na:na]
	at java.base/sun.nio.ch.NioSocketImpl.connect(NioSocketImpl.java:592) ~[na:na]
	at java.base/java.net.SocksSocketImpl.connect(SocksSocketImpl.java:327) ~[na:na]
	at java.base/java.net.Socket.connect(Socket.java:752) ~[na:na]
	at org.postgresql.core.PGStream.createSocket(PGStream.java:260) ~[postgresql-42.7.4.jar:42.7.4]
	at org.postgresql.core.PGStream.<init>(PGStream.java:121) ~[postgresql-42.7.4.jar:42.7.4]
	at org.postgresql.core.v3.ConnectionFactoryImpl.tryConnect(ConnectionFactoryImpl.java:140) ~[postgresql-42.7.4.jar:42.7.4]
	at org.postgresql.core.v3.ConnectionFactoryImpl.openConnectionImpl(ConnectionFactoryImpl.java:268) ~[postgresql-42.7.4.jar:42.7.4]
	... 131 common frames omitted

2024-11-19T16:56:14.353-03:00 DEBUG 11752 --- [clinical-study-system] [           main] org.springframework.test.context.cache   : Spring test ApplicationContext cache statistics: [DefaultContextCache@48dc9950 size = 0, maxSize = 32, parentContextCount = 0, hitCount = 0, missCount = 1, failureCount = 1]
2024-11-19T16:56:14.354-03:00  WARN 11752 --- [clinical-study-system] [           main] o.s.test.context.TestContextManager      : Caught exception while allowing TestExecutionListener [org.springframework.test.context.web.ServletTestExecutionListener] to prepare test instance [com.inovamed.clinical_study_system.ClinicalStudySystemApplicationTests@43735ea0]

java.lang.IllegalStateException: Failed to load ApplicationContext for [WebMergedContextConfiguration@247415be testClass = com.inovamed.clinical_study_system.ClinicalStudySystemApplicationTests, locations = [], classes = [com.inovamed.clinical_study_system.ClinicalStudySystemApplication], contextInitializerClasses = [], activeProfiles = [], propertySourceDescriptors = [], propertySourceProperties = ["org.springframework.boot.test.context.SpringBootTestContextBootstrapper=true"], contextCustomizers = [org.springframework.boot.test.context.filter.ExcludeFilterContextCustomizer@2663e964, org.springframework.boot.test.json.DuplicateJsonObjectContextCustomizerFactory$DuplicateJsonObjectContextCustomizer@39b43d60, org.springframework.boot.test.mock.mockito.MockitoContextCustomizer@0, org.springframework.boot.test.web.client.TestRestTemplateContextCustomizer@64e7619d, org.springframework.boot.test.web.reactor.netty.DisableReactorResourceFactoryGlobalResourcesContextCustomizerFactory$DisableReactorResourceFactoryGlobalResourcesContextCustomizerCustomizer@4dd6fd0a, org.springframework.boot.test.autoconfigure.OnFailureConditionReportContextCustomizerFactory$OnFailureConditionReportContextCustomizer@6692b6c6, org.springframework.boot.test.autoconfigure.actuate.observability.ObservabilityContextCustomizerFactory$DisableObservabilityContextCustomizer@1f, org.springframework.boot.test.autoconfigure.properties.PropertyMappingContextCustomizer@0, org.springframework.boot.test.autoconfigure.web.servlet.WebDriverContextCustomizer@1863d2fe, org.springframework.boot.test.context.SpringBootTestAnnotation@41204c78], resourceBasePath = "src/main/webapp", contextLoader = org.springframework.boot.test.context.SpringBootContextLoader, parent = null]
	at org.springframework.test.context.cache.DefaultCacheAwareContextLoaderDelegate.loadContext(DefaultCacheAwareContextLoaderDelegate.java:180) ~[spring-test-6.1.14.jar:6.1.14]
	at org.springframework.test.context.support.DefaultTestContext.getApplicationContext(DefaultTestContext.java:130) ~[spring-test-6.1.14.jar:6.1.14]
	at org.springframework.test.context.web.ServletTestExecutionListener.setUpRequestContextIfNecessary(ServletTestExecutionListener.java:191) ~[spring-test-6.1.14.jar:6.1.14]
	at org.springframework.test.context.web.ServletTestExecutionListener.prepareTestInstance(ServletTestExecutionListener.java:130) ~[spring-test-6.1.14.jar:6.1.14]
	at org.springframework.test.context.TestContextManager.prepareTestInstance(TestContextManager.java:260) ~[spring-test-6.1.14.jar:6.1.14]
	at org.springframework.test.context.junit.jupiter.SpringExtension.postProcessTestInstance(SpringExtension.java:163) ~[spring-test-6.1.14.jar:6.1.14]
	at org.junit.jupiter.engine.descriptor.ClassBasedTestDescriptor.lambda$invokeTestInstancePostProcessors$10(ClassBasedTestDescriptor.java:378) ~[junit-jupiter-engine-5.10.5.jar:5.10.5]
	at org.junit.jupiter.engine.descriptor.ClassBasedTestDescriptor.executeAndMaskThrowable(ClassBasedTestDescriptor.java:383) ~[junit-jupiter-engine-5.10.5.jar:5.10.5]
	at org.junit.jupiter.engine.descriptor.ClassBasedTestDescriptor.lambda$invokeTestInstancePostProcessors$11(ClassBasedTestDescriptor.java:378) ~[junit-jupiter-engine-5.10.5.jar:5.10.5]
	at java.base/java.util.stream.ReferencePipeline$3$1.accept(ReferencePipeline.java:212) ~[na:na]
	at java.base/java.util.stream.ReferencePipeline$2$1.accept(ReferencePipeline.java:194) ~[na:na]
	at java.base/java.util.ArrayList$ArrayListSpliterator.forEachRemaining(ArrayList.java:1709) ~[na:na]
	at java.base/java.util.stream.AbstractPipeline.copyInto(AbstractPipeline.java:556) ~[na:na]
	at java.base/java.util.stream.AbstractPipeline.wrapAndCopyInto(AbstractPipeline.java:546) ~[na:na]
	at java.base/java.util.stream.StreamSpliterators$WrappingSpliterator.forEachRemaining(StreamSpliterators.java:310) ~[na:na]
	at java.base/java.util.stream.Streams$ConcatSpliterator.forEachRemaining(Streams.java:735) ~[na:na]
	at java.base/java.util.stream.Streams$ConcatSpliterator.forEachRemaining(Streams.java:734) ~[na:na]
	at java.base/java.util.stream.ReferencePipeline$Head.forEach(ReferencePipeline.java:782) ~[na:na]
	at org.junit.jupiter.engine.descriptor.ClassBasedTestDescriptor.invokeTestInstancePostProcessors(ClassBasedTestDescriptor.java:377) ~[junit-jupiter-engine-5.10.5.jar:5.10.5]
	at org.junit.jupiter.engine.descriptor.ClassBasedTestDescriptor.lambda$instantiateAndPostProcessTestInstance$6(ClassBasedTestDescriptor.java:290) ~[junit-jupiter-engine-5.10.5.jar:5.10.5]
	at org.junit.platform.engine.support.hierarchical.ThrowableCollector.execute(ThrowableCollector.java:73) ~[junit-platform-engine-1.10.5.jar:1.10.5]
	at org.junit.jupiter.engine.descriptor.ClassBasedTestDescriptor.instantiateAndPostProcessTestInstance(ClassBasedTestDescriptor.java:289) ~[junit-jupiter-engine-5.10.5.jar:5.10.5]
	at org.junit.jupiter.engine.descriptor.ClassBasedTestDescriptor.lambda$testInstancesProvider$4(ClassBasedTestDescriptor.java:279) ~[junit-jupiter-engine-5.10.5.jar:5.10.5]
	at java.base/java.util.Optional.orElseGet(Optional.java:364) ~[na:na]
	at org.junit.jupiter.engine.descriptor.ClassBasedTestDescriptor.lambda$testInstancesProvider$5(ClassBasedTestDescriptor.java:278) ~[junit-jupiter-engine-5.10.5.jar:5.10.5]
	at org.junit.jupiter.engine.execution.TestInstancesProvider.getTestInstances(TestInstancesProvider.java:31) ~[junit-jupiter-engine-5.10.5.jar:5.10.5]
	at org.junit.jupiter.engine.descriptor.TestMethodTestDescriptor.lambda$prepare$0(TestMethodTestDescriptor.java:106) ~[junit-jupiter-engine-5.10.5.jar:5.10.5]
	at org.junit.platform.engine.support.hierarchical.ThrowableCollector.execute(ThrowableCollector.java:73) ~[junit-platform-engine-1.10.5.jar:1.10.5]
	at org.junit.jupiter.engine.descriptor.TestMethodTestDescriptor.prepare(TestMethodTestDescriptor.java:105) ~[junit-jupiter-engine-5.10.5.jar:5.10.5]
	at org.junit.jupiter.engine.descriptor.TestMethodTestDescriptor.prepare(TestMethodTestDescriptor.java:69) ~[junit-jupiter-engine-5.10.5.jar:5.10.5]
	at org.junit.platform.engine.support.hierarchical.NodeTestTask.lambda$prepare$2(NodeTestTask.java:128) ~[junit-platform-engine-1.10.5.jar:1.10.5]
	at org.junit.platform.engine.support.hierarchical.ThrowableCollector.execute(ThrowableCollector.java:73) ~[junit-platform-engine-1.10.5.jar:1.10.5]
	at org.junit.platform.engine.support.hierarchical.NodeTestTask.prepare(NodeTestTask.java:128) ~[junit-platform-engine-1.10.5.jar:1.10.5]
	at org.junit.platform.engine.support.hierarchical.NodeTestTask.execute(NodeTestTask.java:95) ~[junit-platform-engine-1.10.5.jar:1.10.5]
	at java.base/java.util.ArrayList.forEach(ArrayList.java:1597) ~[na:na]
	at org.junit.platform.engine.support.hierarchical.SameThreadHierarchicalTestExecutorService.invokeAll(SameThreadHierarchicalTestExecutorService.java:41) ~[junit-platform-engine-1.10.5.jar:1.10.5]
	at org.junit.platform.engine.support.hierarchical.NodeTestTask.lambda$executeRecursively$6(NodeTestTask.java:160) ~[junit-platform-engine-1.10.5.jar:1.10.5]
	at org.junit.platform.engine.support.hierarchical.ThrowableCollector.execute(ThrowableCollector.java:73) ~[junit-platform-engine-1.10.5.jar:1.10.5]
	at org.junit.platform.engine.support.hierarchical.NodeTestTask.lambda$executeRecursively$8(NodeTestTask.java:146) ~[junit-platform-engine-1.10.5.jar:1.10.5]
	at org.junit.platform.engine.support.hierarchical.Node.around(Node.java:137) ~[junit-platform-engine-1.10.5.jar:1.10.5]
	at org.junit.platform.engine.support.hierarchical.NodeTestTask.lambda$executeRecursively$9(NodeTestTask.java:144) ~[junit-platform-engine-1.10.5.jar:1.10.5]
	at org.junit.platform.engine.support.hierarchical.ThrowableCollector.execute(ThrowableCollector.java:73) ~[junit-platform-engine-1.10.5.jar:1.10.5]
	at org.junit.platform.engine.support.hierarchical.NodeTestTask.executeRecursively(NodeTestTask.java:143) ~[junit-platform-engine-1.10.5.jar:1.10.5]
	at org.junit.platform.engine.support.hierarchical.NodeTestTask.execute(NodeTestTask.java:100) ~[junit-platform-engine-1.10.5.jar:1.10.5]
	at java.base/java.util.ArrayList.forEach(ArrayList.java:1597) ~[na:na]
	at org.junit.platform.engine.support.hierarchical.SameThreadHierarchicalTestExecutorService.invokeAll(SameThreadHierarchicalTestExecutorService.java:41) ~[junit-platform-engine-1.10.5.jar:1.10.5]
	at org.junit.platform.engine.support.hierarchical.NodeTestTask.lambda$executeRecursively$6(NodeTestTask.java:160) ~[junit-platform-engine-1.10.5.jar:1.10.5]
	at org.junit.platform.engine.support.hierarchical.ThrowableCollector.execute(ThrowableCollector.java:73) ~[junit-platform-engine-1.10.5.jar:1.10.5]
	at org.junit.platform.engine.support.hierarchical.NodeTestTask.lambda$executeRecursively$8(NodeTestTask.java:146) ~[junit-platform-engine-1.10.5.jar:1.10.5]
	at org.junit.platform.engine.support.hierarchical.Node.around(Node.java:137) ~[junit-platform-engine-1.10.5.jar:1.10.5]
	at org.junit.platform.engine.support.hierarchical.NodeTestTask.lambda$executeRecursively$9(NodeTestTask.java:144) ~[junit-platform-engine-1.10.5.jar:1.10.5]
	at org.junit.platform.engine.support.hierarchical.ThrowableCollector.execute(ThrowableCollector.java:73) ~[junit-platform-engine-1.10.5.jar:1.10.5]
	at org.junit.platform.engine.support.hierarchical.NodeTestTask.executeRecursively(NodeTestTask.java:143) ~[junit-platform-engine-1.10.5.jar:1.10.5]
	at org.junit.platform.engine.support.hierarchical.NodeTestTask.execute(NodeTestTask.java:100) ~[junit-platform-engine-1.10.5.jar:1.10.5]
	at org.junit.platform.engine.support.hierarchical.SameThreadHierarchicalTestExecutorService.submit(SameThreadHierarchicalTestExecutorService.java:35) ~[junit-platform-engine-1.10.5.jar:1.10.5]
	at org.junit.platform.engine.support.hierarchical.HierarchicalTestExecutor.execute(HierarchicalTestExecutor.java:57) ~[junit-platform-engine-1.10.5.jar:1.10.5]
	at org.junit.platform.engine.support.hierarchical.HierarchicalTestEngine.execute(HierarchicalTestEngine.java:54) ~[junit-platform-engine-1.10.5.jar:1.10.5]
	at org.junit.platform.launcher.core.EngineExecutionOrchestrator.execute(EngineExecutionOrchestrator.java:198) ~[junit-platform-launcher-1.10.5.jar:1.10.5]
	at org.junit.platform.launcher.core.EngineExecutionOrchestrator.execute(EngineExecutionOrchestrator.java:169) ~[junit-platform-launcher-1.10.5.jar:1.10.5]
	at org.junit.platform.launcher.core.EngineExecutionOrchestrator.execute(EngineExecutionOrchestrator.java:93) ~[junit-platform-launcher-1.10.5.jar:1.10.5]
	at org.junit.platform.launcher.core.EngineExecutionOrchestrator.lambda$execute$0(EngineExecutionOrchestrator.java:58) ~[junit-platform-launcher-1.10.5.jar:1.10.5]
	at org.junit.platform.launcher.core.EngineExecutionOrchestrator.withInterceptedStreams(EngineExecutionOrchestrator.java:141) ~[junit-platform-launcher-1.10.5.jar:1.10.5]
	at org.junit.platform.launcher.core.EngineExecutionOrchestrator.execute(EngineExecutionOrchestrator.java:57) ~[junit-platform-launcher-1.10.5.jar:1.10.5]
	at org.junit.platform.launcher.core.DefaultLauncher.execute(DefaultLauncher.java:103) ~[junit-platform-launcher-1.10.5.jar:1.10.5]
	at org.junit.platform.launcher.core.DefaultLauncher.execute(DefaultLauncher.java:85) ~[junit-platform-launcher-1.10.5.jar:1.10.5]
	at org.junit.platform.launcher.core.DelegatingLauncher.execute(DelegatingLauncher.java:47) ~[junit-platform-launcher-1.10.5.jar:1.10.5]
	at org.apache.maven.surefire.junitplatform.LazyLauncher.execute(LazyLauncher.java:56) ~[surefire-junit-platform-3.2.5.jar:3.2.5]
	at org.apache.maven.surefire.junitplatform.JUnitPlatformProvider.execute(JUnitPlatformProvider.java:184) ~[surefire-junit-platform-3.2.5.jar:3.2.5]
	at org.apache.maven.surefire.junitplatform.JUnitPlatformProvider.invokeAllTests(JUnitPlatformProvider.java:148) ~[surefire-junit-platform-3.2.5.jar:3.2.5]
	at org.apache.maven.surefire.junitplatform.JUnitPlatformProvider.invoke(JUnitPlatformProvider.java:122) ~[surefire-junit-platform-3.2.5.jar:3.2.5]
	at org.apache.maven.surefire.booter.ForkedBooter.runSuitesInProcess(ForkedBooter.java:385) ~[surefire-booter-3.2.5.jar:3.2.5]
	at org.apache.maven.surefire.booter.ForkedBooter.execute(ForkedBooter.java:162) ~[surefire-booter-3.2.5.jar:3.2.5]
	at org.apache.maven.surefire.booter.ForkedBooter.run(ForkedBooter.java:507) ~[surefire-booter-3.2.5.jar:3.2.5]
	at org.apache.maven.surefire.booter.ForkedBooter.main(ForkedBooter.java:495) ~[surefire-booter-3.2.5.jar:3.2.5]
Caused by: org.springframework.beans.factory.BeanCreationException: Error creating bean with name 'entityManagerFactory' defined in class path resource [org/springframework/boot/autoconfigure/orm/jpa/HibernateJpaConfiguration.class]: [PersistenceUnit: default] Unable to build Hibernate SessionFactory; nested exception is org.hibernate.exception.JDBCConnectionException: Unable to open JDBC Connection for DDL execution [Connection to localhost:5432 refused. Check that the hostname and port are correct and that the postmaster is accepting TCP/IP connections.] [n/a]
	at org.springframework.beans.factory.support.AbstractAutowireCapableBeanFactory.initializeBean(AbstractAutowireCapableBeanFactory.java:1806) ~[spring-beans-6.1.14.jar:6.1.14]
	at org.springframework.beans.factory.support.AbstractAutowireCapableBeanFactory.doCreateBean(AbstractAutowireCapableBeanFactory.java:600) ~[spring-beans-6.1.14.jar:6.1.14]
	at org.springframework.beans.factory.support.AbstractAutowireCapableBeanFactory.createBean(AbstractAutowireCapableBeanFactory.java:522) ~[spring-beans-6.1.14.jar:6.1.14]
	at org.springframework.beans.factory.support.AbstractBeanFactory.lambda$doGetBean$0(AbstractBeanFactory.java:337) ~[spring-beans-6.1.14.jar:6.1.14]
	at org.springframework.beans.factory.support.DefaultSingletonBeanRegistry.getSingleton(DefaultSingletonBeanRegistry.java:234) ~[spring-beans-6.1.14.jar:6.1.14]
	at org.springframework.beans.factory.support.AbstractBeanFactory.doGetBean(AbstractBeanFactory.java:335) ~[spring-beans-6.1.14.jar:6.1.14]
	at org.springframework.beans.factory.support.AbstractBeanFactory.getBean(AbstractBeanFactory.java:205) ~[spring-beans-6.1.14.jar:6.1.14]
	at org.springframework.context.support.AbstractApplicationContext.finishBeanFactoryInitialization(AbstractApplicationContext.java:954) ~[spring-context-6.1.14.jar:6.1.14]
	at org.springframework.context.support.AbstractApplicationContext.refresh(AbstractApplicationContext.java:625) ~[spring-context-6.1.14.jar:6.1.14]
	at org.springframework.boot.SpringApplication.refresh(SpringApplication.java:754) ~[spring-boot-3.3.5.jar:3.3.5]
	at org.springframework.boot.SpringApplication.refreshContext(SpringApplication.java:456) ~[spring-boot-3.3.5.jar:3.3.5]
	at org.springframework.boot.SpringApplication.run(SpringApplication.java:335) ~[spring-boot-3.3.5.jar:3.3.5]
	at org.springframework.boot.test.context.SpringBootContextLoader.lambda$loadContext$3(SpringBootContextLoader.java:137) ~[spring-boot-test-3.3.5.jar:3.3.5]
	at org.springframework.util.function.ThrowingSupplier.get(ThrowingSupplier.java:58) ~[spring-core-6.1.14.jar:6.1.14]
	at org.springframework.util.function.ThrowingSupplier.get(ThrowingSupplier.java:46) ~[spring-core-6.1.14.jar:6.1.14]
	at org.springframework.boot.SpringApplication.withHook(SpringApplication.java:1463) ~[spring-boot-3.3.5.jar:3.3.5]
	at org.springframework.boot.test.context.SpringBootContextLoader$ContextLoaderHook.run(SpringBootContextLoader.java:553) ~[spring-boot-test-3.3.5.jar:3.3.5]
	at org.springframework.boot.test.context.SpringBootContextLoader.loadContext(SpringBootContextLoader.java:137) ~[spring-boot-test-3.3.5.jar:3.3.5]
	at org.springframework.boot.test.context.SpringBootContextLoader.loadContext(SpringBootContextLoader.java:108) ~[spring-boot-test-3.3.5.jar:3.3.5]
	at org.springframework.test.context.cache.DefaultCacheAwareContextLoaderDelegate.loadContextInternal(DefaultCacheAwareContextLoaderDelegate.java:225) ~[spring-test-6.1.14.jar:6.1.14]
	at org.springframework.test.context.cache.DefaultCacheAwareContextLoaderDelegate.loadContext(DefaultCacheAwareContextLoaderDelegate.java:152) ~[spring-test-6.1.14.jar:6.1.14]
	... 73 common frames omitted
Caused by: jakarta.persistence.PersistenceException: [PersistenceUnit: default] Unable to build Hibernate SessionFactory; nested exception is org.hibernate.exception.JDBCConnectionException: Unable to open JDBC Connection for DDL execution [Connection to localhost:5432 refused. Check that the hostname and port are correct and that the postmaster is accepting TCP/IP connections.] [n/a]
	at org.springframework.orm.jpa.AbstractEntityManagerFactoryBean.buildNativeEntityManagerFactory(AbstractEntityManagerFactoryBean.java:421) ~[spring-orm-6.1.14.jar:6.1.14]
	at org.springframework.orm.jpa.AbstractEntityManagerFactoryBean.afterPropertiesSet(AbstractEntityManagerFactoryBean.java:396) ~[spring-orm-6.1.14.jar:6.1.14]
	at org.springframework.orm.jpa.LocalContainerEntityManagerFactoryBean.afterPropertiesSet(LocalContainerEntityManagerFactoryBean.java:366) ~[spring-orm-6.1.14.jar:6.1.14]
	at org.springframework.beans.factory.support.AbstractAutowireCapableBeanFactory.invokeInitMethods(AbstractAutowireCapableBeanFactory.java:1853) ~[spring-beans-6.1.14.jar:6.1.14]
	at org.springframework.beans.factory.support.AbstractAutowireCapableBeanFactory.initializeBean(AbstractAutowireCapableBeanFactory.java:1802) ~[spring-beans-6.1.14.jar:6.1.14]
	... 93 common frames omitted
Caused by: org.hibernate.exception.JDBCConnectionException: Unable to open JDBC Connection for DDL execution [Connection to localhost:5432 refused. Check that the hostname and port are correct and that the postmaster is accepting TCP/IP connections.] [n/a]
	at org.hibernate.exception.internal.SQLStateConversionDelegate.convert(SQLStateConversionDelegate.java:100) ~[hibernate-core-6.5.3.Final.jar:6.5.3.Final]
	at org.hibernate.exception.internal.StandardSQLExceptionConverter.convert(StandardSQLExceptionConverter.java:58) ~[hibernate-core-6.5.3.Final.jar:6.5.3.Final]
	at org.hibernate.engine.jdbc.spi.SqlExceptionHelper.convert(SqlExceptionHelper.java:108) ~[hibernate-core-6.5.3.Final.jar:6.5.3.Final]
	at org.hibernate.engine.jdbc.spi.SqlExceptionHelper.convert(SqlExceptionHelper.java:94) ~[hibernate-core-6.5.3.Final.jar:6.5.3.Final]
	at org.hibernate.resource.transaction.backend.jdbc.internal.DdlTransactionIsolatorNonJtaImpl.getIsolatedConnection(DdlTransactionIsolatorNonJtaImpl.java:74) ~[hibernate-core-6.5.3.Final.jar:6.5.3.Final]
	at org.hibernate.resource.transaction.backend.jdbc.internal.DdlTransactionIsolatorNonJtaImpl.getIsolatedConnection(DdlTransactionIsolatorNonJtaImpl.java:39) ~[hibernate-core-6.5.3.Final.jar:6.5.3.Final]
	at org.hibernate.tool.schema.internal.exec.ImprovedExtractionContextImpl.getJdbcConnection(ImprovedExtractionContextImpl.java:63) ~[hibernate-core-6.5.3.Final.jar:6.5.3.Final]
	at org.hibernate.tool.schema.extract.spi.ExtractionContext.getQueryResults(ExtractionContext.java:43) ~[hibernate-core-6.5.3.Final.jar:6.5.3.Final]
	at org.hibernate.tool.schema.extract.internal.SequenceInformationExtractorLegacyImpl.extractMetadata(SequenceInformationExtractorLegacyImpl.java:39) ~[hibernate-core-6.5.3.Final.jar:6.5.3.Final]
	at org.hibernate.tool.schema.extract.internal.DatabaseInformationImpl.initializeSequences(DatabaseInformationImpl.java:66) ~[hibernate-core-6.5.3.Final.jar:6.5.3.Final]
	at org.hibernate.tool.schema.extract.internal.DatabaseInformationImpl.<init>(DatabaseInformationImpl.java:60) ~[hibernate-core-6.5.3.Final.jar:6.5.3.Final]
	at org.hibernate.tool.schema.internal.Helper.buildDatabaseInformation(Helper.java:185) ~[hibernate-core-6.5.3.Final.jar:6.5.3.Final]
	at org.hibernate.tool.schema.internal.AbstractSchemaMigrator.doMigration(AbstractSchemaMigrator.java:100) ~[hibernate-core-6.5.3.Final.jar:6.5.3.Final]
	at org.hibernate.tool.schema.spi.SchemaManagementToolCoordinator.performDatabaseAction(SchemaManagementToolCoordinator.java:280) ~[hibernate-core-6.5.3.Final.jar:6.5.3.Final]
	at org.hibernate.tool.schema.spi.SchemaManagementToolCoordinator.lambda$process$5(SchemaManagementToolCoordinator.java:144) ~[hibernate-core-6.5.3.Final.jar:6.5.3.Final]
	at java.base/java.util.HashMap.forEach(HashMap.java:1429) ~[na:na]
	at org.hibernate.tool.schema.spi.SchemaManagementToolCoordinator.process(SchemaManagementToolCoordinator.java:141) ~[hibernate-core-6.5.3.Final.jar:6.5.3.Final]
	at org.hibernate.boot.internal.SessionFactoryObserverForSchemaExport.sessionFactoryCreated(SessionFactoryObserverForSchemaExport.java:37) ~[hibernate-core-6.5.3.Final.jar:6.5.3.Final]
	at org.hibernate.internal.SessionFactoryObserverChain.sessionFactoryCreated(SessionFactoryObserverChain.java:35) ~[hibernate-core-6.5.3.Final.jar:6.5.3.Final]
	at org.hibernate.internal.SessionFactoryImpl.<init>(SessionFactoryImpl.java:322) ~[hibernate-core-6.5.3.Final.jar:6.5.3.Final]
	at org.hibernate.boot.internal.SessionFactoryBuilderImpl.build(SessionFactoryBuilderImpl.java:457) ~[hibernate-core-6.5.3.Final.jar:6.5.3.Final]
	at org.hibernate.jpa.boot.internal.EntityManagerFactoryBuilderImpl.build(EntityManagerFactoryBuilderImpl.java:1506) ~[hibernate-core-6.5.3.Final.jar:6.5.3.Final]
	at org.springframework.orm.jpa.vendor.SpringHibernateJpaPersistenceProvider.createContainerEntityManagerFactory(SpringHibernateJpaPersistenceProvider.java:75) ~[spring-orm-6.1.14.jar:6.1.14]
	at org.springframework.orm.jpa.LocalContainerEntityManagerFactoryBean.createNativeEntityManagerFactory(LocalContainerEntityManagerFactoryBean.java:390) ~[spring-orm-6.1.14.jar:6.1.14]
	at org.springframework.orm.jpa.AbstractEntityManagerFactoryBean.buildNativeEntityManagerFactory(AbstractEntityManagerFactoryBean.java:409) ~[spring-orm-6.1.14.jar:6.1.14]
	... 97 common frames omitted
Caused by: org.postgresql.util.PSQLException: Connection to localhost:5432 refused. Check that the hostname and port are correct and that the postmaster is accepting TCP/IP connections.
	at org.postgresql.core.v3.ConnectionFactoryImpl.openConnectionImpl(ConnectionFactoryImpl.java:352) ~[postgresql-42.7.4.jar:42.7.4]
	at org.postgresql.core.ConnectionFactory.openConnection(ConnectionFactory.java:54) ~[postgresql-42.7.4.jar:42.7.4]
	at org.postgresql.jdbc.PgConnection.<init>(PgConnection.java:273) ~[postgresql-42.7.4.jar:42.7.4]
	at org.postgresql.Driver.makeConnection(Driver.java:446) ~[postgresql-42.7.4.jar:42.7.4]
	at org.postgresql.Driver.connect(Driver.java:298) ~[postgresql-42.7.4.jar:42.7.4]
	at com.zaxxer.hikari.util.DriverDataSource.getConnection(DriverDataSource.java:137) ~[HikariCP-5.1.0.jar:na]
	at com.zaxxer.hikari.pool.PoolBase.newConnection(PoolBase.java:360) ~[HikariCP-5.1.0.jar:na]
	at com.zaxxer.hikari.pool.PoolBase.newPoolEntry(PoolBase.java:202) ~[HikariCP-5.1.0.jar:na]
	at com.zaxxer.hikari.pool.HikariPool.createPoolEntry(HikariPool.java:461) ~[HikariCP-5.1.0.jar:na]
	at com.zaxxer.hikari.pool.HikariPool.checkFailFast(HikariPool.java:550) ~[HikariCP-5.1.0.jar:na]
	at com.zaxxer.hikari.pool.HikariPool.<init>(HikariPool.java:98) ~[HikariCP-5.1.0.jar:na]
	at com.zaxxer.hikari.HikariDataSource.getConnection(HikariDataSource.java:111) ~[HikariCP-5.1.0.jar:na]
	at org.hibernate.engine.jdbc.connections.internal.DatasourceConnectionProviderImpl.getConnection(DatasourceConnectionProviderImpl.java:122) ~[hibernate-core-6.5.3.Final.jar:6.5.3.Final]
	at org.hibernate.engine.jdbc.env.internal.JdbcEnvironmentInitiator$ConnectionProviderJdbcConnectionAccess.obtainConnection(JdbcEnvironmentInitiator.java:439) ~[hibernate-core-6.5.3.Final.jar:6.5.3.Final]
	at org.hibernate.resource.transaction.backend.jdbc.internal.DdlTransactionIsolatorNonJtaImpl.getIsolatedConnection(DdlTransactionIsolatorNonJtaImpl.java:46) ~[hibernate-core-6.5.3.Final.jar:6.5.3.Final]
	... 117 common frames omitted
Caused by: java.net.ConnectException: Connection refused: getsockopt
	at java.base/sun.nio.ch.Net.pollConnect(Native Method) ~[na:na]
	at java.base/sun.nio.ch.Net.pollConnectNow(Net.java:682) ~[na:na]
	at java.base/sun.nio.ch.NioSocketImpl.timedFinishConnect(NioSocketImpl.java:542) ~[na:na]
	at java.base/sun.nio.ch.NioSocketImpl.connect(NioSocketImpl.java:592) ~[na:na]
	at java.base/java.net.SocksSocketImpl.connect(SocksSocketImpl.java:327) ~[na:na]
	at java.base/java.net.Socket.connect(Socket.java:752) ~[na:na]
	at org.postgresql.core.PGStream.createSocket(PGStream.java:260) ~[postgresql-42.7.4.jar:42.7.4]
	at org.postgresql.core.PGStream.<init>(PGStream.java:121) ~[postgresql-42.7.4.jar:42.7.4]
	at org.postgresql.core.v3.ConnectionFactoryImpl.tryConnect(ConnectionFactoryImpl.java:140) ~[postgresql-42.7.4.jar:42.7.4]
	at org.postgresql.core.v3.ConnectionFactoryImpl.openConnectionImpl(ConnectionFactoryImpl.java:268) ~[postgresql-42.7.4.jar:42.7.4]
	... 131 common frames omitted

]]></system-out>
    <system-err><![CDATA[


============================
CONDITIONS EVALUATION REPORT
============================


Positive matches:
-----------------

   AopAutoConfiguration matched:
      - @ConditionalOnProperty (spring.aop.auto=true) matched (OnPropertyCondition)

   AopAutoConfiguration.AspectJAutoProxyingConfiguration matched:
      - @ConditionalOnClass found required class 'org.aspectj.weaver.Advice' (OnClassCondition)

   AopAutoConfiguration.AspectJAutoProxyingConfiguration.CglibAutoProxyConfiguration matched:
      - @ConditionalOnProperty (spring.aop.proxy-target-class=true) matched (OnPropertyCondition)

   ApplicationAvailabilityAutoConfiguration#applicationAvailability matched:
      - @ConditionalOnMissingBean (types: org.springframework.boot.availability.ApplicationAvailability; SearchStrategy: all) did not find any beans (OnBeanCondition)

   DataSourceAutoConfiguration matched:
      - @ConditionalOnClass found required classes 'javax.sql.DataSource', 'org.springframework.jdbc.datasource.embedded.EmbeddedDatabaseType' (OnClassCondition)
      - @ConditionalOnMissingBean (types: io.r2dbc.spi.ConnectionFactory; SearchStrategy: all) did not find any beans (OnBeanCondition)

   DataSourceAutoConfiguration.PooledDataSourceConfiguration matched:
      - AnyNestedCondition 1 matched 1 did not; NestedCondition on DataSourceAutoConfiguration.PooledDataSourceCondition.PooledDataSourceAvailable PooledDataSource found supported DataSource; NestedCondition on DataSourceAutoConfiguration.PooledDataSourceCondition.ExplicitType @ConditionalOnProperty (spring.datasource.type) did not find property 'type' (DataSourceAutoConfiguration.PooledDataSourceCondition)
      - @ConditionalOnMissingBean (types: javax.sql.DataSource,javax.sql.XADataSource; SearchStrategy: all) did not find any beans (OnBeanCondition)

   DataSourceAutoConfiguration.PooledDataSourceConfiguration#jdbcConnectionDetails matched:
      - @ConditionalOnMissingBean (types: org.springframework.boot.autoconfigure.jdbc.JdbcConnectionDetails; SearchStrategy: all) did not find any beans (OnBeanCondition)

   DataSourceConfiguration.Hikari matched:
      - @ConditionalOnClass found required class 'com.zaxxer.hikari.HikariDataSource' (OnClassCondition)
      - @ConditionalOnProperty (spring.datasource.type=com.zaxxer.hikari.HikariDataSource) matched (OnPropertyCondition)
      - @ConditionalOnMissingBean (types: javax.sql.DataSource; SearchStrategy: all) did not find any beans (OnBeanCondition)

   DataSourceInitializationConfiguration matched:
      - @ConditionalOnClass found required class 'org.springframework.jdbc.datasource.init.DatabasePopulator' (OnClassCondition)
      - @ConditionalOnSingleCandidate (types: javax.sql.DataSource; SearchStrategy: all) found a single bean 'dataSource'; @ConditionalOnMissingBean (types: org.springframework.boot.autoconfigure.sql.init.SqlDataSourceScriptDatabaseInitializer,org.springframework.boot.autoconfigure.sql.init.SqlR2dbcScriptDatabaseInitializer; SearchStrategy: all) did not find any beans (OnBeanCondition)

   DataSourcePoolMetadataProvidersConfiguration.HikariPoolDataSourceMetadataProviderConfiguration matched:
      - @ConditionalOnClass found required class 'com.zaxxer.hikari.HikariDataSource' (OnClassCondition)

   DataSourceTransactionManagerAutoConfiguration matched:
      - @ConditionalOnClass found required classes 'javax.sql.DataSource', 'org.springframework.jdbc.core.JdbcTemplate', 'org.springframework.transaction.TransactionManager' (OnClassCondition)

   DataSourceTransactionManagerAutoConfiguration.JdbcTransactionManagerConfiguration matched:
      - @ConditionalOnSingleCandidate (types: javax.sql.DataSource; SearchStrategy: all) found a single bean 'dataSource' (OnBeanCondition)

   DispatcherServletAutoConfiguration matched:
      - @ConditionalOnClass found required class 'org.springframework.web.servlet.DispatcherServlet' (OnClassCondition)
      - found 'session' scope (OnWebApplicationCondition)

   DispatcherServletAutoConfiguration.DispatcherServletConfiguration matched:
      - @ConditionalOnClass found required class 'jakarta.servlet.ServletRegistration' (OnClassCondition)
      - Default DispatcherServlet did not find dispatcher servlet beans (DispatcherServletAutoConfiguration.DefaultDispatcherServletCondition)

   DispatcherServletAutoConfiguration.DispatcherServletRegistrationConfiguration matched:
      - @ConditionalOnClass found required class 'jakarta.servlet.ServletRegistration' (OnClassCondition)
      - DispatcherServlet Registration did not find servlet registration bean (DispatcherServletAutoConfiguration.DispatcherServletRegistrationCondition)

   DispatcherServletAutoConfiguration.DispatcherServletRegistrationConfiguration#dispatcherServletRegistration matched:
      - @ConditionalOnBean (names: dispatcherServlet types: org.springframework.web.servlet.DispatcherServlet; SearchStrategy: all) found bean 'dispatcherServlet' (OnBeanCondition)

   ErrorMvcAutoConfiguration matched:
      - @ConditionalOnClass found required classes 'jakarta.servlet.Servlet', 'org.springframework.web.servlet.DispatcherServlet' (OnClassCondition)
      - found 'session' scope (OnWebApplicationCondition)

   ErrorMvcAutoConfiguration#basicErrorController matched:
      - @ConditionalOnMissingBean (types: org.springframework.boot.web.servlet.error.ErrorController; SearchStrategy: current) did not find any beans (OnBeanCondition)

   ErrorMvcAutoConfiguration#errorAttributes matched:
      - @ConditionalOnMissingBean (types: org.springframework.boot.web.servlet.error.ErrorAttributes; SearchStrategy: current) did not find any beans (OnBeanCondition)

   ErrorMvcAutoConfiguration.DefaultErrorViewResolverConfiguration#conventionErrorViewResolver matched:
      - @ConditionalOnBean (types: org.springframework.web.servlet.DispatcherServlet; SearchStrategy: all) found bean 'dispatcherServlet'; @ConditionalOnMissingBean (types: org.springframework.boot.autoconfigure.web.servlet.error.ErrorViewResolver; SearchStrategy: all) did not find any beans (OnBeanCondition)

   ErrorMvcAutoConfiguration.WhitelabelErrorViewConfiguration matched:
      - @ConditionalOnProperty (server.error.whitelabel.enabled) matched (OnPropertyCondition)
      - ErrorTemplate Missing did not find error template view (ErrorMvcAutoConfiguration.ErrorTemplateMissingCondition)

   ErrorMvcAutoConfiguration.WhitelabelErrorViewConfiguration#beanNameViewResolver matched:
      - @ConditionalOnMissingBean (types: org.springframework.web.servlet.view.BeanNameViewResolver; SearchStrategy: all) did not find any beans (OnBeanCondition)

   ErrorMvcAutoConfiguration.WhitelabelErrorViewConfiguration#defaultErrorView matched:
      - @ConditionalOnMissingBean (names: error; SearchStrategy: all) did not find any beans (OnBeanCondition)

   GenericCacheConfiguration matched:
      - Cache org.springframework.boot.autoconfigure.cache.GenericCacheConfiguration automatic cache type (CacheCondition)

   HibernateJpaAutoConfiguration matched:
      - @ConditionalOnClass found required classes 'org.springframework.orm.jpa.LocalContainerEntityManagerFactoryBean', 'jakarta.persistence.EntityManager', 'org.hibernate.engine.spi.SessionImplementor' (OnClassCondition)

   HibernateJpaConfiguration matched:
      - @ConditionalOnSingleCandidate (types: javax.sql.DataSource; SearchStrategy: all) found a single bean 'dataSource' (OnBeanCondition)

   HttpEncodingAutoConfiguration matched:
      - @ConditionalOnClass found required class 'org.springframework.web.filter.CharacterEncodingFilter' (OnClassCondition)
      - found 'session' scope (OnWebApplicationCondition)
      - @ConditionalOnProperty (server.servlet.encoding.enabled) matched (OnPropertyCondition)

   HttpEncodingAutoConfiguration#characterEncodingFilter matched:
      - @ConditionalOnMissingBean (types: org.springframework.web.filter.CharacterEncodingFilter; SearchStrategy: all) did not find any beans (OnBeanCondition)

   HttpMessageConvertersAutoConfiguration matched:
      - @ConditionalOnClass found required class 'org.springframework.http.converter.HttpMessageConverter' (OnClassCondition)
      - NoneNestedConditions 0 matched 1 did not; NestedCondition on HttpMessageConvertersAutoConfiguration.NotReactiveWebApplicationCondition.ReactiveWebApplication did not find reactive web application classes (HttpMessageConvertersAutoConfiguration.NotReactiveWebApplicationCondition)

   HttpMessageConvertersAutoConfiguration#messageConverters matched:
      - @ConditionalOnMissingBean (types: org.springframework.boot.autoconfigure.http.HttpMessageConverters; SearchStrategy: all) did not find any beans (OnBeanCondition)

   HttpMessageConvertersAutoConfiguration.StringHttpMessageConverterConfiguration matched:
      - @ConditionalOnClass found required class 'org.springframework.http.converter.StringHttpMessageConverter' (OnClassCondition)

   HttpMessageConvertersAutoConfiguration.StringHttpMessageConverterConfiguration#stringHttpMessageConverter matched:
      - @ConditionalOnMissingBean (types: org.springframework.http.converter.StringHttpMessageConverter; SearchStrategy: all) did not find any beans (OnBeanCondition)

   JacksonAutoConfiguration matched:
      - @ConditionalOnClass found required class 'com.fasterxml.jackson.databind.ObjectMapper' (OnClassCondition)

   JacksonAutoConfiguration.Jackson2ObjectMapperBuilderCustomizerConfiguration matched:
      - @ConditionalOnClass found required class 'org.springframework.http.converter.json.Jackson2ObjectMapperBuilder' (OnClassCondition)

   JacksonAutoConfiguration.JacksonObjectMapperBuilderConfiguration matched:
      - @ConditionalOnClass found required class 'org.springframework.http.converter.json.Jackson2ObjectMapperBuilder' (OnClassCondition)

   JacksonAutoConfiguration.JacksonObjectMapperBuilderConfiguration#jacksonObjectMapperBuilder matched:
      - @ConditionalOnMissingBean (types: org.springframework.http.converter.json.Jackson2ObjectMapperBuilder; SearchStrategy: all) did not find any beans (OnBeanCondition)

   JacksonAutoConfiguration.JacksonObjectMapperConfiguration matched:
      - @ConditionalOnClass found required class 'org.springframework.http.converter.json.Jackson2ObjectMapperBuilder' (OnClassCondition)

   JacksonAutoConfiguration.ParameterNamesModuleConfiguration matched:
      - @ConditionalOnClass found required class 'com.fasterxml.jackson.module.paramnames.ParameterNamesModule' (OnClassCondition)

   JacksonAutoConfiguration.ParameterNamesModuleConfiguration#parameterNamesModule matched:
      - @ConditionalOnMissingBean (types: com.fasterxml.jackson.module.paramnames.ParameterNamesModule; SearchStrategy: all) did not find any beans (OnBeanCondition)

   JacksonHttpMessageConvertersConfiguration.MappingJackson2HttpMessageConverterConfiguration matched:
      - @ConditionalOnClass found required class 'com.fasterxml.jackson.databind.ObjectMapper' (OnClassCondition)
      - @ConditionalOnProperty (spring.mvc.converters.preferred-json-mapper=jackson) matched (OnPropertyCondition)
      - @ConditionalOnBean (types: com.fasterxml.jackson.databind.ObjectMapper; SearchStrategy: all) found bean 'objectMapper' (OnBeanCondition)

   JacksonHttpMessageConvertersConfiguration.MappingJackson2HttpMessageConverterConfiguration#mappingJackson2HttpMessageConverter matched:
      - @ConditionalOnMissingBean (types: org.springframework.http.converter.json.MappingJackson2HttpMessageConverter ignored: org.springframework.hateoas.server.mvc.TypeConstrainedMappingJackson2HttpMessageConverter,org.springframework.data.rest.webmvc.alps.AlpsJsonHttpMessageConverter; SearchStrategy: all) did not find any beans (OnBeanCondition)

   JdbcClientAutoConfiguration matched:
      - @ConditionalOnSingleCandidate (types: org.springframework.jdbc.core.namedparam.NamedParameterJdbcTemplate; SearchStrategy: all) found a single bean 'namedParameterJdbcTemplate'; @ConditionalOnMissingBean (types: org.springframework.jdbc.core.simple.JdbcClient; SearchStrategy: all) did not find any beans (OnBeanCondition)

   JdbcTemplateAutoConfiguration matched:
      - @ConditionalOnClass found required classes 'javax.sql.DataSource', 'org.springframework.jdbc.core.JdbcTemplate' (OnClassCondition)
      - @ConditionalOnSingleCandidate (types: javax.sql.DataSource; SearchStrategy: all) found a single bean 'dataSource' (OnBeanCondition)

   JdbcTemplateConfiguration matched:
      - @ConditionalOnMissingBean (types: org.springframework.jdbc.core.JdbcOperations; SearchStrategy: all) did not find any beans (OnBeanCondition)

   JpaBaseConfiguration#entityManagerFactory matched:
      - @ConditionalOnMissingBean (types: org.springframework.orm.jpa.LocalContainerEntityManagerFactoryBean,jakarta.persistence.EntityManagerFactory; SearchStrategy: all) did not find any beans (OnBeanCondition)

   JpaBaseConfiguration#entityManagerFactoryBuilder matched:
      - @ConditionalOnMissingBean (types: org.springframework.boot.orm.jpa.EntityManagerFactoryBuilder; SearchStrategy: all) did not find any beans (OnBeanCondition)

   JpaBaseConfiguration#jpaVendorAdapter matched:
      - @ConditionalOnMissingBean (types: org.springframework.orm.jpa.JpaVendorAdapter; SearchStrategy: all) did not find any beans (OnBeanCondition)

   JpaBaseConfiguration#transactionManager matched:
      - @ConditionalOnMissingBean (types: org.springframework.transaction.TransactionManager; SearchStrategy: all) did not find any beans (OnBeanCondition)

   JpaBaseConfiguration.JpaWebConfiguration matched:
      - @ConditionalOnClass found required class 'org.springframework.web.servlet.config.annotation.WebMvcConfigurer' (OnClassCondition)
      - found 'session' scope (OnWebApplicationCondition)
      - @ConditionalOnProperty (spring.jpa.open-in-view=true) matched (OnPropertyCondition)
      - @ConditionalOnMissingBean (types: org.springframework.orm.jpa.support.OpenEntityManagerInViewInterceptor,org.springframework.orm.jpa.support.OpenEntityManagerInViewFilter; SearchStrategy: all) did not find any beans (OnBeanCondition)

   JpaBaseConfiguration.PersistenceManagedTypesConfiguration matched:
      - @ConditionalOnMissingBean (types: org.springframework.orm.jpa.LocalContainerEntityManagerFactoryBean,jakarta.persistence.EntityManagerFactory; SearchStrategy: all) did not find any beans (OnBeanCondition)

   JpaBaseConfiguration.PersistenceManagedTypesConfiguration#persistenceManagedTypes matched:
      - @ConditionalOnMissingBean (types: org.springframework.orm.jpa.persistenceunit.PersistenceManagedTypes; SearchStrategy: all) did not find any beans (OnBeanCondition)

   JtaAutoConfiguration matched:
      - @ConditionalOnClass found required class 'jakarta.transaction.Transaction' (OnClassCondition)
      - @ConditionalOnProperty (spring.jta.enabled) matched (OnPropertyCondition)

   LifecycleAutoConfiguration#defaultLifecycleProcessor matched:
      - @ConditionalOnMissingBean (names: lifecycleProcessor; SearchStrategy: current) did not find any beans (OnBeanCondition)

   MultipartAutoConfiguration matched:
      - @ConditionalOnClass found required classes 'jakarta.servlet.Servlet', 'org.springframework.web.multipart.support.StandardServletMultipartResolver', 'jakarta.servlet.MultipartConfigElement' (OnClassCondition)
      - found 'session' scope (OnWebApplicationCondition)
      - @ConditionalOnProperty (spring.servlet.multipart.enabled) matched (OnPropertyCondition)

   MultipartAutoConfiguration#multipartConfigElement matched:
      - @ConditionalOnMissingBean (types: jakarta.servlet.MultipartConfigElement; SearchStrategy: all) did not find any beans (OnBeanCondition)

   MultipartAutoConfiguration#multipartResolver matched:
      - @ConditionalOnMissingBean (types: org.springframework.web.multipart.MultipartResolver; SearchStrategy: all) did not find any beans (OnBeanCondition)

   NamedParameterJdbcTemplateConfiguration matched:
      - @ConditionalOnSingleCandidate (types: org.springframework.jdbc.core.JdbcTemplate; SearchStrategy: all) found a single bean 'jdbcTemplate'; @ConditionalOnMissingBean (types: org.springframework.jdbc.core.namedparam.NamedParameterJdbcOperations; SearchStrategy: all) did not find any beans (OnBeanCondition)

   NoOpCacheConfiguration matched:
      - Cache org.springframework.boot.autoconfigure.cache.NoOpCacheConfiguration automatic cache type (CacheCondition)

   PersistenceExceptionTranslationAutoConfiguration matched:
      - @ConditionalOnClass found required class 'org.springframework.dao.annotation.PersistenceExceptionTranslationPostProcessor' (OnClassCondition)

   PersistenceExceptionTranslationAutoConfiguration#persistenceExceptionTranslationPostProcessor matched:
      - @ConditionalOnProperty (spring.dao.exceptiontranslation.enabled) matched (OnPropertyCondition)
      - @ConditionalOnMissingBean (types: org.springframework.dao.annotation.PersistenceExceptionTranslationPostProcessor; SearchStrategy: all) did not find any beans (OnBeanCondition)

   PropertyPlaceholderAutoConfiguration#propertySourcesPlaceholderConfigurer matched:
      - @ConditionalOnMissingBean (types: org.springframework.context.support.PropertySourcesPlaceholderConfigurer; SearchStrategy: current) did not find any beans (OnBeanCondition)

   RestClientAutoConfiguration matched:
      - @ConditionalOnClass found required class 'org.springframework.web.client.RestClient' (OnClassCondition)
      - NoneNestedConditions 0 matched 1 did not; NestedCondition on NotReactiveWebApplicationCondition.ReactiveWebApplication did not find reactive web application classes (NotReactiveWebApplicationCondition)

   RestClientAutoConfiguration#httpMessageConvertersRestClientCustomizer matched:
      - @ConditionalOnMissingBean (types: org.springframework.boot.autoconfigure.web.client.HttpMessageConvertersRestClientCustomizer; SearchStrategy: all) did not find any beans (OnBeanCondition)

   RestClientAutoConfiguration#restClientBuilder matched:
      - @ConditionalOnMissingBean (types: org.springframework.web.client.RestClient$Builder; SearchStrategy: all) did not find any beans (OnBeanCondition)

   RestClientAutoConfiguration#restClientBuilderConfigurer matched:
      - @ConditionalOnMissingBean (types: org.springframework.boot.autoconfigure.web.client.RestClientBuilderConfigurer; SearchStrategy: all) did not find any beans (OnBeanCondition)

   RestClientAutoConfiguration#restClientSsl matched:
      - @ConditionalOnBean (types: org.springframework.boot.ssl.SslBundles; SearchStrategy: all) found bean 'sslBundleRegistry'; @ConditionalOnMissingBean (types: org.springframework.boot.autoconfigure.web.client.RestClientSsl; SearchStrategy: all) did not find any beans (OnBeanCondition)

   RestTemplateAutoConfiguration matched:
      - @ConditionalOnClass found required class 'org.springframework.web.client.RestTemplate' (OnClassCondition)
      - NoneNestedConditions 0 matched 1 did not; NestedCondition on NotReactiveWebApplicationCondition.ReactiveWebApplication did not find reactive web application classes (NotReactiveWebApplicationCondition)

   RestTemplateAutoConfiguration#restTemplateBuilder matched:
      - @ConditionalOnMissingBean (types: org.springframework.boot.web.client.RestTemplateBuilder; SearchStrategy: all) did not find any beans (OnBeanCondition)

   SecurityAutoConfiguration matched:
      - @ConditionalOnClass found required class 'org.springframework.security.authentication.DefaultAuthenticationEventPublisher' (OnClassCondition)

   SecurityAutoConfiguration#authenticationEventPublisher matched:
      - @ConditionalOnMissingBean (types: org.springframework.security.authentication.AuthenticationEventPublisher; SearchStrategy: all) did not find any beans (OnBeanCondition)

   SecurityFilterAutoConfiguration matched:
      - @ConditionalOnClass found required classes 'org.springframework.security.web.context.AbstractSecurityWebApplicationInitializer', 'org.springframework.security.config.http.SessionCreationPolicy' (OnClassCondition)
      - found 'session' scope (OnWebApplicationCondition)

   SecurityFilterAutoConfiguration#securityFilterChainRegistration matched:
      - @ConditionalOnBean (names: springSecurityFilterChain; SearchStrategy: all) found bean 'springSecurityFilterChain' (OnBeanCondition)

   ServletWebServerFactoryAutoConfiguration matched:
      - @ConditionalOnClass found required class 'jakarta.servlet.ServletRequest' (OnClassCondition)
      - found 'session' scope (OnWebApplicationCondition)

   ServletWebServerFactoryAutoConfiguration#tomcatServletWebServerFactoryCustomizer matched:
      - @ConditionalOnClass found required class 'org.apache.catalina.startup.Tomcat' (OnClassCondition)

   ServletWebServerFactoryConfiguration.EmbeddedTomcat matched:
      - @ConditionalOnClass found required classes 'jakarta.servlet.Servlet', 'org.apache.catalina.startup.Tomcat', 'org.apache.coyote.UpgradeProtocol' (OnClassCondition)
      - @ConditionalOnMissingBean (types: org.springframework.boot.web.servlet.server.ServletWebServerFactory; SearchStrategy: current) did not find any beans (OnBeanCondition)

   SimpleCacheConfiguration matched:
      - Cache org.springframework.boot.autoconfigure.cache.SimpleCacheConfiguration automatic cache type (CacheCondition)

   SpringBootWebSecurityConfiguration matched:
      - found 'session' scope (OnWebApplicationCondition)

   SpringDataWebAutoConfiguration matched:
      - @ConditionalOnClass found required classes 'org.springframework.data.web.PageableHandlerMethodArgumentResolver', 'org.springframework.web.servlet.config.annotation.WebMvcConfigurer' (OnClassCondition)
      - found 'session' scope (OnWebApplicationCondition)
      - @ConditionalOnMissingBean (types: org.springframework.data.web.PageableHandlerMethodArgumentResolver; SearchStrategy: all) did not find any beans (OnBeanCondition)

   SpringDataWebAutoConfiguration#pageableCustomizer matched:
      - @ConditionalOnMissingBean (types: org.springframework.data.web.config.PageableHandlerMethodArgumentResolverCustomizer; SearchStrategy: all) did not find any beans (OnBeanCondition)

   SpringDataWebAutoConfiguration#sortCustomizer matched:
      - @ConditionalOnMissingBean (types: org.springframework.data.web.config.SortHandlerMethodArgumentResolverCustomizer; SearchStrategy: all) did not find any beans (OnBeanCondition)

   SpringDocConfigProperties matched:
      - @ConditionalOnProperty (springdoc.api-docs.enabled) matched (OnPropertyCondition)
      - @ConditionalOnBean (types: org.springdoc.core.configuration.SpringDocConfiguration; SearchStrategy: all) found bean 'org.springdoc.core.configuration.SpringDocConfiguration' (OnBeanCondition)

   SpringDocConfiguration matched:
      - @ConditionalOnWebApplication (required) found 'session' scope (OnWebApplicationCondition)
      - @ConditionalOnProperty (springdoc.api-docs.enabled) matched (OnPropertyCondition)

   SpringDocConfiguration#fileSupportConverter matched:
      - @ConditionalOnMissingBean (types: org.springdoc.core.converters.FileSupportConverter; SearchStrategy: all) did not find any beans (OnBeanCondition)

   SpringDocConfiguration#objectMapperProvider matched:
      - @ConditionalOnMissingBean (types: org.springdoc.core.providers.ObjectMapperProvider; SearchStrategy: all) did not find any beans (OnBeanCondition)

   SpringDocConfiguration#openAPIBuilder matched:
      - @ConditionalOnMissingBean (types: org.springdoc.core.service.OpenAPIService; SearchStrategy: all) did not find any beans (OnBeanCondition)

   SpringDocConfiguration#operationBuilder matched:
      - @ConditionalOnMissingBean (types: org.springdoc.core.service.OperationService; SearchStrategy: all) did not find any beans (OnBeanCondition)

   SpringDocConfiguration#parameterBuilder matched:
      - @ConditionalOnMissingBean (types: org.springdoc.core.service.GenericParameterService; SearchStrategy: all) did not find any beans (OnBeanCondition)

   SpringDocConfiguration#polymorphicModelConverter matched:
      - @ConditionalOnProperty (springdoc.model-converters.polymorphic-converter.enabled) matched (OnPropertyCondition)
      - @ConditionalOnMissingBean (types: org.springdoc.core.converters.PolymorphicModelConverter; SearchStrategy: all) did not find any beans (OnBeanCondition)

   SpringDocConfiguration#requestBodyBuilder matched:
      - @ConditionalOnMissingBean (types: org.springdoc.core.service.RequestBodyService; SearchStrategy: all) did not find any beans (OnBeanCondition)

   SpringDocConfiguration#responseSupportConverter matched:
      - @ConditionalOnMissingBean (types: org.springdoc.core.converters.ResponseSupportConverter; SearchStrategy: all) did not find any beans (OnBeanCondition)

   SpringDocConfiguration#schemaPropertyDeprecatingConverter matched:
      - @ConditionalOnProperty (springdoc.model-converters.deprecating-converter.enabled) matched (OnPropertyCondition)
      - @ConditionalOnMissingBean (types: org.springdoc.core.converters.SchemaPropertyDeprecatingConverter; SearchStrategy: all) did not find any beans (OnBeanCondition)

   SpringDocConfiguration#securityParser matched:
      - @ConditionalOnMissingBean (types: org.springdoc.core.service.SecurityService; SearchStrategy: all) did not find any beans (OnBeanCondition)

   SpringDocConfiguration#springDocCustomizers matched:
      - @ConditionalOnMissingBean (types: org.springdoc.core.customizers.SpringDocCustomizers; SearchStrategy: all) did not find any beans (OnBeanCondition)

   SpringDocConfiguration#springDocProviders matched:
      - @ConditionalOnMissingBean (types: org.springdoc.core.providers.SpringDocProviders; SearchStrategy: all) did not find any beans (OnBeanCondition)

   SpringDocConfiguration.SpringDocSpringDataWebPropertiesProvider matched:
      - @ConditionalOnClass found required class 'org.springframework.boot.autoconfigure.data.web.SpringDataWebProperties' (OnClassCondition)

   SpringDocConfiguration.SpringDocSpringDataWebPropertiesProvider#springDataWebPropertiesProvider matched:
      - @ConditionalOnMissingBean (types: org.springdoc.core.providers.SpringDataWebPropertiesProvider; SearchStrategy: all) did not find any beans (OnBeanCondition)

   SpringDocConfiguration.WebConversionServiceConfiguration matched:
      - @ConditionalOnClass found required class 'org.springframework.boot.autoconfigure.web.format.WebConversionService' (OnClassCondition)

   SpringDocPageableConfiguration matched:
      - @ConditionalOnClass found required class 'org.springframework.data.domain.Pageable' (OnClassCondition)
      - @ConditionalOnWebApplication (required) found 'session' scope (OnWebApplicationCondition)
      - @ConditionalOnProperty (springdoc.api-docs.enabled) matched (OnPropertyCondition)
      - @ConditionalOnBean (types: org.springdoc.core.configuration.SpringDocConfiguration; SearchStrategy: all) found bean 'org.springdoc.core.configuration.SpringDocConfiguration' (OnBeanCondition)

   SpringDocPageableConfiguration#delegatingMethodParameterCustomizer matched:
      - @ConditionalOnMissingBean (types: org.springdoc.core.customizers.DelegatingMethodParameterCustomizer; SearchStrategy: all) did not find any beans (OnBeanCondition)

   SpringDocPageableConfiguration#pageableOpenAPIConverter matched:
      - @ConditionalOnProperty (springdoc.model-converters.pageable-converter.enabled) matched (OnPropertyCondition)
      - @ConditionalOnMissingBean (types: org.springdoc.core.converters.PageableOpenAPIConverter; SearchStrategy: all) did not find any beans (OnBeanCondition)

   SpringDocSecurityConfiguration matched:
      - @ConditionalOnClass found required class 'org.springframework.security.web.SecurityFilterChain' (OnClassCondition)
      - @ConditionalOnWebApplication (required) found 'session' scope (OnWebApplicationCondition)
      - @ConditionalOnExpression (#{${springdoc.api-docs.enabled:true} and ${springdoc.enable-spring-security:true}}) resulted in true (OnExpressionCondition)
      - @ConditionalOnBean (types: org.springdoc.core.configuration.SpringDocConfiguration; SearchStrategy: all) found bean 'org.springdoc.core.configuration.SpringDocConfiguration' (OnBeanCondition)

   SpringDocSecurityConfiguration.SpringSecurityLoginEndpointConfiguration matched:
      - @ConditionalOnClass found required class 'jakarta.servlet.Filter' (OnClassCondition)

   SpringDocSortConfiguration matched:
      - @ConditionalOnClass found required class 'org.springframework.data.domain.Sort' (OnClassCondition)
      - @ConditionalOnWebApplication (required) found 'session' scope (OnWebApplicationCondition)
      - @ConditionalOnProperty (springdoc.api-docs.enabled) matched (OnPropertyCondition)
      - @ConditionalOnBean (types: org.springdoc.core.configuration.SpringDocConfiguration; SearchStrategy: all) found bean 'org.springdoc.core.configuration.SpringDocConfiguration' (OnBeanCondition)

   SpringDocSortConfiguration#sortOpenAPIConverter matched:
      - @ConditionalOnProperty (springdoc.model-converters.sort-converter.enabled) matched (OnPropertyCondition)
      - @ConditionalOnMissingBean (types: org.springdoc.core.converters.SortOpenAPIConverter; SearchStrategy: all) did not find any beans (OnBeanCondition)

   SpringDocUIConfiguration matched:
      - @ConditionalOnWebApplication (required) found 'session' scope (OnWebApplicationCondition)
      - @ConditionalOnExpression (#{${springdoc.api-docs.enabled:true}}) resulted in true (OnExpressionCondition)
      - @ConditionalOnBean (types: org.springdoc.core.configuration.SpringDocConfiguration; SearchStrategy: all) found bean 'org.springdoc.core.configuration.SpringDocConfiguration' (OnBeanCondition)

   SpringDocWebMvcConfiguration matched:
      - found 'session' scope (OnWebApplicationCondition)
      - @ConditionalOnProperty (springdoc.api-docs.enabled) matched (OnPropertyCondition)
      - @ConditionalOnBean (types: org.springdoc.core.configuration.SpringDocConfiguration; SearchStrategy: all) found bean 'org.springdoc.core.configuration.SpringDocConfiguration' (OnBeanCondition)

   SpringDocWebMvcConfiguration#openApiResource matched:
      - @ConditionalOnProperty (springdoc.use-management-port=false) matched (OnPropertyCondition)
      - @ConditionalOnMissingBean (types: org.springdoc.webmvc.api.OpenApiWebMvcResource; SearchStrategy: all) did not find any beans (OnBeanCondition)

   SpringDocWebMvcConfiguration#requestBuilder matched:
      - @ConditionalOnMissingBean (types: org.springdoc.webmvc.core.service.RequestService; SearchStrategy: all) did not find any beans (OnBeanCondition)

   SpringDocWebMvcConfiguration#responseBuilder matched:
      - @ConditionalOnMissingBean (types: org.springdoc.core.service.GenericResponseService; SearchStrategy: all) did not find any beans (OnBeanCondition)

   SpringDocWebMvcConfiguration#springWebProvider matched:
      - @ConditionalOnMissingBean (types: org.springdoc.core.providers.SpringWebProvider; SearchStrategy: all) did not find any beans (OnBeanCondition)

   SpringDocWebMvcConfiguration.SpringDocWebMvcRouterConfiguration matched:
      - @ConditionalOnClass found required class 'org.springframework.web.servlet.function.RouterFunction' (OnClassCondition)

   SpringDocWebMvcConfiguration.SpringDocWebMvcRouterConfiguration#routerFunctionProvider matched:
      - @ConditionalOnMissingBean (types: org.springdoc.webmvc.core.providers.RouterFunctionWebMvcProvider; SearchStrategy: all) did not find any beans (OnBeanCondition)

   SqlInitializationAutoConfiguration matched:
      - @ConditionalOnProperty (spring.sql.init.enabled) matched (OnPropertyCondition)
      - NoneNestedConditions 0 matched 1 did not; NestedCondition on SqlInitializationAutoConfiguration.SqlInitializationModeCondition.ModeIsNever @ConditionalOnProperty (spring.sql.init.mode=never) did not find property 'mode' (SqlInitializationAutoConfiguration.SqlInitializationModeCondition)

   SslAutoConfiguration#sslBundleRegistry matched:
      - @ConditionalOnMissingBean (types: org.springframework.boot.ssl.SslBundleRegistry,org.springframework.boot.ssl.SslBundles; SearchStrategy: all) did not find any beans (OnBeanCondition)

   SwaggerConfig matched:
      - found 'session' scope (OnWebApplicationCondition)
      - @ConditionalOnProperty (springdoc.swagger-ui.enabled) matched (OnPropertyCondition)
      - @ConditionalOnBean (types: org.springdoc.core.configuration.SpringDocConfiguration; SearchStrategy: all) found bean 'org.springdoc.core.configuration.SpringDocConfiguration' (OnBeanCondition)

   SwaggerConfig#indexPageTransformer matched:
      - @ConditionalOnMissingBean (types: org.springdoc.webmvc.ui.SwaggerIndexTransformer; SearchStrategy: all) did not find any beans (OnBeanCondition)

   SwaggerConfig#swaggerConfigResource matched:
      - @ConditionalOnProperty (springdoc.use-management-port=false) matched (OnPropertyCondition)
      - @ConditionalOnMissingBean (types: org.springdoc.webmvc.ui.SwaggerConfigResource; SearchStrategy: all) did not find any beans (OnBeanCondition)

   SwaggerConfig#swaggerResourceResolver matched:
      - @ConditionalOnMissingBean (types: org.springdoc.webmvc.ui.SwaggerResourceResolver; SearchStrategy: all) did not find any beans (OnBeanCondition)

   SwaggerConfig#swaggerWebMvcConfigurer matched:
      - @ConditionalOnMissingBean (types: org.springdoc.webmvc.ui.SwaggerWebMvcConfigurer; SearchStrategy: all) did not find any beans (OnBeanCondition)

   SwaggerConfig#swaggerWelcome matched:
      - @ConditionalOnProperty (springdoc.use-management-port=false) matched (OnPropertyCondition)
      - @ConditionalOnMissingBean (types: org.springdoc.webmvc.ui.SwaggerWelcomeWebMvc; SearchStrategy: all) did not find any beans (OnBeanCondition)

   SwaggerUiConfigParameters matched:
      - @ConditionalOnProperty (springdoc.swagger-ui.enabled) matched (OnPropertyCondition)
      - @ConditionalOnBean (types: org.springdoc.core.configuration.SpringDocConfiguration; SearchStrategy: all) found bean 'org.springdoc.core.configuration.SpringDocConfiguration' (OnBeanCondition)

   SwaggerUiConfigProperties matched:
      - @ConditionalOnProperty (springdoc.swagger-ui.enabled) matched (OnPropertyCondition)
      - @ConditionalOnBean (types: org.springdoc.core.configuration.SpringDocConfiguration; SearchStrategy: all) found bean 'org.springdoc.core.configuration.SpringDocConfiguration' (OnBeanCondition)

   SwaggerUiOAuthProperties matched:
      - @ConditionalOnProperty (springdoc.swagger-ui.enabled) matched (OnPropertyCondition)
      - @ConditionalOnBean (types: org.springdoc.core.configuration.SpringDocConfiguration; SearchStrategy: all) found bean 'org.springdoc.core.configuration.SpringDocConfiguration' (OnBeanCondition)

   TaskExecutionAutoConfiguration matched:
      - @ConditionalOnClass found required class 'org.springframework.scheduling.concurrent.ThreadPoolTaskExecutor' (OnClassCondition)

   TaskExecutorConfigurations.SimpleAsyncTaskExecutorBuilderConfiguration#simpleAsyncTaskExecutorBuilder matched:
      - @ConditionalOnMissingBean (types: org.springframework.boot.task.SimpleAsyncTaskExecutorBuilder; SearchStrategy: all) did not find any beans (OnBeanCondition)
      - @ConditionalOnThreading found PLATFORM (OnThreadingCondition)

   TaskExecutorConfigurations.TaskExecutorBuilderConfiguration#taskExecutorBuilder matched:
      - @ConditionalOnMissingBean (types: org.springframework.boot.task.TaskExecutorBuilder; SearchStrategy: all) did not find any beans (OnBeanCondition)

   TaskExecutorConfigurations.TaskExecutorConfiguration matched:
      - @ConditionalOnMissingBean (types: java.util.concurrent.Executor; SearchStrategy: all) did not find any beans (OnBeanCondition)

   TaskExecutorConfigurations.TaskExecutorConfiguration#applicationTaskExecutor matched:
      - @ConditionalOnThreading found PLATFORM (OnThreadingCondition)

   TaskExecutorConfigurations.ThreadPoolTaskExecutorBuilderConfiguration#threadPoolTaskExecutorBuilder matched:
      - @ConditionalOnMissingBean (types: org.springframework.boot.task.TaskExecutorBuilder,org.springframework.boot.task.ThreadPoolTaskExecutorBuilder; SearchStrategy: all) did not find any beans (OnBeanCondition)

   TaskSchedulingAutoConfiguration matched:
      - @ConditionalOnClass found required class 'org.springframework.scheduling.concurrent.ThreadPoolTaskScheduler' (OnClassCondition)

   TaskSchedulingConfigurations.SimpleAsyncTaskSchedulerBuilderConfiguration#simpleAsyncTaskSchedulerBuilder matched:
      - @ConditionalOnMissingBean (types: org.springframework.boot.task.SimpleAsyncTaskSchedulerBuilder; SearchStrategy: all) did not find any beans (OnBeanCondition)
      - @ConditionalOnThreading found PLATFORM (OnThreadingCondition)

   TaskSchedulingConfigurations.TaskSchedulerBuilderConfiguration#taskSchedulerBuilder matched:
      - @ConditionalOnMissingBean (types: org.springframework.boot.task.TaskSchedulerBuilder; SearchStrategy: all) did not find any beans (OnBeanCondition)

   TaskSchedulingConfigurations.ThreadPoolTaskSchedulerBuilderConfiguration#threadPoolTaskSchedulerBuilder matched:
      - @ConditionalOnMissingBean (types: org.springframework.boot.task.TaskSchedulerBuilder,org.springframework.boot.task.ThreadPoolTaskSchedulerBuilder; SearchStrategy: all) did not find any beans (OnBeanCondition)

   TransactionAutoConfiguration matched:
      - @ConditionalOnClass found required class 'org.springframework.transaction.PlatformTransactionManager' (OnClassCondition)

   TransactionAutoConfiguration.EnableTransactionManagementConfiguration matched:
      - @ConditionalOnBean (types: org.springframework.transaction.TransactionManager; SearchStrategy: all) found bean 'transactionManager'; @ConditionalOnMissingBean (types: org.springframework.transaction.annotation.AbstractTransactionManagementConfiguration; SearchStrategy: all) did not find any beans (OnBeanCondition)

   TransactionAutoConfiguration.EnableTransactionManagementConfiguration.CglibAutoProxyConfiguration matched:
      - @ConditionalOnProperty (spring.aop.proxy-target-class=true) matched (OnPropertyCondition)

   TransactionAutoConfiguration.TransactionTemplateConfiguration matched:
      - @ConditionalOnSingleCandidate (types: org.springframework.transaction.PlatformTransactionManager; SearchStrategy: all) found a single bean 'transactionManager' (OnBeanCondition)

   TransactionAutoConfiguration.TransactionTemplateConfiguration#transactionTemplate matched:
      - @ConditionalOnMissingBean (types: org.springframework.transaction.support.TransactionOperations; SearchStrategy: all) did not find any beans (OnBeanCondition)

   TransactionManagerCustomizationAutoConfiguration matched:
      - @ConditionalOnClass found required class 'org.springframework.transaction.PlatformTransactionManager' (OnClassCondition)

   TransactionManagerCustomizationAutoConfiguration#platformTransactionManagerCustomizers matched:
      - @ConditionalOnMissingBean (types: org.springframework.boot.autoconfigure.transaction.TransactionManagerCustomizers; SearchStrategy: all) did not find any beans (OnBeanCondition)

   WebMvcAutoConfiguration matched:
      - @ConditionalOnClass found required classes 'jakarta.servlet.Servlet', 'org.springframework.web.servlet.DispatcherServlet', 'org.springframework.web.servlet.config.annotation.WebMvcConfigurer' (OnClassCondition)
      - found 'session' scope (OnWebApplicationCondition)
      - @ConditionalOnMissingBean (types: org.springframework.web.servlet.config.annotation.WebMvcConfigurationSupport; SearchStrategy: all) did not find any beans (OnBeanCondition)

   WebMvcAutoConfiguration#formContentFilter matched:
      - @ConditionalOnProperty (spring.mvc.formcontent.filter.enabled) matched (OnPropertyCondition)
      - @ConditionalOnMissingBean (types: org.springframework.web.filter.FormContentFilter; SearchStrategy: all) did not find any beans (OnBeanCondition)

   WebMvcAutoConfiguration.EnableWebMvcConfiguration#flashMapManager matched:
      - @ConditionalOnMissingBean (names: flashMapManager; SearchStrategy: all) did not find any beans (OnBeanCondition)

   WebMvcAutoConfiguration.EnableWebMvcConfiguration#localeResolver matched:
      - @ConditionalOnMissingBean (names: localeResolver; SearchStrategy: all) did not find any beans (OnBeanCondition)

   WebMvcAutoConfiguration.EnableWebMvcConfiguration#themeResolver matched:
      - @ConditionalOnMissingBean (names: themeResolver; SearchStrategy: all) did not find any beans (OnBeanCondition)

   WebMvcAutoConfiguration.WebMvcAutoConfigurationAdapter#defaultViewResolver matched:
      - @ConditionalOnMissingBean (types: org.springframework.web.servlet.view.InternalResourceViewResolver; SearchStrategy: all) did not find any beans (OnBeanCondition)

   WebMvcAutoConfiguration.WebMvcAutoConfigurationAdapter#requestContextFilter matched:
      - @ConditionalOnMissingBean (types: org.springframework.web.context.request.RequestContextListener,org.springframework.web.filter.RequestContextFilter; SearchStrategy: all) did not find any beans (OnBeanCondition)

   WebMvcAutoConfiguration.WebMvcAutoConfigurationAdapter#viewResolver matched:
      - @ConditionalOnBean (types: org.springframework.web.servlet.ViewResolver; SearchStrategy: all) found beans 'defaultViewResolver', 'beanNameViewResolver', 'mvcViewResolver'; @ConditionalOnMissingBean (names: viewResolver types: org.springframework.web.servlet.view.ContentNegotiatingViewResolver; SearchStrategy: all) did not find any beans (OnBeanCondition)

   WebSocketServletAutoConfiguration matched:
      - @ConditionalOnClass found required classes 'jakarta.servlet.Servlet', 'jakarta.websocket.server.ServerContainer' (OnClassCondition)
      - found 'session' scope (OnWebApplicationCondition)

   WebSocketServletAutoConfiguration.TomcatWebSocketConfiguration matched:
      - @ConditionalOnClass found required classes 'org.apache.catalina.startup.Tomcat', 'org.apache.tomcat.websocket.server.WsSci' (OnClassCondition)

   WebSocketServletAutoConfiguration.TomcatWebSocketConfiguration#websocketServletWebServerCustomizer matched:
      - @ConditionalOnMissingBean (names: websocketServletWebServerCustomizer; SearchStrategy: all) did not find any beans (OnBeanCondition)


Negative matches:
-----------------

   ActiveMQAutoConfiguration:
      Did not match:
         - @ConditionalOnClass did not find required class 'jakarta.jms.ConnectionFactory' (OnClassCondition)

   AopAutoConfiguration.AspectJAutoProxyingConfiguration.JdkDynamicAutoProxyConfiguration:
      Did not match:
         - @ConditionalOnProperty (spring.aop.proxy-target-class=false) did not find property 'proxy-target-class' (OnPropertyCondition)

   AopAutoConfiguration.ClassProxyingConfiguration:
      Did not match:
         - @ConditionalOnMissingClass found unwanted class 'org.aspectj.weaver.Advice' (OnClassCondition)

   ArtemisAutoConfiguration:
      Did not match:
         - @ConditionalOnClass did not find required class 'jakarta.jms.ConnectionFactory' (OnClassCondition)

   BatchAutoConfiguration:
      Did not match:
         - @ConditionalOnClass did not find required class 'org.springframework.batch.core.launch.JobLauncher' (OnClassCondition)

   Cache2kCacheConfiguration:
      Did not match:
         - @ConditionalOnClass did not find required class 'org.cache2k.Cache2kBuilder' (OnClassCondition)

   CacheAutoConfiguration:
      Did not match:
         - @ConditionalOnBean (types: org.springframework.cache.interceptor.CacheAspectSupport; SearchStrategy: all) did not find any beans of type org.springframework.cache.interceptor.CacheAspectSupport (OnBeanCondition)
      Matched:
         - @ConditionalOnClass found required class 'org.springframework.cache.CacheManager' (OnClassCondition)

   CacheAutoConfiguration.CacheManagerEntityManagerFactoryDependsOnPostProcessor:
      Did not match:
         - Ancestor org.springframework.boot.autoconfigure.cache.CacheAutoConfiguration did not match (ConditionEvaluationReport.AncestorsMatchedCondition)
      Matched:
         - @ConditionalOnClass found required class 'org.springframework.orm.jpa.LocalContainerEntityManagerFactoryBean' (OnClassCondition)

   CaffeineCacheConfiguration:
      Did not match:
         - @ConditionalOnClass did not find required class 'com.github.benmanes.caffeine.cache.Caffeine' (OnClassCondition)

   CassandraAutoConfiguration:
      Did not match:
         - @ConditionalOnClass did not find required class 'com.datastax.oss.driver.api.core.CqlSession' (OnClassCondition)

   CassandraDataAutoConfiguration:
      Did not match:
         - @ConditionalOnClass did not find required class 'com.datastax.oss.driver.api.core.CqlSession' (OnClassCondition)

   CassandraReactiveDataAutoConfiguration:
      Did not match:
         - @ConditionalOnClass did not find required class 'com.datastax.oss.driver.api.core.CqlSession' (OnClassCondition)

   CassandraReactiveRepositoriesAutoConfiguration:
      Did not match:
         - @ConditionalOnClass did not find required class 'org.springframework.data.cassandra.ReactiveSession' (OnClassCondition)

   CassandraRepositoriesAutoConfiguration:
      Did not match:
         - @ConditionalOnClass did not find required class 'com.datastax.oss.driver.api.core.CqlSession' (OnClassCondition)

   ClientHttpConnectorAutoConfiguration:
      Did not match:
         - @ConditionalOnClass did not find required class 'org.springframework.web.reactive.function.client.WebClient' (OnClassCondition)

   CodecsAutoConfiguration:
      Did not match:
         - @ConditionalOnClass did not find required class 'org.springframework.web.reactive.function.client.WebClient' (OnClassCondition)

   CouchbaseAutoConfiguration:
      Did not match:
         - @ConditionalOnClass did not find required class 'com.couchbase.client.java.Cluster' (OnClassCondition)

   CouchbaseCacheConfiguration:
      Did not match:
         - @ConditionalOnClass did not find required class 'com.couchbase.client.java.Cluster' (OnClassCondition)

   CouchbaseDataAutoConfiguration:
      Did not match:
         - @ConditionalOnClass did not find required class 'com.couchbase.client.java.Bucket' (OnClassCondition)

   CouchbaseReactiveDataAutoConfiguration:
      Did not match:
         - @ConditionalOnClass did not find required class 'com.couchbase.client.java.Cluster' (OnClassCondition)

   CouchbaseReactiveRepositoriesAutoConfiguration:
      Did not match:
         - @ConditionalOnClass did not find required class 'com.couchbase.client.java.Cluster' (OnClassCondition)

   CouchbaseRepositoriesAutoConfiguration:
      Did not match:
         - @ConditionalOnClass did not find required class 'com.couchbase.client.java.Bucket' (OnClassCondition)

   DataSourceAutoConfiguration.EmbeddedDatabaseConfiguration:
      Did not match:
         - EmbeddedDataSource spring.datasource.url is set (DataSourceAutoConfiguration.EmbeddedDatabaseCondition)

   DataSourceCheckpointRestoreConfiguration:
      Did not match:
         - @ConditionalOnClass did not find required class 'org.crac.Resource' (OnClassCondition)

   DataSourceConfiguration.Dbcp2:
      Did not match:
         - @ConditionalOnClass did not find required class 'org.apache.commons.dbcp2.BasicDataSource' (OnClassCondition)

   DataSourceConfiguration.Generic:
      Did not match:
         - @ConditionalOnProperty (spring.datasource.type) did not find property 'spring.datasource.type' (OnPropertyCondition)

   DataSourceConfiguration.OracleUcp:
      Did not match:
         - @ConditionalOnClass did not find required classes 'oracle.ucp.jdbc.PoolDataSourceImpl', 'oracle.jdbc.OracleConnection' (OnClassCondition)

   DataSourceConfiguration.Tomcat:
      Did not match:
         - @ConditionalOnClass did not find required class 'org.apache.tomcat.jdbc.pool.DataSource' (OnClassCondition)

   DataSourceJmxConfiguration:
      Did not match:
         - @ConditionalOnProperty (spring.jmx.enabled=true) found different value in property 'enabled' (OnPropertyCondition)

   DataSourcePoolMetadataProvidersConfiguration.CommonsDbcp2PoolDataSourceMetadataProviderConfiguration:
      Did not match:
         - @ConditionalOnClass did not find required class 'org.apache.commons.dbcp2.BasicDataSource' (OnClassCondition)

   DataSourcePoolMetadataProvidersConfiguration.OracleUcpPoolDataSourceMetadataProviderConfiguration:
      Did not match:
         - @ConditionalOnClass did not find required classes 'oracle.ucp.jdbc.PoolDataSource', 'oracle.jdbc.OracleConnection' (OnClassCondition)

   DataSourcePoolMetadataProvidersConfiguration.TomcatDataSourcePoolMetadataProviderConfiguration:
      Did not match:
         - @ConditionalOnClass did not find required class 'org.apache.tomcat.jdbc.pool.DataSource' (OnClassCondition)

   DataSourceTransactionManagerAutoConfiguration.JdbcTransactionManagerConfiguration#transactionManager:
      Did not match:
         - @ConditionalOnMissingBean (types: org.springframework.transaction.TransactionManager; SearchStrategy: all) found beans of type 'org.springframework.transaction.TransactionManager' transactionManager (OnBeanCondition)

   DevToolsDataSourceAutoConfiguration:
      Did not match:
         - Devtools devtools is disabled for current context. (OnEnabledDevToolsCondition)
      Matched:
         - @ConditionalOnClass found required class 'javax.sql.DataSource' (OnClassCondition)

   DevToolsR2dbcAutoConfiguration:
      Did not match:
         - @ConditionalOnClass did not find required class 'io.r2dbc.spi.ConnectionFactory' (OnClassCondition)

   DispatcherServletAutoConfiguration.DispatcherServletConfiguration#multipartResolver:
      Did not match:
         - @ConditionalOnBean (types: org.springframework.web.multipart.MultipartResolver; SearchStrategy: all) did not find any beans of type org.springframework.web.multipart.MultipartResolver (OnBeanCondition)

   ElasticsearchClientAutoConfiguration:
      Did not match:
         - @ConditionalOnClass did not find required class 'co.elastic.clients.elasticsearch.ElasticsearchClient' (OnClassCondition)

   ElasticsearchDataAutoConfiguration:
      Did not match:
         - @ConditionalOnClass did not find required class 'org.springframework.data.elasticsearch.client.elc.ElasticsearchTemplate' (OnClassCondition)

   ElasticsearchRepositoriesAutoConfiguration:
      Did not match:
         - @ConditionalOnClass did not find required class 'org.springframework.data.elasticsearch.repository.ElasticsearchRepository' (OnClassCondition)

   ElasticsearchRestClientAutoConfiguration:
      Did not match:
         - @ConditionalOnClass did not find required class 'org.elasticsearch.client.RestClientBuilder' (OnClassCondition)

   EmbeddedLdapAutoConfiguration:
      Did not match:
         - @ConditionalOnClass did not find required class 'com.unboundid.ldap.listener.InMemoryDirectoryServer' (OnClassCondition)

   EmbeddedWebServerFactoryCustomizerAutoConfiguration:
      Did not match:
         - Application is deployed as a WAR file. (OnWarDeploymentCondition)
      Matched:
         - @ConditionalOnWebApplication (required) found 'session' scope (OnWebApplicationCondition)

   ErrorWebFluxAutoConfiguration:
      Did not match:
         - @ConditionalOnClass did not find required class 'org.springframework.web.reactive.config.WebFluxConfigurer' (OnClassCondition)

   FlywayAutoConfiguration:
      Did not match:
         - @ConditionalOnClass did not find required class 'org.flywaydb.core.Flyway' (OnClassCondition)

   FreeMarkerAutoConfiguration:
      Did not match:
         - @ConditionalOnClass did not find required class 'freemarker.template.Configuration' (OnClassCondition)

   GraphQlAutoConfiguration:
      Did not match:
         - @ConditionalOnClass did not find required class 'graphql.GraphQL' (OnClassCondition)

   GraphQlQueryByExampleAutoConfiguration:
      Did not match:
         - @ConditionalOnClass did not find required class 'graphql.GraphQL' (OnClassCondition)

   GraphQlQuerydslAutoConfiguration:
      Did not match:
         - @ConditionalOnClass did not find required class 'com.querydsl.core.Query' (OnClassCondition)

   GraphQlRSocketAutoConfiguration:
      Did not match:
         - @ConditionalOnClass did not find required class 'graphql.GraphQL' (OnClassCondition)

   GraphQlReactiveQueryByExampleAutoConfiguration:
      Did not match:
         - @ConditionalOnClass did not find required class 'graphql.GraphQL' (OnClassCondition)

   GraphQlReactiveQuerydslAutoConfiguration:
      Did not match:
         - @ConditionalOnClass did not find required class 'com.querydsl.core.Query' (OnClassCondition)

   GraphQlWebFluxAutoConfiguration:
      Did not match:
         - @ConditionalOnClass did not find required class 'graphql.GraphQL' (OnClassCondition)

   GraphQlWebFluxSecurityAutoConfiguration:
      Did not match:
         - @ConditionalOnClass did not find required class 'graphql.GraphQL' (OnClassCondition)

   GraphQlWebMvcAutoConfiguration:
      Did not match:
         - @ConditionalOnClass did not find required class 'graphql.GraphQL' (OnClassCondition)

   GraphQlWebMvcSecurityAutoConfiguration:
      Did not match:
         - @ConditionalOnClass did not find required class 'graphql.GraphQL' (OnClassCondition)

   GroovyTemplateAutoConfiguration:
      Did not match:
         - @ConditionalOnClass did not find required class 'groovy.text.markup.MarkupTemplateEngine' (OnClassCondition)

   GsonAutoConfiguration:
      Did not match:
         - @ConditionalOnClass did not find required class 'com.google.gson.Gson' (OnClassCondition)

   GsonHttpMessageConvertersConfiguration:
      Did not match:
         - @ConditionalOnClass did not find required class 'com.google.gson.Gson' (OnClassCondition)

   H2ConsoleAutoConfiguration:
      Did not match:
         - @ConditionalOnProperty (spring.h2.console.enabled=true) did not find property 'enabled' (OnPropertyCondition)
      Matched:
         - @ConditionalOnClass found required class 'org.h2.server.web.JakartaWebServlet' (OnClassCondition)
         - found 'session' scope (OnWebApplicationCondition)

   HazelcastAutoConfiguration:
      Did not match:
         - @ConditionalOnClass did not find required class 'com.hazelcast.core.HazelcastInstance' (OnClassCondition)

   HazelcastCacheConfiguration:
      Did not match:
         - @ConditionalOnClass did not find required class 'com.hazelcast.core.HazelcastInstance' (OnClassCondition)

   HazelcastJpaDependencyAutoConfiguration:
      Did not match:
         - @ConditionalOnClass did not find required class 'com.hazelcast.core.HazelcastInstance' (OnClassCondition)

   HttpHandlerAutoConfiguration:
      Did not match:
         - @ConditionalOnClass did not find required class 'org.springframework.web.reactive.DispatcherHandler' (OnClassCondition)

   HypermediaAutoConfiguration:
      Did not match:
         - @ConditionalOnClass did not find required class 'org.springframework.hateoas.EntityModel' (OnClassCondition)

   InfinispanCacheConfiguration:
      Did not match:
         - @ConditionalOnClass did not find required class 'org.infinispan.spring.embedded.provider.SpringEmbeddedCacheManager' (OnClassCondition)

   InfluxDbAutoConfiguration:
      Did not match:
         - @ConditionalOnClass did not find required class 'org.influxdb.InfluxDB' (OnClassCondition)

   IntegrationAutoConfiguration:
      Did not match:
         - @ConditionalOnClass did not find required class 'org.springframework.integration.config.EnableIntegration' (OnClassCondition)

   JCacheCacheConfiguration:
      Did not match:
         - @ConditionalOnClass did not find required class 'javax.cache.Caching' (OnClassCondition)

   JacksonAutoConfiguration.JacksonObjectMapperConfiguration#jacksonObjectMapper:
      Did not match:
         - @ConditionalOnMissingBean (types: com.fasterxml.jackson.databind.ObjectMapper; SearchStrategy: all) found beans of type 'com.fasterxml.jackson.databind.ObjectMapper' objectMapper (OnBeanCondition)

   JacksonHttpMessageConvertersConfiguration.MappingJackson2XmlHttpMessageConverterConfiguration:
      Did not match:
         - @ConditionalOnClass did not find required class 'com.fasterxml.jackson.dataformat.xml.XmlMapper' (OnClassCondition)

   JdbcRepositoriesAutoConfiguration:
      Did not match:
         - @ConditionalOnClass did not find required class 'org.springframework.data.jdbc.repository.config.AbstractJdbcConfiguration' (OnClassCondition)

   JerseyAutoConfiguration:
      Did not match:
         - @ConditionalOnClass did not find required class 'org.glassfish.jersey.server.spring.SpringComponentProvider' (OnClassCondition)

   JmsAutoConfiguration:
      Did not match:
         - @ConditionalOnClass did not find required class 'jakarta.jms.Message' (OnClassCondition)

   JmxAutoConfiguration:
      Did not match:
         - @ConditionalOnProperty (spring.jmx.enabled=true) found different value in property 'enabled' (OnPropertyCondition)
      Matched:
         - @ConditionalOnClass found required class 'org.springframework.jmx.export.MBeanExporter' (OnClassCondition)

   JndiConnectionFactoryAutoConfiguration:
      Did not match:
         - @ConditionalOnClass did not find required class 'org.springframework.jms.core.JmsTemplate' (OnClassCondition)

   JndiDataSourceAutoConfiguration:
      Did not match:
         - @ConditionalOnProperty (spring.datasource.jndi-name) did not find property 'jndi-name' (OnPropertyCondition)
      Matched:
         - @ConditionalOnClass found required classes 'javax.sql.DataSource', 'org.springframework.jdbc.datasource.embedded.EmbeddedDatabaseType' (OnClassCondition)

   JndiJtaConfiguration:
      Did not match:
         - @ConditionalOnJndi JNDI environment is not available (OnJndiCondition)
      Matched:
         - @ConditionalOnClass found required class 'org.springframework.transaction.jta.JtaTransactionManager' (OnClassCondition)

   JooqAutoConfiguration:
      Did not match:
         - @ConditionalOnClass did not find required class 'org.jooq.DSLContext' (OnClassCondition)

   JpaRepositoriesAutoConfiguration:
      Did not match:
         - @ConditionalOnMissingBean (types: org.springframework.data.jpa.repository.support.JpaRepositoryFactoryBean,org.springframework.data.jpa.repository.config.JpaRepositoryConfigExtension; SearchStrategy: all) found beans of type 'org.springframework.data.jpa.repository.support.JpaRepositoryFactoryBean' &doctorRepository, &attachmentRepository, &patientRepository, &applicationRepository, &researchRepository, &digitalSignatureRepository, &clinicalStudyRepresentiveRepository, &userRepository, &notificationRepository and found beans of type 'org.springframework.data.jpa.repository.config.JpaRepositoryConfigExtension' org.springframework.data.jpa.repository.config.JpaRepositoryConfigExtension#0 (OnBeanCondition)
      Matched:
         - @ConditionalOnClass found required class 'org.springframework.data.jpa.repository.JpaRepository' (OnClassCondition)
         - @ConditionalOnProperty (spring.data.jpa.repositories.enabled=true) matched (OnPropertyCondition)

   JsonbAutoConfiguration:
      Did not match:
         - @ConditionalOnClass did not find required class 'jakarta.json.bind.Jsonb' (OnClassCondition)

   JsonbHttpMessageConvertersConfiguration:
      Did not match:
         - @ConditionalOnClass did not find required class 'jakarta.json.bind.Jsonb' (OnClassCondition)

   KafkaAutoConfiguration:
      Did not match:
         - @ConditionalOnClass did not find required class 'org.springframework.kafka.core.KafkaTemplate' (OnClassCondition)

   LdapAutoConfiguration:
      Did not match:
         - @ConditionalOnClass did not find required class 'org.springframework.ldap.core.ContextSource' (OnClassCondition)

   LdapRepositoriesAutoConfiguration:
      Did not match:
         - @ConditionalOnClass did not find required class 'org.springframework.data.ldap.repository.LdapRepository' (OnClassCondition)

   LiquibaseAutoConfiguration:
      Did not match:
         - @ConditionalOnClass did not find required class 'liquibase.change.DatabaseChange' (OnClassCondition)

   LocalDevToolsAutoConfiguration:
      Did not match:
         - Initialized Restarter Condition initialized without URLs (OnInitializedRestarterCondition)

   MailSenderAutoConfiguration:
      Did not match:
         - AnyNestedCondition 0 matched 2 did not; NestedCondition on MailSenderAutoConfiguration.MailSenderCondition.JndiNameProperty @ConditionalOnProperty (spring.mail.jndi-name) did not find property 'jndi-name'; NestedCondition on MailSenderAutoConfiguration.MailSenderCondition.HostProperty @ConditionalOnProperty (spring.mail.host) did not find property 'host' (MailSenderAutoConfiguration.MailSenderCondition)
      Matched:
         - @ConditionalOnClass found required classes 'jakarta.mail.internet.MimeMessage', 'jakarta.activation.MimeType', 'org.springframework.mail.MailSender' (OnClassCondition)

   MailSenderValidatorAutoConfiguration:
      Did not match:
         - @ConditionalOnProperty (spring.mail.test-connection) did not find property 'test-connection' (OnPropertyCondition)

   MessageSourceAutoConfiguration:
      Did not match:
         - ResourceBundle did not find bundle with basename messages (MessageSourceAutoConfiguration.ResourceBundleCondition)

   MongoAutoConfiguration:
      Did not match:
         - @ConditionalOnClass did not find required class 'com.mongodb.client.MongoClient' (OnClassCondition)

   MongoDataAutoConfiguration:
      Did not match:
         - @ConditionalOnClass did not find required class 'com.mongodb.client.MongoClient' (OnClassCondition)

   MongoReactiveAutoConfiguration:
      Did not match:
         - @ConditionalOnClass did not find required class 'com.mongodb.reactivestreams.client.MongoClient' (OnClassCondition)

   MongoReactiveDataAutoConfiguration:
      Did not match:
         - @ConditionalOnClass did not find required class 'com.mongodb.reactivestreams.client.MongoClient' (OnClassCondition)

   MongoReactiveRepositoriesAutoConfiguration:
      Did not match:
         - @ConditionalOnClass did not find required class 'com.mongodb.reactivestreams.client.MongoClient' (OnClassCondition)

   MongoRepositoriesAutoConfiguration:
      Did not match:
         - @ConditionalOnClass did not find required class 'com.mongodb.client.MongoClient' (OnClassCondition)

   MultipleOpenApiSupportConfiguration:
      Did not match:
         - AnyNestedCondition 0 matched 2 did not; NestedCondition on MultipleOpenApiSupportCondition.OnActuatorDifferentPort @ConditionalOnProperty (springdoc.show-actuator) did not find property 'springdoc.show-actuator'; NestedCondition on MultipleOpenApiSupportCondition.OnMultipleOpenApiSupportCondition AnyNestedCondition 0 matched 2 did not; NestedCondition on MultipleOpenApiGroupsCondition.OnGroupConfigProperty @ConditionalOnProperty (springdoc.group-configs[0].group) did not find property 'springdoc.group-configs[0].group'; NestedCondition on MultipleOpenApiGroupsCondition.OnGroupedOpenApiBean @ConditionalOnBean (types: org.springdoc.core.models.GroupedOpenApi; SearchStrategy: all) did not find any beans of type org.springdoc.core.models.GroupedOpenApi (MultipleOpenApiSupportCondition)
      Matched:
         - found 'session' scope (OnWebApplicationCondition)
         - @ConditionalOnProperty (springdoc.api-docs.enabled) matched (OnPropertyCondition)

   MultipleOpenApiSupportConfiguration.SpringDocWebMvcActuatorDifferentConfiguration:
      Did not match:
         - @ConditionalOnClass did not find required class 'org.springframework.boot.actuate.endpoint.web.servlet.WebMvcEndpointHandlerMapping' (OnClassCondition)
         - Ancestor org.springdoc.webmvc.core.configuration.MultipleOpenApiSupportConfiguration did not match (ConditionEvaluationReport.AncestorsMatchedCondition)

   MustacheAutoConfiguration:
      Did not match:
         - @ConditionalOnClass did not find required class 'com.samskivert.mustache.Mustache' (OnClassCondition)

   Neo4jAutoConfiguration:
      Did not match:
         - @ConditionalOnClass did not find required class 'org.neo4j.driver.Driver' (OnClassCondition)

   Neo4jDataAutoConfiguration:
      Did not match:
         - @ConditionalOnClass did not find required class 'org.neo4j.driver.Driver' (OnClassCondition)

   Neo4jReactiveDataAutoConfiguration:
      Did not match:
         - @ConditionalOnClass did not find required class 'org.neo4j.driver.Driver' (OnClassCondition)

   Neo4jReactiveRepositoriesAutoConfiguration:
      Did not match:
         - @ConditionalOnClass did not find required class 'org.neo4j.driver.Driver' (OnClassCondition)

   Neo4jRepositoriesAutoConfiguration:
      Did not match:
         - @ConditionalOnClass did not find required class 'org.neo4j.driver.Driver' (OnClassCondition)

   NettyAutoConfiguration:
      Did not match:
         - @ConditionalOnClass did not find required class 'io.netty.util.NettyRuntime' (OnClassCondition)

   OAuth2AuthorizationServerAutoConfiguration:
      Did not match:
         - @ConditionalOnClass did not find required class 'org.springframework.security.oauth2.server.authorization.OAuth2Authorization' (OnClassCondition)

   OAuth2AuthorizationServerJwtAutoConfiguration:
      Did not match:
         - @ConditionalOnClass did not find required class 'org.springframework.security.oauth2.server.authorization.OAuth2Authorization' (OnClassCondition)

   OAuth2ClientAutoConfiguration:
      Did not match:
         - @ConditionalOnClass did not find required class 'org.springframework.security.oauth2.client.registration.ClientRegistration' (OnClassCondition)

   OAuth2ResourceServerAutoConfiguration:
      Did not match:
         - @ConditionalOnClass did not find required class 'org.springframework.security.oauth2.server.resource.authentication.BearerTokenAuthenticationToken' (OnClassCondition)

   ProjectInfoAutoConfiguration#buildProperties:
      Did not match:
         - @ConditionalOnResource did not find resource '${spring.info.build.location:classpath:META-INF/build-info.properties}' (OnResourceCondition)

   ProjectInfoAutoConfiguration#gitProperties:
      Did not match:
         - GitResource did not find git info at classpath:git.properties (ProjectInfoAutoConfiguration.GitResourceAvailableCondition)

   PulsarAutoConfiguration:
      Did not match:
         - @ConditionalOnClass did not find required class 'org.apache.pulsar.client.api.PulsarClient' (OnClassCondition)

   PulsarReactiveAutoConfiguration:
      Did not match:
         - @ConditionalOnClass did not find required class 'org.apache.pulsar.client.api.PulsarClient' (OnClassCondition)

   QuartzAutoConfiguration:
      Did not match:
         - @ConditionalOnClass did not find required class 'org.quartz.Scheduler' (OnClassCondition)

   R2dbcAutoConfiguration:
      Did not match:
         - @ConditionalOnClass did not find required class 'io.r2dbc.spi.ConnectionFactory' (OnClassCondition)

   R2dbcDataAutoConfiguration:
      Did not match:
         - @ConditionalOnClass did not find required class 'org.springframework.data.r2dbc.core.R2dbcEntityTemplate' (OnClassCondition)

   R2dbcInitializationConfiguration:
      Did not match:
         - @ConditionalOnClass did not find required classes 'io.r2dbc.spi.ConnectionFactory', 'org.springframework.r2dbc.connection.init.DatabasePopulator' (OnClassCondition)

   R2dbcRepositoriesAutoConfiguration:
      Did not match:
         - @ConditionalOnClass did not find required class 'io.r2dbc.spi.ConnectionFactory' (OnClassCondition)

   R2dbcTransactionManagerAutoConfiguration:
      Did not match:
         - @ConditionalOnClass did not find required class 'org.springframework.r2dbc.connection.R2dbcTransactionManager' (OnClassCondition)

   RSocketGraphQlClientAutoConfiguration:
      Did not match:
         - @ConditionalOnClass did not find required class 'graphql.GraphQL' (OnClassCondition)

   RSocketMessagingAutoConfiguration:
      Did not match:
         - @ConditionalOnClass did not find required class 'io.rsocket.RSocket' (OnClassCondition)

   RSocketRequesterAutoConfiguration:
      Did not match:
         - @ConditionalOnClass did not find required class 'io.rsocket.RSocket' (OnClassCondition)

   RSocketSecurityAutoConfiguration:
      Did not match:
         - @ConditionalOnClass did not find required class 'org.springframework.security.rsocket.core.SecuritySocketAcceptorInterceptor' (OnClassCondition)

   RSocketServerAutoConfiguration:
      Did not match:
         - @ConditionalOnClass did not find required class 'io.rsocket.core.RSocketServer' (OnClassCondition)

   RSocketStrategiesAutoConfiguration:
      Did not match:
         - @ConditionalOnClass did not find required class 'io.netty.buffer.PooledByteBufAllocator' (OnClassCondition)

   RabbitAutoConfiguration:
      Did not match:
         - @ConditionalOnClass did not find required class 'com.rabbitmq.client.Channel' (OnClassCondition)

   ReactiveElasticsearchClientAutoConfiguration:
      Did not match:
         - @ConditionalOnClass did not find required class 'co.elastic.clients.transport.ElasticsearchTransport' (OnClassCondition)

   ReactiveElasticsearchRepositoriesAutoConfiguration:
      Did not match:
         - @ConditionalOnClass did not find required class 'reactor.core.publisher.Mono' (OnClassCondition)

   ReactiveMultipartAutoConfiguration:
      Did not match:
         - @ConditionalOnClass did not find required class 'org.springframework.web.reactive.config.WebFluxConfigurer' (OnClassCondition)

   ReactiveOAuth2ClientAutoConfiguration:
      Did not match:
         - @ConditionalOnClass did not find required class 'reactor.core.publisher.Flux' (OnClassCondition)

   ReactiveOAuth2ResourceServerAutoConfiguration:
      Did not match:
         - @ConditionalOnWebApplication did not find reactive web application classes (OnWebApplicationCondition)

   ReactiveSecurityAutoConfiguration:
      Did not match:
         - @ConditionalOnClass did not find required class 'reactor.core.publisher.Flux' (OnClassCondition)

   ReactiveUserDetailsServiceAutoConfiguration:
      Did not match:
         - AnyNestedCondition 0 matched 2 did not; NestedCondition on ReactiveUserDetailsServiceAutoConfiguration.RSocketEnabledOrReactiveWebApplication.ReactiveWebApplicationCondition did not find reactive web application classes; NestedCondition on ReactiveUserDetailsServiceAutoConfiguration.RSocketEnabledOrReactiveWebApplication.RSocketSecurityEnabledCondition @ConditionalOnBean (types: org.springframework.messaging.rsocket.annotation.support.RSocketMessageHandler; SearchStrategy: all) did not find any beans of type org.springframework.messaging.rsocket.annotation.support.RSocketMessageHandler (ReactiveUserDetailsServiceAutoConfiguration.RSocketEnabledOrReactiveWebApplication)
      Matched:
         - @ConditionalOnClass found required class 'org.springframework.security.authentication.ReactiveAuthenticationManager' (OnClassCondition)
         - AnyNestedCondition 1 matched 2 did not; NestedCondition on ReactiveUserDetailsServiceAutoConfiguration.MissingAlternativeOrUserPropertiesConfigured.PasswordConfigured @ConditionalOnProperty (spring.security.user.password) did not find property 'password'; NestedCondition on ReactiveUserDetailsServiceAutoConfiguration.MissingAlternativeOrUserPropertiesConfigured.NameConfigured @ConditionalOnProperty (spring.security.user.name) did not find property 'name'; NestedCondition on ReactiveUserDetailsServiceAutoConfiguration.MissingAlternativeOrUserPropertiesConfigured.MissingAlternative @ConditionalOnMissingClass did not find unwanted classes 'org.springframework.security.oauth2.client.registration.ClientRegistrationRepository', 'org.springframework.security.oauth2.server.resource.introspection.ReactiveOpaqueTokenIntrospector' (ReactiveUserDetailsServiceAutoConfiguration.MissingAlternativeOrUserPropertiesConfigured)

   ReactiveWebServerFactoryAutoConfiguration:
      Did not match:
         - @ConditionalOnWebApplication did not find reactive web application classes (OnWebApplicationCondition)

   ReactorAutoConfiguration:
      Did not match:
         - @ConditionalOnClass did not find required class 'reactor.core.publisher.Hooks' (OnClassCondition)

   RedisAutoConfiguration:
      Did not match:
         - @ConditionalOnClass did not find required class 'org.springframework.data.redis.core.RedisOperations' (OnClassCondition)

   RedisCacheConfiguration:
      Did not match:
         - @ConditionalOnClass did not find required class 'org.springframework.data.redis.connection.RedisConnectionFactory' (OnClassCondition)

   RedisReactiveAutoConfiguration:
      Did not match:
         - @ConditionalOnClass did not find required class 'reactor.core.publisher.Flux' (OnClassCondition)

   RedisRepositoriesAutoConfiguration:
      Did not match:
         - @ConditionalOnClass did not find required class 'org.springframework.data.redis.repository.configuration.EnableRedisRepositories' (OnClassCondition)

   RemoteDevToolsAutoConfiguration:
      Did not match:
         - @ConditionalOnProperty (spring.devtools.remote.secret) did not find property 'secret' (OnPropertyCondition)
      Matched:
         - @ConditionalOnClass found required classes 'jakarta.servlet.Filter', 'org.springframework.http.server.ServerHttpRequest' (OnClassCondition)

   RepositoryRestMvcAutoConfiguration:
      Did not match:
         - @ConditionalOnClass did not find required class 'org.springframework.data.rest.webmvc.config.RepositoryRestMvcConfiguration' (OnClassCondition)

   Saml2RelyingPartyAutoConfiguration:
      Did not match:
         - @ConditionalOnClass did not find required class 'org.springframework.security.saml2.provider.service.registration.RelyingPartyRegistrationRepository' (OnClassCondition)

   SecurityDataConfiguration:
      Did not match:
         - @ConditionalOnClass did not find required class 'org.springframework.security.data.repository.query.SecurityEvaluationContextExtension' (OnClassCondition)

   SendGridAutoConfiguration:
      Did not match:
         - @ConditionalOnClass did not find required class 'com.sendgrid.SendGrid' (OnClassCondition)

   ServletWebServerFactoryAutoConfiguration.ForwardedHeaderFilterConfiguration:
      Did not match:
         - @ConditionalOnProperty (server.forward-headers-strategy=framework) did not find property 'server.forward-headers-strategy' (OnPropertyCondition)

   ServletWebServerFactoryConfiguration.EmbeddedJetty:
      Did not match:
         - @ConditionalOnClass did not find required classes 'org.eclipse.jetty.server.Server', 'org.eclipse.jetty.util.Loader', 'org.eclipse.jetty.ee10.webapp.WebAppContext' (OnClassCondition)

   ServletWebServerFactoryConfiguration.EmbeddedUndertow:
      Did not match:
         - @ConditionalOnClass did not find required classes 'io.undertow.Undertow', 'org.xnio.SslClientAuthMode' (OnClassCondition)

   SessionAutoConfiguration:
      Did not match:
         - @ConditionalOnClass did not find required class 'org.springframework.session.Session' (OnClassCondition)

   SpringApplicationAdminJmxAutoConfiguration:
      Did not match:
         - @ConditionalOnProperty (spring.application.admin.enabled=true) did not find property 'enabled' (OnPropertyCondition)

   SpringBootWebSecurityConfiguration.SecurityFilterChainConfiguration:
      Did not match:
         - AllNestedConditions 1 matched 1 did not; NestedCondition on DefaultWebSecurityCondition.Beans @ConditionalOnMissingBean (types: org.springframework.security.web.SecurityFilterChain; SearchStrategy: all) found beans of type 'org.springframework.security.web.SecurityFilterChain' securityFilterChain; NestedCondition on DefaultWebSecurityCondition.Classes @ConditionalOnClass found required classes 'org.springframework.security.web.SecurityFilterChain', 'org.springframework.security.config.annotation.web.builders.HttpSecurity' (DefaultWebSecurityCondition)

   SpringBootWebSecurityConfiguration.WebSecurityEnablerConfiguration:
      Did not match:
         - @ConditionalOnMissingBean (names: springSecurityFilterChain; SearchStrategy: all) found beans named springSecurityFilterChain (OnBeanCondition)
      Matched:
         - @ConditionalOnClass found required class 'org.springframework.security.config.annotation.web.configuration.EnableWebSecurity' (OnClassCondition)

   SpringDocConfiguration#propertiesResolverForSchema:
      Did not match:
         - @ConditionalOnProperty (springdoc.api-docs.resolve-schema-properties) did not find property 'springdoc.api-docs.resolve-schema-properties' (OnPropertyCondition)

   SpringDocConfiguration#propertyCustomizingConverter:
      Did not match:
         - @ConditionalOnBean (types: org.springdoc.core.customizers.PropertyCustomizer; SearchStrategy: all) did not find any beans of type org.springdoc.core.customizers.PropertyCustomizer (OnBeanCondition)

   SpringDocConfiguration#springdocBeanFactoryPostProcessor:
      Did not match:
         - AnyNestedCondition 0 matched 2 did not; NestedCondition on CacheOrGroupedOpenApiCondition.OnCacheDisabled found non-matching nested conditions @ConditionalOnProperty (springdoc.cache.disabled) did not find property 'springdoc.cache.disabled'; NestedCondition on CacheOrGroupedOpenApiCondition.OnMultipleOpenApiSupportCondition AnyNestedCondition 0 matched 2 did not; NestedCondition on MultipleOpenApiSupportCondition.OnActuatorDifferentPort @ConditionalOnProperty (springdoc.show-actuator) did not find property 'springdoc.show-actuator'; NestedCondition on MultipleOpenApiSupportCondition.OnMultipleOpenApiSupportCondition AnyNestedCondition 0 matched 2 did not; NestedCondition on MultipleOpenApiGroupsCondition.OnGroupConfigProperty @ConditionalOnProperty (springdoc.group-configs[0].group) did not find property 'springdoc.group-configs[0].group'; NestedCondition on MultipleOpenApiGroupsCondition.OnGroupedOpenApiBean @ConditionalOnBean (types: org.springdoc.core.models.GroupedOpenApi; SearchStrategy: all) did not find any beans of type org.springdoc.core.models.GroupedOpenApi (CacheOrGroupedOpenApiCondition)
      Matched:
         - @ConditionalOnClass found required class 'org.springframework.boot.context.properties.bind.BindResult' (OnClassCondition)

   SpringDocConfiguration#springdocBeanFactoryPostProcessor2:
      Did not match:
         - @ConditionalOnMissingClass found unwanted class 'org.springframework.boot.context.properties.bind.BindResult' (OnClassCondition)

   SpringDocConfiguration.SpringDocActuatorConfiguration:
      Did not match:
         - @ConditionalOnClass did not find required class 'org.springframework.boot.actuate.autoconfigure.endpoint.web.WebEndpointProperties' (OnClassCondition)

   SpringDocConfiguration.SpringDocRepositoryRestConfiguration:
      Did not match:
         - @ConditionalOnClass did not find required class 'org.springframework.data.rest.core.config.RepositoryRestConfiguration' (OnClassCondition)

   SpringDocConfiguration.SpringDocWebFluxSupportConfiguration:
      Did not match:
         - @ConditionalOnClass did not find required class 'reactor.core.publisher.Flux' (OnClassCondition)

   SpringDocDataRestConfiguration:
      Did not match:
         - @ConditionalOnClass did not find required class 'org.springframework.data.rest.core.config.RepositoryRestConfiguration' (OnClassCondition)

   SpringDocFunctionCatalogConfiguration:
      Did not match:
         - @ConditionalOnClass did not find required class 'org.springframework.cloud.function.web.function.FunctionEndpointInitializer' (OnClassCondition)

   SpringDocGroovyConfiguration:
      Did not match:
         - @ConditionalOnClass did not find required class 'groovy.lang.MetaClass' (OnClassCondition)

   SpringDocHateoasConfiguration:
      Did not match:
         - @ConditionalOnClass did not find required class 'org.springframework.hateoas.server.LinkRelationProvider' (OnClassCondition)

   SpringDocJacksonKotlinModuleConfiguration:
      Did not match:
         - @ConditionalOnClass did not find required class 'com.fasterxml.jackson.module.kotlin.KotlinModule' (OnClassCondition)

   SpringDocJavadocConfiguration:
      Did not match:
         - @ConditionalOnClass did not find required class 'com.github.therapi.runtimejavadoc.CommentFormatter' (OnClassCondition)

   SpringDocKotlinConfiguration:
      Did not match:
         - @ConditionalOnClass did not find required class 'kotlin.coroutines.Continuation' (OnClassCondition)

   SpringDocKotlinxConfiguration:
      Did not match:
         - @ConditionalOnClass did not find required class 'kotlinx.coroutines.flow.Flow' (OnClassCondition)

   SpringDocSecurityConfiguration.SpringDocSecurityOAuth2Configuration:
      Did not match:
         - @ConditionalOnClass did not find required class 'org.springframework.security.oauth2.server.authorization.OAuth2AuthorizationService' (OnClassCondition)

   SpringDocSecurityConfiguration.SpringSecurityLoginEndpointConfiguration#springSecurityLoginEndpointCustomiser:
      Did not match:
         - @ConditionalOnProperty (springdoc.show-login-endpoint) did not find property 'springdoc.show-login-endpoint' (OnPropertyCondition)

   SpringDocSortConfiguration#delegatingMethodParameterCustomizer:
      Did not match:
         - @ConditionalOnMissingBean (types: org.springdoc.core.customizers.DelegatingMethodParameterCustomizer; SearchStrategy: all) found beans of type 'org.springdoc.core.customizers.DelegatingMethodParameterCustomizer' delegatingMethodParameterCustomizer (OnBeanCondition)

   SpringDocWebMvcConfiguration.SpringDocWebMvcActuatorConfiguration:
      Did not match:
         - @ConditionalOnClass did not find required class 'org.springframework.boot.actuate.endpoint.web.servlet.WebMvcEndpointHandlerMapping' (OnClassCondition)

   SwaggerConfig#springWebProvider:
      Did not match:
         - @ConditionalOnMissingBean (types: org.springdoc.core.providers.SpringWebProvider; SearchStrategy: all) found beans of type 'org.springdoc.core.providers.SpringWebProvider' springWebProvider (OnBeanCondition)

   SwaggerConfig#swaggerUiConfigParameters:
      Did not match:
         - @ConditionalOnMissingBean (types: org.springdoc.core.properties.SwaggerUiConfigParameters; SearchStrategy: all) found beans of type 'org.springdoc.core.properties.SwaggerUiConfigParameters' org.springdoc.core.properties.SwaggerUiConfigParameters (OnBeanCondition)

   SwaggerConfig#swaggerUiHome:
      Did not match:
         - @ConditionalOnProperty (springdoc.swagger-ui.use-root-path=true) did not find property 'springdoc.swagger-ui.use-root-path' (OnPropertyCondition)

   SwaggerConfig.SwaggerActuatorWelcomeConfiguration:
      Did not match:
         - @ConditionalOnClass did not find required class 'org.springframework.boot.actuate.endpoint.web.servlet.WebMvcEndpointHandlerMapping' (OnClassCondition)

   TaskExecutorConfigurations.SimpleAsyncTaskExecutorBuilderConfiguration#simpleAsyncTaskExecutorBuilderVirtualThreads:
      Did not match:
         - @ConditionalOnMissingBean (types: org.springframework.boot.task.SimpleAsyncTaskExecutorBuilder; SearchStrategy: all) found beans of type 'org.springframework.boot.task.SimpleAsyncTaskExecutorBuilder' simpleAsyncTaskExecutorBuilder (OnBeanCondition)

   TaskExecutorConfigurations.TaskExecutorConfiguration#applicationTaskExecutorVirtualThreads:
      Did not match:
         - @ConditionalOnThreading did not find VIRTUAL (OnThreadingCondition)

   TaskSchedulingAutoConfiguration#scheduledBeanLazyInitializationExcludeFilter:
      Did not match:
         - @ConditionalOnBean (names: org.springframework.context.annotation.internalScheduledAnnotationProcessor; SearchStrategy: all) did not find any beans named org.springframework.context.annotation.internalScheduledAnnotationProcessor (OnBeanCondition)

   TaskSchedulingConfigurations.SimpleAsyncTaskSchedulerBuilderConfiguration#simpleAsyncTaskSchedulerBuilderVirtualThreads:
      Did not match:
         - @ConditionalOnMissingBean (types: org.springframework.boot.task.SimpleAsyncTaskSchedulerBuilder; SearchStrategy: all) found beans of type 'org.springframework.boot.task.SimpleAsyncTaskSchedulerBuilder' simpleAsyncTaskSchedulerBuilder (OnBeanCondition)

   TaskSchedulingConfigurations.TaskSchedulerConfiguration:
      Did not match:
         - @ConditionalOnBean (names: org.springframework.context.annotation.internalScheduledAnnotationProcessor; SearchStrategy: all) did not find any beans named org.springframework.context.annotation.internalScheduledAnnotationProcessor (OnBeanCondition)

   ThymeleafAutoConfiguration:
      Did not match:
         - @ConditionalOnClass did not find required class 'org.thymeleaf.spring6.SpringTemplateEngine' (OnClassCondition)

   TransactionAutoConfiguration#transactionalOperator:
      Did not match:
         - @ConditionalOnSingleCandidate (types: org.springframework.transaction.ReactiveTransactionManager; SearchStrategy: all) did not find any beans (OnBeanCondition)

   TransactionAutoConfiguration.AspectJTransactionManagementConfiguration:
      Did not match:
         - @ConditionalOnBean (types: org.springframework.transaction.aspectj.AbstractTransactionAspect; SearchStrategy: all) did not find any beans of type org.springframework.transaction.aspectj.AbstractTransactionAspect (OnBeanCondition)

   TransactionAutoConfiguration.EnableTransactionManagementConfiguration.JdkDynamicAutoProxyConfiguration:
      Did not match:
         - @ConditionalOnProperty (spring.aop.proxy-target-class=false) did not find property 'proxy-target-class' (OnPropertyCondition)

   UserDetailsServiceAutoConfiguration:
      Did not match:
         - @ConditionalOnMissingBean (types: org.springframework.security.authentication.AuthenticationManager,org.springframework.security.authentication.AuthenticationProvider,org.springframework.security.core.userdetails.UserDetailsService,org.springframework.security.authentication.AuthenticationManagerResolver,org.springframework.security.oauth2.jwt.JwtDecoder; SearchStrategy: all) found beans of type 'org.springframework.security.authentication.AuthenticationManager' authenticationManager and found beans of type 'org.springframework.security.core.userdetails.UserDetailsService' authorizationService (OnBeanCondition)
      Matched:
         - @ConditionalOnClass found required class 'org.springframework.security.authentication.AuthenticationManager' (OnClassCondition)
         - AnyNestedCondition 1 matched 2 did not; NestedCondition on UserDetailsServiceAutoConfiguration.MissingAlternativeOrUserPropertiesConfigured.PasswordConfigured @ConditionalOnProperty (spring.security.user.password) did not find property 'password'; NestedCondition on UserDetailsServiceAutoConfiguration.MissingAlternativeOrUserPropertiesConfigured.NameConfigured @ConditionalOnProperty (spring.security.user.name) did not find property 'name'; NestedCondition on UserDetailsServiceAutoConfiguration.MissingAlternativeOrUserPropertiesConfigured.MissingAlternative @ConditionalOnMissingClass did not find unwanted classes 'org.springframework.security.oauth2.client.registration.ClientRegistrationRepository', 'org.springframework.security.oauth2.server.resource.introspection.OpaqueTokenIntrospector', 'org.springframework.security.saml2.provider.service.registration.RelyingPartyRegistrationRepository' (UserDetailsServiceAutoConfiguration.MissingAlternativeOrUserPropertiesConfigured)

   ValidationAutoConfiguration:
      Did not match:
         - @ConditionalOnResource did not find resource 'classpath:META-INF/services/jakarta.validation.spi.ValidationProvider' (OnResourceCondition)
      Matched:
         - @ConditionalOnClass found required class 'jakarta.validation.executable.ExecutableValidator' (OnClassCondition)

   WebClientAutoConfiguration:
      Did not match:
         - @ConditionalOnClass did not find required class 'org.springframework.web.reactive.function.client.WebClient' (OnClassCondition)

   WebFluxAutoConfiguration:
      Did not match:
         - @ConditionalOnClass did not find required class 'org.springframework.web.reactive.config.WebFluxConfigurer' (OnClassCondition)

   WebMvcAutoConfiguration#hiddenHttpMethodFilter:
      Did not match:
         - @ConditionalOnProperty (spring.mvc.hiddenmethod.filter.enabled) did not find property 'enabled' (OnPropertyCondition)

   WebMvcAutoConfiguration.ProblemDetailsErrorHandlingConfiguration:
      Did not match:
         - @ConditionalOnProperty (spring.mvc.problemdetails.enabled=true) did not find property 'enabled' (OnPropertyCondition)

   WebMvcAutoConfiguration.ResourceChainCustomizerConfiguration:
      Did not match:
         - @ConditionalOnEnabledResourceChain did not find class org.webjars.WebJarAssetLocator (OnEnabledResourceChainCondition)

   WebMvcAutoConfiguration.WebMvcAutoConfigurationAdapter#beanNameViewResolver:
      Did not match:
         - @ConditionalOnMissingBean (types: org.springframework.web.servlet.view.BeanNameViewResolver; SearchStrategy: all) found beans of type 'org.springframework.web.servlet.view.BeanNameViewResolver' beanNameViewResolver (OnBeanCondition)

   WebServiceTemplateAutoConfiguration:
      Did not match:
         - @ConditionalOnClass did not find required class 'org.springframework.oxm.Marshaller' (OnClassCondition)

   WebServicesAutoConfiguration:
      Did not match:
         - @ConditionalOnClass did not find required class 'org.springframework.ws.transport.http.MessageDispatcherServlet' (OnClassCondition)

   WebSessionIdResolverAutoConfiguration:
      Did not match:
         - @ConditionalOnClass did not find required class 'reactor.core.publisher.Mono' (OnClassCondition)

   WebSocketMessagingAutoConfiguration:
      Did not match:
         - @ConditionalOnClass did not find required class 'org.springframework.web.socket.config.annotation.WebSocketMessageBrokerConfigurer' (OnClassCondition)

   WebSocketReactiveAutoConfiguration:
      Did not match:
         - @ConditionalOnWebApplication did not find reactive web application classes (OnWebApplicationCondition)

   WebSocketServletAutoConfiguration.JettyWebSocketConfiguration:
      Did not match:
         - @ConditionalOnClass did not find required class 'org.eclipse.jetty.ee10.websocket.jakarta.server.config.JakartaWebSocketServletContainerInitializer' (OnClassCondition)

   WebSocketServletAutoConfiguration.UndertowWebSocketConfiguration:
      Did not match:
         - @ConditionalOnClass did not find required class 'io.undertow.websockets.jsr.Bootstrap' (OnClassCondition)

   XADataSourceAutoConfiguration:
      Did not match:
         - @ConditionalOnBean (types: org.springframework.boot.jdbc.XADataSourceWrapper; SearchStrategy: all) did not find any beans of type org.springframework.boot.jdbc.XADataSourceWrapper (OnBeanCondition)
      Matched:
         - @ConditionalOnClass found required classes 'javax.sql.DataSource', 'jakarta.transaction.TransactionManager', 'org.springframework.jdbc.datasource.embedded.EmbeddedDatabaseType' (OnClassCondition)


Exclusions:
-----------

    None


Unconditional classes:
----------------------

    org.springframework.boot.autoconfigure.context.ConfigurationPropertiesAutoConfiguration

    org.springframework.boot.autoconfigure.ssl.SslAutoConfiguration

    org.springframework.boot.autoconfigure.context.PropertyPlaceholderAutoConfiguration

    org.springframework.boot.autoconfigure.context.LifecycleAutoConfiguration

    org.springframework.boot.autoconfigure.availability.ApplicationAvailabilityAutoConfiguration

    org.springframework.boot.autoconfigure.info.ProjectInfoAutoConfiguration



]]></system-err>
  </testcase>
</testsuite>